
===========================================================================
report_checks -unconstrained
============================================================================
Startpoint: io_in[17] (input port clocked by clk)
Endpoint: _17542_ (recovery check against rising-edge clock clk)
Path Group: **async_default**
Path Type: max

Fanout     Cap    Slew   Delay    Time   Description
-----------------------------------------------------------------------------
                          0.00    0.00   clock clk (rise edge)
                          0.00    0.00   clock network delay (propagated)
                         30.00   30.00 ^ input external delay
                  0.00    0.00   30.00 ^ io_in[17] (in)
     1    0.01                           io_in[17] (net)
                  0.00    0.00   30.00 ^ input4/A (sky130_fd_sc_hd__buf_12)
                  0.24    0.21   30.21 ^ input4/X (sky130_fd_sc_hd__buf_12)
     3    0.24                           net4 (net)
                  0.24    0.02   30.23 ^ _12893_/B_N (sky130_fd_sc_hd__or2b_4)
                  0.18    0.45   30.68 v _12893_/X (sky130_fd_sc_hd__or2b_4)
     1    0.12                           _07332_ (net)
                  0.23    0.08   30.76 v _12894_/B1 (sky130_fd_sc_hd__o21a_2)
                  0.09    0.26   31.02 v _12894_/X (sky130_fd_sc_hd__o21a_2)
     1    0.02                           _07333_ (net)
                  0.09    0.00   31.02 v _12895_/A (sky130_fd_sc_hd__clkbuf_4)
                  0.09    0.22   31.24 v _12895_/X (sky130_fd_sc_hd__clkbuf_4)
     6    0.04                           _07334_ (net)
                  0.09    0.00   31.24 v _13993_/A (sky130_fd_sc_hd__buf_2)
                  0.08    0.21   31.45 v _13993_/X (sky130_fd_sc_hd__buf_2)
    10    0.03                           _08045_ (net)
                  0.08    0.00   31.45 v _13994_/A (sky130_fd_sc_hd__clkbuf_4)
                  0.09    0.22   31.67 v _13994_/X (sky130_fd_sc_hd__clkbuf_4)
    10    0.04                           _08046_ (net)
                  0.09    0.00   31.67 v _13995_/A (sky130_fd_sc_hd__clkbuf_8)
                  0.08    0.21   31.88 v _13995_/X (sky130_fd_sc_hd__clkbuf_8)
    10    0.06                           _08047_ (net)
                  0.08    0.00   31.88 v _15174_/A (sky130_fd_sc_hd__inv_2)
                  0.04    0.06   31.95 ^ _15174_/Y (sky130_fd_sc_hd__inv_2)
     1    0.01                           _00194_ (net)
                  0.04    0.00   31.95 ^ _17542_/SET_B (sky130_fd_sc_hd__dfstp_1)
                                 31.95   data arrival time

                        100.00  100.00   clock clk (rise edge)
                          0.00  100.00   clock source latency
                  0.00    0.00  100.00 ^ user_clock2 (in)
     1    0.08                           user_clock2 (net)
                  0.04    0.02  100.02 ^ wire2/A (sky130_fd_sc_hd__buf_12)
                  0.20    0.19  100.21 ^ wire2/X (sky130_fd_sc_hd__buf_12)
     1    0.25                           net981 (net)
                  0.57    0.25  100.46 ^ _13522_/A0 (sky130_fd_sc_hd__mux2_2)
                  0.04    0.24  100.71 ^ _13522_/X (sky130_fd_sc_hd__mux2_2)
     1    0.00                           _07790_ (net)
                  0.04    0.00  100.71 ^ _13523_/A (sky130_fd_sc_hd__buf_1)
                  1.38    0.92  101.63 ^ _13523_/X (sky130_fd_sc_hd__buf_1)
     1    0.12                           rv151.mxck (net)
                  1.38    0.07  101.70 ^ clkbuf_0_rv151.mxck/A (sky130_fd_sc_hd__clkbuf_16)
                  0.08    0.31  102.01 ^ clkbuf_0_rv151.mxck/X (sky130_fd_sc_hd__clkbuf_16)
     2    0.02                           clknet_0_rv151.mxck (net)
                  0.08    0.00  102.01 ^ clkbuf_1_0_0_rv151.mxck/A (sky130_fd_sc_hd__clkbuf_8)
                  0.04    0.12  102.13 ^ clkbuf_1_0_0_rv151.mxck/X (sky130_fd_sc_hd__clkbuf_8)
     1    0.01                           clknet_1_0_0_rv151.mxck (net)
                  0.04    0.00  102.14 ^ clkbuf_1_0_1_rv151.mxck/A (sky130_fd_sc_hd__clkbuf_8)
                  0.04    0.11  102.24 ^ clkbuf_1_0_1_rv151.mxck/X (sky130_fd_sc_hd__clkbuf_8)
     1    0.01                           clknet_1_0_1_rv151.mxck (net)
                  0.04    0.00  102.24 ^ clkbuf_1_0_2_rv151.mxck/A (sky130_fd_sc_hd__clkbuf_8)
                  0.04    0.11  102.35 ^ clkbuf_1_0_2_rv151.mxck/X (sky130_fd_sc_hd__clkbuf_8)
     1    0.01                           clknet_1_0_2_rv151.mxck (net)
                  0.04    0.00  102.36 ^ clkbuf_1_0_3_rv151.mxck/A (sky130_fd_sc_hd__clkbuf_8)
                  0.03    0.11  102.46 ^ clkbuf_1_0_3_rv151.mxck/X (sky130_fd_sc_hd__clkbuf_8)
     1    0.01                           clknet_1_0_3_rv151.mxck (net)
                  0.03    0.00  102.46 ^ clkbuf_1_0_4_rv151.mxck/A (sky130_fd_sc_hd__clkbuf_8)
                  0.06    0.13  102.59 ^ clkbuf_1_0_4_rv151.mxck/X (sky130_fd_sc_hd__clkbuf_8)
     2    0.02                           clknet_1_0_4_rv151.mxck (net)
                  0.06    0.00  102.59 ^ clkbuf_2_0_0_rv151.mxck/A (sky130_fd_sc_hd__clkbuf_8)
                  0.04    0.12  102.71 ^ clkbuf_2_0_0_rv151.mxck/X (sky130_fd_sc_hd__clkbuf_8)
     1    0.01                           clknet_2_0_0_rv151.mxck (net)
                  0.04    0.00  102.71 ^ clkbuf_2_0_1_rv151.mxck/A (sky130_fd_sc_hd__clkbuf_8)
                  0.04    0.11  102.82 ^ clkbuf_2_0_1_rv151.mxck/X (sky130_fd_sc_hd__clkbuf_8)
     1    0.01                           clknet_2_0_1_rv151.mxck (net)
                  0.04    0.00  102.82 ^ clkbuf_2_0_2_rv151.mxck/A (sky130_fd_sc_hd__clkbuf_8)
                  0.04    0.11  102.93 ^ clkbuf_2_0_2_rv151.mxck/X (sky130_fd_sc_hd__clkbuf_8)
     1    0.01                           clknet_2_0_2_rv151.mxck (net)
                  0.04    0.00  102.93 ^ clkbuf_2_0_3_rv151.mxck/A (sky130_fd_sc_hd__clkbuf_8)
                  0.08    0.14  103.07 ^ clkbuf_2_0_3_rv151.mxck/X (sky130_fd_sc_hd__clkbuf_8)
     2    0.04                           clknet_2_0_3_rv151.mxck (net)
                  0.08    0.00  103.07 ^ clkbuf_3_1_0_rv151.mxck/A (sky130_fd_sc_hd__clkbuf_8)
                  0.04    0.12  103.20 ^ clkbuf_3_1_0_rv151.mxck/X (sky130_fd_sc_hd__clkbuf_8)
     1    0.01                           clknet_3_1_0_rv151.mxck (net)
                  0.04    0.00  103.20 ^ clkbuf_3_1_1_rv151.mxck/A (sky130_fd_sc_hd__clkbuf_8)
                  0.03    0.10  103.30 ^ clkbuf_3_1_1_rv151.mxck/X (sky130_fd_sc_hd__clkbuf_8)
     1    0.01                           clknet_3_1_1_rv151.mxck (net)
                  0.03    0.00  103.30 ^ clkbuf_3_1_2_rv151.mxck/A (sky130_fd_sc_hd__clkbuf_8)
                  0.06    0.12  103.42 ^ clkbuf_3_1_2_rv151.mxck/X (sky130_fd_sc_hd__clkbuf_8)
     2    0.02                           clknet_3_1_2_rv151.mxck (net)
                  0.06    0.00  103.42 ^ clkbuf_4_3_0_rv151.mxck/A (sky130_fd_sc_hd__clkbuf_8)
                  0.04    0.12  103.54 ^ clkbuf_4_3_0_rv151.mxck/X (sky130_fd_sc_hd__clkbuf_8)
     1    0.01                           clknet_4_3_0_rv151.mxck (net)
                  0.04    0.00  103.54 ^ clkbuf_4_3_1_rv151.mxck/A (sky130_fd_sc_hd__clkbuf_8)
                  0.24    0.25  103.79 ^ clkbuf_4_3_1_rv151.mxck/X (sky130_fd_sc_hd__clkbuf_8)
    12    0.14                           clknet_4_3_1_rv151.mxck (net)
                  0.24    0.00  103.80 ^ clkbuf_leaf_68_rv151.mxck/A (sky130_fd_sc_hd__clkbuf_16)
                  0.05    0.19  103.98 ^ clkbuf_leaf_68_rv151.mxck/X (sky130_fd_sc_hd__clkbuf_16)
    11    0.03                           clknet_leaf_68_rv151.mxck (net)
                  0.05    0.00  103.98 ^ _17542_/CLK (sky130_fd_sc_hd__dfstp_1)
                          0.00  103.98   clock reconvergence pessimism
                          0.14  104.12   library recovery time
                                104.12   data required time
-----------------------------------------------------------------------------
                                104.12   data required time
                                -31.95   data arrival time
-----------------------------------------------------------------------------
                                 72.18   slack (MET)


Startpoint: rv151.soc.imem0 (falling edge-triggered flip-flop clocked by clk)
Endpoint: _17696_ (rising edge-triggered flip-flop clocked by clk)
Path Group: clk
Path Type: max

Fanout     Cap    Slew   Delay    Time   Description
-----------------------------------------------------------------------------
                         50.00   50.00   clock clk (fall edge)
                          0.00   50.00   clock source latency
                  0.00    0.00   50.00 v user_clock2 (in)
     1    0.08                           user_clock2 (net)
                  0.04    0.02   50.02 v wire2/A (sky130_fd_sc_hd__buf_12)
                  0.08    0.18   50.20 v wire2/X (sky130_fd_sc_hd__buf_12)
     1    0.25                           net981 (net)
                  0.49    0.26   50.46 v _13522_/A0 (sky130_fd_sc_hd__mux2_2)
                  0.05    0.46   50.92 v _13522_/X (sky130_fd_sc_hd__mux2_2)
     1    0.00                           _07790_ (net)
                  0.05    0.00   50.92 v _13523_/A (sky130_fd_sc_hd__buf_1)
                  0.68    0.57   51.49 v _13523_/X (sky130_fd_sc_hd__buf_1)
     1    0.12                           rv151.mxck (net)
                  0.69    0.08   51.56 v clkbuf_0_rv151.mxck/A (sky130_fd_sc_hd__clkbuf_16)
                  0.05    0.42   51.98 v clkbuf_0_rv151.mxck/X (sky130_fd_sc_hd__clkbuf_16)
     2    0.02                           clknet_0_rv151.mxck (net)
                  0.05    0.00   51.98 v clkbuf_1_1_0_rv151.mxck/A (sky130_fd_sc_hd__clkbuf_8)
                  0.03    0.14   52.12 v clkbuf_1_1_0_rv151.mxck/X (sky130_fd_sc_hd__clkbuf_8)
     1    0.01                           clknet_1_1_0_rv151.mxck (net)
                  0.03    0.00   52.12 v clkbuf_1_1_1_rv151.mxck/A (sky130_fd_sc_hd__clkbuf_8)
                  0.03    0.13   52.26 v clkbuf_1_1_1_rv151.mxck/X (sky130_fd_sc_hd__clkbuf_8)
     1    0.01                           clknet_1_1_1_rv151.mxck (net)
                  0.03    0.00   52.26 v clkbuf_1_1_2_rv151.mxck/A (sky130_fd_sc_hd__clkbuf_8)
                  0.03    0.13   52.39 v clkbuf_1_1_2_rv151.mxck/X (sky130_fd_sc_hd__clkbuf_8)
     1    0.01                           clknet_1_1_2_rv151.mxck (net)
                  0.03    0.00   52.39 v clkbuf_1_1_3_rv151.mxck/A (sky130_fd_sc_hd__clkbuf_8)
                  0.03    0.13   52.52 v clkbuf_1_1_3_rv151.mxck/X (sky130_fd_sc_hd__clkbuf_8)
     1    0.01                           clknet_1_1_3_rv151.mxck (net)
                  0.03    0.00   52.53 v clkbuf_1_1_4_rv151.mxck/A (sky130_fd_sc_hd__clkbuf_8)
                  0.05    0.16   52.68 v clkbuf_1_1_4_rv151.mxck/X (sky130_fd_sc_hd__clkbuf_8)
     2    0.03                           clknet_1_1_4_rv151.mxck (net)
                  0.05    0.00   52.68 v clkbuf_2_3_0_rv151.mxck/A (sky130_fd_sc_hd__clkbuf_8)
                  0.03    0.14   52.83 v clkbuf_2_3_0_rv151.mxck/X (sky130_fd_sc_hd__clkbuf_8)
     1    0.01                           clknet_2_3_0_rv151.mxck (net)
                  0.03    0.00   52.83 v clkbuf_2_3_1_rv151.mxck/A (sky130_fd_sc_hd__clkbuf_8)
                  0.03    0.13   52.96 v clkbuf_2_3_1_rv151.mxck/X (sky130_fd_sc_hd__clkbuf_8)
     1    0.01                           clknet_2_3_1_rv151.mxck (net)
                  0.03    0.00   52.96 v clkbuf_2_3_2_rv151.mxck/A (sky130_fd_sc_hd__clkbuf_8)
                  0.03    0.13   53.10 v clkbuf_2_3_2_rv151.mxck/X (sky130_fd_sc_hd__clkbuf_8)
     1    0.01                           clknet_2_3_2_rv151.mxck (net)
                  0.03    0.00   53.10 v clkbuf_2_3_3_rv151.mxck/A (sky130_fd_sc_hd__clkbuf_8)
                  0.05    0.16   53.25 v clkbuf_2_3_3_rv151.mxck/X (sky130_fd_sc_hd__clkbuf_8)
     2    0.03                           clknet_2_3_3_rv151.mxck (net)
                  0.05    0.00   53.26 v clkbuf_3_7_0_rv151.mxck/A (sky130_fd_sc_hd__clkbuf_8)
                  0.03    0.14   53.40 v clkbuf_3_7_0_rv151.mxck/X (sky130_fd_sc_hd__clkbuf_8)
     1    0.01                           clknet_3_7_0_rv151.mxck (net)
                  0.03    0.00   53.40 v clkbuf_3_7_1_rv151.mxck/A (sky130_fd_sc_hd__clkbuf_8)
                  0.03    0.13   53.53 v clkbuf_3_7_1_rv151.mxck/X (sky130_fd_sc_hd__clkbuf_8)
     1    0.01                           clknet_3_7_1_rv151.mxck (net)
                  0.03    0.00   53.53 v clkbuf_3_7_2_rv151.mxck/A (sky130_fd_sc_hd__clkbuf_8)
                  0.04    0.15   53.68 v clkbuf_3_7_2_rv151.mxck/X (sky130_fd_sc_hd__clkbuf_8)
     2    0.03                           clknet_3_7_2_rv151.mxck (net)
                  0.04    0.00   53.68 v clkbuf_4_14_0_rv151.mxck/A (sky130_fd_sc_hd__clkbuf_8)
                  0.03    0.14   53.82 v clkbuf_4_14_0_rv151.mxck/X (sky130_fd_sc_hd__clkbuf_8)
     1    0.01                           clknet_4_14_0_rv151.mxck (net)
                  0.03    0.00   53.82 v clkbuf_4_14_1_rv151.mxck/A (sky130_fd_sc_hd__clkbuf_8)
                  0.12    0.22   54.04 v clkbuf_4_14_1_rv151.mxck/X (sky130_fd_sc_hd__clkbuf_8)
    11    0.11                           clknet_4_14_1_rv151.mxck (net)
                  0.12    0.00   54.04 v clkbuf_opt_29_0_rv151.mxck/A (sky130_fd_sc_hd__clkbuf_16)
                  0.03    0.18   54.22 v clkbuf_opt_29_0_rv151.mxck/X (sky130_fd_sc_hd__clkbuf_16)
     1    0.01                           clknet_opt_29_0_rv151.mxck (net)
                  0.03    0.00   54.22 v clkbuf_opt_29_1_rv151.mxck/A (sky130_fd_sc_hd__clkbuf_16)
                  0.03    0.14   54.37 v clkbuf_opt_29_1_rv151.mxck/X (sky130_fd_sc_hd__clkbuf_16)
     1    0.01                           clknet_opt_29_1_rv151.mxck (net)
                  0.03    0.00   54.37 v clkbuf_opt_29_2_rv151.mxck/A (sky130_fd_sc_hd__clkbuf_16)
                  0.03    0.14   54.51 v clkbuf_opt_29_2_rv151.mxck/X (sky130_fd_sc_hd__clkbuf_16)
     1    0.01                           clknet_opt_29_2_rv151.mxck (net)
                  0.03    0.00   54.51 v clkbuf_opt_29_3_rv151.mxck/A (sky130_fd_sc_hd__clkbuf_16)
                  0.03    0.14   54.65 v clkbuf_opt_29_3_rv151.mxck/X (sky130_fd_sc_hd__clkbuf_16)
     1    0.01                           clknet_opt_29_3_rv151.mxck (net)
                  0.03    0.00   54.65 v clkbuf_opt_29_4_rv151.mxck/A (sky130_fd_sc_hd__clkbuf_16)
                  0.03    0.14   54.79 v clkbuf_opt_29_4_rv151.mxck/X (sky130_fd_sc_hd__clkbuf_16)
     1    0.01                           clknet_opt_29_4_rv151.mxck (net)
                  0.03    0.00   54.79 v clkbuf_opt_29_5_rv151.mxck/A (sky130_fd_sc_hd__clkbuf_16)
                  0.03    0.14   54.94 v clkbuf_opt_29_5_rv151.mxck/X (sky130_fd_sc_hd__clkbuf_16)
     1    0.01                           clknet_opt_29_5_rv151.mxck (net)
                  0.03    0.00   54.94 v clkbuf_opt_29_6_rv151.mxck/A (sky130_fd_sc_hd__clkbuf_16)
                  0.03    0.14   55.08 v clkbuf_opt_29_6_rv151.mxck/X (sky130_fd_sc_hd__clkbuf_16)
     1    0.01                           clknet_opt_29_6_rv151.mxck (net)
                  0.03    0.00   55.08 v clkbuf_opt_29_7_rv151.mxck/A (sky130_fd_sc_hd__clkbuf_16)
                  0.04    0.15   55.23 v clkbuf_opt_29_7_rv151.mxck/X (sky130_fd_sc_hd__clkbuf_16)
     1    0.02                           clknet_opt_29_7_rv151.mxck (net)
                  0.05    0.00   55.23 v rv151.soc.imem0/clk1 (sky130_sram_2kbyte_1rw1r_32x512_8)
                  0.00    0.42   55.66 v rv151.soc.imem0/dout1[31] (sky130_sram_2kbyte_1rw1r_32x512_8)
     1    0.01                           rv151.soc.imem_dout1[0][31] (net)
                  0.00    0.00   55.66 v wire234/A (sky130_fd_sc_hd__clkbuf_2)
                  0.08    0.14   55.80 v wire234/X (sky130_fd_sc_hd__clkbuf_2)
     1    0.02                           net234 (net)
                  0.08    0.00   55.80 v wire233/A (sky130_fd_sc_hd__clkbuf_2)
                  0.08    0.18   55.97 v wire233/X (sky130_fd_sc_hd__clkbuf_2)
     1    0.02                           net233 (net)
                  0.08    0.00   55.98 v wire232/A (sky130_fd_sc_hd__buf_4)
                  0.04    0.18   56.15 v wire232/X (sky130_fd_sc_hd__buf_4)
     1    0.02                           net232 (net)
                  0.04    0.00   56.16 v wire231/A (sky130_fd_sc_hd__buf_6)
                  0.03    0.13   56.29 v wire231/X (sky130_fd_sc_hd__buf_6)
     1    0.02                           net231 (net)
                  0.03    0.00   56.29 v _13731_/A0 (sky130_fd_sc_hd__mux2_1)
                  0.06    0.29   56.58 v _13731_/X (sky130_fd_sc_hd__mux2_1)
     1    0.00                           _07905_ (net)
                  0.06    0.00   56.58 v _13732_/A (sky130_fd_sc_hd__clkbuf_1)
                  0.03    0.10   56.68 v _13732_/X (sky130_fd_sc_hd__clkbuf_1)
     1    0.00                           _00123_ (net)
                  0.03    0.00   56.68 v _17696_/D (sky130_fd_sc_hd__dfxtp_2)
                                 56.68   data arrival time

                        100.00  100.00   clock clk (rise edge)
                          0.00  100.00   clock source latency
                  0.00    0.00  100.00 ^ user_clock2 (in)
     1    0.08                           user_clock2 (net)
                  0.04    0.02  100.02 ^ wire2/A (sky130_fd_sc_hd__buf_12)
                  0.20    0.19  100.21 ^ wire2/X (sky130_fd_sc_hd__buf_12)
     1    0.25                           net981 (net)
                  0.57    0.25  100.46 ^ _13522_/A0 (sky130_fd_sc_hd__mux2_2)
                  0.04    0.24  100.71 ^ _13522_/X (sky130_fd_sc_hd__mux2_2)
     1    0.00                           _07790_ (net)
                  0.04    0.00  100.71 ^ _13523_/A (sky130_fd_sc_hd__buf_1)
                  1.38    0.92  101.63 ^ _13523_/X (sky130_fd_sc_hd__buf_1)
     1    0.12                           rv151.mxck (net)
                  1.38    0.07  101.70 ^ clkbuf_0_rv151.mxck/A (sky130_fd_sc_hd__clkbuf_16)
                  0.08    0.31  102.01 ^ clkbuf_0_rv151.mxck/X (sky130_fd_sc_hd__clkbuf_16)
     2    0.02                           clknet_0_rv151.mxck (net)
                  0.08    0.00  102.01 ^ clkbuf_1_1_0_rv151.mxck/A (sky130_fd_sc_hd__clkbuf_8)
                  0.04    0.12  102.13 ^ clkbuf_1_1_0_rv151.mxck/X (sky130_fd_sc_hd__clkbuf_8)
     1    0.01                           clknet_1_1_0_rv151.mxck (net)
                  0.04    0.00  102.13 ^ clkbuf_1_1_1_rv151.mxck/A (sky130_fd_sc_hd__clkbuf_8)
                  0.04    0.11  102.24 ^ clkbuf_1_1_1_rv151.mxck/X (sky130_fd_sc_hd__clkbuf_8)
     1    0.01                           clknet_1_1_1_rv151.mxck (net)
                  0.04    0.00  102.24 ^ clkbuf_1_1_2_rv151.mxck/A (sky130_fd_sc_hd__clkbuf_8)
                  0.04    0.11  102.35 ^ clkbuf_1_1_2_rv151.mxck/X (sky130_fd_sc_hd__clkbuf_8)
     1    0.01                           clknet_1_1_2_rv151.mxck (net)
                  0.04    0.00  102.36 ^ clkbuf_1_1_3_rv151.mxck/A (sky130_fd_sc_hd__clkbuf_8)
                  0.04    0.11  102.46 ^ clkbuf_1_1_3_rv151.mxck/X (sky130_fd_sc_hd__clkbuf_8)
     1    0.01                           clknet_1_1_3_rv151.mxck (net)
                  0.04    0.00  102.46 ^ clkbuf_1_1_4_rv151.mxck/A (sky130_fd_sc_hd__clkbuf_8)
                  0.07    0.14  102.60 ^ clkbuf_1_1_4_rv151.mxck/X (sky130_fd_sc_hd__clkbuf_8)
     2    0.03                           clknet_1_1_4_rv151.mxck (net)
                  0.07    0.00  102.60 ^ clkbuf_2_2_0_rv151.mxck/A (sky130_fd_sc_hd__clkbuf_8)
                  0.04    0.12  102.72 ^ clkbuf_2_2_0_rv151.mxck/X (sky130_fd_sc_hd__clkbuf_8)
     1    0.01                           clknet_2_2_0_rv151.mxck (net)
                  0.04    0.00  102.72 ^ clkbuf_2_2_1_rv151.mxck/A (sky130_fd_sc_hd__clkbuf_8)
                  0.04    0.11  102.83 ^ clkbuf_2_2_1_rv151.mxck/X (sky130_fd_sc_hd__clkbuf_8)
     1    0.01                           clknet_2_2_1_rv151.mxck (net)
                  0.04    0.00  102.83 ^ clkbuf_2_2_2_rv151.mxck/A (sky130_fd_sc_hd__clkbuf_8)
                  0.04    0.11  102.94 ^ clkbuf_2_2_2_rv151.mxck/X (sky130_fd_sc_hd__clkbuf_8)
     1    0.01                           clknet_2_2_2_rv151.mxck (net)
                  0.04    0.00  102.94 ^ clkbuf_2_2_3_rv151.mxck/A (sky130_fd_sc_hd__clkbuf_8)
                  0.06    0.13  103.07 ^ clkbuf_2_2_3_rv151.mxck/X (sky130_fd_sc_hd__clkbuf_8)
     2    0.03                           clknet_2_2_3_rv151.mxck (net)
                  0.06    0.00  103.07 ^ clkbuf_3_4_0_rv151.mxck/A (sky130_fd_sc_hd__clkbuf_8)
                  0.04    0.12  103.19 ^ clkbuf_3_4_0_rv151.mxck/X (sky130_fd_sc_hd__clkbuf_8)
     1    0.01                           clknet_3_4_0_rv151.mxck (net)
                  0.04    0.00  103.19 ^ clkbuf_3_4_1_rv151.mxck/A (sky130_fd_sc_hd__clkbuf_8)
                  0.03    0.10  103.30 ^ clkbuf_3_4_1_rv151.mxck/X (sky130_fd_sc_hd__clkbuf_8)
     1    0.01                           clknet_3_4_1_rv151.mxck (net)
                  0.03    0.00  103.30 ^ clkbuf_3_4_2_rv151.mxck/A (sky130_fd_sc_hd__clkbuf_8)
                  0.07    0.13  103.43 ^ clkbuf_3_4_2_rv151.mxck/X (sky130_fd_sc_hd__clkbuf_8)
     2    0.03                           clknet_3_4_2_rv151.mxck (net)
                  0.07    0.00  103.43 ^ clkbuf_4_8_0_rv151.mxck/A (sky130_fd_sc_hd__clkbuf_8)
                  0.04    0.12  103.55 ^ clkbuf_4_8_0_rv151.mxck/X (sky130_fd_sc_hd__clkbuf_8)
     1    0.01                           clknet_4_8_0_rv151.mxck (net)
                  0.04    0.00  103.55 ^ clkbuf_4_8_1_rv151.mxck/A (sky130_fd_sc_hd__clkbuf_8)
                  0.18    0.21  103.76 ^ clkbuf_4_8_1_rv151.mxck/X (sky130_fd_sc_hd__clkbuf_8)
    10    0.10                           clknet_4_8_1_rv151.mxck (net)
                  0.18    0.01  103.77 ^ clkbuf_opt_21_0_rv151.mxck/A (sky130_fd_sc_hd__clkbuf_16)
                  0.04    0.16  103.92 ^ clkbuf_opt_21_0_rv151.mxck/X (sky130_fd_sc_hd__clkbuf_16)
     1    0.02                           clknet_opt_21_0_rv151.mxck (net)
                  0.04    0.00  103.93 ^ clkbuf_opt_21_1_rv151.mxck/A (sky130_fd_sc_hd__clkbuf_16)
                  0.04    0.11  104.04 ^ clkbuf_opt_21_1_rv151.mxck/X (sky130_fd_sc_hd__clkbuf_16)
     1    0.01                           clknet_opt_21_1_rv151.mxck (net)
                  0.04    0.00  104.04 ^ clkbuf_leaf_194_rv151.mxck/A (sky130_fd_sc_hd__clkbuf_16)
                  0.05    0.13  104.16 ^ clkbuf_leaf_194_rv151.mxck/X (sky130_fd_sc_hd__clkbuf_16)
    10    0.03                           clknet_leaf_194_rv151.mxck (net)
                  0.05    0.00  104.16 ^ _17696_/CLK (sky130_fd_sc_hd__dfxtp_2)
                          0.26  104.42   clock reconvergence pessimism
                         -0.10  104.32   library setup time
                                104.32   data required time
-----------------------------------------------------------------------------
                                104.32   data required time
                                -56.68   data arrival time
-----------------------------------------------------------------------------
                                 47.64   slack (MET)


Startpoint: rv151.soc.imem0 (falling edge-triggered flip-flop clocked by ick)
Endpoint: _17696_ (rising edge-triggered flip-flop clocked by ick)
Path Group: ick
Path Type: max

Fanout     Cap    Slew   Delay    Time   Description
-----------------------------------------------------------------------------
                         50.00   50.00   clock ick (fall edge)
                          0.00   50.00   clock source latency
                  0.00    0.00   50.00 v io_in[18] (in)
     1    0.08                           io_in[18] (net)
                  0.05    0.02   50.02 v _13522_/A1 (sky130_fd_sc_hd__mux2_2)
                  0.05    0.27   50.29 v _13522_/X (sky130_fd_sc_hd__mux2_2)
     1    0.00                           _07790_ (net)
                  0.05    0.00   50.29 v _13523_/A (sky130_fd_sc_hd__buf_1)
                  0.68    0.57   50.86 v _13523_/X (sky130_fd_sc_hd__buf_1)
     1    0.12                           rv151.mxck (net)
                  0.69    0.08   50.94 v clkbuf_0_rv151.mxck/A (sky130_fd_sc_hd__clkbuf_16)
                  0.05    0.42   51.36 v clkbuf_0_rv151.mxck/X (sky130_fd_sc_hd__clkbuf_16)
     2    0.02                           clknet_0_rv151.mxck (net)
                  0.05    0.00   51.36 v clkbuf_1_1_0_rv151.mxck/A (sky130_fd_sc_hd__clkbuf_8)
                  0.03    0.14   51.50 v clkbuf_1_1_0_rv151.mxck/X (sky130_fd_sc_hd__clkbuf_8)
     1    0.01                           clknet_1_1_0_rv151.mxck (net)
                  0.03    0.00   51.50 v clkbuf_1_1_1_rv151.mxck/A (sky130_fd_sc_hd__clkbuf_8)
                  0.03    0.13   51.63 v clkbuf_1_1_1_rv151.mxck/X (sky130_fd_sc_hd__clkbuf_8)
     1    0.01                           clknet_1_1_1_rv151.mxck (net)
                  0.03    0.00   51.63 v clkbuf_1_1_2_rv151.mxck/A (sky130_fd_sc_hd__clkbuf_8)
                  0.03    0.13   51.77 v clkbuf_1_1_2_rv151.mxck/X (sky130_fd_sc_hd__clkbuf_8)
     1    0.01                           clknet_1_1_2_rv151.mxck (net)
                  0.03    0.00   51.77 v clkbuf_1_1_3_rv151.mxck/A (sky130_fd_sc_hd__clkbuf_8)
                  0.03    0.13   51.90 v clkbuf_1_1_3_rv151.mxck/X (sky130_fd_sc_hd__clkbuf_8)
     1    0.01                           clknet_1_1_3_rv151.mxck (net)
                  0.03    0.00   51.90 v clkbuf_1_1_4_rv151.mxck/A (sky130_fd_sc_hd__clkbuf_8)
                  0.05    0.16   52.06 v clkbuf_1_1_4_rv151.mxck/X (sky130_fd_sc_hd__clkbuf_8)
     2    0.03                           clknet_1_1_4_rv151.mxck (net)
                  0.05    0.00   52.06 v clkbuf_2_3_0_rv151.mxck/A (sky130_fd_sc_hd__clkbuf_8)
                  0.03    0.14   52.20 v clkbuf_2_3_0_rv151.mxck/X (sky130_fd_sc_hd__clkbuf_8)
     1    0.01                           clknet_2_3_0_rv151.mxck (net)
                  0.03    0.00   52.20 v clkbuf_2_3_1_rv151.mxck/A (sky130_fd_sc_hd__clkbuf_8)
                  0.03    0.13   52.34 v clkbuf_2_3_1_rv151.mxck/X (sky130_fd_sc_hd__clkbuf_8)
     1    0.01                           clknet_2_3_1_rv151.mxck (net)
                  0.03    0.00   52.34 v clkbuf_2_3_2_rv151.mxck/A (sky130_fd_sc_hd__clkbuf_8)
                  0.03    0.13   52.47 v clkbuf_2_3_2_rv151.mxck/X (sky130_fd_sc_hd__clkbuf_8)
     1    0.01                           clknet_2_3_2_rv151.mxck (net)
                  0.03    0.00   52.47 v clkbuf_2_3_3_rv151.mxck/A (sky130_fd_sc_hd__clkbuf_8)
                  0.05    0.16   52.63 v clkbuf_2_3_3_rv151.mxck/X (sky130_fd_sc_hd__clkbuf_8)
     2    0.03                           clknet_2_3_3_rv151.mxck (net)
                  0.05    0.00   52.63 v clkbuf_3_7_0_rv151.mxck/A (sky130_fd_sc_hd__clkbuf_8)
                  0.03    0.14   52.77 v clkbuf_3_7_0_rv151.mxck/X (sky130_fd_sc_hd__clkbuf_8)
     1    0.01                           clknet_3_7_0_rv151.mxck (net)
                  0.03    0.00   52.77 v clkbuf_3_7_1_rv151.mxck/A (sky130_fd_sc_hd__clkbuf_8)
                  0.03    0.13   52.90 v clkbuf_3_7_1_rv151.mxck/X (sky130_fd_sc_hd__clkbuf_8)
     1    0.01                           clknet_3_7_1_rv151.mxck (net)
                  0.03    0.00   52.90 v clkbuf_3_7_2_rv151.mxck/A (sky130_fd_sc_hd__clkbuf_8)
                  0.04    0.15   53.05 v clkbuf_3_7_2_rv151.mxck/X (sky130_fd_sc_hd__clkbuf_8)
     2    0.03                           clknet_3_7_2_rv151.mxck (net)
                  0.04    0.00   53.05 v clkbuf_4_14_0_rv151.mxck/A (sky130_fd_sc_hd__clkbuf_8)
                  0.03    0.14   53.19 v clkbuf_4_14_0_rv151.mxck/X (sky130_fd_sc_hd__clkbuf_8)
     1    0.01                           clknet_4_14_0_rv151.mxck (net)
                  0.03    0.00   53.19 v clkbuf_4_14_1_rv151.mxck/A (sky130_fd_sc_hd__clkbuf_8)
                  0.12    0.22   53.41 v clkbuf_4_14_1_rv151.mxck/X (sky130_fd_sc_hd__clkbuf_8)
    11    0.11                           clknet_4_14_1_rv151.mxck (net)
                  0.12    0.00   53.41 v clkbuf_opt_29_0_rv151.mxck/A (sky130_fd_sc_hd__clkbuf_16)
                  0.03    0.18   53.60 v clkbuf_opt_29_0_rv151.mxck/X (sky130_fd_sc_hd__clkbuf_16)
     1    0.01                           clknet_opt_29_0_rv151.mxck (net)
                  0.03    0.00   53.60 v clkbuf_opt_29_1_rv151.mxck/A (sky130_fd_sc_hd__clkbuf_16)
                  0.03    0.14   53.74 v clkbuf_opt_29_1_rv151.mxck/X (sky130_fd_sc_hd__clkbuf_16)
     1    0.01                           clknet_opt_29_1_rv151.mxck (net)
                  0.03    0.00   53.74 v clkbuf_opt_29_2_rv151.mxck/A (sky130_fd_sc_hd__clkbuf_16)
                  0.03    0.14   53.88 v clkbuf_opt_29_2_rv151.mxck/X (sky130_fd_sc_hd__clkbuf_16)
     1    0.01                           clknet_opt_29_2_rv151.mxck (net)
                  0.03    0.00   53.88 v clkbuf_opt_29_3_rv151.mxck/A (sky130_fd_sc_hd__clkbuf_16)
                  0.03    0.14   54.03 v clkbuf_opt_29_3_rv151.mxck/X (sky130_fd_sc_hd__clkbuf_16)
     1    0.01                           clknet_opt_29_3_rv151.mxck (net)
                  0.03    0.00   54.03 v clkbuf_opt_29_4_rv151.mxck/A (sky130_fd_sc_hd__clkbuf_16)
                  0.03    0.14   54.17 v clkbuf_opt_29_4_rv151.mxck/X (sky130_fd_sc_hd__clkbuf_16)
     1    0.01                           clknet_opt_29_4_rv151.mxck (net)
                  0.03    0.00   54.17 v clkbuf_opt_29_5_rv151.mxck/A (sky130_fd_sc_hd__clkbuf_16)
                  0.03    0.14   54.31 v clkbuf_opt_29_5_rv151.mxck/X (sky130_fd_sc_hd__clkbuf_16)
     1    0.01                           clknet_opt_29_5_rv151.mxck (net)
                  0.03    0.00   54.31 v clkbuf_opt_29_6_rv151.mxck/A (sky130_fd_sc_hd__clkbuf_16)
                  0.03    0.14   54.45 v clkbuf_opt_29_6_rv151.mxck/X (sky130_fd_sc_hd__clkbuf_16)
     1    0.01                           clknet_opt_29_6_rv151.mxck (net)
                  0.03    0.00   54.45 v clkbuf_opt_29_7_rv151.mxck/A (sky130_fd_sc_hd__clkbuf_16)
                  0.04    0.15   54.61 v clkbuf_opt_29_7_rv151.mxck/X (sky130_fd_sc_hd__clkbuf_16)
     1    0.02                           clknet_opt_29_7_rv151.mxck (net)
                  0.05    0.00   54.61 v rv151.soc.imem0/clk1 (sky130_sram_2kbyte_1rw1r_32x512_8)
                  0.00    0.42   55.03 v rv151.soc.imem0/dout1[31] (sky130_sram_2kbyte_1rw1r_32x512_8)
     1    0.01                           rv151.soc.imem_dout1[0][31] (net)
                  0.00    0.00   55.03 v wire234/A (sky130_fd_sc_hd__clkbuf_2)
                  0.08    0.14   55.17 v wire234/X (sky130_fd_sc_hd__clkbuf_2)
     1    0.02                           net234 (net)
                  0.08    0.00   55.17 v wire233/A (sky130_fd_sc_hd__clkbuf_2)
                  0.08    0.18   55.35 v wire233/X (sky130_fd_sc_hd__clkbuf_2)
     1    0.02                           net233 (net)
                  0.08    0.00   55.35 v wire232/A (sky130_fd_sc_hd__buf_4)
                  0.04    0.18   55.53 v wire232/X (sky130_fd_sc_hd__buf_4)
     1    0.02                           net232 (net)
                  0.04    0.00   55.53 v wire231/A (sky130_fd_sc_hd__buf_6)
                  0.03    0.13   55.66 v wire231/X (sky130_fd_sc_hd__buf_6)
     1    0.02                           net231 (net)
                  0.03    0.00   55.67 v _13731_/A0 (sky130_fd_sc_hd__mux2_1)
                  0.06    0.29   55.96 v _13731_/X (sky130_fd_sc_hd__mux2_1)
     1    0.00                           _07905_ (net)
                  0.06    0.00   55.96 v _13732_/A (sky130_fd_sc_hd__clkbuf_1)
                  0.03    0.10   56.06 v _13732_/X (sky130_fd_sc_hd__clkbuf_1)
     1    0.00                           _00123_ (net)
                  0.03    0.00   56.06 v _17696_/D (sky130_fd_sc_hd__dfxtp_2)
                                 56.06   data arrival time

                        100.00  100.00   clock ick (rise edge)
                          0.00  100.00   clock source latency
                  0.00    0.00  100.00 ^ io_in[18] (in)
     1    0.08                           io_in[18] (net)
                  0.05    0.02  100.02 ^ _13522_/A1 (sky130_fd_sc_hd__mux2_2)
                  0.04    0.12  100.15 ^ _13522_/X (sky130_fd_sc_hd__mux2_2)
     1    0.00                           _07790_ (net)
                  0.04    0.00  100.15 ^ _13523_/A (sky130_fd_sc_hd__buf_1)
                  1.38    0.92  101.07 ^ _13523_/X (sky130_fd_sc_hd__buf_1)
     1    0.12                           rv151.mxck (net)
                  1.38    0.07  101.14 ^ clkbuf_0_rv151.mxck/A (sky130_fd_sc_hd__clkbuf_16)
                  0.08    0.31  101.45 ^ clkbuf_0_rv151.mxck/X (sky130_fd_sc_hd__clkbuf_16)
     2    0.02                           clknet_0_rv151.mxck (net)
                  0.08    0.00  101.45 ^ clkbuf_1_1_0_rv151.mxck/A (sky130_fd_sc_hd__clkbuf_8)
                  0.04    0.12  101.57 ^ clkbuf_1_1_0_rv151.mxck/X (sky130_fd_sc_hd__clkbuf_8)
     1    0.01                           clknet_1_1_0_rv151.mxck (net)
                  0.04    0.00  101.57 ^ clkbuf_1_1_1_rv151.mxck/A (sky130_fd_sc_hd__clkbuf_8)
                  0.04    0.11  101.68 ^ clkbuf_1_1_1_rv151.mxck/X (sky130_fd_sc_hd__clkbuf_8)
     1    0.01                           clknet_1_1_1_rv151.mxck (net)
                  0.04    0.00  101.69 ^ clkbuf_1_1_2_rv151.mxck/A (sky130_fd_sc_hd__clkbuf_8)
                  0.04    0.11  101.79 ^ clkbuf_1_1_2_rv151.mxck/X (sky130_fd_sc_hd__clkbuf_8)
     1    0.01                           clknet_1_1_2_rv151.mxck (net)
                  0.04    0.00  101.80 ^ clkbuf_1_1_3_rv151.mxck/A (sky130_fd_sc_hd__clkbuf_8)
                  0.04    0.11  101.90 ^ clkbuf_1_1_3_rv151.mxck/X (sky130_fd_sc_hd__clkbuf_8)
     1    0.01                           clknet_1_1_3_rv151.mxck (net)
                  0.04    0.00  101.90 ^ clkbuf_1_1_4_rv151.mxck/A (sky130_fd_sc_hd__clkbuf_8)
                  0.07    0.14  102.04 ^ clkbuf_1_1_4_rv151.mxck/X (sky130_fd_sc_hd__clkbuf_8)
     2    0.03                           clknet_1_1_4_rv151.mxck (net)
                  0.07    0.00  102.04 ^ clkbuf_2_2_0_rv151.mxck/A (sky130_fd_sc_hd__clkbuf_8)
                  0.04    0.12  102.16 ^ clkbuf_2_2_0_rv151.mxck/X (sky130_fd_sc_hd__clkbuf_8)
     1    0.01                           clknet_2_2_0_rv151.mxck (net)
                  0.04    0.00  102.16 ^ clkbuf_2_2_1_rv151.mxck/A (sky130_fd_sc_hd__clkbuf_8)
                  0.04    0.11  102.27 ^ clkbuf_2_2_1_rv151.mxck/X (sky130_fd_sc_hd__clkbuf_8)
     1    0.01                           clknet_2_2_1_rv151.mxck (net)
                  0.04    0.00  102.27 ^ clkbuf_2_2_2_rv151.mxck/A (sky130_fd_sc_hd__clkbuf_8)
                  0.04    0.11  102.38 ^ clkbuf_2_2_2_rv151.mxck/X (sky130_fd_sc_hd__clkbuf_8)
     1    0.01                           clknet_2_2_2_rv151.mxck (net)
                  0.04    0.00  102.38 ^ clkbuf_2_2_3_rv151.mxck/A (sky130_fd_sc_hd__clkbuf_8)
                  0.06    0.13  102.51 ^ clkbuf_2_2_3_rv151.mxck/X (sky130_fd_sc_hd__clkbuf_8)
     2    0.03                           clknet_2_2_3_rv151.mxck (net)
                  0.06    0.00  102.51 ^ clkbuf_3_4_0_rv151.mxck/A (sky130_fd_sc_hd__clkbuf_8)
                  0.04    0.12  102.63 ^ clkbuf_3_4_0_rv151.mxck/X (sky130_fd_sc_hd__clkbuf_8)
     1    0.01                           clknet_3_4_0_rv151.mxck (net)
                  0.04    0.00  102.63 ^ clkbuf_3_4_1_rv151.mxck/A (sky130_fd_sc_hd__clkbuf_8)
                  0.03    0.10  102.74 ^ clkbuf_3_4_1_rv151.mxck/X (sky130_fd_sc_hd__clkbuf_8)
     1    0.01                           clknet_3_4_1_rv151.mxck (net)
                  0.03    0.00  102.74 ^ clkbuf_3_4_2_rv151.mxck/A (sky130_fd_sc_hd__clkbuf_8)
                  0.07    0.13  102.87 ^ clkbuf_3_4_2_rv151.mxck/X (sky130_fd_sc_hd__clkbuf_8)
     2    0.03                           clknet_3_4_2_rv151.mxck (net)
                  0.07    0.00  102.87 ^ clkbuf_4_8_0_rv151.mxck/A (sky130_fd_sc_hd__clkbuf_8)
                  0.04    0.12  102.99 ^ clkbuf_4_8_0_rv151.mxck/X (sky130_fd_sc_hd__clkbuf_8)
     1    0.01                           clknet_4_8_0_rv151.mxck (net)
                  0.04    0.00  102.99 ^ clkbuf_4_8_1_rv151.mxck/A (sky130_fd_sc_hd__clkbuf_8)
                  0.18    0.21  103.20 ^ clkbuf_4_8_1_rv151.mxck/X (sky130_fd_sc_hd__clkbuf_8)
    10    0.10                           clknet_4_8_1_rv151.mxck (net)
                  0.18    0.01  103.21 ^ clkbuf_opt_21_0_rv151.mxck/A (sky130_fd_sc_hd__clkbuf_16)
                  0.04    0.16  103.36 ^ clkbuf_opt_21_0_rv151.mxck/X (sky130_fd_sc_hd__clkbuf_16)
     1    0.02                           clknet_opt_21_0_rv151.mxck (net)
                  0.04    0.00  103.37 ^ clkbuf_opt_21_1_rv151.mxck/A (sky130_fd_sc_hd__clkbuf_16)
                  0.04    0.11  103.48 ^ clkbuf_opt_21_1_rv151.mxck/X (sky130_fd_sc_hd__clkbuf_16)
     1    0.01                           clknet_opt_21_1_rv151.mxck (net)
                  0.04    0.00  103.48 ^ clkbuf_leaf_194_rv151.mxck/A (sky130_fd_sc_hd__clkbuf_16)
                  0.05    0.13  103.60 ^ clkbuf_leaf_194_rv151.mxck/X (sky130_fd_sc_hd__clkbuf_16)
    10    0.03                           clknet_leaf_194_rv151.mxck (net)
                  0.05    0.00  103.60 ^ _17696_/CLK (sky130_fd_sc_hd__dfxtp_2)
                          0.20  103.80   clock reconvergence pessimism
                         -0.10  103.70   library setup time
                                103.70   data required time
-----------------------------------------------------------------------------
                                103.70   data required time
                                -56.06   data arrival time
-----------------------------------------------------------------------------
                                 47.64   slack (MET)


Startpoint: _18033_ (rising edge-triggered flip-flop clocked by sck')
Endpoint: io_out[12] (output port clocked by sck)
Path Group: sck
Path Type: max

Fanout     Cap    Slew   Delay    Time   Description
-----------------------------------------------------------------------------
                         50.00   50.00   clock sck' (rise edge)
                          0.00   50.00   clock source latency
                  0.00    0.00   50.00 v io_in[14] (in)
     1    0.25                           io_in[14] (net)
                  0.46    0.24   50.24 v clkbuf_0_io_in[14]/A (sky130_fd_sc_hd__clkbuf_16)
                  0.05    0.35   50.59 v clkbuf_0_io_in[14]/X (sky130_fd_sc_hd__clkbuf_16)
     4    0.04                           clknet_0_io_in[14] (net)
                  0.05    0.00   50.59 v clkbuf_2_1__f_io_in[14]/A (sky130_fd_sc_hd__clkbuf_16)
                  0.04    0.17   50.76 v clkbuf_2_1__f_io_in[14]/X (sky130_fd_sc_hd__clkbuf_16)
    10    0.03                           clknet_2_1__leaf_io_in[14] (net)
                  0.04    0.00   50.76 v _15749__1/A (sky130_fd_sc_hd__inv_2)
                  0.02    0.04   50.80 ^ _15749__1/Y (sky130_fd_sc_hd__inv_2)
     1    0.00                           net980 (net)
                  0.02    0.00   50.80 ^ _18033_/CLK (sky130_fd_sc_hd__dfrtp_4)
                  0.54    0.75   51.55 ^ _18033_/Q (sky130_fd_sc_hd__dfrtp_4)
     1    0.20                           net24 (net)
                  0.67    0.21   51.76 ^ output24/A (sky130_fd_sc_hd__clkbuf_1)
                  0.04    0.14   51.90 ^ output24/X (sky130_fd_sc_hd__clkbuf_1)
     1    0.00                           io_out[12] (net)
                  0.04    0.00   51.90 ^ io_out[12] (out)
                                 51.90   data arrival time

                        100.00  100.00   clock sck (rise edge)
                          0.00  100.00   clock network delay (propagated)
                          0.00  100.00   clock reconvergence pessimism
                        -30.00   70.00   output external delay
                                 70.00   data required time
-----------------------------------------------------------------------------
                                 70.00   data required time
                                -51.90   data arrival time
-----------------------------------------------------------------------------
                                 18.10   slack (MET)



===========================================================================
report_checks --slack_max -0.01
============================================================================
No paths found.
