
===========================================================================
 report_clock_skew
============================================================================
Clock clk
Latency      CRPR       Skew
rv151.soc.bios_mem0/clk1 v
  35.25
_17776_/CLK ^
   4.20      0.00      31.05

Clock ick
Latency      CRPR       Skew
rv151.soc.bios_mem0/clk1 v
  20.25
_17776_/CLK ^
   3.67      0.00      16.58

Clock sck
Latency      CRPR       Skew
_18041_/CLK ^
   0.66
_18033_/CLK ^
   0.72     -0.06      -0.12

