
===========================================================================
report_checks -unconstrained
============================================================================
Startpoint: io_in[17] (input port clocked by clk)
Endpoint: _17542_ (recovery check against rising-edge clock clk)
Path Group: **async_default**
Path Type: max

Fanout     Cap    Slew   Delay    Time   Description
-----------------------------------------------------------------------------
                          0.00    0.00   clock clk (rise edge)
                          0.00    0.00   clock network delay (propagated)
                         30.00   30.00 ^ input external delay
                  0.00    0.00   30.00 ^ io_in[17] (in)
     1    0.01                           io_in[17] (net)
                  0.00    0.00   30.00 ^ input4/A (sky130_fd_sc_hd__buf_12)
                  0.24    0.20   30.20 ^ input4/X (sky130_fd_sc_hd__buf_12)
     3    0.23                           net4 (net)
                  0.24    0.02   30.22 ^ _12893_/B_N (sky130_fd_sc_hd__or2b_4)
                  0.17    0.44   30.66 v _12893_/X (sky130_fd_sc_hd__or2b_4)
     1    0.12                           _07332_ (net)
                  0.22    0.07   30.74 v _12894_/B1 (sky130_fd_sc_hd__o21a_2)
                  0.09    0.25   30.99 v _12894_/X (sky130_fd_sc_hd__o21a_2)
     1    0.02                           _07333_ (net)
                  0.09    0.00   30.99 v _12895_/A (sky130_fd_sc_hd__clkbuf_4)
                  0.09    0.22   31.21 v _12895_/X (sky130_fd_sc_hd__clkbuf_4)
     6    0.04                           _07334_ (net)
                  0.09    0.00   31.22 v _13993_/A (sky130_fd_sc_hd__buf_2)
                  0.09    0.21   31.43 v _13993_/X (sky130_fd_sc_hd__buf_2)
    10    0.03                           _08045_ (net)
                  0.09    0.00   31.43 v _13994_/A (sky130_fd_sc_hd__clkbuf_4)
                  0.10    0.23   31.66 v _13994_/X (sky130_fd_sc_hd__clkbuf_4)
    10    0.05                           _08046_ (net)
                  0.10    0.00   31.66 v _13995_/A (sky130_fd_sc_hd__clkbuf_8)
                  0.08    0.22   31.88 v _13995_/X (sky130_fd_sc_hd__clkbuf_8)
    10    0.06                           _08047_ (net)
                  0.08    0.00   31.88 v _15174_/A (sky130_fd_sc_hd__inv_2)
                  0.04    0.07   31.94 ^ _15174_/Y (sky130_fd_sc_hd__inv_2)
     1    0.01                           _00194_ (net)
                  0.04    0.00   31.94 ^ _17542_/SET_B (sky130_fd_sc_hd__dfstp_1)
                                 31.94   data arrival time

                        100.00  100.00   clock clk (rise edge)
                          0.00  100.00   clock source latency
                  0.00    0.00  100.00 ^ user_clock2 (in)
     1    0.07                           user_clock2 (net)
                  0.04    0.02  100.02 ^ wire2/A (sky130_fd_sc_hd__buf_12)
                  0.17    0.16  100.18 ^ wire2/X (sky130_fd_sc_hd__buf_12)
     1    0.23                           net981 (net)
                  0.56    0.25  100.43 ^ _13522_/A0 (sky130_fd_sc_hd__mux2_2)
                  0.04    0.25  100.68 ^ _13522_/X (sky130_fd_sc_hd__mux2_2)
     1    0.00                           _07790_ (net)
                  0.04    0.00  100.68 ^ _13523_/A (sky130_fd_sc_hd__buf_1)
                  1.31    0.90  101.58 ^ _13523_/X (sky130_fd_sc_hd__buf_1)
     1    0.11                           rv151.mxck (net)
                  1.31    0.02  101.60 ^ clkbuf_0_rv151.mxck/A (sky130_fd_sc_hd__clkbuf_16)
                  0.07    0.31  101.91 ^ clkbuf_0_rv151.mxck/X (sky130_fd_sc_hd__clkbuf_16)
     2    0.02                           clknet_0_rv151.mxck (net)
                  0.07    0.00  101.91 ^ clkbuf_1_0_0_rv151.mxck/A (sky130_fd_sc_hd__clkbuf_8)
                  0.04    0.12  102.03 ^ clkbuf_1_0_0_rv151.mxck/X (sky130_fd_sc_hd__clkbuf_8)
     1    0.01                           clknet_1_0_0_rv151.mxck (net)
                  0.04    0.00  102.03 ^ clkbuf_1_0_1_rv151.mxck/A (sky130_fd_sc_hd__clkbuf_8)
                  0.04    0.11  102.14 ^ clkbuf_1_0_1_rv151.mxck/X (sky130_fd_sc_hd__clkbuf_8)
     1    0.01                           clknet_1_0_1_rv151.mxck (net)
                  0.04    0.00  102.14 ^ clkbuf_1_0_2_rv151.mxck/A (sky130_fd_sc_hd__clkbuf_8)
                  0.04    0.11  102.25 ^ clkbuf_1_0_2_rv151.mxck/X (sky130_fd_sc_hd__clkbuf_8)
     1    0.01                           clknet_1_0_2_rv151.mxck (net)
                  0.04    0.00  102.25 ^ clkbuf_1_0_3_rv151.mxck/A (sky130_fd_sc_hd__clkbuf_8)
                  0.04    0.11  102.36 ^ clkbuf_1_0_3_rv151.mxck/X (sky130_fd_sc_hd__clkbuf_8)
     1    0.01                           clknet_1_0_3_rv151.mxck (net)
                  0.04    0.00  102.36 ^ clkbuf_1_0_4_rv151.mxck/A (sky130_fd_sc_hd__clkbuf_8)
                  0.06    0.13  102.49 ^ clkbuf_1_0_4_rv151.mxck/X (sky130_fd_sc_hd__clkbuf_8)
     2    0.02                           clknet_1_0_4_rv151.mxck (net)
                  0.06    0.00  102.49 ^ clkbuf_2_0_0_rv151.mxck/A (sky130_fd_sc_hd__clkbuf_8)
                  0.04    0.12  102.60 ^ clkbuf_2_0_0_rv151.mxck/X (sky130_fd_sc_hd__clkbuf_8)
     1    0.01                           clknet_2_0_0_rv151.mxck (net)
                  0.04    0.00  102.61 ^ clkbuf_2_0_1_rv151.mxck/A (sky130_fd_sc_hd__clkbuf_8)
                  0.04    0.11  102.72 ^ clkbuf_2_0_1_rv151.mxck/X (sky130_fd_sc_hd__clkbuf_8)
     1    0.01                           clknet_2_0_1_rv151.mxck (net)
                  0.04    0.00  102.72 ^ clkbuf_2_0_2_rv151.mxck/A (sky130_fd_sc_hd__clkbuf_8)
                  0.04    0.11  102.83 ^ clkbuf_2_0_2_rv151.mxck/X (sky130_fd_sc_hd__clkbuf_8)
     1    0.01                           clknet_2_0_2_rv151.mxck (net)
                  0.04    0.00  102.83 ^ clkbuf_2_0_3_rv151.mxck/A (sky130_fd_sc_hd__clkbuf_8)
                  0.08    0.14  102.97 ^ clkbuf_2_0_3_rv151.mxck/X (sky130_fd_sc_hd__clkbuf_8)
     2    0.04                           clknet_2_0_3_rv151.mxck (net)
                  0.08    0.01  102.97 ^ clkbuf_3_1_0_rv151.mxck/A (sky130_fd_sc_hd__clkbuf_8)
                  0.04    0.12  103.10 ^ clkbuf_3_1_0_rv151.mxck/X (sky130_fd_sc_hd__clkbuf_8)
     1    0.01                           clknet_3_1_0_rv151.mxck (net)
                  0.04    0.00  103.10 ^ clkbuf_3_1_1_rv151.mxck/A (sky130_fd_sc_hd__clkbuf_8)
                  0.03    0.10  103.20 ^ clkbuf_3_1_1_rv151.mxck/X (sky130_fd_sc_hd__clkbuf_8)
     1    0.01                           clknet_3_1_1_rv151.mxck (net)
                  0.03    0.00  103.20 ^ clkbuf_3_1_2_rv151.mxck/A (sky130_fd_sc_hd__clkbuf_8)
                  0.06    0.13  103.33 ^ clkbuf_3_1_2_rv151.mxck/X (sky130_fd_sc_hd__clkbuf_8)
     2    0.02                           clknet_3_1_2_rv151.mxck (net)
                  0.06    0.00  103.33 ^ clkbuf_4_3_0_rv151.mxck/A (sky130_fd_sc_hd__clkbuf_8)
                  0.04    0.12  103.44 ^ clkbuf_4_3_0_rv151.mxck/X (sky130_fd_sc_hd__clkbuf_8)
     1    0.01                           clknet_4_3_0_rv151.mxck (net)
                  0.04    0.00  103.44 ^ clkbuf_4_3_1_rv151.mxck/A (sky130_fd_sc_hd__clkbuf_8)
                  0.23    0.24  103.69 ^ clkbuf_4_3_1_rv151.mxck/X (sky130_fd_sc_hd__clkbuf_8)
    12    0.13                           clknet_4_3_1_rv151.mxck (net)
                  0.23    0.01  103.70 ^ clkbuf_leaf_68_rv151.mxck/A (sky130_fd_sc_hd__clkbuf_16)
                  0.05    0.19  103.88 ^ clkbuf_leaf_68_rv151.mxck/X (sky130_fd_sc_hd__clkbuf_16)
    11    0.03                           clknet_leaf_68_rv151.mxck (net)
                  0.05    0.00  103.88 ^ _17542_/CLK (sky130_fd_sc_hd__dfstp_1)
                          0.00  103.88   clock reconvergence pessimism
                          0.14  104.02   library recovery time
                                104.02   data required time
-----------------------------------------------------------------------------
                                104.02   data required time
                                -31.94   data arrival time
-----------------------------------------------------------------------------
                                 72.08   slack (MET)


Startpoint: rv151.soc.imem0 (falling edge-triggered flip-flop clocked by clk)
Endpoint: _17696_ (rising edge-triggered flip-flop clocked by clk)
Path Group: clk
Path Type: max

Fanout     Cap    Slew   Delay    Time   Description
-----------------------------------------------------------------------------
                         50.00   50.00   clock clk (fall edge)
                          0.00   50.00   clock source latency
                  0.00    0.00   50.00 v user_clock2 (in)
     1    0.07                           user_clock2 (net)
                  0.04    0.02   50.02 v wire2/A (sky130_fd_sc_hd__buf_12)
                  0.06    0.16   50.19 v wire2/X (sky130_fd_sc_hd__buf_12)
     1    0.23                           net981 (net)
                  0.48    0.25   50.44 v _13522_/A0 (sky130_fd_sc_hd__mux2_2)
                  0.05    0.46   50.90 v _13522_/X (sky130_fd_sc_hd__mux2_2)
     1    0.00                           _07790_ (net)
                  0.05    0.00   50.90 v _13523_/A (sky130_fd_sc_hd__buf_1)
                  0.64    0.57   51.47 v _13523_/X (sky130_fd_sc_hd__buf_1)
     1    0.11                           rv151.mxck (net)
                  0.64    0.02   51.49 v clkbuf_0_rv151.mxck/A (sky130_fd_sc_hd__clkbuf_16)
                  0.05    0.41   51.89 v clkbuf_0_rv151.mxck/X (sky130_fd_sc_hd__clkbuf_16)
     2    0.02                           clknet_0_rv151.mxck (net)
                  0.05    0.00   51.89 v clkbuf_1_1_0_rv151.mxck/A (sky130_fd_sc_hd__clkbuf_8)
                  0.03    0.14   52.04 v clkbuf_1_1_0_rv151.mxck/X (sky130_fd_sc_hd__clkbuf_8)
     1    0.01                           clknet_1_1_0_rv151.mxck (net)
                  0.03    0.00   52.04 v clkbuf_1_1_1_rv151.mxck/A (sky130_fd_sc_hd__clkbuf_8)
                  0.03    0.13   52.17 v clkbuf_1_1_1_rv151.mxck/X (sky130_fd_sc_hd__clkbuf_8)
     1    0.01                           clknet_1_1_1_rv151.mxck (net)
                  0.03    0.00   52.17 v clkbuf_1_1_2_rv151.mxck/A (sky130_fd_sc_hd__clkbuf_8)
                  0.03    0.13   52.30 v clkbuf_1_1_2_rv151.mxck/X (sky130_fd_sc_hd__clkbuf_8)
     1    0.01                           clknet_1_1_2_rv151.mxck (net)
                  0.03    0.00   52.30 v clkbuf_1_1_3_rv151.mxck/A (sky130_fd_sc_hd__clkbuf_8)
                  0.03    0.13   52.44 v clkbuf_1_1_3_rv151.mxck/X (sky130_fd_sc_hd__clkbuf_8)
     1    0.01                           clknet_1_1_3_rv151.mxck (net)
                  0.03    0.00   52.44 v clkbuf_1_1_4_rv151.mxck/A (sky130_fd_sc_hd__clkbuf_8)
                  0.05    0.16   52.59 v clkbuf_1_1_4_rv151.mxck/X (sky130_fd_sc_hd__clkbuf_8)
     2    0.03                           clknet_1_1_4_rv151.mxck (net)
                  0.05    0.00   52.59 v clkbuf_2_3_0_rv151.mxck/A (sky130_fd_sc_hd__clkbuf_8)
                  0.03    0.14   52.74 v clkbuf_2_3_0_rv151.mxck/X (sky130_fd_sc_hd__clkbuf_8)
     1    0.01                           clknet_2_3_0_rv151.mxck (net)
                  0.03    0.00   52.74 v clkbuf_2_3_1_rv151.mxck/A (sky130_fd_sc_hd__clkbuf_8)
                  0.03    0.13   52.87 v clkbuf_2_3_1_rv151.mxck/X (sky130_fd_sc_hd__clkbuf_8)
     1    0.01                           clknet_2_3_1_rv151.mxck (net)
                  0.03    0.00   52.87 v clkbuf_2_3_2_rv151.mxck/A (sky130_fd_sc_hd__clkbuf_8)
                  0.03    0.13   53.01 v clkbuf_2_3_2_rv151.mxck/X (sky130_fd_sc_hd__clkbuf_8)
     1    0.01                           clknet_2_3_2_rv151.mxck (net)
                  0.03    0.00   53.01 v clkbuf_2_3_3_rv151.mxck/A (sky130_fd_sc_hd__clkbuf_8)
                  0.05    0.16   53.17 v clkbuf_2_3_3_rv151.mxck/X (sky130_fd_sc_hd__clkbuf_8)
     2    0.03                           clknet_2_3_3_rv151.mxck (net)
                  0.05    0.00   53.17 v clkbuf_3_7_0_rv151.mxck/A (sky130_fd_sc_hd__clkbuf_8)
                  0.03    0.14   53.31 v clkbuf_3_7_0_rv151.mxck/X (sky130_fd_sc_hd__clkbuf_8)
     1    0.01                           clknet_3_7_0_rv151.mxck (net)
                  0.03    0.00   53.31 v clkbuf_3_7_1_rv151.mxck/A (sky130_fd_sc_hd__clkbuf_8)
                  0.03    0.13   53.44 v clkbuf_3_7_1_rv151.mxck/X (sky130_fd_sc_hd__clkbuf_8)
     1    0.01                           clknet_3_7_1_rv151.mxck (net)
                  0.03    0.00   53.44 v clkbuf_3_7_2_rv151.mxck/A (sky130_fd_sc_hd__clkbuf_8)
                  0.05    0.15   53.59 v clkbuf_3_7_2_rv151.mxck/X (sky130_fd_sc_hd__clkbuf_8)
     2    0.03                           clknet_3_7_2_rv151.mxck (net)
                  0.05    0.00   53.59 v clkbuf_4_14_0_rv151.mxck/A (sky130_fd_sc_hd__clkbuf_8)
                  0.03    0.14   53.73 v clkbuf_4_14_0_rv151.mxck/X (sky130_fd_sc_hd__clkbuf_8)
     1    0.01                           clknet_4_14_0_rv151.mxck (net)
                  0.03    0.00   53.73 v clkbuf_4_14_1_rv151.mxck/A (sky130_fd_sc_hd__clkbuf_8)
                  0.12    0.22   53.95 v clkbuf_4_14_1_rv151.mxck/X (sky130_fd_sc_hd__clkbuf_8)
    11    0.11                           clknet_4_14_1_rv151.mxck (net)
                  0.12    0.00   53.95 v clkbuf_opt_29_0_rv151.mxck/A (sky130_fd_sc_hd__clkbuf_16)
                  0.03    0.18   54.14 v clkbuf_opt_29_0_rv151.mxck/X (sky130_fd_sc_hd__clkbuf_16)
     1    0.01                           clknet_opt_29_0_rv151.mxck (net)
                  0.03    0.00   54.14 v clkbuf_opt_29_1_rv151.mxck/A (sky130_fd_sc_hd__clkbuf_16)
                  0.03    0.14   54.28 v clkbuf_opt_29_1_rv151.mxck/X (sky130_fd_sc_hd__clkbuf_16)
     1    0.01                           clknet_opt_29_1_rv151.mxck (net)
                  0.03    0.00   54.28 v clkbuf_opt_29_2_rv151.mxck/A (sky130_fd_sc_hd__clkbuf_16)
                  0.03    0.14   54.42 v clkbuf_opt_29_2_rv151.mxck/X (sky130_fd_sc_hd__clkbuf_16)
     1    0.01                           clknet_opt_29_2_rv151.mxck (net)
                  0.03    0.00   54.42 v clkbuf_opt_29_3_rv151.mxck/A (sky130_fd_sc_hd__clkbuf_16)
                  0.03    0.14   54.57 v clkbuf_opt_29_3_rv151.mxck/X (sky130_fd_sc_hd__clkbuf_16)
     1    0.01                           clknet_opt_29_3_rv151.mxck (net)
                  0.03    0.00   54.57 v clkbuf_opt_29_4_rv151.mxck/A (sky130_fd_sc_hd__clkbuf_16)
                  0.03    0.14   54.71 v clkbuf_opt_29_4_rv151.mxck/X (sky130_fd_sc_hd__clkbuf_16)
     1    0.01                           clknet_opt_29_4_rv151.mxck (net)
                  0.03    0.00   54.71 v clkbuf_opt_29_5_rv151.mxck/A (sky130_fd_sc_hd__clkbuf_16)
                  0.03    0.14   54.85 v clkbuf_opt_29_5_rv151.mxck/X (sky130_fd_sc_hd__clkbuf_16)
     1    0.01                           clknet_opt_29_5_rv151.mxck (net)
                  0.03    0.00   54.86 v clkbuf_opt_29_6_rv151.mxck/A (sky130_fd_sc_hd__clkbuf_16)
                  0.03    0.14   55.00 v clkbuf_opt_29_6_rv151.mxck/X (sky130_fd_sc_hd__clkbuf_16)
     1    0.01                           clknet_opt_29_6_rv151.mxck (net)
                  0.03    0.00   55.00 v clkbuf_opt_29_7_rv151.mxck/A (sky130_fd_sc_hd__clkbuf_16)
                  0.04    0.15   55.15 v clkbuf_opt_29_7_rv151.mxck/X (sky130_fd_sc_hd__clkbuf_16)
     1    0.02                           clknet_opt_29_7_rv151.mxck (net)
                  0.05    0.00   55.15 v rv151.soc.imem0/clk1 (sky130_sram_2kbyte_1rw1r_32x512_8)
                  0.00    0.43   55.58 v rv151.soc.imem0/dout1[31] (sky130_sram_2kbyte_1rw1r_32x512_8)
     1    0.01                           rv151.soc.imem_dout1[0][31] (net)
                  0.00    0.00   55.58 v wire234/A (sky130_fd_sc_hd__clkbuf_2)
                  0.09    0.14   55.72 v wire234/X (sky130_fd_sc_hd__clkbuf_2)
     1    0.02                           net234 (net)
                  0.09    0.00   55.72 v wire233/A (sky130_fd_sc_hd__clkbuf_2)
                  0.09    0.18   55.90 v wire233/X (sky130_fd_sc_hd__clkbuf_2)
     1    0.02                           net233 (net)
                  0.09    0.00   55.91 v wire232/A (sky130_fd_sc_hd__buf_4)
                  0.04    0.18   56.09 v wire232/X (sky130_fd_sc_hd__buf_4)
     1    0.02                           net232 (net)
                  0.04    0.00   56.09 v wire231/A (sky130_fd_sc_hd__buf_6)
                  0.03    0.13   56.22 v wire231/X (sky130_fd_sc_hd__buf_6)
     1    0.02                           net231 (net)
                  0.04    0.00   56.23 v _13731_/A0 (sky130_fd_sc_hd__mux2_1)
                  0.06    0.29   56.52 v _13731_/X (sky130_fd_sc_hd__mux2_1)
     1    0.00                           _07905_ (net)
                  0.06    0.00   56.52 v _13732_/A (sky130_fd_sc_hd__clkbuf_1)
                  0.03    0.10   56.63 v _13732_/X (sky130_fd_sc_hd__clkbuf_1)
     1    0.00                           _00123_ (net)
                  0.03    0.00   56.63 v _17696_/D (sky130_fd_sc_hd__dfxtp_2)
                                 56.63   data arrival time

                        100.00  100.00   clock clk (rise edge)
                          0.00  100.00   clock source latency
                  0.00    0.00  100.00 ^ user_clock2 (in)
     1    0.07                           user_clock2 (net)
                  0.04    0.02  100.02 ^ wire2/A (sky130_fd_sc_hd__buf_12)
                  0.17    0.16  100.18 ^ wire2/X (sky130_fd_sc_hd__buf_12)
     1    0.23                           net981 (net)
                  0.56    0.25  100.43 ^ _13522_/A0 (sky130_fd_sc_hd__mux2_2)
                  0.04    0.25  100.68 ^ _13522_/X (sky130_fd_sc_hd__mux2_2)
     1    0.00                           _07790_ (net)
                  0.04    0.00  100.68 ^ _13523_/A (sky130_fd_sc_hd__buf_1)
                  1.31    0.90  101.58 ^ _13523_/X (sky130_fd_sc_hd__buf_1)
     1    0.11                           rv151.mxck (net)
                  1.31    0.02  101.60 ^ clkbuf_0_rv151.mxck/A (sky130_fd_sc_hd__clkbuf_16)
                  0.07    0.31  101.91 ^ clkbuf_0_rv151.mxck/X (sky130_fd_sc_hd__clkbuf_16)
     2    0.02                           clknet_0_rv151.mxck (net)
                  0.07    0.00  101.91 ^ clkbuf_1_1_0_rv151.mxck/A (sky130_fd_sc_hd__clkbuf_8)
                  0.04    0.12  102.03 ^ clkbuf_1_1_0_rv151.mxck/X (sky130_fd_sc_hd__clkbuf_8)
     1    0.01                           clknet_1_1_0_rv151.mxck (net)
                  0.04    0.00  102.03 ^ clkbuf_1_1_1_rv151.mxck/A (sky130_fd_sc_hd__clkbuf_8)
                  0.04    0.11  102.14 ^ clkbuf_1_1_1_rv151.mxck/X (sky130_fd_sc_hd__clkbuf_8)
     1    0.01                           clknet_1_1_1_rv151.mxck (net)
                  0.04    0.00  102.14 ^ clkbuf_1_1_2_rv151.mxck/A (sky130_fd_sc_hd__clkbuf_8)
                  0.04    0.11  102.25 ^ clkbuf_1_1_2_rv151.mxck/X (sky130_fd_sc_hd__clkbuf_8)
     1    0.01                           clknet_1_1_2_rv151.mxck (net)
                  0.04    0.00  102.25 ^ clkbuf_1_1_3_rv151.mxck/A (sky130_fd_sc_hd__clkbuf_8)
                  0.04    0.11  102.36 ^ clkbuf_1_1_3_rv151.mxck/X (sky130_fd_sc_hd__clkbuf_8)
     1    0.01                           clknet_1_1_3_rv151.mxck (net)
                  0.04    0.00  102.36 ^ clkbuf_1_1_4_rv151.mxck/A (sky130_fd_sc_hd__clkbuf_8)
                  0.07    0.14  102.49 ^ clkbuf_1_1_4_rv151.mxck/X (sky130_fd_sc_hd__clkbuf_8)
     2    0.03                           clknet_1_1_4_rv151.mxck (net)
                  0.07    0.00  102.49 ^ clkbuf_2_2_0_rv151.mxck/A (sky130_fd_sc_hd__clkbuf_8)
                  0.04    0.12  102.62 ^ clkbuf_2_2_0_rv151.mxck/X (sky130_fd_sc_hd__clkbuf_8)
     1    0.01                           clknet_2_2_0_rv151.mxck (net)
                  0.04    0.00  102.62 ^ clkbuf_2_2_1_rv151.mxck/A (sky130_fd_sc_hd__clkbuf_8)
                  0.04    0.11  102.73 ^ clkbuf_2_2_1_rv151.mxck/X (sky130_fd_sc_hd__clkbuf_8)
     1    0.01                           clknet_2_2_1_rv151.mxck (net)
                  0.04    0.00  102.73 ^ clkbuf_2_2_2_rv151.mxck/A (sky130_fd_sc_hd__clkbuf_8)
                  0.04    0.11  102.84 ^ clkbuf_2_2_2_rv151.mxck/X (sky130_fd_sc_hd__clkbuf_8)
     1    0.01                           clknet_2_2_2_rv151.mxck (net)
                  0.04    0.00  102.84 ^ clkbuf_2_2_3_rv151.mxck/A (sky130_fd_sc_hd__clkbuf_8)
                  0.06    0.13  102.97 ^ clkbuf_2_2_3_rv151.mxck/X (sky130_fd_sc_hd__clkbuf_8)
     2    0.03                           clknet_2_2_3_rv151.mxck (net)
                  0.06    0.00  102.97 ^ clkbuf_3_4_0_rv151.mxck/A (sky130_fd_sc_hd__clkbuf_8)
                  0.04    0.12  103.09 ^ clkbuf_3_4_0_rv151.mxck/X (sky130_fd_sc_hd__clkbuf_8)
     1    0.01                           clknet_3_4_0_rv151.mxck (net)
                  0.04    0.00  103.09 ^ clkbuf_3_4_1_rv151.mxck/A (sky130_fd_sc_hd__clkbuf_8)
                  0.03    0.10  103.19 ^ clkbuf_3_4_1_rv151.mxck/X (sky130_fd_sc_hd__clkbuf_8)
     1    0.01                           clknet_3_4_1_rv151.mxck (net)
                  0.03    0.00  103.19 ^ clkbuf_3_4_2_rv151.mxck/A (sky130_fd_sc_hd__clkbuf_8)
                  0.06    0.13  103.32 ^ clkbuf_3_4_2_rv151.mxck/X (sky130_fd_sc_hd__clkbuf_8)
     2    0.03                           clknet_3_4_2_rv151.mxck (net)
                  0.06    0.00  103.32 ^ clkbuf_4_8_0_rv151.mxck/A (sky130_fd_sc_hd__clkbuf_8)
                  0.04    0.12  103.44 ^ clkbuf_4_8_0_rv151.mxck/X (sky130_fd_sc_hd__clkbuf_8)
     1    0.01                           clknet_4_8_0_rv151.mxck (net)
                  0.04    0.00  103.44 ^ clkbuf_4_8_1_rv151.mxck/A (sky130_fd_sc_hd__clkbuf_8)
                  0.18    0.21  103.65 ^ clkbuf_4_8_1_rv151.mxck/X (sky130_fd_sc_hd__clkbuf_8)
    10    0.10                           clknet_4_8_1_rv151.mxck (net)
                  0.18    0.01  103.66 ^ clkbuf_opt_21_0_rv151.mxck/A (sky130_fd_sc_hd__clkbuf_16)
                  0.04    0.16  103.82 ^ clkbuf_opt_21_0_rv151.mxck/X (sky130_fd_sc_hd__clkbuf_16)
     1    0.02                           clknet_opt_21_0_rv151.mxck (net)
                  0.04    0.00  103.82 ^ clkbuf_opt_21_1_rv151.mxck/A (sky130_fd_sc_hd__clkbuf_16)
                  0.04    0.11  103.93 ^ clkbuf_opt_21_1_rv151.mxck/X (sky130_fd_sc_hd__clkbuf_16)
     1    0.02                           clknet_opt_21_1_rv151.mxck (net)
                  0.04    0.00  103.94 ^ clkbuf_leaf_194_rv151.mxck/A (sky130_fd_sc_hd__clkbuf_16)
                  0.05    0.13  104.06 ^ clkbuf_leaf_194_rv151.mxck/X (sky130_fd_sc_hd__clkbuf_16)
    10    0.03                           clknet_leaf_194_rv151.mxck (net)
                  0.05    0.00  104.06 ^ _17696_/CLK (sky130_fd_sc_hd__dfxtp_2)
                          0.25  104.31   clock reconvergence pessimism
                         -0.11  104.21   library setup time
                                104.21   data required time
-----------------------------------------------------------------------------
                                104.21   data required time
                                -56.63   data arrival time
-----------------------------------------------------------------------------
                                 47.58   slack (MET)


Startpoint: rv151.soc.imem0 (falling edge-triggered flip-flop clocked by ick)
Endpoint: _17696_ (rising edge-triggered flip-flop clocked by ick)
Path Group: ick
Path Type: max

Fanout     Cap    Slew   Delay    Time   Description
-----------------------------------------------------------------------------
                         50.00   50.00   clock ick (fall edge)
                          0.00   50.00   clock source latency
                  0.00    0.00   50.00 v io_in[18] (in)
     1    0.07                           io_in[18] (net)
                  0.04    0.02   50.02 v _13522_/A1 (sky130_fd_sc_hd__mux2_2)
                  0.05    0.27   50.29 v _13522_/X (sky130_fd_sc_hd__mux2_2)
     1    0.00                           _07790_ (net)
                  0.05    0.00   50.29 v _13523_/A (sky130_fd_sc_hd__buf_1)
                  0.64    0.57   50.86 v _13523_/X (sky130_fd_sc_hd__buf_1)
     1    0.11                           rv151.mxck (net)
                  0.64    0.02   50.88 v clkbuf_0_rv151.mxck/A (sky130_fd_sc_hd__clkbuf_16)
                  0.05    0.41   51.29 v clkbuf_0_rv151.mxck/X (sky130_fd_sc_hd__clkbuf_16)
     2    0.02                           clknet_0_rv151.mxck (net)
                  0.05    0.00   51.29 v clkbuf_1_1_0_rv151.mxck/A (sky130_fd_sc_hd__clkbuf_8)
                  0.03    0.14   51.43 v clkbuf_1_1_0_rv151.mxck/X (sky130_fd_sc_hd__clkbuf_8)
     1    0.01                           clknet_1_1_0_rv151.mxck (net)
                  0.03    0.00   51.43 v clkbuf_1_1_1_rv151.mxck/A (sky130_fd_sc_hd__clkbuf_8)
                  0.03    0.13   51.57 v clkbuf_1_1_1_rv151.mxck/X (sky130_fd_sc_hd__clkbuf_8)
     1    0.01                           clknet_1_1_1_rv151.mxck (net)
                  0.03    0.00   51.57 v clkbuf_1_1_2_rv151.mxck/A (sky130_fd_sc_hd__clkbuf_8)
                  0.03    0.13   51.70 v clkbuf_1_1_2_rv151.mxck/X (sky130_fd_sc_hd__clkbuf_8)
     1    0.01                           clknet_1_1_2_rv151.mxck (net)
                  0.03    0.00   51.70 v clkbuf_1_1_3_rv151.mxck/A (sky130_fd_sc_hd__clkbuf_8)
                  0.03    0.13   51.83 v clkbuf_1_1_3_rv151.mxck/X (sky130_fd_sc_hd__clkbuf_8)
     1    0.01                           clknet_1_1_3_rv151.mxck (net)
                  0.03    0.00   51.83 v clkbuf_1_1_4_rv151.mxck/A (sky130_fd_sc_hd__clkbuf_8)
                  0.05    0.16   51.99 v clkbuf_1_1_4_rv151.mxck/X (sky130_fd_sc_hd__clkbuf_8)
     2    0.03                           clknet_1_1_4_rv151.mxck (net)
                  0.05    0.00   51.99 v clkbuf_2_3_0_rv151.mxck/A (sky130_fd_sc_hd__clkbuf_8)
                  0.03    0.14   52.13 v clkbuf_2_3_0_rv151.mxck/X (sky130_fd_sc_hd__clkbuf_8)
     1    0.01                           clknet_2_3_0_rv151.mxck (net)
                  0.03    0.00   52.13 v clkbuf_2_3_1_rv151.mxck/A (sky130_fd_sc_hd__clkbuf_8)
                  0.03    0.13   52.27 v clkbuf_2_3_1_rv151.mxck/X (sky130_fd_sc_hd__clkbuf_8)
     1    0.01                           clknet_2_3_1_rv151.mxck (net)
                  0.03    0.00   52.27 v clkbuf_2_3_2_rv151.mxck/A (sky130_fd_sc_hd__clkbuf_8)
                  0.03    0.13   52.40 v clkbuf_2_3_2_rv151.mxck/X (sky130_fd_sc_hd__clkbuf_8)
     1    0.01                           clknet_2_3_2_rv151.mxck (net)
                  0.03    0.00   52.40 v clkbuf_2_3_3_rv151.mxck/A (sky130_fd_sc_hd__clkbuf_8)
                  0.05    0.16   52.56 v clkbuf_2_3_3_rv151.mxck/X (sky130_fd_sc_hd__clkbuf_8)
     2    0.03                           clknet_2_3_3_rv151.mxck (net)
                  0.05    0.00   52.56 v clkbuf_3_7_0_rv151.mxck/A (sky130_fd_sc_hd__clkbuf_8)
                  0.03    0.14   52.71 v clkbuf_3_7_0_rv151.mxck/X (sky130_fd_sc_hd__clkbuf_8)
     1    0.01                           clknet_3_7_0_rv151.mxck (net)
                  0.03    0.00   52.71 v clkbuf_3_7_1_rv151.mxck/A (sky130_fd_sc_hd__clkbuf_8)
                  0.03    0.13   52.84 v clkbuf_3_7_1_rv151.mxck/X (sky130_fd_sc_hd__clkbuf_8)
     1    0.01                           clknet_3_7_1_rv151.mxck (net)
                  0.03    0.00   52.84 v clkbuf_3_7_2_rv151.mxck/A (sky130_fd_sc_hd__clkbuf_8)
                  0.05    0.15   52.99 v clkbuf_3_7_2_rv151.mxck/X (sky130_fd_sc_hd__clkbuf_8)
     2    0.03                           clknet_3_7_2_rv151.mxck (net)
                  0.05    0.00   52.99 v clkbuf_4_14_0_rv151.mxck/A (sky130_fd_sc_hd__clkbuf_8)
                  0.03    0.14   53.13 v clkbuf_4_14_0_rv151.mxck/X (sky130_fd_sc_hd__clkbuf_8)
     1    0.01                           clknet_4_14_0_rv151.mxck (net)
                  0.03    0.00   53.13 v clkbuf_4_14_1_rv151.mxck/A (sky130_fd_sc_hd__clkbuf_8)
                  0.12    0.22   53.35 v clkbuf_4_14_1_rv151.mxck/X (sky130_fd_sc_hd__clkbuf_8)
    11    0.11                           clknet_4_14_1_rv151.mxck (net)
                  0.12    0.00   53.35 v clkbuf_opt_29_0_rv151.mxck/A (sky130_fd_sc_hd__clkbuf_16)
                  0.03    0.18   53.53 v clkbuf_opt_29_0_rv151.mxck/X (sky130_fd_sc_hd__clkbuf_16)
     1    0.01                           clknet_opt_29_0_rv151.mxck (net)
                  0.03    0.00   53.53 v clkbuf_opt_29_1_rv151.mxck/A (sky130_fd_sc_hd__clkbuf_16)
                  0.03    0.14   53.68 v clkbuf_opt_29_1_rv151.mxck/X (sky130_fd_sc_hd__clkbuf_16)
     1    0.01                           clknet_opt_29_1_rv151.mxck (net)
                  0.03    0.00   53.68 v clkbuf_opt_29_2_rv151.mxck/A (sky130_fd_sc_hd__clkbuf_16)
                  0.03    0.14   53.82 v clkbuf_opt_29_2_rv151.mxck/X (sky130_fd_sc_hd__clkbuf_16)
     1    0.01                           clknet_opt_29_2_rv151.mxck (net)
                  0.03    0.00   53.82 v clkbuf_opt_29_3_rv151.mxck/A (sky130_fd_sc_hd__clkbuf_16)
                  0.03    0.14   53.96 v clkbuf_opt_29_3_rv151.mxck/X (sky130_fd_sc_hd__clkbuf_16)
     1    0.01                           clknet_opt_29_3_rv151.mxck (net)
                  0.03    0.00   53.96 v clkbuf_opt_29_4_rv151.mxck/A (sky130_fd_sc_hd__clkbuf_16)
                  0.03    0.14   54.11 v clkbuf_opt_29_4_rv151.mxck/X (sky130_fd_sc_hd__clkbuf_16)
     1    0.01                           clknet_opt_29_4_rv151.mxck (net)
                  0.03    0.00   54.11 v clkbuf_opt_29_5_rv151.mxck/A (sky130_fd_sc_hd__clkbuf_16)
                  0.03    0.14   54.25 v clkbuf_opt_29_5_rv151.mxck/X (sky130_fd_sc_hd__clkbuf_16)
     1    0.01                           clknet_opt_29_5_rv151.mxck (net)
                  0.03    0.00   54.25 v clkbuf_opt_29_6_rv151.mxck/A (sky130_fd_sc_hd__clkbuf_16)
                  0.03    0.14   54.39 v clkbuf_opt_29_6_rv151.mxck/X (sky130_fd_sc_hd__clkbuf_16)
     1    0.01                           clknet_opt_29_6_rv151.mxck (net)
                  0.03    0.00   54.39 v clkbuf_opt_29_7_rv151.mxck/A (sky130_fd_sc_hd__clkbuf_16)
                  0.04    0.15   54.54 v clkbuf_opt_29_7_rv151.mxck/X (sky130_fd_sc_hd__clkbuf_16)
     1    0.02                           clknet_opt_29_7_rv151.mxck (net)
                  0.05    0.00   54.55 v rv151.soc.imem0/clk1 (sky130_sram_2kbyte_1rw1r_32x512_8)
                  0.00    0.43   54.97 v rv151.soc.imem0/dout1[31] (sky130_sram_2kbyte_1rw1r_32x512_8)
     1    0.01                           rv151.soc.imem_dout1[0][31] (net)
                  0.00    0.00   54.97 v wire234/A (sky130_fd_sc_hd__clkbuf_2)
                  0.09    0.14   55.12 v wire234/X (sky130_fd_sc_hd__clkbuf_2)
     1    0.02                           net234 (net)
                  0.09    0.00   55.12 v wire233/A (sky130_fd_sc_hd__clkbuf_2)
                  0.09    0.18   55.30 v wire233/X (sky130_fd_sc_hd__clkbuf_2)
     1    0.02                           net233 (net)
                  0.09    0.00   55.30 v wire232/A (sky130_fd_sc_hd__buf_4)
                  0.04    0.18   55.48 v wire232/X (sky130_fd_sc_hd__buf_4)
     1    0.02                           net232 (net)
                  0.04    0.00   55.49 v wire231/A (sky130_fd_sc_hd__buf_6)
                  0.03    0.13   55.62 v wire231/X (sky130_fd_sc_hd__buf_6)
     1    0.02                           net231 (net)
                  0.04    0.00   55.62 v _13731_/A0 (sky130_fd_sc_hd__mux2_1)
                  0.06    0.29   55.92 v _13731_/X (sky130_fd_sc_hd__mux2_1)
     1    0.00                           _07905_ (net)
                  0.06    0.00   55.92 v _13732_/A (sky130_fd_sc_hd__clkbuf_1)
                  0.03    0.10   56.02 v _13732_/X (sky130_fd_sc_hd__clkbuf_1)
     1    0.00                           _00123_ (net)
                  0.03    0.00   56.02 v _17696_/D (sky130_fd_sc_hd__dfxtp_2)
                                 56.02   data arrival time

                        100.00  100.00   clock ick (rise edge)
                          0.00  100.00   clock source latency
                  0.00    0.00  100.00 ^ io_in[18] (in)
     1    0.07                           io_in[18] (net)
                  0.04    0.02  100.02 ^ _13522_/A1 (sky130_fd_sc_hd__mux2_2)
                  0.04    0.13  100.15 ^ _13522_/X (sky130_fd_sc_hd__mux2_2)
     1    0.00                           _07790_ (net)
                  0.04    0.00  100.15 ^ _13523_/A (sky130_fd_sc_hd__buf_1)
                  1.31    0.90  101.05 ^ _13523_/X (sky130_fd_sc_hd__buf_1)
     1    0.11                           rv151.mxck (net)
                  1.31    0.02  101.07 ^ clkbuf_0_rv151.mxck/A (sky130_fd_sc_hd__clkbuf_16)
                  0.07    0.31  101.37 ^ clkbuf_0_rv151.mxck/X (sky130_fd_sc_hd__clkbuf_16)
     2    0.02                           clknet_0_rv151.mxck (net)
                  0.07    0.00  101.38 ^ clkbuf_1_1_0_rv151.mxck/A (sky130_fd_sc_hd__clkbuf_8)
                  0.04    0.12  101.50 ^ clkbuf_1_1_0_rv151.mxck/X (sky130_fd_sc_hd__clkbuf_8)
     1    0.01                           clknet_1_1_0_rv151.mxck (net)
                  0.04    0.00  101.50 ^ clkbuf_1_1_1_rv151.mxck/A (sky130_fd_sc_hd__clkbuf_8)
                  0.04    0.11  101.61 ^ clkbuf_1_1_1_rv151.mxck/X (sky130_fd_sc_hd__clkbuf_8)
     1    0.01                           clknet_1_1_1_rv151.mxck (net)
                  0.04    0.00  101.61 ^ clkbuf_1_1_2_rv151.mxck/A (sky130_fd_sc_hd__clkbuf_8)
                  0.04    0.11  101.72 ^ clkbuf_1_1_2_rv151.mxck/X (sky130_fd_sc_hd__clkbuf_8)
     1    0.01                           clknet_1_1_2_rv151.mxck (net)
                  0.04    0.00  101.72 ^ clkbuf_1_1_3_rv151.mxck/A (sky130_fd_sc_hd__clkbuf_8)
                  0.04    0.11  101.83 ^ clkbuf_1_1_3_rv151.mxck/X (sky130_fd_sc_hd__clkbuf_8)
     1    0.01                           clknet_1_1_3_rv151.mxck (net)
                  0.04    0.00  101.83 ^ clkbuf_1_1_4_rv151.mxck/A (sky130_fd_sc_hd__clkbuf_8)
                  0.07    0.14  101.96 ^ clkbuf_1_1_4_rv151.mxck/X (sky130_fd_sc_hd__clkbuf_8)
     2    0.03                           clknet_1_1_4_rv151.mxck (net)
                  0.07    0.00  101.96 ^ clkbuf_2_2_0_rv151.mxck/A (sky130_fd_sc_hd__clkbuf_8)
                  0.04    0.12  102.09 ^ clkbuf_2_2_0_rv151.mxck/X (sky130_fd_sc_hd__clkbuf_8)
     1    0.01                           clknet_2_2_0_rv151.mxck (net)
                  0.04    0.00  102.09 ^ clkbuf_2_2_1_rv151.mxck/A (sky130_fd_sc_hd__clkbuf_8)
                  0.04    0.11  102.20 ^ clkbuf_2_2_1_rv151.mxck/X (sky130_fd_sc_hd__clkbuf_8)
     1    0.01                           clknet_2_2_1_rv151.mxck (net)
                  0.04    0.00  102.20 ^ clkbuf_2_2_2_rv151.mxck/A (sky130_fd_sc_hd__clkbuf_8)
                  0.04    0.11  102.31 ^ clkbuf_2_2_2_rv151.mxck/X (sky130_fd_sc_hd__clkbuf_8)
     1    0.01                           clknet_2_2_2_rv151.mxck (net)
                  0.04    0.00  102.31 ^ clkbuf_2_2_3_rv151.mxck/A (sky130_fd_sc_hd__clkbuf_8)
                  0.06    0.13  102.44 ^ clkbuf_2_2_3_rv151.mxck/X (sky130_fd_sc_hd__clkbuf_8)
     2    0.03                           clknet_2_2_3_rv151.mxck (net)
                  0.06    0.00  102.44 ^ clkbuf_3_4_0_rv151.mxck/A (sky130_fd_sc_hd__clkbuf_8)
                  0.04    0.12  102.56 ^ clkbuf_3_4_0_rv151.mxck/X (sky130_fd_sc_hd__clkbuf_8)
     1    0.01                           clknet_3_4_0_rv151.mxck (net)
                  0.04    0.00  102.56 ^ clkbuf_3_4_1_rv151.mxck/A (sky130_fd_sc_hd__clkbuf_8)
                  0.03    0.10  102.66 ^ clkbuf_3_4_1_rv151.mxck/X (sky130_fd_sc_hd__clkbuf_8)
     1    0.01                           clknet_3_4_1_rv151.mxck (net)
                  0.03    0.00  102.66 ^ clkbuf_3_4_2_rv151.mxck/A (sky130_fd_sc_hd__clkbuf_8)
                  0.06    0.13  102.79 ^ clkbuf_3_4_2_rv151.mxck/X (sky130_fd_sc_hd__clkbuf_8)
     2    0.03                           clknet_3_4_2_rv151.mxck (net)
                  0.06    0.00  102.79 ^ clkbuf_4_8_0_rv151.mxck/A (sky130_fd_sc_hd__clkbuf_8)
                  0.04    0.12  102.91 ^ clkbuf_4_8_0_rv151.mxck/X (sky130_fd_sc_hd__clkbuf_8)
     1    0.01                           clknet_4_8_0_rv151.mxck (net)
                  0.04    0.00  102.91 ^ clkbuf_4_8_1_rv151.mxck/A (sky130_fd_sc_hd__clkbuf_8)
                  0.18    0.21  103.12 ^ clkbuf_4_8_1_rv151.mxck/X (sky130_fd_sc_hd__clkbuf_8)
    10    0.10                           clknet_4_8_1_rv151.mxck (net)
                  0.18    0.01  103.13 ^ clkbuf_opt_21_0_rv151.mxck/A (sky130_fd_sc_hd__clkbuf_16)
                  0.04    0.16  103.29 ^ clkbuf_opt_21_0_rv151.mxck/X (sky130_fd_sc_hd__clkbuf_16)
     1    0.02                           clknet_opt_21_0_rv151.mxck (net)
                  0.04    0.00  103.29 ^ clkbuf_opt_21_1_rv151.mxck/A (sky130_fd_sc_hd__clkbuf_16)
                  0.04    0.11  103.40 ^ clkbuf_opt_21_1_rv151.mxck/X (sky130_fd_sc_hd__clkbuf_16)
     1    0.02                           clknet_opt_21_1_rv151.mxck (net)
                  0.04    0.00  103.41 ^ clkbuf_leaf_194_rv151.mxck/A (sky130_fd_sc_hd__clkbuf_16)
                  0.05    0.13  103.53 ^ clkbuf_leaf_194_rv151.mxck/X (sky130_fd_sc_hd__clkbuf_16)
    10    0.03                           clknet_leaf_194_rv151.mxck (net)
                  0.05    0.00  103.53 ^ _17696_/CLK (sky130_fd_sc_hd__dfxtp_2)
                          0.19  103.72   clock reconvergence pessimism
                         -0.11  103.62   library setup time
                                103.62   data required time
-----------------------------------------------------------------------------
                                103.62   data required time
                                -56.02   data arrival time
-----------------------------------------------------------------------------
                                 47.60   slack (MET)


Startpoint: _18033_ (rising edge-triggered flip-flop clocked by sck')
Endpoint: io_out[12] (output port clocked by sck)
Path Group: sck
Path Type: max

Fanout     Cap    Slew   Delay    Time   Description
-----------------------------------------------------------------------------
                         50.00   50.00   clock sck' (rise edge)
                          0.00   50.00   clock source latency
                  0.00    0.00   50.00 v io_in[14] (in)
     1    0.24                           io_in[14] (net)
                  0.46    0.24   50.24 v clkbuf_0_io_in[14]/A (sky130_fd_sc_hd__clkbuf_16)
                  0.05    0.35   50.59 v clkbuf_0_io_in[14]/X (sky130_fd_sc_hd__clkbuf_16)
     4    0.04                           clknet_0_io_in[14] (net)
                  0.05    0.00   50.59 v clkbuf_2_1__f_io_in[14]/A (sky130_fd_sc_hd__clkbuf_16)
                  0.04    0.17   50.76 v clkbuf_2_1__f_io_in[14]/X (sky130_fd_sc_hd__clkbuf_16)
    10    0.03                           clknet_2_1__leaf_io_in[14] (net)
                  0.04    0.00   50.76 v _15749__1/A (sky130_fd_sc_hd__inv_2)
                  0.02    0.04   50.80 ^ _15749__1/Y (sky130_fd_sc_hd__inv_2)
     1    0.00                           net980 (net)
                  0.02    0.00   50.80 ^ _18033_/CLK (sky130_fd_sc_hd__dfrtp_4)
                  0.54    0.71   51.50 ^ _18033_/Q (sky130_fd_sc_hd__dfrtp_4)
     1    0.20                           net24 (net)
                  0.67    0.21   51.72 ^ output24/A (sky130_fd_sc_hd__clkbuf_1)
                  0.05    0.15   51.87 ^ output24/X (sky130_fd_sc_hd__clkbuf_1)
     1    0.00                           io_out[12] (net)
                  0.05    0.00   51.87 ^ io_out[12] (out)
                                 51.87   data arrival time

                        100.00  100.00   clock sck (rise edge)
                          0.00  100.00   clock network delay (propagated)
                          0.00  100.00   clock reconvergence pessimism
                        -30.00   70.00   output external delay
                                 70.00   data required time
-----------------------------------------------------------------------------
                                 70.00   data required time
                                -51.87   data arrival time
-----------------------------------------------------------------------------
                                 18.13   slack (MET)



===========================================================================
report_checks --slack_max -0.01
============================================================================
No paths found.
