
===========================================================================
 report_clock_skew
============================================================================
Clock clk
Latency      CRPR       Skew
rv151.soc.bios_mem0/clk1 v
  35.27
_17765_/CLK ^
   4.33      0.00      30.94

Clock ick
Latency      CRPR       Skew
rv151.soc.bios_mem0/clk1 v
  20.27
_17765_/CLK ^
   3.68      0.00      16.58

Clock sck
Latency      CRPR       Skew
_18041_/CLK ^
   0.68
_18033_/CLK ^
   0.74     -0.06      -0.12

