
===========================================================================
report_checks -unconstrained
============================================================================
Startpoint: io_in[17] (input port clocked by clk)
Endpoint: _17542_ (recovery check against rising-edge clock clk)
Path Group: **async_default**
Path Type: max

Fanout     Cap    Slew   Delay    Time   Description
-----------------------------------------------------------------------------
                          0.00    0.00   clock clk (rise edge)
                          0.00    0.00   clock network delay (propagated)
                         30.00   30.00 ^ input external delay
                  0.00    0.00   30.00 ^ io_in[17] (in)
     1    0.01                           io_in[17] (net)
                  0.00    0.00   30.00 ^ input4/A (sky130_fd_sc_hd__buf_12)
                  0.26    0.21   30.21 ^ input4/X (sky130_fd_sc_hd__buf_12)
    18    0.25                           net4 (net)
                  0.27    0.04   30.25 ^ _12893_/B_N (sky130_fd_sc_hd__or2b_4)
                  0.18    0.45   30.70 v _12893_/X (sky130_fd_sc_hd__or2b_4)
     9    0.13                           _07332_ (net)
                  0.24    0.08   30.78 v _12894_/B1 (sky130_fd_sc_hd__o21a_2)
                  0.09    0.26   31.04 v _12894_/X (sky130_fd_sc_hd__o21a_2)
     1    0.02                           _07333_ (net)
                  0.09    0.00   31.05 v _12895_/A (sky130_fd_sc_hd__clkbuf_4)
                  0.09    0.22   31.27 v _12895_/X (sky130_fd_sc_hd__clkbuf_4)
     6    0.04                           _07334_ (net)
                  0.09    0.00   31.27 v _13993_/A (sky130_fd_sc_hd__buf_2)
                  0.09    0.21   31.48 v _13993_/X (sky130_fd_sc_hd__buf_2)
    10    0.03                           _08045_ (net)
                  0.09    0.00   31.48 v _13994_/A (sky130_fd_sc_hd__clkbuf_4)
                  0.10    0.23   31.71 v _13994_/X (sky130_fd_sc_hd__clkbuf_4)
    10    0.04                           _08046_ (net)
                  0.10    0.00   31.71 v _13995_/A (sky130_fd_sc_hd__clkbuf_8)
                  0.08    0.22   31.93 v _13995_/X (sky130_fd_sc_hd__clkbuf_8)
    10    0.06                           _08047_ (net)
                  0.08    0.00   31.93 v _15174_/A (sky130_fd_sc_hd__inv_2)
                  0.04    0.07   31.99 ^ _15174_/Y (sky130_fd_sc_hd__inv_2)
     1    0.01                           _00194_ (net)
                  0.04    0.00   31.99 ^ _17542_/SET_B (sky130_fd_sc_hd__dfstp_1)
                                 31.99   data arrival time

                        100.00  100.00   clock clk (rise edge)
                          0.00  100.00   clock source latency
                  0.00    0.00  100.00 ^ user_clock2 (in)
     2    0.07                           user_clock2 (net)
                  0.04    0.02  100.02 ^ wire2/A (sky130_fd_sc_hd__buf_12)
                  0.22    0.19  100.21 ^ wire2/X (sky130_fd_sc_hd__buf_12)
    51    0.30                           net981 (net)
                  0.73    0.32  100.54 ^ _13522_/A0 (sky130_fd_sc_hd__mux2_2)
                  0.04    0.27  100.81 ^ _13522_/X (sky130_fd_sc_hd__mux2_2)
     1    0.00                           _07790_ (net)
                  0.04    0.00  100.81 ^ _13523_/A (sky130_fd_sc_hd__buf_1)
                  1.32    0.90  101.71 ^ _13523_/X (sky130_fd_sc_hd__buf_1)
     1    0.11                           rv151.mxck (net)
                  1.32    0.02  101.73 ^ clkbuf_0_rv151.mxck/A (sky130_fd_sc_hd__clkbuf_16)
                  0.07    0.31  102.03 ^ clkbuf_0_rv151.mxck/X (sky130_fd_sc_hd__clkbuf_16)
     2    0.02                           clknet_0_rv151.mxck (net)
                  0.07    0.00  102.04 ^ clkbuf_1_0_0_rv151.mxck/A (sky130_fd_sc_hd__clkbuf_8)
                  0.04    0.12  102.16 ^ clkbuf_1_0_0_rv151.mxck/X (sky130_fd_sc_hd__clkbuf_8)
     1    0.01                           clknet_1_0_0_rv151.mxck (net)
                  0.04    0.00  102.16 ^ clkbuf_1_0_1_rv151.mxck/A (sky130_fd_sc_hd__clkbuf_8)
                  0.04    0.11  102.27 ^ clkbuf_1_0_1_rv151.mxck/X (sky130_fd_sc_hd__clkbuf_8)
     1    0.01                           clknet_1_0_1_rv151.mxck (net)
                  0.04    0.00  102.27 ^ clkbuf_1_0_2_rv151.mxck/A (sky130_fd_sc_hd__clkbuf_8)
                  0.04    0.11  102.38 ^ clkbuf_1_0_2_rv151.mxck/X (sky130_fd_sc_hd__clkbuf_8)
     1    0.01                           clknet_1_0_2_rv151.mxck (net)
                  0.04    0.00  102.38 ^ clkbuf_1_0_3_rv151.mxck/A (sky130_fd_sc_hd__clkbuf_8)
                  0.04    0.11  102.49 ^ clkbuf_1_0_3_rv151.mxck/X (sky130_fd_sc_hd__clkbuf_8)
     1    0.01                           clknet_1_0_3_rv151.mxck (net)
                  0.04    0.00  102.49 ^ clkbuf_1_0_4_rv151.mxck/A (sky130_fd_sc_hd__clkbuf_8)
                  0.06    0.13  102.62 ^ clkbuf_1_0_4_rv151.mxck/X (sky130_fd_sc_hd__clkbuf_8)
     2    0.02                           clknet_1_0_4_rv151.mxck (net)
                  0.06    0.00  102.62 ^ clkbuf_2_0_0_rv151.mxck/A (sky130_fd_sc_hd__clkbuf_8)
                  0.04    0.12  102.73 ^ clkbuf_2_0_0_rv151.mxck/X (sky130_fd_sc_hd__clkbuf_8)
     1    0.01                           clknet_2_0_0_rv151.mxck (net)
                  0.04    0.00  102.74 ^ clkbuf_2_0_1_rv151.mxck/A (sky130_fd_sc_hd__clkbuf_8)
                  0.04    0.11  102.85 ^ clkbuf_2_0_1_rv151.mxck/X (sky130_fd_sc_hd__clkbuf_8)
     1    0.01                           clknet_2_0_1_rv151.mxck (net)
                  0.04    0.00  102.85 ^ clkbuf_2_0_2_rv151.mxck/A (sky130_fd_sc_hd__clkbuf_8)
                  0.04    0.11  102.96 ^ clkbuf_2_0_2_rv151.mxck/X (sky130_fd_sc_hd__clkbuf_8)
     1    0.01                           clknet_2_0_2_rv151.mxck (net)
                  0.04    0.00  102.96 ^ clkbuf_2_0_3_rv151.mxck/A (sky130_fd_sc_hd__clkbuf_8)
                  0.08    0.14  103.10 ^ clkbuf_2_0_3_rv151.mxck/X (sky130_fd_sc_hd__clkbuf_8)
     2    0.04                           clknet_2_0_3_rv151.mxck (net)
                  0.08    0.01  103.10 ^ clkbuf_3_1_0_rv151.mxck/A (sky130_fd_sc_hd__clkbuf_8)
                  0.04    0.12  103.23 ^ clkbuf_3_1_0_rv151.mxck/X (sky130_fd_sc_hd__clkbuf_8)
     1    0.01                           clknet_3_1_0_rv151.mxck (net)
                  0.04    0.00  103.23 ^ clkbuf_3_1_1_rv151.mxck/A (sky130_fd_sc_hd__clkbuf_8)
                  0.03    0.10  103.33 ^ clkbuf_3_1_1_rv151.mxck/X (sky130_fd_sc_hd__clkbuf_8)
     1    0.01                           clknet_3_1_1_rv151.mxck (net)
                  0.03    0.00  103.33 ^ clkbuf_3_1_2_rv151.mxck/A (sky130_fd_sc_hd__clkbuf_8)
                  0.06    0.13  103.46 ^ clkbuf_3_1_2_rv151.mxck/X (sky130_fd_sc_hd__clkbuf_8)
     3    0.03                           clknet_3_1_2_rv151.mxck (net)
                  0.06    0.00  103.46 ^ clkbuf_4_3_0_rv151.mxck/A (sky130_fd_sc_hd__clkbuf_8)
                  0.04    0.12  103.58 ^ clkbuf_4_3_0_rv151.mxck/X (sky130_fd_sc_hd__clkbuf_8)
     1    0.01                           clknet_4_3_0_rv151.mxck (net)
                  0.04    0.00  103.58 ^ clkbuf_4_3_1_rv151.mxck/A (sky130_fd_sc_hd__clkbuf_8)
                  0.23    0.24  103.82 ^ clkbuf_4_3_1_rv151.mxck/X (sky130_fd_sc_hd__clkbuf_8)
    12    0.13                           clknet_4_3_1_rv151.mxck (net)
                  0.23    0.01  103.83 ^ clkbuf_leaf_68_rv151.mxck/A (sky130_fd_sc_hd__clkbuf_16)
                  0.05    0.19  104.02 ^ clkbuf_leaf_68_rv151.mxck/X (sky130_fd_sc_hd__clkbuf_16)
    11    0.03                           clknet_leaf_68_rv151.mxck (net)
                  0.05    0.00  104.02 ^ _17542_/CLK (sky130_fd_sc_hd__dfstp_1)
                          0.00  104.02   clock reconvergence pessimism
                          0.14  104.16   library recovery time
                                104.16   data required time
-----------------------------------------------------------------------------
                                104.16   data required time
                                -31.99   data arrival time
-----------------------------------------------------------------------------
                                 72.16   slack (MET)


Startpoint: rv151.soc.imem0 (falling edge-triggered flip-flop clocked by clk)
Endpoint: _17696_ (rising edge-triggered flip-flop clocked by clk)
Path Group: clk
Path Type: max

Fanout     Cap    Slew   Delay    Time   Description
-----------------------------------------------------------------------------
                         50.00   50.00   clock clk (fall edge)
                          0.00   50.00   clock source latency
                  0.00    0.00   50.00 v user_clock2 (in)
     2    0.07                           user_clock2 (net)
                  0.04    0.02   50.02 v wire2/A (sky130_fd_sc_hd__buf_12)
                  0.08    0.18   50.20 v wire2/X (sky130_fd_sc_hd__buf_12)
    51    0.30                           net981 (net)
                  0.62    0.32   50.53 v _13522_/A0 (sky130_fd_sc_hd__mux2_2)
                  0.05    0.52   51.05 v _13522_/X (sky130_fd_sc_hd__mux2_2)
     1    0.00                           _07790_ (net)
                  0.05    0.00   51.05 v _13523_/A (sky130_fd_sc_hd__buf_1)
                  0.65    0.57   51.62 v _13523_/X (sky130_fd_sc_hd__buf_1)
     1    0.11                           rv151.mxck (net)
                  0.65    0.02   51.64 v clkbuf_0_rv151.mxck/A (sky130_fd_sc_hd__clkbuf_16)
                  0.05    0.41   52.05 v clkbuf_0_rv151.mxck/X (sky130_fd_sc_hd__clkbuf_16)
     2    0.02                           clknet_0_rv151.mxck (net)
                  0.05    0.00   52.05 v clkbuf_1_1_0_rv151.mxck/A (sky130_fd_sc_hd__clkbuf_8)
                  0.03    0.14   52.19 v clkbuf_1_1_0_rv151.mxck/X (sky130_fd_sc_hd__clkbuf_8)
     1    0.01                           clknet_1_1_0_rv151.mxck (net)
                  0.03    0.00   52.19 v clkbuf_1_1_1_rv151.mxck/A (sky130_fd_sc_hd__clkbuf_8)
                  0.03    0.13   52.32 v clkbuf_1_1_1_rv151.mxck/X (sky130_fd_sc_hd__clkbuf_8)
     1    0.01                           clknet_1_1_1_rv151.mxck (net)
                  0.03    0.00   52.32 v clkbuf_1_1_2_rv151.mxck/A (sky130_fd_sc_hd__clkbuf_8)
                  0.03    0.13   52.46 v clkbuf_1_1_2_rv151.mxck/X (sky130_fd_sc_hd__clkbuf_8)
     1    0.01                           clknet_1_1_2_rv151.mxck (net)
                  0.03    0.00   52.46 v clkbuf_1_1_3_rv151.mxck/A (sky130_fd_sc_hd__clkbuf_8)
                  0.03    0.13   52.59 v clkbuf_1_1_3_rv151.mxck/X (sky130_fd_sc_hd__clkbuf_8)
     1    0.01                           clknet_1_1_3_rv151.mxck (net)
                  0.03    0.00   52.59 v clkbuf_1_1_4_rv151.mxck/A (sky130_fd_sc_hd__clkbuf_8)
                  0.05    0.16   52.75 v clkbuf_1_1_4_rv151.mxck/X (sky130_fd_sc_hd__clkbuf_8)
     2    0.03                           clknet_1_1_4_rv151.mxck (net)
                  0.05    0.00   52.75 v clkbuf_2_3_0_rv151.mxck/A (sky130_fd_sc_hd__clkbuf_8)
                  0.03    0.14   52.89 v clkbuf_2_3_0_rv151.mxck/X (sky130_fd_sc_hd__clkbuf_8)
     1    0.01                           clknet_2_3_0_rv151.mxck (net)
                  0.03    0.00   52.89 v clkbuf_2_3_1_rv151.mxck/A (sky130_fd_sc_hd__clkbuf_8)
                  0.03    0.13   53.03 v clkbuf_2_3_1_rv151.mxck/X (sky130_fd_sc_hd__clkbuf_8)
     1    0.01                           clknet_2_3_1_rv151.mxck (net)
                  0.03    0.00   53.03 v clkbuf_2_3_2_rv151.mxck/A (sky130_fd_sc_hd__clkbuf_8)
                  0.03    0.13   53.16 v clkbuf_2_3_2_rv151.mxck/X (sky130_fd_sc_hd__clkbuf_8)
     1    0.01                           clknet_2_3_2_rv151.mxck (net)
                  0.03    0.00   53.16 v clkbuf_2_3_3_rv151.mxck/A (sky130_fd_sc_hd__clkbuf_8)
                  0.05    0.16   53.32 v clkbuf_2_3_3_rv151.mxck/X (sky130_fd_sc_hd__clkbuf_8)
     2    0.03                           clknet_2_3_3_rv151.mxck (net)
                  0.05    0.00   53.32 v clkbuf_3_7_0_rv151.mxck/A (sky130_fd_sc_hd__clkbuf_8)
                  0.03    0.14   53.47 v clkbuf_3_7_0_rv151.mxck/X (sky130_fd_sc_hd__clkbuf_8)
     1    0.01                           clknet_3_7_0_rv151.mxck (net)
                  0.03    0.00   53.47 v clkbuf_3_7_1_rv151.mxck/A (sky130_fd_sc_hd__clkbuf_8)
                  0.03    0.13   53.60 v clkbuf_3_7_1_rv151.mxck/X (sky130_fd_sc_hd__clkbuf_8)
     1    0.01                           clknet_3_7_1_rv151.mxck (net)
                  0.03    0.00   53.60 v clkbuf_3_7_2_rv151.mxck/A (sky130_fd_sc_hd__clkbuf_8)
                  0.05    0.15   53.75 v clkbuf_3_7_2_rv151.mxck/X (sky130_fd_sc_hd__clkbuf_8)
     2    0.03                           clknet_3_7_2_rv151.mxck (net)
                  0.05    0.00   53.75 v clkbuf_4_14_0_rv151.mxck/A (sky130_fd_sc_hd__clkbuf_8)
                  0.03    0.14   53.89 v clkbuf_4_14_0_rv151.mxck/X (sky130_fd_sc_hd__clkbuf_8)
     1    0.01                           clknet_4_14_0_rv151.mxck (net)
                  0.03    0.00   53.89 v clkbuf_4_14_1_rv151.mxck/A (sky130_fd_sc_hd__clkbuf_8)
                  0.12    0.22   54.11 v clkbuf_4_14_1_rv151.mxck/X (sky130_fd_sc_hd__clkbuf_8)
    11    0.11                           clknet_4_14_1_rv151.mxck (net)
                  0.12    0.00   54.11 v clkbuf_opt_29_0_rv151.mxck/A (sky130_fd_sc_hd__clkbuf_16)
                  0.03    0.18   54.30 v clkbuf_opt_29_0_rv151.mxck/X (sky130_fd_sc_hd__clkbuf_16)
     1    0.01                           clknet_opt_29_0_rv151.mxck (net)
                  0.03    0.00   54.30 v clkbuf_opt_29_1_rv151.mxck/A (sky130_fd_sc_hd__clkbuf_16)
                  0.03    0.14   54.44 v clkbuf_opt_29_1_rv151.mxck/X (sky130_fd_sc_hd__clkbuf_16)
     1    0.01                           clknet_opt_29_1_rv151.mxck (net)
                  0.03    0.00   54.44 v clkbuf_opt_29_2_rv151.mxck/A (sky130_fd_sc_hd__clkbuf_16)
                  0.03    0.14   54.58 v clkbuf_opt_29_2_rv151.mxck/X (sky130_fd_sc_hd__clkbuf_16)
     1    0.01                           clknet_opt_29_2_rv151.mxck (net)
                  0.03    0.00   54.58 v clkbuf_opt_29_3_rv151.mxck/A (sky130_fd_sc_hd__clkbuf_16)
                  0.03    0.14   54.73 v clkbuf_opt_29_3_rv151.mxck/X (sky130_fd_sc_hd__clkbuf_16)
     1    0.01                           clknet_opt_29_3_rv151.mxck (net)
                  0.03    0.00   54.73 v clkbuf_opt_29_4_rv151.mxck/A (sky130_fd_sc_hd__clkbuf_16)
                  0.03    0.14   54.87 v clkbuf_opt_29_4_rv151.mxck/X (sky130_fd_sc_hd__clkbuf_16)
     1    0.01                           clknet_opt_29_4_rv151.mxck (net)
                  0.03    0.00   54.87 v clkbuf_opt_29_5_rv151.mxck/A (sky130_fd_sc_hd__clkbuf_16)
                  0.03    0.14   55.01 v clkbuf_opt_29_5_rv151.mxck/X (sky130_fd_sc_hd__clkbuf_16)
     1    0.01                           clknet_opt_29_5_rv151.mxck (net)
                  0.03    0.00   55.01 v clkbuf_opt_29_6_rv151.mxck/A (sky130_fd_sc_hd__clkbuf_16)
                  0.03    0.14   55.16 v clkbuf_opt_29_6_rv151.mxck/X (sky130_fd_sc_hd__clkbuf_16)
     1    0.01                           clknet_opt_29_6_rv151.mxck (net)
                  0.03    0.00   55.16 v clkbuf_opt_29_7_rv151.mxck/A (sky130_fd_sc_hd__clkbuf_16)
                  0.04    0.15   55.31 v clkbuf_opt_29_7_rv151.mxck/X (sky130_fd_sc_hd__clkbuf_16)
     1    0.02                           clknet_opt_29_7_rv151.mxck (net)
                  0.05    0.00   55.31 v rv151.soc.imem0/clk1 (sky130_sram_2kbyte_1rw1r_32x512_8)
                  0.00    0.43   55.74 v rv151.soc.imem0/dout1[31] (sky130_sram_2kbyte_1rw1r_32x512_8)
     1    0.01                           rv151.soc.imem_dout1[0][31] (net)
                  0.00    0.00   55.74 v wire234/A (sky130_fd_sc_hd__clkbuf_2)
                  0.09    0.14   55.88 v wire234/X (sky130_fd_sc_hd__clkbuf_2)
     1    0.02                           net234 (net)
                  0.09    0.00   55.88 v wire233/A (sky130_fd_sc_hd__clkbuf_2)
                  0.09    0.18   56.06 v wire233/X (sky130_fd_sc_hd__clkbuf_2)
     1    0.02                           net233 (net)
                  0.09    0.00   56.07 v wire232/A (sky130_fd_sc_hd__buf_4)
                  0.04    0.18   56.25 v wire232/X (sky130_fd_sc_hd__buf_4)
     1    0.02                           net232 (net)
                  0.05    0.00   56.25 v wire231/A (sky130_fd_sc_hd__buf_6)
                  0.04    0.14   56.39 v wire231/X (sky130_fd_sc_hd__buf_6)
     3    0.03                           net231 (net)
                  0.04    0.00   56.39 v _13731_/A0 (sky130_fd_sc_hd__mux2_1)
                  0.06    0.30   56.68 v _13731_/X (sky130_fd_sc_hd__mux2_1)
     1    0.00                           _07905_ (net)
                  0.06    0.00   56.69 v _13732_/A (sky130_fd_sc_hd__clkbuf_1)
                  0.03    0.10   56.79 v _13732_/X (sky130_fd_sc_hd__clkbuf_1)
     1    0.00                           _00123_ (net)
                  0.03    0.00   56.79 v _17696_/D (sky130_fd_sc_hd__dfxtp_2)
                                 56.79   data arrival time

                        100.00  100.00   clock clk (rise edge)
                          0.00  100.00   clock source latency
                  0.00    0.00  100.00 ^ user_clock2 (in)
     2    0.07                           user_clock2 (net)
                  0.04    0.02  100.02 ^ wire2/A (sky130_fd_sc_hd__buf_12)
                  0.22    0.19  100.21 ^ wire2/X (sky130_fd_sc_hd__buf_12)
    51    0.30                           net981 (net)
                  0.73    0.32  100.54 ^ _13522_/A0 (sky130_fd_sc_hd__mux2_2)
                  0.04    0.27  100.81 ^ _13522_/X (sky130_fd_sc_hd__mux2_2)
     1    0.00                           _07790_ (net)
                  0.04    0.00  100.81 ^ _13523_/A (sky130_fd_sc_hd__buf_1)
                  1.32    0.90  101.71 ^ _13523_/X (sky130_fd_sc_hd__buf_1)
     1    0.11                           rv151.mxck (net)
                  1.32    0.02  101.73 ^ clkbuf_0_rv151.mxck/A (sky130_fd_sc_hd__clkbuf_16)
                  0.07    0.31  102.03 ^ clkbuf_0_rv151.mxck/X (sky130_fd_sc_hd__clkbuf_16)
     2    0.02                           clknet_0_rv151.mxck (net)
                  0.07    0.00  102.04 ^ clkbuf_1_1_0_rv151.mxck/A (sky130_fd_sc_hd__clkbuf_8)
                  0.04    0.12  102.16 ^ clkbuf_1_1_0_rv151.mxck/X (sky130_fd_sc_hd__clkbuf_8)
     1    0.01                           clknet_1_1_0_rv151.mxck (net)
                  0.04    0.00  102.16 ^ clkbuf_1_1_1_rv151.mxck/A (sky130_fd_sc_hd__clkbuf_8)
                  0.04    0.11  102.27 ^ clkbuf_1_1_1_rv151.mxck/X (sky130_fd_sc_hd__clkbuf_8)
     1    0.01                           clknet_1_1_1_rv151.mxck (net)
                  0.04    0.00  102.27 ^ clkbuf_1_1_2_rv151.mxck/A (sky130_fd_sc_hd__clkbuf_8)
                  0.04    0.11  102.38 ^ clkbuf_1_1_2_rv151.mxck/X (sky130_fd_sc_hd__clkbuf_8)
     1    0.01                           clknet_1_1_2_rv151.mxck (net)
                  0.04    0.00  102.38 ^ clkbuf_1_1_3_rv151.mxck/A (sky130_fd_sc_hd__clkbuf_8)
                  0.04    0.11  102.49 ^ clkbuf_1_1_3_rv151.mxck/X (sky130_fd_sc_hd__clkbuf_8)
     1    0.01                           clknet_1_1_3_rv151.mxck (net)
                  0.04    0.00  102.49 ^ clkbuf_1_1_4_rv151.mxck/A (sky130_fd_sc_hd__clkbuf_8)
                  0.07    0.14  102.62 ^ clkbuf_1_1_4_rv151.mxck/X (sky130_fd_sc_hd__clkbuf_8)
     2    0.03                           clknet_1_1_4_rv151.mxck (net)
                  0.07    0.00  102.62 ^ clkbuf_2_2_0_rv151.mxck/A (sky130_fd_sc_hd__clkbuf_8)
                  0.04    0.12  102.75 ^ clkbuf_2_2_0_rv151.mxck/X (sky130_fd_sc_hd__clkbuf_8)
     1    0.01                           clknet_2_2_0_rv151.mxck (net)
                  0.04    0.00  102.75 ^ clkbuf_2_2_1_rv151.mxck/A (sky130_fd_sc_hd__clkbuf_8)
                  0.04    0.11  102.86 ^ clkbuf_2_2_1_rv151.mxck/X (sky130_fd_sc_hd__clkbuf_8)
     1    0.01                           clknet_2_2_1_rv151.mxck (net)
                  0.04    0.00  102.86 ^ clkbuf_2_2_2_rv151.mxck/A (sky130_fd_sc_hd__clkbuf_8)
                  0.04    0.11  102.97 ^ clkbuf_2_2_2_rv151.mxck/X (sky130_fd_sc_hd__clkbuf_8)
     1    0.01                           clknet_2_2_2_rv151.mxck (net)
                  0.04    0.00  102.97 ^ clkbuf_2_2_3_rv151.mxck/A (sky130_fd_sc_hd__clkbuf_8)
                  0.06    0.13  103.10 ^ clkbuf_2_2_3_rv151.mxck/X (sky130_fd_sc_hd__clkbuf_8)
     2    0.03                           clknet_2_2_3_rv151.mxck (net)
                  0.06    0.00  103.10 ^ clkbuf_3_4_0_rv151.mxck/A (sky130_fd_sc_hd__clkbuf_8)
                  0.04    0.12  103.22 ^ clkbuf_3_4_0_rv151.mxck/X (sky130_fd_sc_hd__clkbuf_8)
     1    0.01                           clknet_3_4_0_rv151.mxck (net)
                  0.04    0.00  103.22 ^ clkbuf_3_4_1_rv151.mxck/A (sky130_fd_sc_hd__clkbuf_8)
                  0.03    0.10  103.32 ^ clkbuf_3_4_1_rv151.mxck/X (sky130_fd_sc_hd__clkbuf_8)
     1    0.01                           clknet_3_4_1_rv151.mxck (net)
                  0.03    0.00  103.32 ^ clkbuf_3_4_2_rv151.mxck/A (sky130_fd_sc_hd__clkbuf_8)
                  0.06    0.13  103.45 ^ clkbuf_3_4_2_rv151.mxck/X (sky130_fd_sc_hd__clkbuf_8)
     2    0.03                           clknet_3_4_2_rv151.mxck (net)
                  0.06    0.00  103.46 ^ clkbuf_4_8_0_rv151.mxck/A (sky130_fd_sc_hd__clkbuf_8)
                  0.04    0.12  103.58 ^ clkbuf_4_8_0_rv151.mxck/X (sky130_fd_sc_hd__clkbuf_8)
     1    0.01                           clknet_4_8_0_rv151.mxck (net)
                  0.04    0.00  103.58 ^ clkbuf_4_8_1_rv151.mxck/A (sky130_fd_sc_hd__clkbuf_8)
                  0.18    0.21  103.79 ^ clkbuf_4_8_1_rv151.mxck/X (sky130_fd_sc_hd__clkbuf_8)
    10    0.10                           clknet_4_8_1_rv151.mxck (net)
                  0.18    0.01  103.80 ^ clkbuf_opt_21_0_rv151.mxck/A (sky130_fd_sc_hd__clkbuf_16)
                  0.04    0.16  103.96 ^ clkbuf_opt_21_0_rv151.mxck/X (sky130_fd_sc_hd__clkbuf_16)
     1    0.02                           clknet_opt_21_0_rv151.mxck (net)
                  0.04    0.00  103.96 ^ clkbuf_opt_21_1_rv151.mxck/A (sky130_fd_sc_hd__clkbuf_16)
                  0.04    0.11  104.07 ^ clkbuf_opt_21_1_rv151.mxck/X (sky130_fd_sc_hd__clkbuf_16)
     1    0.02                           clknet_opt_21_1_rv151.mxck (net)
                  0.04    0.00  104.07 ^ clkbuf_leaf_194_rv151.mxck/A (sky130_fd_sc_hd__clkbuf_16)
                  0.05    0.13  104.20 ^ clkbuf_leaf_194_rv151.mxck/X (sky130_fd_sc_hd__clkbuf_16)
    10    0.03                           clknet_leaf_194_rv151.mxck (net)
                  0.05    0.00  104.20 ^ _17696_/CLK (sky130_fd_sc_hd__dfxtp_2)
                          0.26  104.47   clock reconvergence pessimism
                         -0.11  104.36   library setup time
                                104.36   data required time
-----------------------------------------------------------------------------
                                104.36   data required time
                                -56.79   data arrival time
-----------------------------------------------------------------------------
                                 47.57   slack (MET)


Startpoint: rv151.soc.imem0 (falling edge-triggered flip-flop clocked by ick)
Endpoint: _17696_ (rising edge-triggered flip-flop clocked by ick)
Path Group: ick
Path Type: max

Fanout     Cap    Slew   Delay    Time   Description
-----------------------------------------------------------------------------
                         50.00   50.00   clock ick (fall edge)
                          0.00   50.00   clock source latency
                  0.00    0.00   50.00 v io_in[18] (in)
     9    0.08                           io_in[18] (net)
                  0.05    0.03   50.03 v _13522_/A1 (sky130_fd_sc_hd__mux2_2)
                  0.05    0.28   50.31 v _13522_/X (sky130_fd_sc_hd__mux2_2)
     1    0.00                           _07790_ (net)
                  0.05    0.00   50.31 v _13523_/A (sky130_fd_sc_hd__buf_1)
                  0.65    0.57   50.88 v _13523_/X (sky130_fd_sc_hd__buf_1)
     1    0.11                           rv151.mxck (net)
                  0.65    0.02   50.90 v clkbuf_0_rv151.mxck/A (sky130_fd_sc_hd__clkbuf_16)
                  0.05    0.41   51.30 v clkbuf_0_rv151.mxck/X (sky130_fd_sc_hd__clkbuf_16)
     2    0.02                           clknet_0_rv151.mxck (net)
                  0.05    0.00   51.31 v clkbuf_1_1_0_rv151.mxck/A (sky130_fd_sc_hd__clkbuf_8)
                  0.03    0.14   51.45 v clkbuf_1_1_0_rv151.mxck/X (sky130_fd_sc_hd__clkbuf_8)
     1    0.01                           clknet_1_1_0_rv151.mxck (net)
                  0.03    0.00   51.45 v clkbuf_1_1_1_rv151.mxck/A (sky130_fd_sc_hd__clkbuf_8)
                  0.03    0.13   51.58 v clkbuf_1_1_1_rv151.mxck/X (sky130_fd_sc_hd__clkbuf_8)
     1    0.01                           clknet_1_1_1_rv151.mxck (net)
                  0.03    0.00   51.58 v clkbuf_1_1_2_rv151.mxck/A (sky130_fd_sc_hd__clkbuf_8)
                  0.03    0.13   51.72 v clkbuf_1_1_2_rv151.mxck/X (sky130_fd_sc_hd__clkbuf_8)
     1    0.01                           clknet_1_1_2_rv151.mxck (net)
                  0.03    0.00   51.72 v clkbuf_1_1_3_rv151.mxck/A (sky130_fd_sc_hd__clkbuf_8)
                  0.03    0.13   51.85 v clkbuf_1_1_3_rv151.mxck/X (sky130_fd_sc_hd__clkbuf_8)
     1    0.01                           clknet_1_1_3_rv151.mxck (net)
                  0.03    0.00   51.85 v clkbuf_1_1_4_rv151.mxck/A (sky130_fd_sc_hd__clkbuf_8)
                  0.05    0.16   52.00 v clkbuf_1_1_4_rv151.mxck/X (sky130_fd_sc_hd__clkbuf_8)
     2    0.03                           clknet_1_1_4_rv151.mxck (net)
                  0.05    0.00   52.01 v clkbuf_2_3_0_rv151.mxck/A (sky130_fd_sc_hd__clkbuf_8)
                  0.03    0.14   52.15 v clkbuf_2_3_0_rv151.mxck/X (sky130_fd_sc_hd__clkbuf_8)
     1    0.01                           clknet_2_3_0_rv151.mxck (net)
                  0.03    0.00   52.15 v clkbuf_2_3_1_rv151.mxck/A (sky130_fd_sc_hd__clkbuf_8)
                  0.03    0.13   52.28 v clkbuf_2_3_1_rv151.mxck/X (sky130_fd_sc_hd__clkbuf_8)
     1    0.01                           clknet_2_3_1_rv151.mxck (net)
                  0.03    0.00   52.28 v clkbuf_2_3_2_rv151.mxck/A (sky130_fd_sc_hd__clkbuf_8)
                  0.03    0.13   52.42 v clkbuf_2_3_2_rv151.mxck/X (sky130_fd_sc_hd__clkbuf_8)
     1    0.01                           clknet_2_3_2_rv151.mxck (net)
                  0.03    0.00   52.42 v clkbuf_2_3_3_rv151.mxck/A (sky130_fd_sc_hd__clkbuf_8)
                  0.05    0.16   52.58 v clkbuf_2_3_3_rv151.mxck/X (sky130_fd_sc_hd__clkbuf_8)
     2    0.03                           clknet_2_3_3_rv151.mxck (net)
                  0.05    0.00   52.58 v clkbuf_3_7_0_rv151.mxck/A (sky130_fd_sc_hd__clkbuf_8)
                  0.03    0.14   52.72 v clkbuf_3_7_0_rv151.mxck/X (sky130_fd_sc_hd__clkbuf_8)
     1    0.01                           clknet_3_7_0_rv151.mxck (net)
                  0.03    0.00   52.72 v clkbuf_3_7_1_rv151.mxck/A (sky130_fd_sc_hd__clkbuf_8)
                  0.03    0.13   52.85 v clkbuf_3_7_1_rv151.mxck/X (sky130_fd_sc_hd__clkbuf_8)
     1    0.01                           clknet_3_7_1_rv151.mxck (net)
                  0.03    0.00   52.85 v clkbuf_3_7_2_rv151.mxck/A (sky130_fd_sc_hd__clkbuf_8)
                  0.05    0.15   53.00 v clkbuf_3_7_2_rv151.mxck/X (sky130_fd_sc_hd__clkbuf_8)
     2    0.03                           clknet_3_7_2_rv151.mxck (net)
                  0.05    0.00   53.00 v clkbuf_4_14_0_rv151.mxck/A (sky130_fd_sc_hd__clkbuf_8)
                  0.03    0.14   53.15 v clkbuf_4_14_0_rv151.mxck/X (sky130_fd_sc_hd__clkbuf_8)
     1    0.01                           clknet_4_14_0_rv151.mxck (net)
                  0.03    0.00   53.15 v clkbuf_4_14_1_rv151.mxck/A (sky130_fd_sc_hd__clkbuf_8)
                  0.12    0.22   53.36 v clkbuf_4_14_1_rv151.mxck/X (sky130_fd_sc_hd__clkbuf_8)
    11    0.11                           clknet_4_14_1_rv151.mxck (net)
                  0.12    0.00   53.37 v clkbuf_opt_29_0_rv151.mxck/A (sky130_fd_sc_hd__clkbuf_16)
                  0.03    0.18   53.55 v clkbuf_opt_29_0_rv151.mxck/X (sky130_fd_sc_hd__clkbuf_16)
     1    0.01                           clknet_opt_29_0_rv151.mxck (net)
                  0.03    0.00   53.55 v clkbuf_opt_29_1_rv151.mxck/A (sky130_fd_sc_hd__clkbuf_16)
                  0.03    0.14   53.70 v clkbuf_opt_29_1_rv151.mxck/X (sky130_fd_sc_hd__clkbuf_16)
     1    0.01                           clknet_opt_29_1_rv151.mxck (net)
                  0.03    0.00   53.70 v clkbuf_opt_29_2_rv151.mxck/A (sky130_fd_sc_hd__clkbuf_16)
                  0.03    0.14   53.84 v clkbuf_opt_29_2_rv151.mxck/X (sky130_fd_sc_hd__clkbuf_16)
     1    0.01                           clknet_opt_29_2_rv151.mxck (net)
                  0.03    0.00   53.84 v clkbuf_opt_29_3_rv151.mxck/A (sky130_fd_sc_hd__clkbuf_16)
                  0.03    0.14   53.98 v clkbuf_opt_29_3_rv151.mxck/X (sky130_fd_sc_hd__clkbuf_16)
     1    0.01                           clknet_opt_29_3_rv151.mxck (net)
                  0.03    0.00   53.98 v clkbuf_opt_29_4_rv151.mxck/A (sky130_fd_sc_hd__clkbuf_16)
                  0.03    0.14   54.13 v clkbuf_opt_29_4_rv151.mxck/X (sky130_fd_sc_hd__clkbuf_16)
     1    0.01                           clknet_opt_29_4_rv151.mxck (net)
                  0.03    0.00   54.13 v clkbuf_opt_29_5_rv151.mxck/A (sky130_fd_sc_hd__clkbuf_16)
                  0.03    0.14   54.27 v clkbuf_opt_29_5_rv151.mxck/X (sky130_fd_sc_hd__clkbuf_16)
     1    0.01                           clknet_opt_29_5_rv151.mxck (net)
                  0.03    0.00   54.27 v clkbuf_opt_29_6_rv151.mxck/A (sky130_fd_sc_hd__clkbuf_16)
                  0.03    0.14   54.41 v clkbuf_opt_29_6_rv151.mxck/X (sky130_fd_sc_hd__clkbuf_16)
     1    0.01                           clknet_opt_29_6_rv151.mxck (net)
                  0.03    0.00   54.41 v clkbuf_opt_29_7_rv151.mxck/A (sky130_fd_sc_hd__clkbuf_16)
                  0.04    0.15   54.56 v clkbuf_opt_29_7_rv151.mxck/X (sky130_fd_sc_hd__clkbuf_16)
     1    0.02                           clknet_opt_29_7_rv151.mxck (net)
                  0.05    0.00   54.57 v rv151.soc.imem0/clk1 (sky130_sram_2kbyte_1rw1r_32x512_8)
                  0.00    0.43   54.99 v rv151.soc.imem0/dout1[31] (sky130_sram_2kbyte_1rw1r_32x512_8)
     1    0.01                           rv151.soc.imem_dout1[0][31] (net)
                  0.00    0.00   54.99 v wire234/A (sky130_fd_sc_hd__clkbuf_2)
                  0.09    0.14   55.13 v wire234/X (sky130_fd_sc_hd__clkbuf_2)
     1    0.02                           net234 (net)
                  0.09    0.00   55.14 v wire233/A (sky130_fd_sc_hd__clkbuf_2)
                  0.09    0.18   55.32 v wire233/X (sky130_fd_sc_hd__clkbuf_2)
     1    0.02                           net233 (net)
                  0.09    0.00   55.32 v wire232/A (sky130_fd_sc_hd__buf_4)
                  0.04    0.18   55.50 v wire232/X (sky130_fd_sc_hd__buf_4)
     1    0.02                           net232 (net)
                  0.05    0.00   55.51 v wire231/A (sky130_fd_sc_hd__buf_6)
                  0.04    0.14   55.64 v wire231/X (sky130_fd_sc_hd__buf_6)
     3    0.03                           net231 (net)
                  0.04    0.00   55.65 v _13731_/A0 (sky130_fd_sc_hd__mux2_1)
                  0.06    0.30   55.94 v _13731_/X (sky130_fd_sc_hd__mux2_1)
     1    0.00                           _07905_ (net)
                  0.06    0.00   55.94 v _13732_/A (sky130_fd_sc_hd__clkbuf_1)
                  0.03    0.10   56.05 v _13732_/X (sky130_fd_sc_hd__clkbuf_1)
     1    0.00                           _00123_ (net)
                  0.03    0.00   56.05 v _17696_/D (sky130_fd_sc_hd__dfxtp_2)
                                 56.05   data arrival time

                        100.00  100.00   clock ick (rise edge)
                          0.00  100.00   clock source latency
                  0.00    0.00  100.00 ^ io_in[18] (in)
     9    0.08                           io_in[18] (net)
                  0.05    0.03  100.03 ^ _13522_/A1 (sky130_fd_sc_hd__mux2_2)
                  0.04    0.13  100.16 ^ _13522_/X (sky130_fd_sc_hd__mux2_2)
     1    0.00                           _07790_ (net)
                  0.04    0.00  100.16 ^ _13523_/A (sky130_fd_sc_hd__buf_1)
                  1.32    0.90  101.06 ^ _13523_/X (sky130_fd_sc_hd__buf_1)
     1    0.11                           rv151.mxck (net)
                  1.32    0.02  101.08 ^ clkbuf_0_rv151.mxck/A (sky130_fd_sc_hd__clkbuf_16)
                  0.07    0.31  101.39 ^ clkbuf_0_rv151.mxck/X (sky130_fd_sc_hd__clkbuf_16)
     2    0.02                           clknet_0_rv151.mxck (net)
                  0.07    0.00  101.39 ^ clkbuf_1_1_0_rv151.mxck/A (sky130_fd_sc_hd__clkbuf_8)
                  0.04    0.12  101.51 ^ clkbuf_1_1_0_rv151.mxck/X (sky130_fd_sc_hd__clkbuf_8)
     1    0.01                           clknet_1_1_0_rv151.mxck (net)
                  0.04    0.00  101.51 ^ clkbuf_1_1_1_rv151.mxck/A (sky130_fd_sc_hd__clkbuf_8)
                  0.04    0.11  101.62 ^ clkbuf_1_1_1_rv151.mxck/X (sky130_fd_sc_hd__clkbuf_8)
     1    0.01                           clknet_1_1_1_rv151.mxck (net)
                  0.04    0.00  101.62 ^ clkbuf_1_1_2_rv151.mxck/A (sky130_fd_sc_hd__clkbuf_8)
                  0.04    0.11  101.73 ^ clkbuf_1_1_2_rv151.mxck/X (sky130_fd_sc_hd__clkbuf_8)
     1    0.01                           clknet_1_1_2_rv151.mxck (net)
                  0.04    0.00  101.73 ^ clkbuf_1_1_3_rv151.mxck/A (sky130_fd_sc_hd__clkbuf_8)
                  0.04    0.11  101.84 ^ clkbuf_1_1_3_rv151.mxck/X (sky130_fd_sc_hd__clkbuf_8)
     1    0.01                           clknet_1_1_3_rv151.mxck (net)
                  0.04    0.00  101.84 ^ clkbuf_1_1_4_rv151.mxck/A (sky130_fd_sc_hd__clkbuf_8)
                  0.07    0.14  101.98 ^ clkbuf_1_1_4_rv151.mxck/X (sky130_fd_sc_hd__clkbuf_8)
     2    0.03                           clknet_1_1_4_rv151.mxck (net)
                  0.07    0.00  101.98 ^ clkbuf_2_2_0_rv151.mxck/A (sky130_fd_sc_hd__clkbuf_8)
                  0.04    0.12  102.10 ^ clkbuf_2_2_0_rv151.mxck/X (sky130_fd_sc_hd__clkbuf_8)
     1    0.01                           clknet_2_2_0_rv151.mxck (net)
                  0.04    0.00  102.10 ^ clkbuf_2_2_1_rv151.mxck/A (sky130_fd_sc_hd__clkbuf_8)
                  0.04    0.11  102.21 ^ clkbuf_2_2_1_rv151.mxck/X (sky130_fd_sc_hd__clkbuf_8)
     1    0.01                           clknet_2_2_1_rv151.mxck (net)
                  0.04    0.00  102.21 ^ clkbuf_2_2_2_rv151.mxck/A (sky130_fd_sc_hd__clkbuf_8)
                  0.04    0.11  102.32 ^ clkbuf_2_2_2_rv151.mxck/X (sky130_fd_sc_hd__clkbuf_8)
     1    0.01                           clknet_2_2_2_rv151.mxck (net)
                  0.04    0.00  102.32 ^ clkbuf_2_2_3_rv151.mxck/A (sky130_fd_sc_hd__clkbuf_8)
                  0.06    0.13  102.45 ^ clkbuf_2_2_3_rv151.mxck/X (sky130_fd_sc_hd__clkbuf_8)
     2    0.03                           clknet_2_2_3_rv151.mxck (net)
                  0.06    0.00  102.45 ^ clkbuf_3_4_0_rv151.mxck/A (sky130_fd_sc_hd__clkbuf_8)
                  0.04    0.12  102.57 ^ clkbuf_3_4_0_rv151.mxck/X (sky130_fd_sc_hd__clkbuf_8)
     1    0.01                           clknet_3_4_0_rv151.mxck (net)
                  0.04    0.00  102.57 ^ clkbuf_3_4_1_rv151.mxck/A (sky130_fd_sc_hd__clkbuf_8)
                  0.03    0.10  102.68 ^ clkbuf_3_4_1_rv151.mxck/X (sky130_fd_sc_hd__clkbuf_8)
     1    0.01                           clknet_3_4_1_rv151.mxck (net)
                  0.03    0.00  102.68 ^ clkbuf_3_4_2_rv151.mxck/A (sky130_fd_sc_hd__clkbuf_8)
                  0.06    0.13  102.81 ^ clkbuf_3_4_2_rv151.mxck/X (sky130_fd_sc_hd__clkbuf_8)
     2    0.03                           clknet_3_4_2_rv151.mxck (net)
                  0.06    0.00  102.81 ^ clkbuf_4_8_0_rv151.mxck/A (sky130_fd_sc_hd__clkbuf_8)
                  0.04    0.12  102.93 ^ clkbuf_4_8_0_rv151.mxck/X (sky130_fd_sc_hd__clkbuf_8)
     1    0.01                           clknet_4_8_0_rv151.mxck (net)
                  0.04    0.00  102.93 ^ clkbuf_4_8_1_rv151.mxck/A (sky130_fd_sc_hd__clkbuf_8)
                  0.18    0.21  103.14 ^ clkbuf_4_8_1_rv151.mxck/X (sky130_fd_sc_hd__clkbuf_8)
    10    0.10                           clknet_4_8_1_rv151.mxck (net)
                  0.18    0.01  103.15 ^ clkbuf_opt_21_0_rv151.mxck/A (sky130_fd_sc_hd__clkbuf_16)
                  0.04    0.16  103.31 ^ clkbuf_opt_21_0_rv151.mxck/X (sky130_fd_sc_hd__clkbuf_16)
     1    0.02                           clknet_opt_21_0_rv151.mxck (net)
                  0.04    0.00  103.31 ^ clkbuf_opt_21_1_rv151.mxck/A (sky130_fd_sc_hd__clkbuf_16)
                  0.04    0.11  103.43 ^ clkbuf_opt_21_1_rv151.mxck/X (sky130_fd_sc_hd__clkbuf_16)
     1    0.02                           clknet_opt_21_1_rv151.mxck (net)
                  0.04    0.00  103.43 ^ clkbuf_leaf_194_rv151.mxck/A (sky130_fd_sc_hd__clkbuf_16)
                  0.05    0.13  103.55 ^ clkbuf_leaf_194_rv151.mxck/X (sky130_fd_sc_hd__clkbuf_16)
    10    0.03                           clknet_leaf_194_rv151.mxck (net)
                  0.05    0.00  103.56 ^ _17696_/CLK (sky130_fd_sc_hd__dfxtp_2)
                          0.19  103.75   clock reconvergence pessimism
                         -0.11  103.64   library setup time
                                103.64   data required time
-----------------------------------------------------------------------------
                                103.64   data required time
                                -56.05   data arrival time
-----------------------------------------------------------------------------
                                 47.60   slack (MET)


Startpoint: _18033_ (rising edge-triggered flip-flop clocked by sck')
Endpoint: io_out[12] (output port clocked by sck)
Path Group: sck
Path Type: max

Fanout     Cap    Slew   Delay    Time   Description
-----------------------------------------------------------------------------
                         50.00   50.00   clock sck' (rise edge)
                          0.00   50.00   clock source latency
                  0.00    0.00   50.00 v io_in[14] (in)
     4    0.25                           io_in[14] (net)
                  0.47    0.25   50.25 v clkbuf_0_io_in[14]/A (sky130_fd_sc_hd__clkbuf_16)
                  0.05    0.36   50.60 v clkbuf_0_io_in[14]/X (sky130_fd_sc_hd__clkbuf_16)
     4    0.04                           clknet_0_io_in[14] (net)
                  0.05    0.00   50.61 v clkbuf_2_1__f_io_in[14]/A (sky130_fd_sc_hd__clkbuf_16)
                  0.04    0.17   50.77 v clkbuf_2_1__f_io_in[14]/X (sky130_fd_sc_hd__clkbuf_16)
    10    0.03                           clknet_2_1__leaf_io_in[14] (net)
                  0.04    0.00   50.78 v _15749__1/A (sky130_fd_sc_hd__inv_2)
                  0.02    0.04   50.82 ^ _15749__1/Y (sky130_fd_sc_hd__inv_2)
     1    0.00                           net980 (net)
                  0.02    0.00   50.82 ^ _18033_/CLK (sky130_fd_sc_hd__dfrtp_4)
                  0.58    0.74   51.55 ^ _18033_/Q (sky130_fd_sc_hd__dfrtp_4)
    14    0.22                           net24 (net)
                  0.73    0.24   51.79 ^ output24/A (sky130_fd_sc_hd__clkbuf_1)
                  0.05    0.15   51.94 ^ output24/X (sky130_fd_sc_hd__clkbuf_1)
     1    0.00                           io_out[12] (net)
                  0.05    0.00   51.94 ^ io_out[12] (out)
                                 51.94   data arrival time

                        100.00  100.00   clock sck (rise edge)
                          0.00  100.00   clock network delay (propagated)
                          0.00  100.00   clock reconvergence pessimism
                        -30.00   70.00   output external delay
                                 70.00   data required time
-----------------------------------------------------------------------------
                                 70.00   data required time
                                -51.94   data arrival time
-----------------------------------------------------------------------------
                                 18.06   slack (MET)



===========================================================================
report_checks --slack_max -0.01
============================================================================
No paths found.
