
42. Printing statistics.

=== user_project_wrapper ===

   Number of wires:              10521
   Number of wire bits:          11139
   Number of public wires:        2023
   Number of public wire bits:    2641
   Number of memories:               0
   Number of memory bits:            0
   Number of processes:              0
   Number of cells:              10492
     sky130_fd_sc_hd__a2111o_2      31
     sky130_fd_sc_hd__a2111oi_2      1
     sky130_fd_sc_hd__a211o_2      118
     sky130_fd_sc_hd__a211oi_2      11
     sky130_fd_sc_hd__a21bo_2       13
     sky130_fd_sc_hd__a21boi_2      14
     sky130_fd_sc_hd__a21o_2       185
     sky130_fd_sc_hd__a21oi_2      232
     sky130_fd_sc_hd__a221o_2       76
     sky130_fd_sc_hd__a221oi_2       4
     sky130_fd_sc_hd__a22o_2       171
     sky130_fd_sc_hd__a22oi_2       28
     sky130_fd_sc_hd__a2bb2o_2      36
     sky130_fd_sc_hd__a2bb2oi_2      1
     sky130_fd_sc_hd__a311o_2       13
     sky130_fd_sc_hd__a31o_2        36
     sky130_fd_sc_hd__a31oi_2        4
     sky130_fd_sc_hd__a32o_2        32
     sky130_fd_sc_hd__a32oi_2        5
     sky130_fd_sc_hd__a41o_2         4
     sky130_fd_sc_hd__a41oi_2        1
     sky130_fd_sc_hd__and2_2       128
     sky130_fd_sc_hd__and2b_2       21
     sky130_fd_sc_hd__and3_2        95
     sky130_fd_sc_hd__and3b_2       24
     sky130_fd_sc_hd__and4_2        22
     sky130_fd_sc_hd__and4b_2        3
     sky130_fd_sc_hd__buf_1       2079
     sky130_fd_sc_hd__conb_1       242
     sky130_fd_sc_hd__dfrtp_2      376
     sky130_fd_sc_hd__dfstp_2       12
     sky130_fd_sc_hd__dfxtp_2     1246
     sky130_fd_sc_hd__inv_2        503
     sky130_fd_sc_hd__mux2_2      2953
     sky130_fd_sc_hd__nand2_2      231
     sky130_fd_sc_hd__nand2b_2       2
     sky130_fd_sc_hd__nand3_2       10
     sky130_fd_sc_hd__nand3b_2       6
     sky130_fd_sc_hd__nand4_2        2
     sky130_fd_sc_hd__nor2_2       330
     sky130_fd_sc_hd__nor2b_2        4
     sky130_fd_sc_hd__nor3_2        28
     sky130_fd_sc_hd__nor3b_2        2
     sky130_fd_sc_hd__nor4_2         3
     sky130_fd_sc_hd__nor4b_2        2
     sky130_fd_sc_hd__o2111a_2      29
     sky130_fd_sc_hd__o2111ai_2      5
     sky130_fd_sc_hd__o211a_2      179
     sky130_fd_sc_hd__o211ai_2       5
     sky130_fd_sc_hd__o21a_2        94
     sky130_fd_sc_hd__o21ai_2      147
     sky130_fd_sc_hd__o21ba_2       11
     sky130_fd_sc_hd__o21bai_2       5
     sky130_fd_sc_hd__o221a_2       14
     sky130_fd_sc_hd__o221ai_2       1
     sky130_fd_sc_hd__o22a_2        45
     sky130_fd_sc_hd__o22ai_2       10
     sky130_fd_sc_hd__o2bb2a_2      16
     sky130_fd_sc_hd__o311a_2        4
     sky130_fd_sc_hd__o31a_2        17
     sky130_fd_sc_hd__o31ai_2        3
     sky130_fd_sc_hd__o32a_2        19
     sky130_fd_sc_hd__o32ai_2        2
     sky130_fd_sc_hd__o41a_2         1
     sky130_fd_sc_hd__or2_2        270
     sky130_fd_sc_hd__or2b_2        27
     sky130_fd_sc_hd__or3_2         56
     sky130_fd_sc_hd__or3b_2        22
     sky130_fd_sc_hd__or4_2         55
     sky130_fd_sc_hd__or4b_2        13
     sky130_fd_sc_hd__or4bb_2        1
     sky130_fd_sc_hd__xnor2_2       55
     sky130_fd_sc_hd__xor2_2        40
     sky130_sram_2kbyte_1rw1r_32x512_8      6

   Area for cell type \sky130_sram_2kbyte_1rw1r_32x512_8 is unknown!

   Chip area for module '\user_project_wrapper': 107823.411200

