
===========================================================================
report_checks -path_delay max (Setup)
============================================================================
Startpoint: io_in[17] (input port clocked by clk)
Endpoint: _17112_ (recovery check against rising-edge clock clk)
Path Group: **async_default**
Path Type: max

Fanout     Cap    Slew   Delay    Time   Description
-----------------------------------------------------------------------------
                  0.00    0.00    0.00   clock clk (rise edge)
                          0.00    0.00   clock network delay (ideal)
                         30.00   30.00 ^ input external delay
                  0.00    0.00   30.00 ^ io_in[17] (in)
     3    0.01                           io_in[17] (net)
                  0.00    0.00   30.00 ^ _12893_/B_N (sky130_fd_sc_hd__or2b_2)
                  0.05    0.28   30.28 v _12893_/X (sky130_fd_sc_hd__or2b_2)
     1    0.00                           _07332_ (net)
                  0.05    0.00   30.28 v _12894_/B1 (sky130_fd_sc_hd__o21a_2)
                  0.03    0.11   30.39 v _12894_/X (sky130_fd_sc_hd__o21a_2)
     1    0.00                           _07333_ (net)
                  0.03    0.00   30.39 v _12895_/A (sky130_fd_sc_hd__buf_1)
                  0.10    0.15   30.54 v _12895_/X (sky130_fd_sc_hd__buf_1)
     6    0.02                           _07334_ (net)
                  0.10    0.00   30.54 v _13993_/A (sky130_fd_sc_hd__buf_1)
                  0.12    0.20   30.74 v _13993_/X (sky130_fd_sc_hd__buf_1)
    10    0.02                           _08045_ (net)
                  0.12    0.00   30.74 v _13994_/A (sky130_fd_sc_hd__buf_1)
                  0.13    0.22   30.95 v _13994_/X (sky130_fd_sc_hd__buf_1)
    10    0.02                           _08046_ (net)
                  0.13    0.00   30.95 v _13995_/A (sky130_fd_sc_hd__buf_1)
                  0.25    0.31   31.26 v _13995_/X (sky130_fd_sc_hd__buf_1)
    10    0.04                           _08047_ (net)
                  0.25    0.00   31.26 v _14046_/A (sky130_fd_sc_hd__inv_2)
                  0.06    0.10   31.36 ^ _14046_/Y (sky130_fd_sc_hd__inv_2)
     1    0.00                           _00191_ (net)
                  0.06    0.00   31.36 ^ _17112_/SET_B (sky130_fd_sc_hd__dfstp_2)
                                 31.36   data arrival time

                  0.00  100.00  100.00   clock clk (rise edge)
                          0.00  100.00   clock network delay (ideal)
                          0.00  100.00   clock reconvergence pessimism
                                100.00 ^ _17112_/CLK (sky130_fd_sc_hd__dfstp_2)
                          0.12  100.12   library recovery time
                                100.12   data required time
-----------------------------------------------------------------------------
                                100.12   data required time
                                -31.36   data arrival time
-----------------------------------------------------------------------------
                                 68.76   slack (MET)


Startpoint: io_in[17] (input port clocked by clk)
Endpoint: _17542_ (recovery check against rising-edge clock clk)
Path Group: **async_default**
Path Type: max

Fanout     Cap    Slew   Delay    Time   Description
-----------------------------------------------------------------------------
                  0.00    0.00    0.00   clock clk (rise edge)
                          0.00    0.00   clock network delay (ideal)
                         30.00   30.00 ^ input external delay
                  0.00    0.00   30.00 ^ io_in[17] (in)
     3    0.01                           io_in[17] (net)
                  0.00    0.00   30.00 ^ _12893_/B_N (sky130_fd_sc_hd__or2b_2)
                  0.05    0.28   30.28 v _12893_/X (sky130_fd_sc_hd__or2b_2)
     1    0.00                           _07332_ (net)
                  0.05    0.00   30.28 v _12894_/B1 (sky130_fd_sc_hd__o21a_2)
                  0.03    0.11   30.39 v _12894_/X (sky130_fd_sc_hd__o21a_2)
     1    0.00                           _07333_ (net)
                  0.03    0.00   30.39 v _12895_/A (sky130_fd_sc_hd__buf_1)
                  0.10    0.15   30.54 v _12895_/X (sky130_fd_sc_hd__buf_1)
     6    0.02                           _07334_ (net)
                  0.10    0.00   30.54 v _13993_/A (sky130_fd_sc_hd__buf_1)
                  0.12    0.20   30.74 v _13993_/X (sky130_fd_sc_hd__buf_1)
    10    0.02                           _08045_ (net)
                  0.12    0.00   30.74 v _13994_/A (sky130_fd_sc_hd__buf_1)
                  0.13    0.22   30.95 v _13994_/X (sky130_fd_sc_hd__buf_1)
    10    0.02                           _08046_ (net)
                  0.13    0.00   30.95 v _13995_/A (sky130_fd_sc_hd__buf_1)
                  0.25    0.31   31.26 v _13995_/X (sky130_fd_sc_hd__buf_1)
    10    0.04                           _08047_ (net)
                  0.25    0.00   31.26 v _15174_/A (sky130_fd_sc_hd__inv_2)
                  0.06    0.10   31.36 ^ _15174_/Y (sky130_fd_sc_hd__inv_2)
     1    0.00                           _00194_ (net)
                  0.06    0.00   31.36 ^ _17542_/SET_B (sky130_fd_sc_hd__dfstp_2)
                                 31.36   data arrival time

                  0.00  100.00  100.00   clock clk (rise edge)
                          0.00  100.00   clock network delay (ideal)
                          0.00  100.00   clock reconvergence pessimism
                                100.00 ^ _17542_/CLK (sky130_fd_sc_hd__dfstp_2)
                          0.12  100.12   library recovery time
                                100.12   data required time
-----------------------------------------------------------------------------
                                100.12   data required time
                                -31.36   data arrival time
-----------------------------------------------------------------------------
                                 68.76   slack (MET)


Startpoint: io_in[17] (input port clocked by clk)
Endpoint: _17108_ (recovery check against rising-edge clock clk)
Path Group: **async_default**
Path Type: max

Fanout     Cap    Slew   Delay    Time   Description
-----------------------------------------------------------------------------
                  0.00    0.00    0.00   clock clk (rise edge)
                          0.00    0.00   clock network delay (ideal)
                         30.00   30.00 ^ input external delay
                  0.00    0.00   30.00 ^ io_in[17] (in)
     3    0.01                           io_in[17] (net)
                  0.00    0.00   30.00 ^ _12893_/B_N (sky130_fd_sc_hd__or2b_2)
                  0.05    0.28   30.28 v _12893_/X (sky130_fd_sc_hd__or2b_2)
     1    0.00                           _07332_ (net)
                  0.05    0.00   30.28 v _12894_/B1 (sky130_fd_sc_hd__o21a_2)
                  0.03    0.11   30.39 v _12894_/X (sky130_fd_sc_hd__o21a_2)
     1    0.00                           _07333_ (net)
                  0.03    0.00   30.39 v _12895_/A (sky130_fd_sc_hd__buf_1)
                  0.10    0.15   30.54 v _12895_/X (sky130_fd_sc_hd__buf_1)
     6    0.02                           _07334_ (net)
                  0.10    0.00   30.54 v _13993_/A (sky130_fd_sc_hd__buf_1)
                  0.12    0.20   30.74 v _13993_/X (sky130_fd_sc_hd__buf_1)
    10    0.02                           _08045_ (net)
                  0.12    0.00   30.74 v _13994_/A (sky130_fd_sc_hd__buf_1)
                  0.13    0.22   30.95 v _13994_/X (sky130_fd_sc_hd__buf_1)
    10    0.02                           _08046_ (net)
                  0.13    0.00   30.95 v _13995_/A (sky130_fd_sc_hd__buf_1)
                  0.25    0.31   31.26 v _13995_/X (sky130_fd_sc_hd__buf_1)
    10    0.04                           _08047_ (net)
                  0.25    0.00   31.26 v _13996_/A (sky130_fd_sc_hd__inv_2)
                  0.06    0.10   31.36 ^ _13996_/Y (sky130_fd_sc_hd__inv_2)
     1    0.00                           _00189_ (net)
                  0.06    0.00   31.36 ^ _17108_/RESET_B (sky130_fd_sc_hd__dfrtp_2)
                                 31.36   data arrival time

                  0.00  100.00  100.00   clock clk (rise edge)
                          0.00  100.00   clock network delay (ideal)
                          0.00  100.00   clock reconvergence pessimism
                                100.00 ^ _17108_/CLK (sky130_fd_sc_hd__dfrtp_2)
                          0.20  100.20   library recovery time
                                100.20   data required time
-----------------------------------------------------------------------------
                                100.20   data required time
                                -31.36   data arrival time
-----------------------------------------------------------------------------
                                 68.83   slack (MET)


Startpoint: io_in[17] (input port clocked by clk)
Endpoint: _17109_ (recovery check against rising-edge clock clk)
Path Group: **async_default**
Path Type: max

Fanout     Cap    Slew   Delay    Time   Description
-----------------------------------------------------------------------------
                  0.00    0.00    0.00   clock clk (rise edge)
                          0.00    0.00   clock network delay (ideal)
                         30.00   30.00 ^ input external delay
                  0.00    0.00   30.00 ^ io_in[17] (in)
     3    0.01                           io_in[17] (net)
                  0.00    0.00   30.00 ^ _12893_/B_N (sky130_fd_sc_hd__or2b_2)
                  0.05    0.28   30.28 v _12893_/X (sky130_fd_sc_hd__or2b_2)
     1    0.00                           _07332_ (net)
                  0.05    0.00   30.28 v _12894_/B1 (sky130_fd_sc_hd__o21a_2)
                  0.03    0.11   30.39 v _12894_/X (sky130_fd_sc_hd__o21a_2)
     1    0.00                           _07333_ (net)
                  0.03    0.00   30.39 v _12895_/A (sky130_fd_sc_hd__buf_1)
                  0.10    0.15   30.54 v _12895_/X (sky130_fd_sc_hd__buf_1)
     6    0.02                           _07334_ (net)
                  0.10    0.00   30.54 v _13993_/A (sky130_fd_sc_hd__buf_1)
                  0.12    0.20   30.74 v _13993_/X (sky130_fd_sc_hd__buf_1)
    10    0.02                           _08045_ (net)
                  0.12    0.00   30.74 v _13994_/A (sky130_fd_sc_hd__buf_1)
                  0.13    0.22   30.95 v _13994_/X (sky130_fd_sc_hd__buf_1)
    10    0.02                           _08046_ (net)
                  0.13    0.00   30.95 v _13995_/A (sky130_fd_sc_hd__buf_1)
                  0.25    0.31   31.26 v _13995_/X (sky130_fd_sc_hd__buf_1)
    10    0.04                           _08047_ (net)
                  0.25    0.00   31.26 v _13997_/A (sky130_fd_sc_hd__inv_2)
                  0.06    0.10   31.36 ^ _13997_/Y (sky130_fd_sc_hd__inv_2)
     1    0.00                           _00190_ (net)
                  0.06    0.00   31.36 ^ _17109_/RESET_B (sky130_fd_sc_hd__dfrtp_2)
                                 31.36   data arrival time

                  0.00  100.00  100.00   clock clk (rise edge)
                          0.00  100.00   clock network delay (ideal)
                          0.00  100.00   clock reconvergence pessimism
                                100.00 ^ _17109_/CLK (sky130_fd_sc_hd__dfrtp_2)
                          0.20  100.20   library recovery time
                                100.20   data required time
-----------------------------------------------------------------------------
                                100.20   data required time
                                -31.36   data arrival time
-----------------------------------------------------------------------------
                                 68.83   slack (MET)


Startpoint: io_in[17] (input port clocked by clk)
Endpoint: _17113_ (recovery check against rising-edge clock clk)
Path Group: **async_default**
Path Type: max

Fanout     Cap    Slew   Delay    Time   Description
-----------------------------------------------------------------------------
                  0.00    0.00    0.00   clock clk (rise edge)
                          0.00    0.00   clock network delay (ideal)
                         30.00   30.00 ^ input external delay
                  0.00    0.00   30.00 ^ io_in[17] (in)
     3    0.01                           io_in[17] (net)
                  0.00    0.00   30.00 ^ _12893_/B_N (sky130_fd_sc_hd__or2b_2)
                  0.05    0.28   30.28 v _12893_/X (sky130_fd_sc_hd__or2b_2)
     1    0.00                           _07332_ (net)
                  0.05    0.00   30.28 v _12894_/B1 (sky130_fd_sc_hd__o21a_2)
                  0.03    0.11   30.39 v _12894_/X (sky130_fd_sc_hd__o21a_2)
     1    0.00                           _07333_ (net)
                  0.03    0.00   30.39 v _12895_/A (sky130_fd_sc_hd__buf_1)
                  0.10    0.15   30.54 v _12895_/X (sky130_fd_sc_hd__buf_1)
     6    0.02                           _07334_ (net)
                  0.10    0.00   30.54 v _13993_/A (sky130_fd_sc_hd__buf_1)
                  0.12    0.20   30.74 v _13993_/X (sky130_fd_sc_hd__buf_1)
    10    0.02                           _08045_ (net)
                  0.12    0.00   30.74 v _13994_/A (sky130_fd_sc_hd__buf_1)
                  0.13    0.22   30.95 v _13994_/X (sky130_fd_sc_hd__buf_1)
    10    0.02                           _08046_ (net)
                  0.13    0.00   30.95 v _13995_/A (sky130_fd_sc_hd__buf_1)
                  0.25    0.31   31.26 v _13995_/X (sky130_fd_sc_hd__buf_1)
    10    0.04                           _08047_ (net)
                  0.25    0.00   31.26 v _14047_/A (sky130_fd_sc_hd__inv_2)
                  0.06    0.10   31.36 ^ _14047_/Y (sky130_fd_sc_hd__inv_2)
     1    0.00                           _00192_ (net)
                  0.06    0.00   31.36 ^ _17113_/RESET_B (sky130_fd_sc_hd__dfrtp_2)
                                 31.36   data arrival time

                  0.00  100.00  100.00   clock clk (rise edge)
                          0.00  100.00   clock network delay (ideal)
                          0.00  100.00   clock reconvergence pessimism
                                100.00 ^ _17113_/CLK (sky130_fd_sc_hd__dfrtp_2)
                          0.20  100.20   library recovery time
                                100.20   data required time
-----------------------------------------------------------------------------
                                100.20   data required time
                                -31.36   data arrival time
-----------------------------------------------------------------------------
                                 68.83   slack (MET)


Startpoint: rv151.soc.imem1 (falling edge-triggered flip-flop clocked by clk)
Endpoint: _17665_ (rising edge-triggered flip-flop clocked by clk)
Path Group: clk
Path Type: max

Fanout     Cap    Slew   Delay    Time   Description
-----------------------------------------------------------------------------
                  0.00   50.00   50.00   clock clk (fall edge)
                          0.00   50.00   clock network delay (ideal)
                  0.00    0.00   50.00 v rv151.soc.imem1/clk1 (sky130_sram_2kbyte_1rw1r_32x512_8)
                  0.00    0.40   50.40 v rv151.soc.imem1/dout1[0] (sky130_sram_2kbyte_1rw1r_32x512_8)
     1    0.00                           rv151.soc.imem_dout1[1][0] (net)
                  0.00    0.00   50.40 v _13667_/A1 (sky130_fd_sc_hd__mux2_2)
                  0.05    0.25   50.65 v _13667_/X (sky130_fd_sc_hd__mux2_2)
     1    0.00                           _07872_ (net)
                  0.05    0.00   50.65 v _13668_/A (sky130_fd_sc_hd__buf_1)
                  0.02    0.09   50.74 v _13668_/X (sky130_fd_sc_hd__buf_1)
     1    0.00                           _00099_ (net)
                  0.02    0.00   50.74 v _17665_/D (sky130_fd_sc_hd__dfxtp_2)
                                 50.74   data arrival time

                  0.00  100.00  100.00   clock clk (rise edge)
                          0.00  100.00   clock network delay (ideal)
                          0.00  100.00   clock reconvergence pessimism
                                100.00 ^ _17665_/CLK (sky130_fd_sc_hd__dfxtp_2)
                         -0.11   99.89   library setup time
                                 99.89   data required time
-----------------------------------------------------------------------------
                                 99.89   data required time
                                -50.74   data arrival time
-----------------------------------------------------------------------------
                                 49.15   slack (MET)


Startpoint: rv151.soc.imem1 (falling edge-triggered flip-flop clocked by clk)
Endpoint: _17666_ (rising edge-triggered flip-flop clocked by clk)
Path Group: clk
Path Type: max

Fanout     Cap    Slew   Delay    Time   Description
-----------------------------------------------------------------------------
                  0.00   50.00   50.00   clock clk (fall edge)
                          0.00   50.00   clock network delay (ideal)
                  0.00    0.00   50.00 v rv151.soc.imem1/clk1 (sky130_sram_2kbyte_1rw1r_32x512_8)
                  0.00    0.40   50.40 v rv151.soc.imem1/dout1[1] (sky130_sram_2kbyte_1rw1r_32x512_8)
     1    0.00                           rv151.soc.imem_dout1[1][1] (net)
                  0.00    0.00   50.40 v _13669_/A1 (sky130_fd_sc_hd__mux2_2)
                  0.05    0.25   50.65 v _13669_/X (sky130_fd_sc_hd__mux2_2)
     1    0.00                           _07873_ (net)
                  0.05    0.00   50.65 v _13670_/A (sky130_fd_sc_hd__buf_1)
                  0.02    0.09   50.74 v _13670_/X (sky130_fd_sc_hd__buf_1)
     1    0.00                           _00110_ (net)
                  0.02    0.00   50.74 v _17666_/D (sky130_fd_sc_hd__dfxtp_2)
                                 50.74   data arrival time

                  0.00  100.00  100.00   clock clk (rise edge)
                          0.00  100.00   clock network delay (ideal)
                          0.00  100.00   clock reconvergence pessimism
                                100.00 ^ _17666_/CLK (sky130_fd_sc_hd__dfxtp_2)
                         -0.11   99.89   library setup time
                                 99.89   data required time
-----------------------------------------------------------------------------
                                 99.89   data required time
                                -50.74   data arrival time
-----------------------------------------------------------------------------
                                 49.15   slack (MET)


Startpoint: rv151.soc.imem1 (falling edge-triggered flip-flop clocked by clk)
Endpoint: _17667_ (rising edge-triggered flip-flop clocked by clk)
Path Group: clk
Path Type: max

Fanout     Cap    Slew   Delay    Time   Description
-----------------------------------------------------------------------------
                  0.00   50.00   50.00   clock clk (fall edge)
                          0.00   50.00   clock network delay (ideal)
                  0.00    0.00   50.00 v rv151.soc.imem1/clk1 (sky130_sram_2kbyte_1rw1r_32x512_8)
                  0.00    0.40   50.40 v rv151.soc.imem1/dout1[2] (sky130_sram_2kbyte_1rw1r_32x512_8)
     1    0.00                           rv151.soc.imem_dout1[1][2] (net)
                  0.00    0.00   50.40 v _13671_/A1 (sky130_fd_sc_hd__mux2_2)
                  0.05    0.25   50.65 v _13671_/X (sky130_fd_sc_hd__mux2_2)
     1    0.00                           _07874_ (net)
                  0.05    0.00   50.65 v _13672_/A (sky130_fd_sc_hd__buf_1)
                  0.02    0.09   50.74 v _13672_/X (sky130_fd_sc_hd__buf_1)
     1    0.00                           _00121_ (net)
                  0.02    0.00   50.74 v _17667_/D (sky130_fd_sc_hd__dfxtp_2)
                                 50.74   data arrival time

                  0.00  100.00  100.00   clock clk (rise edge)
                          0.00  100.00   clock network delay (ideal)
                          0.00  100.00   clock reconvergence pessimism
                                100.00 ^ _17667_/CLK (sky130_fd_sc_hd__dfxtp_2)
                         -0.11   99.89   library setup time
                                 99.89   data required time
-----------------------------------------------------------------------------
                                 99.89   data required time
                                -50.74   data arrival time
-----------------------------------------------------------------------------
                                 49.15   slack (MET)


Startpoint: rv151.soc.imem1 (falling edge-triggered flip-flop clocked by clk)
Endpoint: _17668_ (rising edge-triggered flip-flop clocked by clk)
Path Group: clk
Path Type: max

Fanout     Cap    Slew   Delay    Time   Description
-----------------------------------------------------------------------------
                  0.00   50.00   50.00   clock clk (fall edge)
                          0.00   50.00   clock network delay (ideal)
                  0.00    0.00   50.00 v rv151.soc.imem1/clk1 (sky130_sram_2kbyte_1rw1r_32x512_8)
                  0.00    0.40   50.40 v rv151.soc.imem1/dout1[3] (sky130_sram_2kbyte_1rw1r_32x512_8)
     1    0.00                           rv151.soc.imem_dout1[1][3] (net)
                  0.00    0.00   50.40 v _13673_/A1 (sky130_fd_sc_hd__mux2_2)
                  0.05    0.25   50.65 v _13673_/X (sky130_fd_sc_hd__mux2_2)
     1    0.00                           _07875_ (net)
                  0.05    0.00   50.65 v _13674_/A (sky130_fd_sc_hd__buf_1)
                  0.02    0.09   50.74 v _13674_/X (sky130_fd_sc_hd__buf_1)
     1    0.00                           _00124_ (net)
                  0.02    0.00   50.74 v _17668_/D (sky130_fd_sc_hd__dfxtp_2)
                                 50.74   data arrival time

                  0.00  100.00  100.00   clock clk (rise edge)
                          0.00  100.00   clock network delay (ideal)
                          0.00  100.00   clock reconvergence pessimism
                                100.00 ^ _17668_/CLK (sky130_fd_sc_hd__dfxtp_2)
                         -0.11   99.89   library setup time
                                 99.89   data required time
-----------------------------------------------------------------------------
                                 99.89   data required time
                                -50.74   data arrival time
-----------------------------------------------------------------------------
                                 49.15   slack (MET)


Startpoint: rv151.soc.imem1 (falling edge-triggered flip-flop clocked by clk)
Endpoint: _17669_ (rising edge-triggered flip-flop clocked by clk)
Path Group: clk
Path Type: max

Fanout     Cap    Slew   Delay    Time   Description
-----------------------------------------------------------------------------
                  0.00   50.00   50.00   clock clk (fall edge)
                          0.00   50.00   clock network delay (ideal)
                  0.00    0.00   50.00 v rv151.soc.imem1/clk1 (sky130_sram_2kbyte_1rw1r_32x512_8)
                  0.00    0.40   50.40 v rv151.soc.imem1/dout1[4] (sky130_sram_2kbyte_1rw1r_32x512_8)
     1    0.00                           rv151.soc.imem_dout1[1][4] (net)
                  0.00    0.00   50.40 v _13675_/A1 (sky130_fd_sc_hd__mux2_2)
                  0.05    0.25   50.65 v _13675_/X (sky130_fd_sc_hd__mux2_2)
     1    0.00                           _07876_ (net)
                  0.05    0.00   50.65 v _13676_/A (sky130_fd_sc_hd__buf_1)
                  0.02    0.09   50.74 v _13676_/X (sky130_fd_sc_hd__buf_1)
     1    0.00                           _00125_ (net)
                  0.02    0.00   50.74 v _17669_/D (sky130_fd_sc_hd__dfxtp_2)
                                 50.74   data arrival time

                  0.00  100.00  100.00   clock clk (rise edge)
                          0.00  100.00   clock network delay (ideal)
                          0.00  100.00   clock reconvergence pessimism
                                100.00 ^ _17669_/CLK (sky130_fd_sc_hd__dfxtp_2)
                         -0.11   99.89   library setup time
                                 99.89   data required time
-----------------------------------------------------------------------------
                                 99.89   data required time
                                -50.74   data arrival time
-----------------------------------------------------------------------------
                                 49.15   slack (MET)


Startpoint: rv151.soc.imem1 (falling edge-triggered flip-flop clocked by ick)
Endpoint: _17665_ (rising edge-triggered flip-flop clocked by ick)
Path Group: ick
Path Type: max

Fanout     Cap    Slew   Delay    Time   Description
-----------------------------------------------------------------------------
                  0.00   50.00   50.00   clock ick (fall edge)
                          0.00   50.00   clock network delay (ideal)
                  0.00    0.00   50.00 v rv151.soc.imem1/clk1 (sky130_sram_2kbyte_1rw1r_32x512_8)
                  0.00    0.40   50.40 v rv151.soc.imem1/dout1[0] (sky130_sram_2kbyte_1rw1r_32x512_8)
     1    0.00                           rv151.soc.imem_dout1[1][0] (net)
                  0.00    0.00   50.40 v _13667_/A1 (sky130_fd_sc_hd__mux2_2)
                  0.05    0.25   50.65 v _13667_/X (sky130_fd_sc_hd__mux2_2)
     1    0.00                           _07872_ (net)
                  0.05    0.00   50.65 v _13668_/A (sky130_fd_sc_hd__buf_1)
                  0.02    0.09   50.74 v _13668_/X (sky130_fd_sc_hd__buf_1)
     1    0.00                           _00099_ (net)
                  0.02    0.00   50.74 v _17665_/D (sky130_fd_sc_hd__dfxtp_2)
                                 50.74   data arrival time

                  0.00  100.00  100.00   clock ick (rise edge)
                          0.00  100.00   clock network delay (ideal)
                          0.00  100.00   clock reconvergence pessimism
                                100.00 ^ _17665_/CLK (sky130_fd_sc_hd__dfxtp_2)
                         -0.11   99.89   library setup time
                                 99.89   data required time
-----------------------------------------------------------------------------
                                 99.89   data required time
                                -50.74   data arrival time
-----------------------------------------------------------------------------
                                 49.15   slack (MET)


Startpoint: rv151.soc.imem1 (falling edge-triggered flip-flop clocked by ick)
Endpoint: _17666_ (rising edge-triggered flip-flop clocked by ick)
Path Group: ick
Path Type: max

Fanout     Cap    Slew   Delay    Time   Description
-----------------------------------------------------------------------------
                  0.00   50.00   50.00   clock ick (fall edge)
                          0.00   50.00   clock network delay (ideal)
                  0.00    0.00   50.00 v rv151.soc.imem1/clk1 (sky130_sram_2kbyte_1rw1r_32x512_8)
                  0.00    0.40   50.40 v rv151.soc.imem1/dout1[1] (sky130_sram_2kbyte_1rw1r_32x512_8)
     1    0.00                           rv151.soc.imem_dout1[1][1] (net)
                  0.00    0.00   50.40 v _13669_/A1 (sky130_fd_sc_hd__mux2_2)
                  0.05    0.25   50.65 v _13669_/X (sky130_fd_sc_hd__mux2_2)
     1    0.00                           _07873_ (net)
                  0.05    0.00   50.65 v _13670_/A (sky130_fd_sc_hd__buf_1)
                  0.02    0.09   50.74 v _13670_/X (sky130_fd_sc_hd__buf_1)
     1    0.00                           _00110_ (net)
                  0.02    0.00   50.74 v _17666_/D (sky130_fd_sc_hd__dfxtp_2)
                                 50.74   data arrival time

                  0.00  100.00  100.00   clock ick (rise edge)
                          0.00  100.00   clock network delay (ideal)
                          0.00  100.00   clock reconvergence pessimism
                                100.00 ^ _17666_/CLK (sky130_fd_sc_hd__dfxtp_2)
                         -0.11   99.89   library setup time
                                 99.89   data required time
-----------------------------------------------------------------------------
                                 99.89   data required time
                                -50.74   data arrival time
-----------------------------------------------------------------------------
                                 49.15   slack (MET)


Startpoint: rv151.soc.imem1 (falling edge-triggered flip-flop clocked by ick)
Endpoint: _17667_ (rising edge-triggered flip-flop clocked by ick)
Path Group: ick
Path Type: max

Fanout     Cap    Slew   Delay    Time   Description
-----------------------------------------------------------------------------
                  0.00   50.00   50.00   clock ick (fall edge)
                          0.00   50.00   clock network delay (ideal)
                  0.00    0.00   50.00 v rv151.soc.imem1/clk1 (sky130_sram_2kbyte_1rw1r_32x512_8)
                  0.00    0.40   50.40 v rv151.soc.imem1/dout1[2] (sky130_sram_2kbyte_1rw1r_32x512_8)
     1    0.00                           rv151.soc.imem_dout1[1][2] (net)
                  0.00    0.00   50.40 v _13671_/A1 (sky130_fd_sc_hd__mux2_2)
                  0.05    0.25   50.65 v _13671_/X (sky130_fd_sc_hd__mux2_2)
     1    0.00                           _07874_ (net)
                  0.05    0.00   50.65 v _13672_/A (sky130_fd_sc_hd__buf_1)
                  0.02    0.09   50.74 v _13672_/X (sky130_fd_sc_hd__buf_1)
     1    0.00                           _00121_ (net)
                  0.02    0.00   50.74 v _17667_/D (sky130_fd_sc_hd__dfxtp_2)
                                 50.74   data arrival time

                  0.00  100.00  100.00   clock ick (rise edge)
                          0.00  100.00   clock network delay (ideal)
                          0.00  100.00   clock reconvergence pessimism
                                100.00 ^ _17667_/CLK (sky130_fd_sc_hd__dfxtp_2)
                         -0.11   99.89   library setup time
                                 99.89   data required time
-----------------------------------------------------------------------------
                                 99.89   data required time
                                -50.74   data arrival time
-----------------------------------------------------------------------------
                                 49.15   slack (MET)


Startpoint: rv151.soc.imem1 (falling edge-triggered flip-flop clocked by ick)
Endpoint: _17668_ (rising edge-triggered flip-flop clocked by ick)
Path Group: ick
Path Type: max

Fanout     Cap    Slew   Delay    Time   Description
-----------------------------------------------------------------------------
                  0.00   50.00   50.00   clock ick (fall edge)
                          0.00   50.00   clock network delay (ideal)
                  0.00    0.00   50.00 v rv151.soc.imem1/clk1 (sky130_sram_2kbyte_1rw1r_32x512_8)
                  0.00    0.40   50.40 v rv151.soc.imem1/dout1[3] (sky130_sram_2kbyte_1rw1r_32x512_8)
     1    0.00                           rv151.soc.imem_dout1[1][3] (net)
                  0.00    0.00   50.40 v _13673_/A1 (sky130_fd_sc_hd__mux2_2)
                  0.05    0.25   50.65 v _13673_/X (sky130_fd_sc_hd__mux2_2)
     1    0.00                           _07875_ (net)
                  0.05    0.00   50.65 v _13674_/A (sky130_fd_sc_hd__buf_1)
                  0.02    0.09   50.74 v _13674_/X (sky130_fd_sc_hd__buf_1)
     1    0.00                           _00124_ (net)
                  0.02    0.00   50.74 v _17668_/D (sky130_fd_sc_hd__dfxtp_2)
                                 50.74   data arrival time

                  0.00  100.00  100.00   clock ick (rise edge)
                          0.00  100.00   clock network delay (ideal)
                          0.00  100.00   clock reconvergence pessimism
                                100.00 ^ _17668_/CLK (sky130_fd_sc_hd__dfxtp_2)
                         -0.11   99.89   library setup time
                                 99.89   data required time
-----------------------------------------------------------------------------
                                 99.89   data required time
                                -50.74   data arrival time
-----------------------------------------------------------------------------
                                 49.15   slack (MET)


Startpoint: rv151.soc.imem1 (falling edge-triggered flip-flop clocked by ick)
Endpoint: _17669_ (rising edge-triggered flip-flop clocked by ick)
Path Group: ick
Path Type: max

Fanout     Cap    Slew   Delay    Time   Description
-----------------------------------------------------------------------------
                  0.00   50.00   50.00   clock ick (fall edge)
                          0.00   50.00   clock network delay (ideal)
                  0.00    0.00   50.00 v rv151.soc.imem1/clk1 (sky130_sram_2kbyte_1rw1r_32x512_8)
                  0.00    0.40   50.40 v rv151.soc.imem1/dout1[4] (sky130_sram_2kbyte_1rw1r_32x512_8)
     1    0.00                           rv151.soc.imem_dout1[1][4] (net)
                  0.00    0.00   50.40 v _13675_/A1 (sky130_fd_sc_hd__mux2_2)
                  0.05    0.25   50.65 v _13675_/X (sky130_fd_sc_hd__mux2_2)
     1    0.00                           _07876_ (net)
                  0.05    0.00   50.65 v _13676_/A (sky130_fd_sc_hd__buf_1)
                  0.02    0.09   50.74 v _13676_/X (sky130_fd_sc_hd__buf_1)
     1    0.00                           _00125_ (net)
                  0.02    0.00   50.74 v _17669_/D (sky130_fd_sc_hd__dfxtp_2)
                                 50.74   data arrival time

                  0.00  100.00  100.00   clock ick (rise edge)
                          0.00  100.00   clock network delay (ideal)
                          0.00  100.00   clock reconvergence pessimism
                                100.00 ^ _17669_/CLK (sky130_fd_sc_hd__dfxtp_2)
                         -0.11   99.89   library setup time
                                 99.89   data required time
-----------------------------------------------------------------------------
                                 99.89   data required time
                                -50.74   data arrival time
-----------------------------------------------------------------------------
                                 49.15   slack (MET)


Startpoint: _18033_ (rising edge-triggered flip-flop clocked by sck')
Endpoint: io_out[12] (output port clocked by sck)
Path Group: sck
Path Type: max

Fanout     Cap    Slew   Delay    Time   Description
-----------------------------------------------------------------------------
                  0.00   50.00   50.00   clock sck' (rise edge)
                          0.00   50.00   clock network delay (ideal)
                  0.00    0.00   50.00 ^ _18033_/CLK (sky130_fd_sc_hd__dfrtp_2)
                  0.03    0.36   50.36 v _18033_/Q (sky130_fd_sc_hd__dfrtp_2)
     1    0.00                           io_out[12] (net)
                  0.03    0.00   50.36 v io_out[12] (out)
                                 50.36   data arrival time

                  0.00  100.00  100.00   clock sck (rise edge)
                          0.00  100.00   clock network delay (ideal)
                          0.00  100.00   clock reconvergence pessimism
                        -30.00   70.00   output external delay
                                 70.00   data required time
-----------------------------------------------------------------------------
                                 70.00   data required time
                                -50.36   data arrival time
-----------------------------------------------------------------------------
                                 19.64   slack (MET)


Startpoint: _18041_ (rising edge-triggered flip-flop clocked by sck)
Endpoint: _18033_ (rising edge-triggered flip-flop clocked by sck')
Path Group: sck
Path Type: max

Fanout     Cap    Slew   Delay    Time   Description
-----------------------------------------------------------------------------
                  0.00    0.00    0.00   clock sck (rise edge)
                          0.00    0.00   clock network delay (ideal)
                  0.00    0.00    0.00 ^ _18041_/CLK (sky130_fd_sc_hd__dfrtp_2)
                  0.04    0.37    0.37 v _18041_/Q (sky130_fd_sc_hd__dfrtp_2)
     1    0.00                           rv151.soc.bspi.oif.rsfr[7] (net)
                  0.04    0.00    0.37 v _18033_/D (sky130_fd_sc_hd__dfrtp_2)
                                  0.37   data arrival time

                  0.00   50.00   50.00   clock sck' (rise edge)
                          0.00   50.00   clock network delay (ideal)
                          0.00   50.00   clock reconvergence pessimism
                                 50.00 ^ _18033_/CLK (sky130_fd_sc_hd__dfrtp_2)
                         -0.12   49.88   library setup time
                                 49.88   data required time
-----------------------------------------------------------------------------
                                 49.88   data required time
                                 -0.37   data arrival time
-----------------------------------------------------------------------------
                                 49.50   slack (MET)


Startpoint: io_in[15] (input port clocked by sck)
Endpoint: _18044_ (rising edge-triggered flip-flop clocked by sck)
Path Group: sck
Path Type: max

Fanout     Cap    Slew   Delay    Time   Description
-----------------------------------------------------------------------------
                  0.00    0.00    0.00   clock sck (rise edge)
                          0.00    0.00   clock network delay (ideal)
                         30.00   30.00 v input external delay
                  0.00    0.00   30.00 v io_in[15] (in)
     2    0.00                           io_in[15] (net)
                  0.00    0.00   30.00 v _08498_/A_N (sky130_fd_sc_hd__and2b_2)
                  0.05    0.20   30.20 ^ _08498_/X (sky130_fd_sc_hd__and2b_2)
     3    0.01                           _03057_ (net)
                  0.05    0.00   30.20 ^ _08501_/A (sky130_fd_sc_hd__buf_1)
                  0.45    0.38   30.58 ^ _08501_/X (sky130_fd_sc_hd__buf_1)
    10    0.04                           _03059_ (net)
                  0.45    0.00   30.58 ^ _12881_/S (sky130_fd_sc_hd__mux2_2)
                  0.05    0.40   30.98 v _12881_/X (sky130_fd_sc_hd__mux2_2)
     1    0.00                           _07324_ (net)
                  0.05    0.00   30.98 v _12882_/A (sky130_fd_sc_hd__buf_1)
                  0.02    0.09   31.07 v _12882_/X (sky130_fd_sc_hd__buf_1)
     1    0.00                           _01314_ (net)
                  0.02    0.00   31.07 v _18044_/D (sky130_fd_sc_hd__dfrtp_2)
                                 31.07   data arrival time

                  0.00  100.00  100.00   clock sck (rise edge)
                          0.00  100.00   clock network delay (ideal)
                          0.00  100.00   clock reconvergence pessimism
                                100.00 ^ _18044_/CLK (sky130_fd_sc_hd__dfrtp_2)
                         -0.12   99.88   library setup time
                                 99.88   data required time
-----------------------------------------------------------------------------
                                 99.88   data required time
                                -31.07   data arrival time
-----------------------------------------------------------------------------
                                 68.81   slack (MET)


Startpoint: io_in[15] (input port clocked by sck)
Endpoint: _18045_ (rising edge-triggered flip-flop clocked by sck)
Path Group: sck
Path Type: max

Fanout     Cap    Slew   Delay    Time   Description
-----------------------------------------------------------------------------
                  0.00    0.00    0.00   clock sck (rise edge)
                          0.00    0.00   clock network delay (ideal)
                         30.00   30.00 v input external delay
                  0.00    0.00   30.00 v io_in[15] (in)
     2    0.00                           io_in[15] (net)
                  0.00    0.00   30.00 v _08498_/A_N (sky130_fd_sc_hd__and2b_2)
                  0.05    0.20   30.20 ^ _08498_/X (sky130_fd_sc_hd__and2b_2)
     3    0.01                           _03057_ (net)
                  0.05    0.00   30.20 ^ _08501_/A (sky130_fd_sc_hd__buf_1)
                  0.45    0.38   30.58 ^ _08501_/X (sky130_fd_sc_hd__buf_1)
    10    0.04                           _03059_ (net)
                  0.45    0.00   30.58 ^ _12879_/S (sky130_fd_sc_hd__mux2_2)
                  0.05    0.40   30.98 v _12879_/X (sky130_fd_sc_hd__mux2_2)
     1    0.00                           _07323_ (net)
                  0.05    0.00   30.98 v _12880_/A (sky130_fd_sc_hd__buf_1)
                  0.02    0.09   31.07 v _12880_/X (sky130_fd_sc_hd__buf_1)
     1    0.00                           _01315_ (net)
                  0.02    0.00   31.07 v _18045_/D (sky130_fd_sc_hd__dfrtp_2)
                                 31.07   data arrival time

                  0.00  100.00  100.00   clock sck (rise edge)
                          0.00  100.00   clock network delay (ideal)
                          0.00  100.00   clock reconvergence pessimism
                                100.00 ^ _18045_/CLK (sky130_fd_sc_hd__dfrtp_2)
                         -0.12   99.88   library setup time
                                 99.88   data required time
-----------------------------------------------------------------------------
                                 99.88   data required time
                                -31.07   data arrival time
-----------------------------------------------------------------------------
                                 68.81   slack (MET)


Startpoint: io_in[15] (input port clocked by sck)
Endpoint: _18046_ (rising edge-triggered flip-flop clocked by sck)
Path Group: sck
Path Type: max

Fanout     Cap    Slew   Delay    Time   Description
-----------------------------------------------------------------------------
                  0.00    0.00    0.00   clock sck (rise edge)
                          0.00    0.00   clock network delay (ideal)
                         30.00   30.00 v input external delay
                  0.00    0.00   30.00 v io_in[15] (in)
     2    0.00                           io_in[15] (net)
                  0.00    0.00   30.00 v _08498_/A_N (sky130_fd_sc_hd__and2b_2)
                  0.05    0.20   30.20 ^ _08498_/X (sky130_fd_sc_hd__and2b_2)
     3    0.01                           _03057_ (net)
                  0.05    0.00   30.20 ^ _08501_/A (sky130_fd_sc_hd__buf_1)
                  0.45    0.38   30.58 ^ _08501_/X (sky130_fd_sc_hd__buf_1)
    10    0.04                           _03059_ (net)
                  0.45    0.00   30.58 ^ _12877_/S (sky130_fd_sc_hd__mux2_2)
                  0.05    0.40   30.98 v _12877_/X (sky130_fd_sc_hd__mux2_2)
     1    0.00                           _07322_ (net)
                  0.05    0.00   30.98 v _12878_/A (sky130_fd_sc_hd__buf_1)
                  0.02    0.09   31.07 v _12878_/X (sky130_fd_sc_hd__buf_1)
     1    0.00                           _01316_ (net)
                  0.02    0.00   31.07 v _18046_/D (sky130_fd_sc_hd__dfrtp_2)
                                 31.07   data arrival time

                  0.00  100.00  100.00   clock sck (rise edge)
                          0.00  100.00   clock network delay (ideal)
                          0.00  100.00   clock reconvergence pessimism
                                100.00 ^ _18046_/CLK (sky130_fd_sc_hd__dfrtp_2)
                         -0.12   99.88   library setup time
                                 99.88   data required time
-----------------------------------------------------------------------------
                                 99.88   data required time
                                -31.07   data arrival time
-----------------------------------------------------------------------------
                                 68.81   slack (MET)


