
===========================================================================
 report_check_types -max_slew -max_cap -max_fanout -violators
============================================================================
max slew

Pin                                    Limit    Slew   Slack
------------------------------------------------------------
rv151.soc.bios_mem0/addr1[1]            0.04    0.87   -0.83 (VIOLATED)
rv151.soc.bios_mem1/addr1[1]            0.04    0.87   -0.83 (VIOLATED)
rv151.soc.dmem0/addr0[1]                0.04    0.87   -0.83 (VIOLATED)
rv151.soc.dmem1/addr0[1]                0.04    0.87   -0.83 (VIOLATED)
rv151.soc.imem0/addr0[1]                0.04    0.87   -0.83 (VIOLATED)
rv151.soc.imem1/addr0[1]                0.04    0.87   -0.83 (VIOLATED)
rv151.soc.bios_mem0/addr1[0]            0.04    0.85   -0.81 (VIOLATED)
rv151.soc.bios_mem1/addr1[0]            0.04    0.85   -0.81 (VIOLATED)
rv151.soc.dmem0/addr0[0]                0.04    0.85   -0.81 (VIOLATED)
rv151.soc.dmem1/addr0[0]                0.04    0.85   -0.81 (VIOLATED)
rv151.soc.imem0/addr0[0]                0.04    0.85   -0.81 (VIOLATED)
rv151.soc.imem1/addr0[0]                0.04    0.85   -0.81 (VIOLATED)
rv151.soc.bios_mem0/addr1[5]            0.04    0.78   -0.74 (VIOLATED)
rv151.soc.bios_mem1/addr1[5]            0.04    0.78   -0.74 (VIOLATED)
rv151.soc.dmem0/addr0[5]                0.04    0.78   -0.74 (VIOLATED)
rv151.soc.dmem1/addr0[5]                0.04    0.78   -0.74 (VIOLATED)
rv151.soc.imem0/addr0[5]                0.04    0.78   -0.74 (VIOLATED)
rv151.soc.imem1/addr0[5]                0.04    0.78   -0.74 (VIOLATED)
rv151.soc.bios_mem0/addr1[2]            0.04    0.77   -0.73 (VIOLATED)
rv151.soc.bios_mem1/addr1[2]            0.04    0.77   -0.73 (VIOLATED)
rv151.soc.dmem0/addr0[2]                0.04    0.77   -0.73 (VIOLATED)
rv151.soc.dmem1/addr0[2]                0.04    0.77   -0.73 (VIOLATED)
rv151.soc.imem0/addr0[2]                0.04    0.77   -0.73 (VIOLATED)
rv151.soc.imem1/addr0[2]                0.04    0.77   -0.73 (VIOLATED)
rv151.soc.bios_mem0/addr1[8]            0.04    0.71   -0.67 (VIOLATED)
rv151.soc.bios_mem1/addr1[8]            0.04    0.71   -0.67 (VIOLATED)
rv151.soc.dmem0/addr0[8]                0.04    0.71   -0.67 (VIOLATED)
rv151.soc.dmem1/addr0[8]                0.04    0.71   -0.67 (VIOLATED)
rv151.soc.imem0/addr0[8]                0.04    0.71   -0.67 (VIOLATED)
rv151.soc.imem1/addr0[8]                0.04    0.71   -0.67 (VIOLATED)
rv151.soc.dmem0/wmask0[0]               0.04    0.65   -0.61 (VIOLATED)
rv151.soc.dmem1/wmask0[0]               0.04    0.65   -0.61 (VIOLATED)
rv151.soc.imem0/wmask0[0]               0.04    0.65   -0.61 (VIOLATED)
rv151.soc.imem1/wmask0[0]               0.04    0.65   -0.61 (VIOLATED)
rv151.soc.dmem0/wmask0[1]               0.04    0.47   -0.43 (VIOLATED)
rv151.soc.dmem0/wmask0[3]               0.04    0.47   -0.43 (VIOLATED)
rv151.soc.dmem1/wmask0[1]               0.04    0.47   -0.43 (VIOLATED)
rv151.soc.dmem1/wmask0[3]               0.04    0.47   -0.43 (VIOLATED)
rv151.soc.imem0/wmask0[1]               0.04    0.47   -0.43 (VIOLATED)
rv151.soc.imem0/wmask0[3]               0.04    0.47   -0.43 (VIOLATED)
rv151.soc.imem1/wmask0[1]               0.04    0.47   -0.43 (VIOLATED)
rv151.soc.imem1/wmask0[3]               0.04    0.47   -0.43 (VIOLATED)
rv151.soc.bios_mem0/addr1[3]            0.04    0.37   -0.33 (VIOLATED)
rv151.soc.bios_mem1/addr1[3]            0.04    0.37   -0.33 (VIOLATED)
rv151.soc.dmem0/addr0[3]                0.04    0.37   -0.33 (VIOLATED)
rv151.soc.dmem1/addr0[3]                0.04    0.37   -0.33 (VIOLATED)
rv151.soc.imem0/addr0[3]                0.04    0.37   -0.33 (VIOLATED)
rv151.soc.imem1/addr0[3]                0.04    0.37   -0.33 (VIOLATED)
rv151.soc.bios_mem0/addr1[4]            0.04    0.34   -0.30 (VIOLATED)
rv151.soc.bios_mem1/addr1[4]            0.04    0.34   -0.30 (VIOLATED)
rv151.soc.dmem0/addr0[4]                0.04    0.34   -0.30 (VIOLATED)
rv151.soc.dmem1/addr0[4]                0.04    0.34   -0.30 (VIOLATED)
rv151.soc.imem0/addr0[4]                0.04    0.34   -0.30 (VIOLATED)
rv151.soc.imem1/addr0[4]                0.04    0.34   -0.30 (VIOLATED)
rv151.soc.bios_mem0/addr1[6]            0.04    0.34   -0.30 (VIOLATED)
rv151.soc.bios_mem1/addr1[6]            0.04    0.34   -0.30 (VIOLATED)
rv151.soc.dmem0/addr0[6]                0.04    0.34   -0.30 (VIOLATED)
rv151.soc.dmem1/addr0[6]                0.04    0.34   -0.30 (VIOLATED)
rv151.soc.imem0/addr0[6]                0.04    0.34   -0.30 (VIOLATED)
rv151.soc.imem1/addr0[6]                0.04    0.34   -0.30 (VIOLATED)
rv151.soc.bios_mem0/addr1[7]            0.04    0.32   -0.28 (VIOLATED)
rv151.soc.bios_mem1/addr1[7]            0.04    0.32   -0.28 (VIOLATED)
rv151.soc.dmem0/addr0[7]                0.04    0.32   -0.28 (VIOLATED)
rv151.soc.dmem1/addr0[7]                0.04    0.32   -0.28 (VIOLATED)
rv151.soc.imem0/addr0[7]                0.04    0.32   -0.28 (VIOLATED)
rv151.soc.imem1/addr0[7]                0.04    0.32   -0.28 (VIOLATED)
rv151.soc.imem0/addr1[0]                0.04    0.27   -0.23 (VIOLATED)
rv151.soc.imem1/addr1[0]                0.04    0.27   -0.23 (VIOLATED)
rv151.soc.dmem0/wmask0[2]               0.04    0.25   -0.21 (VIOLATED)
rv151.soc.dmem1/wmask0[2]               0.04    0.25   -0.21 (VIOLATED)
rv151.soc.imem0/wmask0[2]               0.04    0.25   -0.21 (VIOLATED)
rv151.soc.imem1/wmask0[2]               0.04    0.25   -0.21 (VIOLATED)
rv151.soc.imem0/addr1[1]                0.04    0.24   -0.20 (VIOLATED)
rv151.soc.imem0/addr1[4]                0.04    0.24   -0.20 (VIOLATED)
rv151.soc.imem0/addr1[7]                0.04    0.24   -0.20 (VIOLATED)
rv151.soc.imem1/addr1[1]                0.04    0.24   -0.20 (VIOLATED)
rv151.soc.imem1/addr1[4]                0.04    0.24   -0.20 (VIOLATED)
rv151.soc.imem1/addr1[7]                0.04    0.24   -0.20 (VIOLATED)
rv151.soc.bios_mem0/wmask0[0]           0.04    0.23   -0.19 (VIOLATED)
rv151.soc.bios_mem0/wmask0[1]           0.04    0.23   -0.19 (VIOLATED)
rv151.soc.bios_mem0/wmask0[2]           0.04    0.23   -0.19 (VIOLATED)
rv151.soc.bios_mem0/wmask0[3]           0.04    0.23   -0.19 (VIOLATED)
rv151.soc.bios_mem1/wmask0[0]           0.04    0.23   -0.19 (VIOLATED)
rv151.soc.bios_mem1/wmask0[1]           0.04    0.23   -0.19 (VIOLATED)
rv151.soc.bios_mem1/wmask0[2]           0.04    0.23   -0.19 (VIOLATED)
rv151.soc.bios_mem1/wmask0[3]           0.04    0.23   -0.19 (VIOLATED)
rv151.soc.bios_mem0/addr0[0]            0.04    0.23   -0.19 (VIOLATED)
rv151.soc.bios_mem1/addr0[0]            0.04    0.23   -0.19 (VIOLATED)
rv151.soc.bios_mem0/addr0[1]            0.04    0.23   -0.19 (VIOLATED)
rv151.soc.bios_mem0/addr0[4]            0.04    0.23   -0.19 (VIOLATED)
rv151.soc.bios_mem0/addr0[7]            0.04    0.23   -0.19 (VIOLATED)
rv151.soc.bios_mem1/addr0[1]            0.04    0.23   -0.19 (VIOLATED)
rv151.soc.bios_mem1/addr0[4]            0.04    0.23   -0.19 (VIOLATED)
rv151.soc.bios_mem1/addr0[7]            0.04    0.23   -0.19 (VIOLATED)
rv151.soc.bios_mem0/addr0[2]            0.04    0.23   -0.19 (VIOLATED)
rv151.soc.bios_mem0/addr0[3]            0.04    0.23   -0.19 (VIOLATED)
rv151.soc.bios_mem0/addr0[5]            0.04    0.23   -0.19 (VIOLATED)
rv151.soc.bios_mem0/addr0[6]            0.04    0.23   -0.19 (VIOLATED)
rv151.soc.bios_mem0/addr0[8]            0.04    0.23   -0.19 (VIOLATED)
rv151.soc.bios_mem1/addr0[2]            0.04    0.23   -0.19 (VIOLATED)
rv151.soc.bios_mem1/addr0[3]            0.04    0.23   -0.19 (VIOLATED)
rv151.soc.bios_mem1/addr0[5]            0.04    0.23   -0.19 (VIOLATED)
rv151.soc.bios_mem1/addr0[6]            0.04    0.23   -0.19 (VIOLATED)
rv151.soc.bios_mem1/addr0[8]            0.04    0.23   -0.19 (VIOLATED)
rv151.soc.imem0/addr1[2]                0.04    0.19   -0.15 (VIOLATED)
rv151.soc.imem0/addr1[5]                0.04    0.19   -0.15 (VIOLATED)
rv151.soc.imem0/addr1[8]                0.04    0.19   -0.15 (VIOLATED)
rv151.soc.imem1/addr1[2]                0.04    0.19   -0.15 (VIOLATED)
rv151.soc.imem1/addr1[5]                0.04    0.19   -0.15 (VIOLATED)
rv151.soc.imem1/addr1[8]                0.04    0.19   -0.15 (VIOLATED)
rv151.soc.imem0/addr1[3]                0.04    0.19   -0.15 (VIOLATED)
rv151.soc.imem0/addr1[6]                0.04    0.19   -0.15 (VIOLATED)
rv151.soc.imem1/addr1[3]                0.04    0.19   -0.15 (VIOLATED)
rv151.soc.imem1/addr1[6]                0.04    0.19   -0.15 (VIOLATED)


===========================================================================
max slew violation count 114
max fanout violation count 0
max cap violation count 0
============================================================================
