
===========================================================================
report_checks -path_delay min (Hold)
============================================================================
Startpoint: io_in[17] (input port clocked by ick)
Endpoint: _18567_ (removal check against rising-edge clock ick)
Path Group: **async_default**
Path Type: min

Fanout     Cap    Slew   Delay    Time   Description
-----------------------------------------------------------------------------
                  0.00    0.00    0.00   clock ick (rise edge)
                          0.00    0.00   clock network delay (ideal)
                         15.00   15.00 v input external delay
                  0.00    0.00   15.00 v io_in[17] (in)
     3    0.01                           io_in[17] (net)
                  0.00    0.00   15.00 v _12894_/A2 (sky130_fd_sc_hd__o21a_2)
                  0.02    0.16   15.16 v _12894_/X (sky130_fd_sc_hd__o21a_2)
     1    0.00                           _07333_ (net)
                  0.02    0.00   15.16 v _12895_/A (sky130_fd_sc_hd__buf_1)
                  0.10    0.13   15.29 v _12895_/X (sky130_fd_sc_hd__buf_1)
     6    0.02                           _07334_ (net)
                  0.10    0.00   15.29 v _13993_/A (sky130_fd_sc_hd__buf_1)
                  0.12    0.18   15.47 v _13993_/X (sky130_fd_sc_hd__buf_1)
    10    0.02                           _08045_ (net)
                  0.12    0.00   15.47 v _14044_/A (sky130_fd_sc_hd__buf_1)
                  0.22    0.26   15.73 v _14044_/X (sky130_fd_sc_hd__buf_1)
    10    0.04                           _08093_ (net)
                  0.22    0.00   15.73 v _16743_/A (sky130_fd_sc_hd__inv_2)
                  0.06    0.09   15.81 ^ _16743_/Y (sky130_fd_sc_hd__inv_2)
     1    0.00                           _00571_ (net)
                  0.06    0.00   15.81 ^ _18567_/RESET_B (sky130_fd_sc_hd__dfrtp_2)
                                 15.81   data arrival time

                  0.00    0.00    0.00   clock ick (rise edge)
                          0.00    0.00   clock network delay (ideal)
                          0.00    0.00   clock reconvergence pessimism
                                  0.00 ^ _18567_/CLK (sky130_fd_sc_hd__dfrtp_2)
                          0.31    0.31   library removal time
                                  0.31   data required time
-----------------------------------------------------------------------------
                                  0.31   data required time
                                -15.81   data arrival time
-----------------------------------------------------------------------------
                                 15.50   slack (MET)


Startpoint: io_in[17] (input port clocked by ick)
Endpoint: _18568_ (removal check against rising-edge clock ick)
Path Group: **async_default**
Path Type: min

Fanout     Cap    Slew   Delay    Time   Description
-----------------------------------------------------------------------------
                  0.00    0.00    0.00   clock ick (rise edge)
                          0.00    0.00   clock network delay (ideal)
                         15.00   15.00 v input external delay
                  0.00    0.00   15.00 v io_in[17] (in)
     3    0.01                           io_in[17] (net)
                  0.00    0.00   15.00 v _12894_/A2 (sky130_fd_sc_hd__o21a_2)
                  0.02    0.16   15.16 v _12894_/X (sky130_fd_sc_hd__o21a_2)
     1    0.00                           _07333_ (net)
                  0.02    0.00   15.16 v _12895_/A (sky130_fd_sc_hd__buf_1)
                  0.10    0.13   15.29 v _12895_/X (sky130_fd_sc_hd__buf_1)
     6    0.02                           _07334_ (net)
                  0.10    0.00   15.29 v _13993_/A (sky130_fd_sc_hd__buf_1)
                  0.12    0.18   15.47 v _13993_/X (sky130_fd_sc_hd__buf_1)
    10    0.02                           _08045_ (net)
                  0.12    0.00   15.47 v _14044_/A (sky130_fd_sc_hd__buf_1)
                  0.22    0.26   15.73 v _14044_/X (sky130_fd_sc_hd__buf_1)
    10    0.04                           _08093_ (net)
                  0.22    0.00   15.73 v _16744_/A (sky130_fd_sc_hd__inv_2)
                  0.06    0.09   15.81 ^ _16744_/Y (sky130_fd_sc_hd__inv_2)
     1    0.00                           _00572_ (net)
                  0.06    0.00   15.81 ^ _18568_/RESET_B (sky130_fd_sc_hd__dfrtp_2)
                                 15.81   data arrival time

                  0.00    0.00    0.00   clock ick (rise edge)
                          0.00    0.00   clock network delay (ideal)
                          0.00    0.00   clock reconvergence pessimism
                                  0.00 ^ _18568_/CLK (sky130_fd_sc_hd__dfrtp_2)
                          0.31    0.31   library removal time
                                  0.31   data required time
-----------------------------------------------------------------------------
                                  0.31   data required time
                                -15.81   data arrival time
-----------------------------------------------------------------------------
                                 15.50   slack (MET)


Startpoint: io_in[17] (input port clocked by ick)
Endpoint: _18569_ (removal check against rising-edge clock ick)
Path Group: **async_default**
Path Type: min

Fanout     Cap    Slew   Delay    Time   Description
-----------------------------------------------------------------------------
                  0.00    0.00    0.00   clock ick (rise edge)
                          0.00    0.00   clock network delay (ideal)
                         15.00   15.00 v input external delay
                  0.00    0.00   15.00 v io_in[17] (in)
     3    0.01                           io_in[17] (net)
                  0.00    0.00   15.00 v _12894_/A2 (sky130_fd_sc_hd__o21a_2)
                  0.02    0.16   15.16 v _12894_/X (sky130_fd_sc_hd__o21a_2)
     1    0.00                           _07333_ (net)
                  0.02    0.00   15.16 v _12895_/A (sky130_fd_sc_hd__buf_1)
                  0.10    0.13   15.29 v _12895_/X (sky130_fd_sc_hd__buf_1)
     6    0.02                           _07334_ (net)
                  0.10    0.00   15.29 v _13993_/A (sky130_fd_sc_hd__buf_1)
                  0.12    0.18   15.47 v _13993_/X (sky130_fd_sc_hd__buf_1)
    10    0.02                           _08045_ (net)
                  0.12    0.00   15.47 v _14044_/A (sky130_fd_sc_hd__buf_1)
                  0.22    0.26   15.73 v _14044_/X (sky130_fd_sc_hd__buf_1)
    10    0.04                           _08093_ (net)
                  0.22    0.00   15.73 v _16745_/A (sky130_fd_sc_hd__inv_2)
                  0.06    0.09   15.81 ^ _16745_/Y (sky130_fd_sc_hd__inv_2)
     1    0.00                           _00573_ (net)
                  0.06    0.00   15.81 ^ _18569_/RESET_B (sky130_fd_sc_hd__dfrtp_2)
                                 15.81   data arrival time

                  0.00    0.00    0.00   clock ick (rise edge)
                          0.00    0.00   clock network delay (ideal)
                          0.00    0.00   clock reconvergence pessimism
                                  0.00 ^ _18569_/CLK (sky130_fd_sc_hd__dfrtp_2)
                          0.31    0.31   library removal time
                                  0.31   data required time
-----------------------------------------------------------------------------
                                  0.31   data required time
                                -15.81   data arrival time
-----------------------------------------------------------------------------
                                 15.50   slack (MET)


Startpoint: io_in[17] (input port clocked by ick)
Endpoint: _18570_ (removal check against rising-edge clock ick)
Path Group: **async_default**
Path Type: min

Fanout     Cap    Slew   Delay    Time   Description
-----------------------------------------------------------------------------
                  0.00    0.00    0.00   clock ick (rise edge)
                          0.00    0.00   clock network delay (ideal)
                         15.00   15.00 v input external delay
                  0.00    0.00   15.00 v io_in[17] (in)
     3    0.01                           io_in[17] (net)
                  0.00    0.00   15.00 v _12894_/A2 (sky130_fd_sc_hd__o21a_2)
                  0.02    0.16   15.16 v _12894_/X (sky130_fd_sc_hd__o21a_2)
     1    0.00                           _07333_ (net)
                  0.02    0.00   15.16 v _12895_/A (sky130_fd_sc_hd__buf_1)
                  0.10    0.13   15.29 v _12895_/X (sky130_fd_sc_hd__buf_1)
     6    0.02                           _07334_ (net)
                  0.10    0.00   15.29 v _13993_/A (sky130_fd_sc_hd__buf_1)
                  0.12    0.18   15.47 v _13993_/X (sky130_fd_sc_hd__buf_1)
    10    0.02                           _08045_ (net)
                  0.12    0.00   15.47 v _14044_/A (sky130_fd_sc_hd__buf_1)
                  0.22    0.26   15.73 v _14044_/X (sky130_fd_sc_hd__buf_1)
    10    0.04                           _08093_ (net)
                  0.22    0.00   15.73 v _16746_/A (sky130_fd_sc_hd__inv_2)
                  0.06    0.09   15.81 ^ _16746_/Y (sky130_fd_sc_hd__inv_2)
     1    0.00                           _00574_ (net)
                  0.06    0.00   15.81 ^ _18570_/RESET_B (sky130_fd_sc_hd__dfrtp_2)
                                 15.81   data arrival time

                  0.00    0.00    0.00   clock ick (rise edge)
                          0.00    0.00   clock network delay (ideal)
                          0.00    0.00   clock reconvergence pessimism
                                  0.00 ^ _18570_/CLK (sky130_fd_sc_hd__dfrtp_2)
                          0.31    0.31   library removal time
                                  0.31   data required time
-----------------------------------------------------------------------------
                                  0.31   data required time
                                -15.81   data arrival time
-----------------------------------------------------------------------------
                                 15.50   slack (MET)


Startpoint: io_in[17] (input port clocked by ick)
Endpoint: _17627_ (removal check against rising-edge clock ick)
Path Group: **async_default**
Path Type: min

Fanout     Cap    Slew   Delay    Time   Description
-----------------------------------------------------------------------------
                  0.00    0.00    0.00   clock ick (rise edge)
                          0.00    0.00   clock network delay (ideal)
                         15.00   15.00 v input external delay
                  0.00    0.00   15.00 v io_in[17] (in)
     3    0.01                           io_in[17] (net)
                  0.00    0.00   15.00 v _12894_/A2 (sky130_fd_sc_hd__o21a_2)
                  0.02    0.16   15.16 v _12894_/X (sky130_fd_sc_hd__o21a_2)
     1    0.00                           _07333_ (net)
                  0.02    0.00   15.16 v _12895_/A (sky130_fd_sc_hd__buf_1)
                  0.10    0.13   15.29 v _12895_/X (sky130_fd_sc_hd__buf_1)
     6    0.02                           _07334_ (net)
                  0.10    0.00   15.29 v _15267_/A (sky130_fd_sc_hd__buf_1)
                  0.12    0.18   15.47 v _15267_/X (sky130_fd_sc_hd__buf_1)
    10    0.02                           _02203_ (net)
                  0.12    0.00   15.47 v _15268_/A (sky130_fd_sc_hd__buf_1)
                  0.25    0.28   15.74 v _15268_/X (sky130_fd_sc_hd__buf_1)
    10    0.04                           _02204_ (net)
                  0.25    0.00   15.74 v _15269_/A (sky130_fd_sc_hd__inv_2)
                  0.06    0.09   15.84 ^ _15269_/Y (sky130_fd_sc_hd__inv_2)
     1    0.00                           _00279_ (net)
                  0.06    0.00   15.84 ^ _17627_/RESET_B (sky130_fd_sc_hd__dfrtp_2)
                                 15.84   data arrival time

                  0.00    0.00    0.00   clock ick (rise edge)
                          0.00    0.00   clock network delay (ideal)
                          0.00    0.00   clock reconvergence pessimism
                                  0.00 ^ _17627_/CLK (sky130_fd_sc_hd__dfrtp_2)
                          0.31    0.31   library removal time
                                  0.31   data required time
-----------------------------------------------------------------------------
                                  0.31   data required time
                                -15.84   data arrival time
-----------------------------------------------------------------------------
                                 15.53   slack (MET)


Startpoint: _17856_ (rising edge-triggered flip-flop clocked by clk)
Endpoint: _17793_ (rising edge-triggered flip-flop clocked by clk)
Path Group: clk
Path Type: min

Fanout     Cap    Slew   Delay    Time   Description
-----------------------------------------------------------------------------
                  0.00    0.00    0.00   clock clk (rise edge)
                          0.00    0.00   clock network delay (ideal)
                  0.00    0.00    0.00 ^ _17856_/CLK (sky130_fd_sc_hd__dfrtp_2)
                  0.04    0.29    0.29 ^ _17856_/Q (sky130_fd_sc_hd__dfrtp_2)
     1    0.00                           rv151.soc.bcf_sr[0] (net)
                  0.04    0.00    0.29 ^ _17793_/D (sky130_fd_sc_hd__dfrtp_2)
                                  0.29   data arrival time

                  0.00    0.00    0.00   clock clk (rise edge)
                          0.00    0.00   clock network delay (ideal)
                          0.00    0.00   clock reconvergence pessimism
                                  0.00 ^ _17793_/CLK (sky130_fd_sc_hd__dfrtp_2)
                         -0.04   -0.04   library hold time
                                 -0.04   data required time
-----------------------------------------------------------------------------
                                 -0.04   data required time
                                 -0.29   data arrival time
-----------------------------------------------------------------------------
                                  0.33   slack (MET)


Startpoint: _17857_ (rising edge-triggered flip-flop clocked by clk)
Endpoint: _17858_ (rising edge-triggered flip-flop clocked by clk)
Path Group: clk
Path Type: min

Fanout     Cap    Slew   Delay    Time   Description
-----------------------------------------------------------------------------
                  0.00    0.00    0.00   clock clk (rise edge)
                          0.00    0.00   clock network delay (ideal)
                  0.00    0.00    0.00 ^ _17857_/CLK (sky130_fd_sc_hd__dfrtp_2)
                  0.04    0.29    0.29 ^ _17857_/Q (sky130_fd_sc_hd__dfrtp_2)
     1    0.00                           rv151.soc.bspi.bif.scs[0] (net)
                  0.04    0.00    0.29 ^ _17858_/D (sky130_fd_sc_hd__dfrtp_2)
                                  0.29   data arrival time

                  0.00    0.00    0.00   clock clk (rise edge)
                          0.00    0.00   clock network delay (ideal)
                          0.00    0.00   clock reconvergence pessimism
                                  0.00 ^ _17858_/CLK (sky130_fd_sc_hd__dfrtp_2)
                         -0.04   -0.04   library hold time
                                 -0.04   data required time
-----------------------------------------------------------------------------
                                 -0.04   data required time
                                 -0.29   data arrival time
-----------------------------------------------------------------------------
                                  0.33   slack (MET)


Startpoint: _17919_ (rising edge-triggered flip-flop clocked by clk)
Endpoint: _17921_ (rising edge-triggered flip-flop clocked by clk)
Path Group: clk
Path Type: min

Fanout     Cap    Slew   Delay    Time   Description
-----------------------------------------------------------------------------
                  0.00    0.00    0.00   clock clk (rise edge)
                          0.00    0.00   clock network delay (ideal)
                  0.00    0.00    0.00 ^ _17919_/CLK (sky130_fd_sc_hd__dfrtp_2)
                  0.04    0.29    0.29 ^ _17919_/Q (sky130_fd_sc_hd__dfrtp_2)
     1    0.00                           rv151.soc.bspi.b2o.wrg[0][0] (net)
                  0.04    0.00    0.29 ^ _17921_/D (sky130_fd_sc_hd__dfrtp_2)
                                  0.29   data arrival time

                  0.00    0.00    0.00   clock clk (rise edge)
                          0.00    0.00   clock network delay (ideal)
                          0.00    0.00   clock reconvergence pessimism
                                  0.00 ^ _17921_/CLK (sky130_fd_sc_hd__dfrtp_2)
                         -0.04   -0.04   library hold time
                                 -0.04   data required time
-----------------------------------------------------------------------------
                                 -0.04   data required time
                                 -0.29   data arrival time
-----------------------------------------------------------------------------
                                  0.33   slack (MET)


Startpoint: _17920_ (rising edge-triggered flip-flop clocked by clk)
Endpoint: _17922_ (rising edge-triggered flip-flop clocked by clk)
Path Group: clk
Path Type: min

Fanout     Cap    Slew   Delay    Time   Description
-----------------------------------------------------------------------------
                  0.00    0.00    0.00   clock clk (rise edge)
                          0.00    0.00   clock network delay (ideal)
                  0.00    0.00    0.00 ^ _17920_/CLK (sky130_fd_sc_hd__dfrtp_2)
                  0.04    0.29    0.29 ^ _17920_/Q (sky130_fd_sc_hd__dfrtp_2)
     1    0.00                           rv151.soc.bspi.b2o.wrg[0][1] (net)
                  0.04    0.00    0.29 ^ _17922_/D (sky130_fd_sc_hd__dfrtp_2)
                                  0.29   data arrival time

                  0.00    0.00    0.00   clock clk (rise edge)
                          0.00    0.00   clock network delay (ideal)
                          0.00    0.00   clock reconvergence pessimism
                                  0.00 ^ _17922_/CLK (sky130_fd_sc_hd__dfrtp_2)
                         -0.04   -0.04   library hold time
                                 -0.04   data required time
-----------------------------------------------------------------------------
                                 -0.04   data required time
                                 -0.29   data arrival time
-----------------------------------------------------------------------------
                                  0.33   slack (MET)


Startpoint: _18021_ (rising edge-triggered flip-flop clocked by clk)
Endpoint: _18023_ (rising edge-triggered flip-flop clocked by clk)
Path Group: clk
Path Type: min

Fanout     Cap    Slew   Delay    Time   Description
-----------------------------------------------------------------------------
                  0.00    0.00    0.00   clock clk (rise edge)
                          0.00    0.00   clock network delay (ideal)
                  0.00    0.00    0.00 ^ _18021_/CLK (sky130_fd_sc_hd__dfrtp_2)
                  0.04    0.29    0.29 ^ _18021_/Q (sky130_fd_sc_hd__dfrtp_2)
     1    0.00                           rv151.soc.bspi.o2b.rwg[0][0] (net)
                  0.04    0.00    0.29 ^ _18023_/D (sky130_fd_sc_hd__dfrtp_2)
                                  0.29   data arrival time

                  0.00    0.00    0.00   clock clk (rise edge)
                          0.00    0.00   clock network delay (ideal)
                          0.00    0.00   clock reconvergence pessimism
                                  0.00 ^ _18023_/CLK (sky130_fd_sc_hd__dfrtp_2)
                         -0.04   -0.04   library hold time
                                 -0.04   data required time
-----------------------------------------------------------------------------
                                 -0.04   data required time
                                 -0.29   data arrival time
-----------------------------------------------------------------------------
                                  0.33   slack (MET)


Startpoint: _17856_ (rising edge-triggered flip-flop clocked by ick)
Endpoint: _17793_ (rising edge-triggered flip-flop clocked by ick)
Path Group: ick
Path Type: min

Fanout     Cap    Slew   Delay    Time   Description
-----------------------------------------------------------------------------
                  0.00    0.00    0.00   clock ick (rise edge)
                          0.00    0.00   clock network delay (ideal)
                  0.00    0.00    0.00 ^ _17856_/CLK (sky130_fd_sc_hd__dfrtp_2)
                  0.04    0.29    0.29 ^ _17856_/Q (sky130_fd_sc_hd__dfrtp_2)
     1    0.00                           rv151.soc.bcf_sr[0] (net)
                  0.04    0.00    0.29 ^ _17793_/D (sky130_fd_sc_hd__dfrtp_2)
                                  0.29   data arrival time

                  0.00    0.00    0.00   clock ick (rise edge)
                          0.00    0.00   clock network delay (ideal)
                          0.00    0.00   clock reconvergence pessimism
                                  0.00 ^ _17793_/CLK (sky130_fd_sc_hd__dfrtp_2)
                         -0.04   -0.04   library hold time
                                 -0.04   data required time
-----------------------------------------------------------------------------
                                 -0.04   data required time
                                 -0.29   data arrival time
-----------------------------------------------------------------------------
                                  0.33   slack (MET)


Startpoint: _17857_ (rising edge-triggered flip-flop clocked by ick)
Endpoint: _17858_ (rising edge-triggered flip-flop clocked by ick)
Path Group: ick
Path Type: min

Fanout     Cap    Slew   Delay    Time   Description
-----------------------------------------------------------------------------
                  0.00    0.00    0.00   clock ick (rise edge)
                          0.00    0.00   clock network delay (ideal)
                  0.00    0.00    0.00 ^ _17857_/CLK (sky130_fd_sc_hd__dfrtp_2)
                  0.04    0.29    0.29 ^ _17857_/Q (sky130_fd_sc_hd__dfrtp_2)
     1    0.00                           rv151.soc.bspi.bif.scs[0] (net)
                  0.04    0.00    0.29 ^ _17858_/D (sky130_fd_sc_hd__dfrtp_2)
                                  0.29   data arrival time

                  0.00    0.00    0.00   clock ick (rise edge)
                          0.00    0.00   clock network delay (ideal)
                          0.00    0.00   clock reconvergence pessimism
                                  0.00 ^ _17858_/CLK (sky130_fd_sc_hd__dfrtp_2)
                         -0.04   -0.04   library hold time
                                 -0.04   data required time
-----------------------------------------------------------------------------
                                 -0.04   data required time
                                 -0.29   data arrival time
-----------------------------------------------------------------------------
                                  0.33   slack (MET)


Startpoint: _17919_ (rising edge-triggered flip-flop clocked by ick)
Endpoint: _17921_ (rising edge-triggered flip-flop clocked by ick)
Path Group: ick
Path Type: min

Fanout     Cap    Slew   Delay    Time   Description
-----------------------------------------------------------------------------
                  0.00    0.00    0.00   clock ick (rise edge)
                          0.00    0.00   clock network delay (ideal)
                  0.00    0.00    0.00 ^ _17919_/CLK (sky130_fd_sc_hd__dfrtp_2)
                  0.04    0.29    0.29 ^ _17919_/Q (sky130_fd_sc_hd__dfrtp_2)
     1    0.00                           rv151.soc.bspi.b2o.wrg[0][0] (net)
                  0.04    0.00    0.29 ^ _17921_/D (sky130_fd_sc_hd__dfrtp_2)
                                  0.29   data arrival time

                  0.00    0.00    0.00   clock ick (rise edge)
                          0.00    0.00   clock network delay (ideal)
                          0.00    0.00   clock reconvergence pessimism
                                  0.00 ^ _17921_/CLK (sky130_fd_sc_hd__dfrtp_2)
                         -0.04   -0.04   library hold time
                                 -0.04   data required time
-----------------------------------------------------------------------------
                                 -0.04   data required time
                                 -0.29   data arrival time
-----------------------------------------------------------------------------
                                  0.33   slack (MET)


Startpoint: _17920_ (rising edge-triggered flip-flop clocked by ick)
Endpoint: _17922_ (rising edge-triggered flip-flop clocked by ick)
Path Group: ick
Path Type: min

Fanout     Cap    Slew   Delay    Time   Description
-----------------------------------------------------------------------------
                  0.00    0.00    0.00   clock ick (rise edge)
                          0.00    0.00   clock network delay (ideal)
                  0.00    0.00    0.00 ^ _17920_/CLK (sky130_fd_sc_hd__dfrtp_2)
                  0.04    0.29    0.29 ^ _17920_/Q (sky130_fd_sc_hd__dfrtp_2)
     1    0.00                           rv151.soc.bspi.b2o.wrg[0][1] (net)
                  0.04    0.00    0.29 ^ _17922_/D (sky130_fd_sc_hd__dfrtp_2)
                                  0.29   data arrival time

                  0.00    0.00    0.00   clock ick (rise edge)
                          0.00    0.00   clock network delay (ideal)
                          0.00    0.00   clock reconvergence pessimism
                                  0.00 ^ _17922_/CLK (sky130_fd_sc_hd__dfrtp_2)
                         -0.04   -0.04   library hold time
                                 -0.04   data required time
-----------------------------------------------------------------------------
                                 -0.04   data required time
                                 -0.29   data arrival time
-----------------------------------------------------------------------------
                                  0.33   slack (MET)


Startpoint: _18021_ (rising edge-triggered flip-flop clocked by ick)
Endpoint: _18023_ (rising edge-triggered flip-flop clocked by ick)
Path Group: ick
Path Type: min

Fanout     Cap    Slew   Delay    Time   Description
-----------------------------------------------------------------------------
                  0.00    0.00    0.00   clock ick (rise edge)
                          0.00    0.00   clock network delay (ideal)
                  0.00    0.00    0.00 ^ _18021_/CLK (sky130_fd_sc_hd__dfrtp_2)
                  0.04    0.29    0.29 ^ _18021_/Q (sky130_fd_sc_hd__dfrtp_2)
     1    0.00                           rv151.soc.bspi.o2b.rwg[0][0] (net)
                  0.04    0.00    0.29 ^ _18023_/D (sky130_fd_sc_hd__dfrtp_2)
                                  0.29   data arrival time

                  0.00    0.00    0.00   clock ick (rise edge)
                          0.00    0.00   clock network delay (ideal)
                          0.00    0.00   clock reconvergence pessimism
                                  0.00 ^ _18023_/CLK (sky130_fd_sc_hd__dfrtp_2)
                         -0.04   -0.04   library hold time
                                 -0.04   data required time
-----------------------------------------------------------------------------
                                 -0.04   data required time
                                 -0.29   data arrival time
-----------------------------------------------------------------------------
                                  0.33   slack (MET)


Startpoint: _17899_ (rising edge-triggered flip-flop clocked by sck)
Endpoint: _17901_ (rising edge-triggered flip-flop clocked by sck)
Path Group: sck
Path Type: min

Fanout     Cap    Slew   Delay    Time   Description
-----------------------------------------------------------------------------
                  0.00    0.00    0.00   clock sck (rise edge)
                          0.00    0.00   clock network delay (ideal)
                  0.00    0.00    0.00 ^ _17899_/CLK (sky130_fd_sc_hd__dfrtp_2)
                  0.04    0.29    0.29 ^ _17899_/Q (sky130_fd_sc_hd__dfrtp_2)
     1    0.00                           rv151.soc.bspi.b2o.rwg[0][0] (net)
                  0.04    0.00    0.29 ^ _17901_/D (sky130_fd_sc_hd__dfrtp_2)
                                  0.29   data arrival time

                  0.00    0.00    0.00   clock sck (rise edge)
                          0.00    0.00   clock network delay (ideal)
                          0.00    0.00   clock reconvergence pessimism
                                  0.00 ^ _17901_/CLK (sky130_fd_sc_hd__dfrtp_2)
                         -0.04   -0.04   library hold time
                                 -0.04   data required time
-----------------------------------------------------------------------------
                                 -0.04   data required time
                                 -0.29   data arrival time
-----------------------------------------------------------------------------
                                  0.33   slack (MET)


Startpoint: _17900_ (rising edge-triggered flip-flop clocked by sck)
Endpoint: _17902_ (rising edge-triggered flip-flop clocked by sck)
Path Group: sck
Path Type: min

Fanout     Cap    Slew   Delay    Time   Description
-----------------------------------------------------------------------------
                  0.00    0.00    0.00   clock sck (rise edge)
                          0.00    0.00   clock network delay (ideal)
                  0.00    0.00    0.00 ^ _17900_/CLK (sky130_fd_sc_hd__dfrtp_2)
                  0.04    0.29    0.29 ^ _17900_/Q (sky130_fd_sc_hd__dfrtp_2)
     1    0.00                           rv151.soc.bspi.b2o.rwg[0][1] (net)
                  0.04    0.00    0.29 ^ _17902_/D (sky130_fd_sc_hd__dfrtp_2)
                                  0.29   data arrival time

                  0.00    0.00    0.00   clock sck (rise edge)
                          0.00    0.00   clock network delay (ideal)
                          0.00    0.00   clock reconvergence pessimism
                                  0.00 ^ _17902_/CLK (sky130_fd_sc_hd__dfrtp_2)
                         -0.04   -0.04   library hold time
                                 -0.04   data required time
-----------------------------------------------------------------------------
                                 -0.04   data required time
                                 -0.29   data arrival time
-----------------------------------------------------------------------------
                                  0.33   slack (MET)


Startpoint: _18027_ (rising edge-triggered flip-flop clocked by sck)
Endpoint: _18029_ (rising edge-triggered flip-flop clocked by sck)
Path Group: sck
Path Type: min

Fanout     Cap    Slew   Delay    Time   Description
-----------------------------------------------------------------------------
                  0.00    0.00    0.00   clock sck (rise edge)
                          0.00    0.00   clock network delay (ideal)
                  0.00    0.00    0.00 ^ _18027_/CLK (sky130_fd_sc_hd__dfrtp_2)
                  0.04    0.29    0.29 ^ _18027_/Q (sky130_fd_sc_hd__dfrtp_2)
     1    0.00                           rv151.soc.bspi.o2b.wrg[0][0] (net)
                  0.04    0.00    0.29 ^ _18029_/D (sky130_fd_sc_hd__dfrtp_2)
                                  0.29   data arrival time

                  0.00    0.00    0.00   clock sck (rise edge)
                          0.00    0.00   clock network delay (ideal)
                          0.00    0.00   clock reconvergence pessimism
                                  0.00 ^ _18029_/CLK (sky130_fd_sc_hd__dfrtp_2)
                         -0.04   -0.04   library hold time
                                 -0.04   data required time
-----------------------------------------------------------------------------
                                 -0.04   data required time
                                 -0.29   data arrival time
-----------------------------------------------------------------------------
                                  0.33   slack (MET)


Startpoint: _18028_ (rising edge-triggered flip-flop clocked by sck)
Endpoint: _18030_ (rising edge-triggered flip-flop clocked by sck)
Path Group: sck
Path Type: min

Fanout     Cap    Slew   Delay    Time   Description
-----------------------------------------------------------------------------
                  0.00    0.00    0.00   clock sck (rise edge)
                          0.00    0.00   clock network delay (ideal)
                  0.00    0.00    0.00 ^ _18028_/CLK (sky130_fd_sc_hd__dfrtp_2)
                  0.04    0.29    0.29 ^ _18028_/Q (sky130_fd_sc_hd__dfrtp_2)
     1    0.00                           rv151.soc.bspi.o2b.wrg[0][1] (net)
                  0.04    0.00    0.29 ^ _18030_/D (sky130_fd_sc_hd__dfrtp_2)
                                  0.29   data arrival time

                  0.00    0.00    0.00   clock sck (rise edge)
                          0.00    0.00   clock network delay (ideal)
                          0.00    0.00   clock reconvergence pessimism
                                  0.00 ^ _18030_/CLK (sky130_fd_sc_hd__dfrtp_2)
                         -0.04   -0.04   library hold time
                                 -0.04   data required time
-----------------------------------------------------------------------------
                                 -0.04   data required time
                                 -0.29   data arrival time
-----------------------------------------------------------------------------
                                  0.33   slack (MET)


Startpoint: _18573_ (rising edge-triggered flip-flop clocked by sck)
Endpoint: _18573_ (rising edge-triggered flip-flop clocked by sck)
Path Group: sck
Path Type: min

Fanout     Cap    Slew   Delay    Time   Description
-----------------------------------------------------------------------------
                  0.00    0.00    0.00   clock sck (rise edge)
                          0.00    0.00   clock network delay (ideal)
                  0.00    0.00    0.00 ^ _18573_/CLK (sky130_fd_sc_hd__dfrtp_2)
                  0.09    0.35    0.35 ^ _18573_/Q (sky130_fd_sc_hd__dfrtp_2)
     3    0.02                           rv151.soc.bspi.oif.bct[2] (net)
                  0.09    0.00    0.35 ^ _08500_/A (sky130_fd_sc_hd__xor2_2)
                  0.03    0.06    0.41 v _08500_/X (sky130_fd_sc_hd__xor2_2)
     1    0.00                           _01708_ (net)
                  0.03    0.00    0.41 v _18573_/D (sky130_fd_sc_hd__dfrtp_2)
                                  0.41   data arrival time

                  0.00    0.00    0.00   clock sck (rise edge)
                          0.00    0.00   clock network delay (ideal)
                          0.00    0.00   clock reconvergence pessimism
                                  0.00 ^ _18573_/CLK (sky130_fd_sc_hd__dfrtp_2)
                         -0.05   -0.05   library hold time
                                 -0.05   data required time
-----------------------------------------------------------------------------
                                 -0.05   data required time
                                 -0.41   data arrival time
-----------------------------------------------------------------------------
                                  0.46   slack (MET)


