
===========================================================================
report_checks -path_delay max (Setup)
============================================================================
Startpoint: io_in[17] (input port clocked by clk)
Endpoint: _17542_ (recovery check against rising-edge clock clk)
Path Group: **async_default**
Path Type: max

Fanout     Cap    Slew   Delay    Time   Description
-----------------------------------------------------------------------------
                  0.00    0.00    0.00   clock clk (rise edge)
                          0.00    0.00   clock network delay (ideal)
                         30.00   30.00 ^ input external delay
                  0.00    0.00   30.00 ^ io_in[17] (in)
     1    0.01                           io_in[17] (net)
                  0.00    0.00   30.00 ^ input4/A (sky130_fd_sc_hd__buf_12)
                  0.24    0.21   30.21 ^ input4/X (sky130_fd_sc_hd__buf_12)
     3    0.24                           net4 (net)
                  0.24    0.02   30.23 ^ _12893_/B_N (sky130_fd_sc_hd__or2b_4)
                  0.18    0.45   30.68 v _12893_/X (sky130_fd_sc_hd__or2b_4)
     1    0.12                           _07332_ (net)
                  0.23    0.08   30.76 v _12894_/B1 (sky130_fd_sc_hd__o21a_2)
                  0.09    0.26   31.02 v _12894_/X (sky130_fd_sc_hd__o21a_2)
     1    0.02                           _07333_ (net)
                  0.09    0.00   31.02 v _12895_/A (sky130_fd_sc_hd__clkbuf_4)
                  0.09    0.22   31.24 v _12895_/X (sky130_fd_sc_hd__clkbuf_4)
     6    0.04                           _07334_ (net)
                  0.09    0.00   31.24 v _13993_/A (sky130_fd_sc_hd__buf_2)
                  0.09    0.21   31.45 v _13993_/X (sky130_fd_sc_hd__buf_2)
    10    0.03                           _08045_ (net)
                  0.09    0.00   31.45 v _13994_/A (sky130_fd_sc_hd__clkbuf_4)
                  0.10    0.22   31.67 v _13994_/X (sky130_fd_sc_hd__clkbuf_4)
    10    0.04                           _08046_ (net)
                  0.10    0.00   31.68 v _13995_/A (sky130_fd_sc_hd__clkbuf_8)
                  0.08    0.21   31.89 v _13995_/X (sky130_fd_sc_hd__clkbuf_8)
    10    0.06                           _08047_ (net)
                  0.08    0.00   31.89 v _15174_/A (sky130_fd_sc_hd__inv_2)
                  0.04    0.06   31.95 ^ _15174_/Y (sky130_fd_sc_hd__inv_2)
     1    0.00                           _00194_ (net)
                  0.04    0.00   31.95 ^ _17542_/SET_B (sky130_fd_sc_hd__dfstp_1)
                                 31.95   data arrival time

                  0.00  100.00  100.00   clock clk (rise edge)
                          0.00  100.00   clock network delay (ideal)
                          0.00  100.00   clock reconvergence pessimism
                                100.00 ^ _17542_/CLK (sky130_fd_sc_hd__dfstp_1)
                          0.13  100.13   library recovery time
                                100.13   data required time
-----------------------------------------------------------------------------
                                100.13   data required time
                                -31.95   data arrival time
-----------------------------------------------------------------------------
                                 68.17   slack (MET)


Startpoint: io_in[17] (input port clocked by clk)
Endpoint: _17112_ (recovery check against rising-edge clock clk)
Path Group: **async_default**
Path Type: max

Fanout     Cap    Slew   Delay    Time   Description
-----------------------------------------------------------------------------
                  0.00    0.00    0.00   clock clk (rise edge)
                          0.00    0.00   clock network delay (ideal)
                         30.00   30.00 ^ input external delay
                  0.00    0.00   30.00 ^ io_in[17] (in)
     1    0.01                           io_in[17] (net)
                  0.00    0.00   30.00 ^ input4/A (sky130_fd_sc_hd__buf_12)
                  0.24    0.21   30.21 ^ input4/X (sky130_fd_sc_hd__buf_12)
     3    0.24                           net4 (net)
                  0.24    0.02   30.23 ^ _12893_/B_N (sky130_fd_sc_hd__or2b_4)
                  0.18    0.45   30.68 v _12893_/X (sky130_fd_sc_hd__or2b_4)
     1    0.12                           _07332_ (net)
                  0.23    0.08   30.76 v _12894_/B1 (sky130_fd_sc_hd__o21a_2)
                  0.09    0.26   31.02 v _12894_/X (sky130_fd_sc_hd__o21a_2)
     1    0.02                           _07333_ (net)
                  0.09    0.00   31.02 v _12895_/A (sky130_fd_sc_hd__clkbuf_4)
                  0.09    0.22   31.24 v _12895_/X (sky130_fd_sc_hd__clkbuf_4)
     6    0.04                           _07334_ (net)
                  0.09    0.00   31.24 v _13993_/A (sky130_fd_sc_hd__buf_2)
                  0.09    0.21   31.45 v _13993_/X (sky130_fd_sc_hd__buf_2)
    10    0.03                           _08045_ (net)
                  0.09    0.00   31.45 v _13994_/A (sky130_fd_sc_hd__clkbuf_4)
                  0.10    0.22   31.67 v _13994_/X (sky130_fd_sc_hd__clkbuf_4)
    10    0.04                           _08046_ (net)
                  0.10    0.00   31.68 v _13995_/A (sky130_fd_sc_hd__clkbuf_8)
                  0.08    0.21   31.89 v _13995_/X (sky130_fd_sc_hd__clkbuf_8)
    10    0.06                           _08047_ (net)
                  0.08    0.00   31.89 v _14046_/A (sky130_fd_sc_hd__inv_2)
                  0.03    0.06   31.95 ^ _14046_/Y (sky130_fd_sc_hd__inv_2)
     1    0.00                           _00191_ (net)
                  0.03    0.00   31.95 ^ _17112_/SET_B (sky130_fd_sc_hd__dfstp_1)
                                 31.95   data arrival time

                  0.00  100.00  100.00   clock clk (rise edge)
                          0.00  100.00   clock network delay (ideal)
                          0.00  100.00   clock reconvergence pessimism
                                100.00 ^ _17112_/CLK (sky130_fd_sc_hd__dfstp_1)
                          0.13  100.13   library recovery time
                                100.13   data required time
-----------------------------------------------------------------------------
                                100.13   data required time
                                -31.95   data arrival time
-----------------------------------------------------------------------------
                                 68.17   slack (MET)


Startpoint: io_in[17] (input port clocked by clk)
Endpoint: _17576_ (recovery check against rising-edge clock clk)
Path Group: **async_default**
Path Type: max

Fanout     Cap    Slew   Delay    Time   Description
-----------------------------------------------------------------------------
                  0.00    0.00    0.00   clock clk (rise edge)
                          0.00    0.00   clock network delay (ideal)
                         30.00   30.00 ^ input external delay
                  0.00    0.00   30.00 ^ io_in[17] (in)
     1    0.01                           io_in[17] (net)
                  0.00    0.00   30.00 ^ input4/A (sky130_fd_sc_hd__buf_12)
                  0.24    0.21   30.21 ^ input4/X (sky130_fd_sc_hd__buf_12)
     3    0.24                           net4 (net)
                  0.24    0.02   30.23 ^ _12893_/B_N (sky130_fd_sc_hd__or2b_4)
                  0.18    0.45   30.68 v _12893_/X (sky130_fd_sc_hd__or2b_4)
     1    0.12                           _07332_ (net)
                  0.23    0.08   30.76 v _12894_/B1 (sky130_fd_sc_hd__o21a_2)
                  0.09    0.26   31.02 v _12894_/X (sky130_fd_sc_hd__o21a_2)
     1    0.02                           _07333_ (net)
                  0.09    0.00   31.02 v _12895_/A (sky130_fd_sc_hd__clkbuf_4)
                  0.09    0.22   31.24 v _12895_/X (sky130_fd_sc_hd__clkbuf_4)
     6    0.04                           _07334_ (net)
                  0.09    0.00   31.24 v _13993_/A (sky130_fd_sc_hd__buf_2)
                  0.09    0.21   31.45 v _13993_/X (sky130_fd_sc_hd__buf_2)
    10    0.03                           _08045_ (net)
                  0.09    0.00   31.45 v _13994_/A (sky130_fd_sc_hd__clkbuf_4)
                  0.10    0.22   31.67 v _13994_/X (sky130_fd_sc_hd__clkbuf_4)
    10    0.04                           _08046_ (net)
                  0.10    0.00   31.68 v _15201_/A (sky130_fd_sc_hd__buf_4)
                  0.08    0.22   31.90 v _15201_/X (sky130_fd_sc_hd__buf_4)
    10    0.05                           _02197_ (net)
                  0.08    0.00   31.90 v _15211_/A (sky130_fd_sc_hd__inv_2)
                  0.03    0.06   31.96 ^ _15211_/Y (sky130_fd_sc_hd__inv_2)
     1    0.00                           _00228_ (net)
                  0.03    0.00   31.96 ^ _17576_/RESET_B (sky130_fd_sc_hd__dfrtp_2)
                                 31.96   data arrival time

                  0.00  100.00  100.00   clock clk (rise edge)
                          0.00  100.00   clock network delay (ideal)
                          0.00  100.00   clock reconvergence pessimism
                                100.00 ^ _17576_/CLK (sky130_fd_sc_hd__dfrtp_2)
                          0.21  100.21   library recovery time
                                100.21   data required time
-----------------------------------------------------------------------------
                                100.21   data required time
                                -31.96   data arrival time
-----------------------------------------------------------------------------
                                 68.25   slack (MET)


Startpoint: io_in[17] (input port clocked by clk)
Endpoint: _17575_ (recovery check against rising-edge clock clk)
Path Group: **async_default**
Path Type: max

Fanout     Cap    Slew   Delay    Time   Description
-----------------------------------------------------------------------------
                  0.00    0.00    0.00   clock clk (rise edge)
                          0.00    0.00   clock network delay (ideal)
                         30.00   30.00 ^ input external delay
                  0.00    0.00   30.00 ^ io_in[17] (in)
     1    0.01                           io_in[17] (net)
                  0.00    0.00   30.00 ^ input4/A (sky130_fd_sc_hd__buf_12)
                  0.24    0.21   30.21 ^ input4/X (sky130_fd_sc_hd__buf_12)
     3    0.24                           net4 (net)
                  0.24    0.02   30.23 ^ _12893_/B_N (sky130_fd_sc_hd__or2b_4)
                  0.18    0.45   30.68 v _12893_/X (sky130_fd_sc_hd__or2b_4)
     1    0.12                           _07332_ (net)
                  0.23    0.08   30.76 v _12894_/B1 (sky130_fd_sc_hd__o21a_2)
                  0.09    0.26   31.02 v _12894_/X (sky130_fd_sc_hd__o21a_2)
     1    0.02                           _07333_ (net)
                  0.09    0.00   31.02 v _12895_/A (sky130_fd_sc_hd__clkbuf_4)
                  0.09    0.22   31.24 v _12895_/X (sky130_fd_sc_hd__clkbuf_4)
     6    0.04                           _07334_ (net)
                  0.09    0.00   31.24 v _13993_/A (sky130_fd_sc_hd__buf_2)
                  0.09    0.21   31.45 v _13993_/X (sky130_fd_sc_hd__buf_2)
    10    0.03                           _08045_ (net)
                  0.09    0.00   31.45 v _13994_/A (sky130_fd_sc_hd__clkbuf_4)
                  0.10    0.22   31.67 v _13994_/X (sky130_fd_sc_hd__clkbuf_4)
    10    0.04                           _08046_ (net)
                  0.10    0.00   31.68 v _15201_/A (sky130_fd_sc_hd__buf_4)
                  0.08    0.22   31.90 v _15201_/X (sky130_fd_sc_hd__buf_4)
    10    0.05                           _02197_ (net)
                  0.08    0.00   31.90 v _15210_/A (sky130_fd_sc_hd__inv_2)
                  0.03    0.06   31.96 ^ _15210_/Y (sky130_fd_sc_hd__inv_2)
     1    0.00                           _00227_ (net)
                  0.03    0.00   31.96 ^ _17575_/RESET_B (sky130_fd_sc_hd__dfrtp_2)
                                 31.96   data arrival time

                  0.00  100.00  100.00   clock clk (rise edge)
                          0.00  100.00   clock network delay (ideal)
                          0.00  100.00   clock reconvergence pessimism
                                100.00 ^ _17575_/CLK (sky130_fd_sc_hd__dfrtp_2)
                          0.21  100.21   library recovery time
                                100.21   data required time
-----------------------------------------------------------------------------
                                100.21   data required time
                                -31.96   data arrival time
-----------------------------------------------------------------------------
                                 68.25   slack (MET)


Startpoint: io_in[17] (input port clocked by clk)
Endpoint: _17109_ (recovery check against rising-edge clock clk)
Path Group: **async_default**
Path Type: max

Fanout     Cap    Slew   Delay    Time   Description
-----------------------------------------------------------------------------
                  0.00    0.00    0.00   clock clk (rise edge)
                          0.00    0.00   clock network delay (ideal)
                         30.00   30.00 ^ input external delay
                  0.00    0.00   30.00 ^ io_in[17] (in)
     1    0.01                           io_in[17] (net)
                  0.00    0.00   30.00 ^ input4/A (sky130_fd_sc_hd__buf_12)
                  0.24    0.21   30.21 ^ input4/X (sky130_fd_sc_hd__buf_12)
     3    0.24                           net4 (net)
                  0.24    0.02   30.23 ^ _12893_/B_N (sky130_fd_sc_hd__or2b_4)
                  0.18    0.45   30.68 v _12893_/X (sky130_fd_sc_hd__or2b_4)
     1    0.12                           _07332_ (net)
                  0.23    0.08   30.76 v _12894_/B1 (sky130_fd_sc_hd__o21a_2)
                  0.09    0.26   31.02 v _12894_/X (sky130_fd_sc_hd__o21a_2)
     1    0.02                           _07333_ (net)
                  0.09    0.00   31.02 v _12895_/A (sky130_fd_sc_hd__clkbuf_4)
                  0.09    0.22   31.24 v _12895_/X (sky130_fd_sc_hd__clkbuf_4)
     6    0.04                           _07334_ (net)
                  0.09    0.00   31.24 v _13993_/A (sky130_fd_sc_hd__buf_2)
                  0.09    0.21   31.45 v _13993_/X (sky130_fd_sc_hd__buf_2)
    10    0.03                           _08045_ (net)
                  0.09    0.00   31.45 v _13994_/A (sky130_fd_sc_hd__clkbuf_4)
                  0.10    0.22   31.67 v _13994_/X (sky130_fd_sc_hd__clkbuf_4)
    10    0.04                           _08046_ (net)
                  0.10    0.00   31.68 v _13995_/A (sky130_fd_sc_hd__clkbuf_8)
                  0.08    0.21   31.89 v _13995_/X (sky130_fd_sc_hd__clkbuf_8)
    10    0.06                           _08047_ (net)
                  0.08    0.00   31.89 v _13997_/A (sky130_fd_sc_hd__inv_2)
                  0.03    0.06   31.95 ^ _13997_/Y (sky130_fd_sc_hd__inv_2)
     1    0.00                           _00190_ (net)
                  0.03    0.00   31.95 ^ _17109_/RESET_B (sky130_fd_sc_hd__dfrtp_4)
                                 31.95   data arrival time

                  0.00  100.00  100.00   clock clk (rise edge)
                          0.00  100.00   clock network delay (ideal)
                          0.00  100.00   clock reconvergence pessimism
                                100.00 ^ _17109_/CLK (sky130_fd_sc_hd__dfrtp_4)
                          0.21  100.21   library recovery time
                                100.21   data required time
-----------------------------------------------------------------------------
                                100.21   data required time
                                -31.95   data arrival time
-----------------------------------------------------------------------------
                                 68.25   slack (MET)


Startpoint: rv151.soc.dmem0 (falling edge-triggered flip-flop clocked by clk)
Endpoint: _17727_ (rising edge-triggered flip-flop clocked by clk)
Path Group: clk
Path Type: max

Fanout     Cap    Slew   Delay    Time   Description
-----------------------------------------------------------------------------
                  0.00   50.00   50.00   clock clk (fall edge)
                          0.00   50.00   clock network delay (ideal)
                  0.00    0.00   50.00 v rv151.soc.dmem0/clk0 (sky130_sram_2kbyte_1rw1r_32x512_8)
                  0.01    0.44   50.44 v rv151.soc.dmem0/dout0[30] (sky130_sram_2kbyte_1rw1r_32x512_8)
     1    0.01                           rv151.soc.dmem_dout0[0][30] (net)
                  0.00    0.00   50.44 v wire372/A (sky130_fd_sc_hd__clkbuf_2)
                  0.08    0.14   50.58 v wire372/X (sky130_fd_sc_hd__clkbuf_2)
     1    0.02                           net372 (net)
                  0.08    0.00   50.58 v wire371/A (sky130_fd_sc_hd__clkbuf_2)
                  0.09    0.18   50.76 v wire371/X (sky130_fd_sc_hd__clkbuf_2)
     1    0.02                           net371 (net)
                  0.09    0.00   50.76 v wire370/A (sky130_fd_sc_hd__buf_4)
                  0.05    0.18   50.94 v wire370/X (sky130_fd_sc_hd__buf_4)
     1    0.02                           net370 (net)
                  0.05    0.00   50.95 v wire369/A (sky130_fd_sc_hd__buf_6)
                  0.03    0.13   51.08 v wire369/X (sky130_fd_sc_hd__buf_6)
     1    0.02                           net369 (net)
                  0.03    0.00   51.08 v wire368/A (sky130_fd_sc_hd__buf_6)
                  0.03    0.13   51.21 v wire368/X (sky130_fd_sc_hd__buf_6)
     1    0.02                           net368 (net)
                  0.04    0.00   51.21 v _13798_/A1 (sky130_fd_sc_hd__mux2_1)
                  0.06    0.31   51.52 v _13798_/X (sky130_fd_sc_hd__mux2_1)
     1    0.00                           _07941_ (net)
                  0.06    0.00   51.52 v _13799_/A (sky130_fd_sc_hd__clkbuf_1)
                  0.03    0.10   51.62 v _13799_/X (sky130_fd_sc_hd__clkbuf_1)
     1    0.00                           _00090_ (net)
                  0.03    0.00   51.62 v _17727_/D (sky130_fd_sc_hd__dfxtp_2)
                                 51.62   data arrival time

                  0.00  100.00  100.00   clock clk (rise edge)
                          0.00  100.00   clock network delay (ideal)
                          0.00  100.00   clock reconvergence pessimism
                                100.00 ^ _17727_/CLK (sky130_fd_sc_hd__dfxtp_2)
                         -0.12   99.88   library setup time
                                 99.88   data required time
-----------------------------------------------------------------------------
                                 99.88   data required time
                                -51.62   data arrival time
-----------------------------------------------------------------------------
                                 48.26   slack (MET)


Startpoint: rv151.soc.dmem0 (falling edge-triggered flip-flop clocked by clk)
Endpoint: _17728_ (rising edge-triggered flip-flop clocked by clk)
Path Group: clk
Path Type: max

Fanout     Cap    Slew   Delay    Time   Description
-----------------------------------------------------------------------------
                  0.00   50.00   50.00   clock clk (fall edge)
                          0.00   50.00   clock network delay (ideal)
                  0.00    0.00   50.00 v rv151.soc.dmem0/clk0 (sky130_sram_2kbyte_1rw1r_32x512_8)
                  0.01    0.45   50.45 v rv151.soc.dmem0/dout0[31] (sky130_sram_2kbyte_1rw1r_32x512_8)
     1    0.01                           rv151.soc.dmem_dout0[0][31] (net)
                  0.00    0.00   50.45 v wire367/A (sky130_fd_sc_hd__clkbuf_2)
                  0.08    0.14   50.59 v wire367/X (sky130_fd_sc_hd__clkbuf_2)
     1    0.02                           net367 (net)
                  0.08    0.00   50.59 v wire366/A (sky130_fd_sc_hd__clkbuf_2)
                  0.08    0.18   50.76 v wire366/X (sky130_fd_sc_hd__clkbuf_2)
     1    0.02                           net366 (net)
                  0.08    0.00   50.77 v wire365/A (sky130_fd_sc_hd__buf_4)
                  0.05    0.18   50.95 v wire365/X (sky130_fd_sc_hd__buf_4)
     1    0.02                           net365 (net)
                  0.05    0.00   50.95 v wire364/A (sky130_fd_sc_hd__buf_6)
                  0.03    0.13   51.08 v wire364/X (sky130_fd_sc_hd__buf_6)
     1    0.02                           net364 (net)
                  0.03    0.00   51.09 v wire363/A (sky130_fd_sc_hd__buf_6)
                  0.03    0.13   51.21 v wire363/X (sky130_fd_sc_hd__buf_6)
     1    0.02                           net363 (net)
                  0.03    0.00   51.22 v _13800_/A1 (sky130_fd_sc_hd__mux2_1)
                  0.06    0.30   51.51 v _13800_/X (sky130_fd_sc_hd__mux2_1)
     1    0.00                           _07942_ (net)
                  0.06    0.00   51.51 v _13801_/A (sky130_fd_sc_hd__clkbuf_1)
                  0.03    0.10   51.61 v _13801_/X (sky130_fd_sc_hd__clkbuf_1)
     1    0.00                           _00091_ (net)
                  0.03    0.00   51.61 v _17728_/D (sky130_fd_sc_hd__dfxtp_2)
                                 51.61   data arrival time

                  0.00  100.00  100.00   clock clk (rise edge)
                          0.00  100.00   clock network delay (ideal)
                          0.00  100.00   clock reconvergence pessimism
                                100.00 ^ _17728_/CLK (sky130_fd_sc_hd__dfxtp_2)
                         -0.12   99.88   library setup time
                                 99.88   data required time
-----------------------------------------------------------------------------
                                 99.88   data required time
                                -51.61   data arrival time
-----------------------------------------------------------------------------
                                 48.27   slack (MET)


Startpoint: rv151.soc.dmem0 (falling edge-triggered flip-flop clocked by clk)
Endpoint: _17724_ (rising edge-triggered flip-flop clocked by clk)
Path Group: clk
Path Type: max

Fanout     Cap    Slew   Delay    Time   Description
-----------------------------------------------------------------------------
                  0.00   50.00   50.00   clock clk (fall edge)
                          0.00   50.00   clock network delay (ideal)
                  0.00    0.00   50.00 v rv151.soc.dmem0/clk0 (sky130_sram_2kbyte_1rw1r_32x512_8)
                  0.00    0.43   50.43 v rv151.soc.dmem0/dout0[27] (sky130_sram_2kbyte_1rw1r_32x512_8)
     1    0.01                           rv151.soc.dmem_dout0[0][27] (net)
                  0.00    0.00   50.43 v wire390/A (sky130_fd_sc_hd__clkbuf_2)
                  0.08    0.14   50.57 v wire390/X (sky130_fd_sc_hd__clkbuf_2)
     1    0.02                           net390 (net)
                  0.08    0.00   50.57 v wire389/A (sky130_fd_sc_hd__clkbuf_2)
                  0.10    0.19   50.76 v wire389/X (sky130_fd_sc_hd__clkbuf_2)
     1    0.02                           net389 (net)
                  0.10    0.00   50.76 v wire388/A (sky130_fd_sc_hd__buf_4)
                  0.04    0.18   50.94 v wire388/X (sky130_fd_sc_hd__buf_4)
     1    0.02                           net388 (net)
                  0.04    0.00   50.94 v wire387/A (sky130_fd_sc_hd__buf_6)
                  0.03    0.13   51.07 v wire387/X (sky130_fd_sc_hd__buf_6)
     1    0.02                           net387 (net)
                  0.03    0.00   51.08 v wire386/A (sky130_fd_sc_hd__buf_6)
                  0.03    0.13   51.20 v wire386/X (sky130_fd_sc_hd__buf_6)
     1    0.02                           net386 (net)
                  0.03    0.00   51.21 v _13791_/A1 (sky130_fd_sc_hd__mux2_1)
                  0.06    0.30   51.51 v _13791_/X (sky130_fd_sc_hd__mux2_1)
     1    0.00                           _07937_ (net)
                  0.06    0.00   51.51 v _13792_/A (sky130_fd_sc_hd__clkbuf_1)
                  0.03    0.10   51.61 v _13792_/X (sky130_fd_sc_hd__clkbuf_1)
     1    0.00                           _00086_ (net)
                  0.03    0.00   51.61 v _17724_/D (sky130_fd_sc_hd__dfxtp_2)
                                 51.61   data arrival time

                  0.00  100.00  100.00   clock clk (rise edge)
                          0.00  100.00   clock network delay (ideal)
                          0.00  100.00   clock reconvergence pessimism
                                100.00 ^ _17724_/CLK (sky130_fd_sc_hd__dfxtp_2)
                         -0.12   99.88   library setup time
                                 99.88   data required time
-----------------------------------------------------------------------------
                                 99.88   data required time
                                -51.61   data arrival time
-----------------------------------------------------------------------------
                                 48.28   slack (MET)


Startpoint: rv151.soc.dmem0 (falling edge-triggered flip-flop clocked by clk)
Endpoint: _17726_ (rising edge-triggered flip-flop clocked by clk)
Path Group: clk
Path Type: max

Fanout     Cap    Slew   Delay    Time   Description
-----------------------------------------------------------------------------
                  0.00   50.00   50.00   clock clk (fall edge)
                          0.00   50.00   clock network delay (ideal)
                  0.00    0.00   50.00 v rv151.soc.dmem0/clk0 (sky130_sram_2kbyte_1rw1r_32x512_8)
                  0.00    0.43   50.43 v rv151.soc.dmem0/dout0[29] (sky130_sram_2kbyte_1rw1r_32x512_8)
     1    0.01                           rv151.soc.dmem_dout0[0][29] (net)
                  0.00    0.00   50.43 v wire380/A (sky130_fd_sc_hd__clkbuf_2)
                  0.08    0.14   50.57 v wire380/X (sky130_fd_sc_hd__clkbuf_2)
     1    0.02                           net380 (net)
                  0.08    0.00   50.57 v wire379/A (sky130_fd_sc_hd__clkbuf_2)
                  0.08    0.18   50.75 v wire379/X (sky130_fd_sc_hd__clkbuf_2)
     1    0.02                           net379 (net)
                  0.08    0.00   50.75 v wire378/A (sky130_fd_sc_hd__buf_4)
                  0.05    0.18   50.93 v wire378/X (sky130_fd_sc_hd__buf_4)
     1    0.02                           net378 (net)
                  0.05    0.00   50.93 v wire377/A (sky130_fd_sc_hd__buf_6)
                  0.03    0.13   51.07 v wire377/X (sky130_fd_sc_hd__buf_6)
     1    0.02                           net377 (net)
                  0.03    0.00   51.07 v wire376/A (sky130_fd_sc_hd__buf_6)
                  0.03    0.13   51.20 v wire376/X (sky130_fd_sc_hd__buf_6)
     1    0.02                           net376 (net)
                  0.04    0.00   51.20 v _13796_/A1 (sky130_fd_sc_hd__mux2_1)
                  0.05    0.30   51.50 v _13796_/X (sky130_fd_sc_hd__mux2_1)
     1    0.00                           _07940_ (net)
                  0.05    0.00   51.50 v _13797_/A (sky130_fd_sc_hd__clkbuf_1)
                  0.03    0.09   51.59 v _13797_/X (sky130_fd_sc_hd__clkbuf_1)
     1    0.00                           _00088_ (net)
                  0.03    0.00   51.59 v _17726_/D (sky130_fd_sc_hd__dfxtp_2)
                                 51.59   data arrival time

                  0.00  100.00  100.00   clock clk (rise edge)
                          0.00  100.00   clock network delay (ideal)
                          0.00  100.00   clock reconvergence pessimism
                                100.00 ^ _17726_/CLK (sky130_fd_sc_hd__dfxtp_2)
                         -0.11   99.89   library setup time
                                 99.89   data required time
-----------------------------------------------------------------------------
                                 99.89   data required time
                                -51.59   data arrival time
-----------------------------------------------------------------------------
                                 48.29   slack (MET)


Startpoint: rv151.soc.dmem0 (falling edge-triggered flip-flop clocked by clk)
Endpoint: _17723_ (rising edge-triggered flip-flop clocked by clk)
Path Group: clk
Path Type: max

Fanout     Cap    Slew   Delay    Time   Description
-----------------------------------------------------------------------------
                  0.00   50.00   50.00   clock clk (fall edge)
                          0.00   50.00   clock network delay (ideal)
                  0.00    0.00   50.00 v rv151.soc.dmem0/clk0 (sky130_sram_2kbyte_1rw1r_32x512_8)
                  0.00    0.42   50.42 v rv151.soc.dmem0/dout0[26] (sky130_sram_2kbyte_1rw1r_32x512_8)
     1    0.00                           rv151.soc.dmem_dout0[0][26] (net)
                  0.00    0.00   50.42 v wire395/A (sky130_fd_sc_hd__clkbuf_2)
                  0.08    0.14   50.56 v wire395/X (sky130_fd_sc_hd__clkbuf_2)
     1    0.02                           net395 (net)
                  0.08    0.00   50.56 v wire394/A (sky130_fd_sc_hd__clkbuf_2)
                  0.09    0.18   50.74 v wire394/X (sky130_fd_sc_hd__clkbuf_2)
     1    0.02                           net394 (net)
                  0.09    0.00   50.74 v wire393/A (sky130_fd_sc_hd__buf_4)
                  0.05    0.18   50.92 v wire393/X (sky130_fd_sc_hd__buf_4)
     1    0.02                           net393 (net)
                  0.05    0.00   50.92 v wire392/A (sky130_fd_sc_hd__buf_6)
                  0.03    0.13   51.06 v wire392/X (sky130_fd_sc_hd__buf_6)
     1    0.02                           net392 (net)
                  0.03    0.00   51.06 v wire391/A (sky130_fd_sc_hd__buf_6)
                  0.03    0.13   51.19 v wire391/X (sky130_fd_sc_hd__buf_6)
     1    0.02                           net391 (net)
                  0.03    0.00   51.19 v _13789_/A1 (sky130_fd_sc_hd__mux2_1)
                  0.06    0.30   51.49 v _13789_/X (sky130_fd_sc_hd__mux2_1)
     1    0.00                           _07936_ (net)
                  0.06    0.00   51.49 v _13790_/A (sky130_fd_sc_hd__clkbuf_1)
                  0.02    0.09   51.59 v _13790_/X (sky130_fd_sc_hd__clkbuf_1)
     1    0.00                           _00085_ (net)
                  0.02    0.00   51.59 v _17723_/D (sky130_fd_sc_hd__dfxtp_2)
                                 51.59   data arrival time

                  0.00  100.00  100.00   clock clk (rise edge)
                          0.00  100.00   clock network delay (ideal)
                          0.00  100.00   clock reconvergence pessimism
                                100.00 ^ _17723_/CLK (sky130_fd_sc_hd__dfxtp_2)
                         -0.11   99.89   library setup time
                                 99.89   data required time
-----------------------------------------------------------------------------
                                 99.89   data required time
                                -51.59   data arrival time
-----------------------------------------------------------------------------
                                 48.30   slack (MET)


Startpoint: rv151.soc.dmem0 (falling edge-triggered flip-flop clocked by ick)
Endpoint: _17727_ (rising edge-triggered flip-flop clocked by ick)
Path Group: ick
Path Type: max

Fanout     Cap    Slew   Delay    Time   Description
-----------------------------------------------------------------------------
                  0.00   50.00   50.00   clock ick (fall edge)
                          0.00   50.00   clock network delay (ideal)
                  0.00    0.00   50.00 v rv151.soc.dmem0/clk0 (sky130_sram_2kbyte_1rw1r_32x512_8)
                  0.01    0.44   50.44 v rv151.soc.dmem0/dout0[30] (sky130_sram_2kbyte_1rw1r_32x512_8)
     1    0.01                           rv151.soc.dmem_dout0[0][30] (net)
                  0.00    0.00   50.44 v wire372/A (sky130_fd_sc_hd__clkbuf_2)
                  0.08    0.14   50.58 v wire372/X (sky130_fd_sc_hd__clkbuf_2)
     1    0.02                           net372 (net)
                  0.08    0.00   50.58 v wire371/A (sky130_fd_sc_hd__clkbuf_2)
                  0.09    0.18   50.76 v wire371/X (sky130_fd_sc_hd__clkbuf_2)
     1    0.02                           net371 (net)
                  0.09    0.00   50.76 v wire370/A (sky130_fd_sc_hd__buf_4)
                  0.05    0.18   50.94 v wire370/X (sky130_fd_sc_hd__buf_4)
     1    0.02                           net370 (net)
                  0.05    0.00   50.95 v wire369/A (sky130_fd_sc_hd__buf_6)
                  0.03    0.13   51.08 v wire369/X (sky130_fd_sc_hd__buf_6)
     1    0.02                           net369 (net)
                  0.03    0.00   51.08 v wire368/A (sky130_fd_sc_hd__buf_6)
                  0.03    0.13   51.21 v wire368/X (sky130_fd_sc_hd__buf_6)
     1    0.02                           net368 (net)
                  0.04    0.00   51.21 v _13798_/A1 (sky130_fd_sc_hd__mux2_1)
                  0.06    0.31   51.52 v _13798_/X (sky130_fd_sc_hd__mux2_1)
     1    0.00                           _07941_ (net)
                  0.06    0.00   51.52 v _13799_/A (sky130_fd_sc_hd__clkbuf_1)
                  0.03    0.10   51.62 v _13799_/X (sky130_fd_sc_hd__clkbuf_1)
     1    0.00                           _00090_ (net)
                  0.03    0.00   51.62 v _17727_/D (sky130_fd_sc_hd__dfxtp_2)
                                 51.62   data arrival time

                  0.00  100.00  100.00   clock ick (rise edge)
                          0.00  100.00   clock network delay (ideal)
                          0.00  100.00   clock reconvergence pessimism
                                100.00 ^ _17727_/CLK (sky130_fd_sc_hd__dfxtp_2)
                         -0.12   99.88   library setup time
                                 99.88   data required time
-----------------------------------------------------------------------------
                                 99.88   data required time
                                -51.62   data arrival time
-----------------------------------------------------------------------------
                                 48.26   slack (MET)


Startpoint: rv151.soc.dmem0 (falling edge-triggered flip-flop clocked by ick)
Endpoint: _17728_ (rising edge-triggered flip-flop clocked by ick)
Path Group: ick
Path Type: max

Fanout     Cap    Slew   Delay    Time   Description
-----------------------------------------------------------------------------
                  0.00   50.00   50.00   clock ick (fall edge)
                          0.00   50.00   clock network delay (ideal)
                  0.00    0.00   50.00 v rv151.soc.dmem0/clk0 (sky130_sram_2kbyte_1rw1r_32x512_8)
                  0.01    0.45   50.45 v rv151.soc.dmem0/dout0[31] (sky130_sram_2kbyte_1rw1r_32x512_8)
     1    0.01                           rv151.soc.dmem_dout0[0][31] (net)
                  0.00    0.00   50.45 v wire367/A (sky130_fd_sc_hd__clkbuf_2)
                  0.08    0.14   50.59 v wire367/X (sky130_fd_sc_hd__clkbuf_2)
     1    0.02                           net367 (net)
                  0.08    0.00   50.59 v wire366/A (sky130_fd_sc_hd__clkbuf_2)
                  0.08    0.18   50.76 v wire366/X (sky130_fd_sc_hd__clkbuf_2)
     1    0.02                           net366 (net)
                  0.08    0.00   50.77 v wire365/A (sky130_fd_sc_hd__buf_4)
                  0.05    0.18   50.95 v wire365/X (sky130_fd_sc_hd__buf_4)
     1    0.02                           net365 (net)
                  0.05    0.00   50.95 v wire364/A (sky130_fd_sc_hd__buf_6)
                  0.03    0.13   51.08 v wire364/X (sky130_fd_sc_hd__buf_6)
     1    0.02                           net364 (net)
                  0.03    0.00   51.09 v wire363/A (sky130_fd_sc_hd__buf_6)
                  0.03    0.13   51.21 v wire363/X (sky130_fd_sc_hd__buf_6)
     1    0.02                           net363 (net)
                  0.03    0.00   51.22 v _13800_/A1 (sky130_fd_sc_hd__mux2_1)
                  0.06    0.30   51.51 v _13800_/X (sky130_fd_sc_hd__mux2_1)
     1    0.00                           _07942_ (net)
                  0.06    0.00   51.51 v _13801_/A (sky130_fd_sc_hd__clkbuf_1)
                  0.03    0.10   51.61 v _13801_/X (sky130_fd_sc_hd__clkbuf_1)
     1    0.00                           _00091_ (net)
                  0.03    0.00   51.61 v _17728_/D (sky130_fd_sc_hd__dfxtp_2)
                                 51.61   data arrival time

                  0.00  100.00  100.00   clock ick (rise edge)
                          0.00  100.00   clock network delay (ideal)
                          0.00  100.00   clock reconvergence pessimism
                                100.00 ^ _17728_/CLK (sky130_fd_sc_hd__dfxtp_2)
                         -0.12   99.88   library setup time
                                 99.88   data required time
-----------------------------------------------------------------------------
                                 99.88   data required time
                                -51.61   data arrival time
-----------------------------------------------------------------------------
                                 48.27   slack (MET)


Startpoint: rv151.soc.dmem0 (falling edge-triggered flip-flop clocked by ick)
Endpoint: _17724_ (rising edge-triggered flip-flop clocked by ick)
Path Group: ick
Path Type: max

Fanout     Cap    Slew   Delay    Time   Description
-----------------------------------------------------------------------------
                  0.00   50.00   50.00   clock ick (fall edge)
                          0.00   50.00   clock network delay (ideal)
                  0.00    0.00   50.00 v rv151.soc.dmem0/clk0 (sky130_sram_2kbyte_1rw1r_32x512_8)
                  0.00    0.43   50.43 v rv151.soc.dmem0/dout0[27] (sky130_sram_2kbyte_1rw1r_32x512_8)
     1    0.01                           rv151.soc.dmem_dout0[0][27] (net)
                  0.00    0.00   50.43 v wire390/A (sky130_fd_sc_hd__clkbuf_2)
                  0.08    0.14   50.57 v wire390/X (sky130_fd_sc_hd__clkbuf_2)
     1    0.02                           net390 (net)
                  0.08    0.00   50.57 v wire389/A (sky130_fd_sc_hd__clkbuf_2)
                  0.10    0.19   50.76 v wire389/X (sky130_fd_sc_hd__clkbuf_2)
     1    0.02                           net389 (net)
                  0.10    0.00   50.76 v wire388/A (sky130_fd_sc_hd__buf_4)
                  0.04    0.18   50.94 v wire388/X (sky130_fd_sc_hd__buf_4)
     1    0.02                           net388 (net)
                  0.04    0.00   50.94 v wire387/A (sky130_fd_sc_hd__buf_6)
                  0.03    0.13   51.07 v wire387/X (sky130_fd_sc_hd__buf_6)
     1    0.02                           net387 (net)
                  0.03    0.00   51.08 v wire386/A (sky130_fd_sc_hd__buf_6)
                  0.03    0.13   51.20 v wire386/X (sky130_fd_sc_hd__buf_6)
     1    0.02                           net386 (net)
                  0.03    0.00   51.21 v _13791_/A1 (sky130_fd_sc_hd__mux2_1)
                  0.06    0.30   51.51 v _13791_/X (sky130_fd_sc_hd__mux2_1)
     1    0.00                           _07937_ (net)
                  0.06    0.00   51.51 v _13792_/A (sky130_fd_sc_hd__clkbuf_1)
                  0.03    0.10   51.61 v _13792_/X (sky130_fd_sc_hd__clkbuf_1)
     1    0.00                           _00086_ (net)
                  0.03    0.00   51.61 v _17724_/D (sky130_fd_sc_hd__dfxtp_2)
                                 51.61   data arrival time

                  0.00  100.00  100.00   clock ick (rise edge)
                          0.00  100.00   clock network delay (ideal)
                          0.00  100.00   clock reconvergence pessimism
                                100.00 ^ _17724_/CLK (sky130_fd_sc_hd__dfxtp_2)
                         -0.12   99.88   library setup time
                                 99.88   data required time
-----------------------------------------------------------------------------
                                 99.88   data required time
                                -51.61   data arrival time
-----------------------------------------------------------------------------
                                 48.28   slack (MET)


Startpoint: rv151.soc.dmem0 (falling edge-triggered flip-flop clocked by ick)
Endpoint: _17726_ (rising edge-triggered flip-flop clocked by ick)
Path Group: ick
Path Type: max

Fanout     Cap    Slew   Delay    Time   Description
-----------------------------------------------------------------------------
                  0.00   50.00   50.00   clock ick (fall edge)
                          0.00   50.00   clock network delay (ideal)
                  0.00    0.00   50.00 v rv151.soc.dmem0/clk0 (sky130_sram_2kbyte_1rw1r_32x512_8)
                  0.00    0.43   50.43 v rv151.soc.dmem0/dout0[29] (sky130_sram_2kbyte_1rw1r_32x512_8)
     1    0.01                           rv151.soc.dmem_dout0[0][29] (net)
                  0.00    0.00   50.43 v wire380/A (sky130_fd_sc_hd__clkbuf_2)
                  0.08    0.14   50.57 v wire380/X (sky130_fd_sc_hd__clkbuf_2)
     1    0.02                           net380 (net)
                  0.08    0.00   50.57 v wire379/A (sky130_fd_sc_hd__clkbuf_2)
                  0.08    0.18   50.75 v wire379/X (sky130_fd_sc_hd__clkbuf_2)
     1    0.02                           net379 (net)
                  0.08    0.00   50.75 v wire378/A (sky130_fd_sc_hd__buf_4)
                  0.05    0.18   50.93 v wire378/X (sky130_fd_sc_hd__buf_4)
     1    0.02                           net378 (net)
                  0.05    0.00   50.93 v wire377/A (sky130_fd_sc_hd__buf_6)
                  0.03    0.13   51.07 v wire377/X (sky130_fd_sc_hd__buf_6)
     1    0.02                           net377 (net)
                  0.03    0.00   51.07 v wire376/A (sky130_fd_sc_hd__buf_6)
                  0.03    0.13   51.20 v wire376/X (sky130_fd_sc_hd__buf_6)
     1    0.02                           net376 (net)
                  0.04    0.00   51.20 v _13796_/A1 (sky130_fd_sc_hd__mux2_1)
                  0.05    0.30   51.50 v _13796_/X (sky130_fd_sc_hd__mux2_1)
     1    0.00                           _07940_ (net)
                  0.05    0.00   51.50 v _13797_/A (sky130_fd_sc_hd__clkbuf_1)
                  0.03    0.09   51.59 v _13797_/X (sky130_fd_sc_hd__clkbuf_1)
     1    0.00                           _00088_ (net)
                  0.03    0.00   51.59 v _17726_/D (sky130_fd_sc_hd__dfxtp_2)
                                 51.59   data arrival time

                  0.00  100.00  100.00   clock ick (rise edge)
                          0.00  100.00   clock network delay (ideal)
                          0.00  100.00   clock reconvergence pessimism
                                100.00 ^ _17726_/CLK (sky130_fd_sc_hd__dfxtp_2)
                         -0.11   99.89   library setup time
                                 99.89   data required time
-----------------------------------------------------------------------------
                                 99.89   data required time
                                -51.59   data arrival time
-----------------------------------------------------------------------------
                                 48.29   slack (MET)


Startpoint: rv151.soc.dmem0 (falling edge-triggered flip-flop clocked by ick)
Endpoint: _17723_ (rising edge-triggered flip-flop clocked by ick)
Path Group: ick
Path Type: max

Fanout     Cap    Slew   Delay    Time   Description
-----------------------------------------------------------------------------
                  0.00   50.00   50.00   clock ick (fall edge)
                          0.00   50.00   clock network delay (ideal)
                  0.00    0.00   50.00 v rv151.soc.dmem0/clk0 (sky130_sram_2kbyte_1rw1r_32x512_8)
                  0.00    0.42   50.42 v rv151.soc.dmem0/dout0[26] (sky130_sram_2kbyte_1rw1r_32x512_8)
     1    0.00                           rv151.soc.dmem_dout0[0][26] (net)
                  0.00    0.00   50.42 v wire395/A (sky130_fd_sc_hd__clkbuf_2)
                  0.08    0.14   50.56 v wire395/X (sky130_fd_sc_hd__clkbuf_2)
     1    0.02                           net395 (net)
                  0.08    0.00   50.56 v wire394/A (sky130_fd_sc_hd__clkbuf_2)
                  0.09    0.18   50.74 v wire394/X (sky130_fd_sc_hd__clkbuf_2)
     1    0.02                           net394 (net)
                  0.09    0.00   50.74 v wire393/A (sky130_fd_sc_hd__buf_4)
                  0.05    0.18   50.92 v wire393/X (sky130_fd_sc_hd__buf_4)
     1    0.02                           net393 (net)
                  0.05    0.00   50.92 v wire392/A (sky130_fd_sc_hd__buf_6)
                  0.03    0.13   51.06 v wire392/X (sky130_fd_sc_hd__buf_6)
     1    0.02                           net392 (net)
                  0.03    0.00   51.06 v wire391/A (sky130_fd_sc_hd__buf_6)
                  0.03    0.13   51.19 v wire391/X (sky130_fd_sc_hd__buf_6)
     1    0.02                           net391 (net)
                  0.03    0.00   51.19 v _13789_/A1 (sky130_fd_sc_hd__mux2_1)
                  0.06    0.30   51.49 v _13789_/X (sky130_fd_sc_hd__mux2_1)
     1    0.00                           _07936_ (net)
                  0.06    0.00   51.49 v _13790_/A (sky130_fd_sc_hd__clkbuf_1)
                  0.02    0.09   51.59 v _13790_/X (sky130_fd_sc_hd__clkbuf_1)
     1    0.00                           _00085_ (net)
                  0.02    0.00   51.59 v _17723_/D (sky130_fd_sc_hd__dfxtp_2)
                                 51.59   data arrival time

                  0.00  100.00  100.00   clock ick (rise edge)
                          0.00  100.00   clock network delay (ideal)
                          0.00  100.00   clock reconvergence pessimism
                                100.00 ^ _17723_/CLK (sky130_fd_sc_hd__dfxtp_2)
                         -0.11   99.89   library setup time
                                 99.89   data required time
-----------------------------------------------------------------------------
                                 99.89   data required time
                                -51.59   data arrival time
-----------------------------------------------------------------------------
                                 48.30   slack (MET)


Startpoint: _18033_ (rising edge-triggered flip-flop clocked by sck')
Endpoint: io_out[12] (output port clocked by sck)
Path Group: sck
Path Type: max

Fanout     Cap    Slew   Delay    Time   Description
-----------------------------------------------------------------------------
                  0.00   50.00   50.00   clock sck' (rise edge)
                          0.00   50.00   clock network delay (ideal)
                  0.00    0.00   50.00 ^ _18033_/CLK (sky130_fd_sc_hd__dfrtp_4)
                  0.54    0.74   50.74 ^ _18033_/Q (sky130_fd_sc_hd__dfrtp_4)
     1    0.20                           net24 (net)
                  0.67    0.21   50.95 ^ output24/A (sky130_fd_sc_hd__clkbuf_1)
                  0.04    0.14   51.09 ^ output24/X (sky130_fd_sc_hd__clkbuf_1)
     1    0.00                           io_out[12] (net)
                  0.04    0.00   51.09 ^ io_out[12] (out)
                                 51.09   data arrival time

                  0.00  100.00  100.00   clock sck (rise edge)
                          0.00  100.00   clock network delay (ideal)
                          0.00  100.00   clock reconvergence pessimism
                        -30.00   70.00   output external delay
                                 70.00   data required time
-----------------------------------------------------------------------------
                                 70.00   data required time
                                -51.09   data arrival time
-----------------------------------------------------------------------------
                                 18.91   slack (MET)


Startpoint: _18041_ (rising edge-triggered flip-flop clocked by sck)
Endpoint: _18033_ (rising edge-triggered flip-flop clocked by sck')
Path Group: sck
Path Type: max

Fanout     Cap    Slew   Delay    Time   Description
-----------------------------------------------------------------------------
                  0.00    0.00    0.00   clock sck (rise edge)
                          0.00    0.00   clock network delay (ideal)
                  0.00    0.00    0.00 ^ _18041_/CLK (sky130_fd_sc_hd__dfrtp_1)
                  0.04    0.35    0.35 v _18041_/Q (sky130_fd_sc_hd__dfrtp_1)
     1    0.00                           rv151.soc.bspi.oif.rsfr[7] (net)
                  0.04    0.00    0.35 v _18033_/D (sky130_fd_sc_hd__dfrtp_4)
                                  0.35   data arrival time

                  0.00   50.00   50.00   clock sck' (rise edge)
                          0.00   50.00   clock network delay (ideal)
                          0.00   50.00   clock reconvergence pessimism
                                 50.00 ^ _18033_/CLK (sky130_fd_sc_hd__dfrtp_4)
                         -0.12   49.88   library setup time
                                 49.88   data required time
-----------------------------------------------------------------------------
                                 49.88   data required time
                                 -0.35   data arrival time
-----------------------------------------------------------------------------
                                 49.52   slack (MET)


Startpoint: io_in[15] (input port clocked by sck)
Endpoint: _18037_ (rising edge-triggered flip-flop clocked by sck)
Path Group: sck
Path Type: max

Fanout     Cap    Slew   Delay    Time   Description
-----------------------------------------------------------------------------
                  0.00    0.00    0.00   clock sck (rise edge)
                          0.00    0.00   clock network delay (ideal)
                         30.00   30.00 v input external delay
                  0.00    0.00   30.00 v io_in[15] (in)
     1    0.01                           io_in[15] (net)
                  0.00    0.00   30.00 v input2/A (sky130_fd_sc_hd__buf_12)
                  0.08    0.17   30.17 v input2/X (sky130_fd_sc_hd__buf_12)
     2    0.26                           net2 (net)
                  0.53    0.28   30.44 v _08498_/A_N (sky130_fd_sc_hd__and2b_1)
                  0.10    0.42   30.87 ^ _08498_/X (sky130_fd_sc_hd__and2b_1)
     3    0.01                           _03057_ (net)
                  0.10    0.00   30.87 ^ _13948_/A (sky130_fd_sc_hd__and2_1)
                  0.05    0.14   31.00 ^ _13948_/X (sky130_fd_sc_hd__and2_1)
     1    0.00                           _08020_ (net)
                  0.05    0.00   31.00 ^ _13949_/A (sky130_fd_sc_hd__buf_2)
                  0.15    0.19   31.20 ^ _13949_/X (sky130_fd_sc_hd__buf_2)
     7    0.03                           _08021_ (net)
                  0.15    0.00   31.20 ^ _13956_/S (sky130_fd_sc_hd__mux2_1)
                  0.06    0.35   31.55 v _13956_/X (sky130_fd_sc_hd__mux2_1)
     1    0.00                           _08026_ (net)
                  0.06    0.00   31.55 v _13957_/A (sky130_fd_sc_hd__clkbuf_1)
                  0.03    0.10   31.65 v _13957_/X (sky130_fd_sc_hd__clkbuf_1)
     1    0.00                           _00182_ (net)
                  0.03    0.00   31.65 v _18037_/D (sky130_fd_sc_hd__dfrtp_1)
                                 31.65   data arrival time

                  0.00  100.00  100.00   clock sck (rise edge)
                          0.00  100.00   clock network delay (ideal)
                          0.00  100.00   clock reconvergence pessimism
                                100.00 ^ _18037_/CLK (sky130_fd_sc_hd__dfrtp_1)
                         -0.12   99.88   library setup time
                                 99.88   data required time
-----------------------------------------------------------------------------
                                 99.88   data required time
                                -31.65   data arrival time
-----------------------------------------------------------------------------
                                 68.24   slack (MET)


Startpoint: io_in[15] (input port clocked by sck)
Endpoint: _18038_ (rising edge-triggered flip-flop clocked by sck)
Path Group: sck
Path Type: max

Fanout     Cap    Slew   Delay    Time   Description
-----------------------------------------------------------------------------
                  0.00    0.00    0.00   clock sck (rise edge)
                          0.00    0.00   clock network delay (ideal)
                         30.00   30.00 v input external delay
                  0.00    0.00   30.00 v io_in[15] (in)
     1    0.01                           io_in[15] (net)
                  0.00    0.00   30.00 v input2/A (sky130_fd_sc_hd__buf_12)
                  0.08    0.17   30.17 v input2/X (sky130_fd_sc_hd__buf_12)
     2    0.26                           net2 (net)
                  0.53    0.28   30.44 v _08498_/A_N (sky130_fd_sc_hd__and2b_1)
                  0.10    0.42   30.87 ^ _08498_/X (sky130_fd_sc_hd__and2b_1)
     3    0.01                           _03057_ (net)
                  0.10    0.00   30.87 ^ _13948_/A (sky130_fd_sc_hd__and2_1)
                  0.05    0.14   31.00 ^ _13948_/X (sky130_fd_sc_hd__and2_1)
     1    0.00                           _08020_ (net)
                  0.05    0.00   31.00 ^ _13949_/A (sky130_fd_sc_hd__buf_2)
                  0.15    0.19   31.20 ^ _13949_/X (sky130_fd_sc_hd__buf_2)
     7    0.03                           _08021_ (net)
                  0.15    0.00   31.20 ^ _13959_/S (sky130_fd_sc_hd__mux2_1)
                  0.06    0.35   31.55 v _13959_/X (sky130_fd_sc_hd__mux2_1)
     1    0.00                           _08028_ (net)
                  0.06    0.00   31.55 v _13960_/A (sky130_fd_sc_hd__clkbuf_1)
                  0.03    0.10   31.64 v _13960_/X (sky130_fd_sc_hd__clkbuf_1)
     1    0.00                           _00183_ (net)
                  0.03    0.00   31.64 v _18038_/D (sky130_fd_sc_hd__dfrtp_1)
                                 31.64   data arrival time

                  0.00  100.00  100.00   clock sck (rise edge)
                          0.00  100.00   clock network delay (ideal)
                          0.00  100.00   clock reconvergence pessimism
                                100.00 ^ _18038_/CLK (sky130_fd_sc_hd__dfrtp_1)
                         -0.12   99.88   library setup time
                                 99.88   data required time
-----------------------------------------------------------------------------
                                 99.88   data required time
                                -31.64   data arrival time
-----------------------------------------------------------------------------
                                 68.24   slack (MET)


Startpoint: io_in[15] (input port clocked by sck)
Endpoint: _18039_ (rising edge-triggered flip-flop clocked by sck)
Path Group: sck
Path Type: max

Fanout     Cap    Slew   Delay    Time   Description
-----------------------------------------------------------------------------
                  0.00    0.00    0.00   clock sck (rise edge)
                          0.00    0.00   clock network delay (ideal)
                         30.00   30.00 v input external delay
                  0.00    0.00   30.00 v io_in[15] (in)
     1    0.01                           io_in[15] (net)
                  0.00    0.00   30.00 v input2/A (sky130_fd_sc_hd__buf_12)
                  0.08    0.17   30.17 v input2/X (sky130_fd_sc_hd__buf_12)
     2    0.26                           net2 (net)
                  0.53    0.28   30.44 v _08498_/A_N (sky130_fd_sc_hd__and2b_1)
                  0.10    0.42   30.87 ^ _08498_/X (sky130_fd_sc_hd__and2b_1)
     3    0.01                           _03057_ (net)
                  0.10    0.00   30.87 ^ _13948_/A (sky130_fd_sc_hd__and2_1)
                  0.05    0.14   31.00 ^ _13948_/X (sky130_fd_sc_hd__and2_1)
     1    0.00                           _08020_ (net)
                  0.05    0.00   31.00 ^ _13949_/A (sky130_fd_sc_hd__buf_2)
                  0.15    0.19   31.20 ^ _13949_/X (sky130_fd_sc_hd__buf_2)
     7    0.03                           _08021_ (net)
                  0.15    0.00   31.20 ^ _13962_/S (sky130_fd_sc_hd__mux2_1)
                  0.06    0.35   31.55 v _13962_/X (sky130_fd_sc_hd__mux2_1)
     1    0.00                           _08030_ (net)
                  0.06    0.00   31.55 v _13963_/A (sky130_fd_sc_hd__clkbuf_1)
                  0.02    0.09   31.64 v _13963_/X (sky130_fd_sc_hd__clkbuf_1)
     1    0.00                           _00184_ (net)
                  0.02    0.00   31.64 v _18039_/D (sky130_fd_sc_hd__dfrtp_1)
                                 31.64   data arrival time

                  0.00  100.00  100.00   clock sck (rise edge)
                          0.00  100.00   clock network delay (ideal)
                          0.00  100.00   clock reconvergence pessimism
                                100.00 ^ _18039_/CLK (sky130_fd_sc_hd__dfrtp_1)
                         -0.12   99.88   library setup time
                                 99.88   data required time
-----------------------------------------------------------------------------
                                 99.88   data required time
                                -31.64   data arrival time
-----------------------------------------------------------------------------
                                 68.24   slack (MET)


