OpenROAD c295b08a99aacb6147b9c51104627e78ac3859e3 
This program is licensed under the BSD-3 license. See the LICENSE file for details.
Components of this program may be licensed under more restrictive licenses which must be honored.
[INFO ODB-0222] Reading LEF file: /openlane/designs/hdp_rv151/runs/full_guide/tmp/merged.nom.lef
[WARNING ODB-0220] WARNING (LEFPARS-2036): SOURCE statement is obsolete in version 5.6 and later.
The LEF parser will ignore this statement.
To avoid this warning in the future, remove this statement from the LEF file with version 5.6 or later. See file /openlane/designs/hdp_rv151/runs/full_guide/tmp/merged.nom.lef at line 930.

[INFO ODB-0223]     Created 13 technology layers
[INFO ODB-0224]     Created 25 technology vias
[INFO ODB-0225]     Created 442 library cells
[INFO ODB-0226] Finished LEF file:  /openlane/designs/hdp_rv151/runs/full_guide/tmp/merged.nom.lef
Reading netlist...
[INFO IFP-0001] Added 745 rows of 5302 sites.
[INFO IFP-0030] Inserted 0 tiecells using sky130_fd_sc_hd__conb_1/LO.
[INFO IFP-0030] Inserted 0 tiecells using sky130_fd_sc_hd__conb_1/HI.
[INFO] Extracting DIE_AREA and CORE_AREA from the floorplan
[INFO] Floorplanned on a die area of 0.0 0.0 2450.0 2050.0 (microns). Saving to /openlane/designs/hdp_rv151/runs/full_guide/reports/floorplan/3-initial_fp_die_area.rpt.
[INFO] Floorplanned on a core area of 5.52 10.88 2444.44 2037.28 (microns). Saving to /openlane/designs/hdp_rv151/runs/full_guide/reports/floorplan/3-initial_fp_core_area.rpt.
Writing OpenROAD database to /openlane/designs/hdp_rv151/runs/full_guide/tmp/floorplan/3-initial_fp.odb...
Writing layout to /openlane/designs/hdp_rv151/runs/full_guide/tmp/floorplan/3-initial_fp.def...
Writing timing constraints to /openlane/designs/hdp_rv151/runs/full_guide/tmp/floorplan/3-initial_fp.sdc...
