
===========================================================================
 report_check_types -max_slew -max_cap -max_fanout -violators
============================================================================
max slew

Pin                                    Limit    Slew   Slack
------------------------------------------------------------
ANTENNA_2096/DIODE                      1.50    3.26   -1.76 (VIOLATED)
ANTENNA_2095/DIODE                      1.50    3.26   -1.76 (VIOLATED)
ANTENNA_2094/DIODE                      1.50    3.26   -1.76 (VIOLATED)
ANTENNA_2092/DIODE                      1.50    3.26   -1.76 (VIOLATED)
ANTENNA_461/DIODE                       1.50    3.26   -1.76 (VIOLATED)
ANTENNA_2069/DIODE                      1.50    3.26   -1.76 (VIOLATED)
ANTENNA_460/DIODE                       1.50    3.26   -1.76 (VIOLATED)
ANTENNA_2067/DIODE                      1.50    3.26   -1.76 (VIOLATED)
ANTENNA_2091/DIODE                      1.50    3.26   -1.76 (VIOLATED)
ANTENNA_2093/DIODE                      1.50    3.26   -1.76 (VIOLATED)
ANTENNA_2068/DIODE                      1.50    3.26   -1.76 (VIOLATED)
ANTENNA_2108/DIODE                      1.50    3.11   -1.61 (VIOLATED)
ANTENNA_2106/DIODE                      1.50    3.11   -1.61 (VIOLATED)
ANTENNA_2105/DIODE                      1.50    3.10   -1.60 (VIOLATED)
ANTENNA_465/DIODE                       1.50    3.10   -1.60 (VIOLATED)
ANTENNA_2075/DIODE                      1.50    3.10   -1.60 (VIOLATED)
ANTENNA_2073/DIODE                      1.50    3.10   -1.60 (VIOLATED)
ANTENNA_464/DIODE                       1.50    3.10   -1.60 (VIOLATED)
ANTENNA_2103/DIODE                      1.50    3.10   -1.60 (VIOLATED)
ANTENNA_2104/DIODE                      1.50    3.10   -1.60 (VIOLATED)
ANTENNA_2107/DIODE                      1.50    3.10   -1.60 (VIOLATED)
ANTENNA_2074/DIODE                      1.50    3.10   -1.60 (VIOLATED)
ANTENNA_2078/DIODE                      1.50    2.81   -1.31 (VIOLATED)
ANTENNA_2077/DIODE                      1.50    2.81   -1.31 (VIOLATED)
ANTENNA_2076/DIODE                      1.50    2.81   -1.31 (VIOLATED)
ANTENNA_2113/DIODE                      1.50    2.81   -1.31 (VIOLATED)
ANTENNA_467/DIODE                       1.50    2.81   -1.31 (VIOLATED)
ANTENNA_2110/DIODE                      1.50    2.81   -1.31 (VIOLATED)
ANTENNA_2112/DIODE                      1.50    2.81   -1.31 (VIOLATED)
ANTENNA_466/DIODE                       1.50    2.81   -1.31 (VIOLATED)
ANTENNA_2109/DIODE                      1.50    2.81   -1.31 (VIOLATED)
ANTENNA_2111/DIODE                      1.50    2.81   -1.31 (VIOLATED)
ANTENNA_2114/DIODE                      1.50    2.81   -1.31 (VIOLATED)
ANTENNA_1986/DIODE                      1.50    2.55   -1.05 (VIOLATED)
ANTENNA_2013/DIODE                      1.50    2.55   -1.05 (VIOLATED)
ANTENNA_2011/DIODE                      1.50    2.55   -1.05 (VIOLATED)
ANTENNA_1987/DIODE                      1.50    2.55   -1.05 (VIOLATED)
ANTENNA_441/DIODE                       1.50    2.55   -1.05 (VIOLATED)
ANTENNA_440/DIODE                       1.50    2.55   -1.05 (VIOLATED)
ANTENNA_1985/DIODE                      1.50    2.55   -1.05 (VIOLATED)
ANTENNA_2009/DIODE                      1.50    2.55   -1.05 (VIOLATED)
ANTENNA_2010/DIODE                      1.50    2.55   -1.05 (VIOLATED)
ANTENNA_2012/DIODE                      1.50    2.55   -1.05 (VIOLATED)
ANTENNA_2014/DIODE                      1.50    2.55   -1.05 (VIOLATED)
clkbuf_0_rv151.mxck/A                   1.50    2.49   -0.99 (VIOLATED)
_13523_/X                               1.51    2.49   -0.98 (VIOLATED)
ANTENNA_2025/DIODE                      1.50    2.43   -0.93 (VIOLATED)
ANTENNA_2024/DIODE                      1.50    2.43   -0.93 (VIOLATED)
ANTENNA_2023/DIODE                      1.50    2.43   -0.93 (VIOLATED)
ANTENNA_445/DIODE                       1.50    2.43   -0.93 (VIOLATED)
ANTENNA_444/DIODE                       1.50    2.43   -0.93 (VIOLATED)
ANTENNA_2021/DIODE                      1.50    2.43   -0.93 (VIOLATED)
ANTENNA_2022/DIODE                      1.50    2.43   -0.93 (VIOLATED)
ANTENNA_2026/DIODE                      1.50    2.43   -0.93 (VIOLATED)
ANTENNA_1991/DIODE                      1.50    2.43   -0.93 (VIOLATED)
ANTENNA_1992/DIODE                      1.50    2.43   -0.93 (VIOLATED)
ANTENNA_1993/DIODE                      1.50    2.43   -0.93 (VIOLATED)
_13533_/X                               1.50    2.41   -0.91 (VIOLATED)
ANTENNA_2102/DIODE                      1.50    2.36   -0.86 (VIOLATED)
ANTENNA_2100/DIODE                      1.50    2.36   -0.86 (VIOLATED)
ANTENNA_463/DIODE                       1.50    2.36   -0.86 (VIOLATED)
ANTENNA_2101/DIODE                      1.50    2.36   -0.86 (VIOLATED)
ANTENNA_1630/DIODE                      1.50    2.36   -0.86 (VIOLATED)
ANTENNA_1628/DIODE                      1.50    2.36   -0.86 (VIOLATED)
ANTENNA_1627/DIODE                      1.50    2.36   -0.86 (VIOLATED)
ANTENNA_1629/DIODE                      1.50    2.36   -0.86 (VIOLATED)
ANTENNA_1632/DIODE                      1.50    2.36   -0.86 (VIOLATED)
ANTENNA_1631/DIODE                      1.50    2.36   -0.86 (VIOLATED)
ANTENNA_2099/DIODE                      1.50    2.35   -0.85 (VIOLATED)
ANTENNA_2097/DIODE                      1.50    2.35   -0.85 (VIOLATED)
ANTENNA_462/DIODE                       1.50    2.35   -0.85 (VIOLATED)
ANTENNA_2098/DIODE                      1.50    2.35   -0.85 (VIOLATED)
ANTENNA_2071/DIODE                      1.50    2.35   -0.85 (VIOLATED)
ANTENNA_2070/DIODE                      1.50    2.35   -0.85 (VIOLATED)
ANTENNA_2072/DIODE                      1.50    2.35   -0.85 (VIOLATED)
ANTENNA_677/DIODE                       1.50    2.28   -0.78 (VIOLATED)
ANTENNA_675/DIODE                       1.50    2.28   -0.78 (VIOLATED)
ANTENNA_674/DIODE                       1.50    2.28   -0.78 (VIOLATED)
ANTENNA_672/DIODE                       1.50    2.28   -0.78 (VIOLATED)
ANTENNA_676/DIODE                       1.50    2.28   -0.78 (VIOLATED)
ANTENNA_679/DIODE                       1.50    2.28   -0.78 (VIOLATED)
ANTENNA_673/DIODE                       1.50    2.28   -0.78 (VIOLATED)
ANTENNA_678/DIODE                       1.50    2.28   -0.78 (VIOLATED)
_13535_/X                               1.50    2.27   -0.77 (VIOLATED)
_13537_/X                               1.50    2.26   -0.76 (VIOLATED)
_13539_/X                               1.50    2.22   -0.72 (VIOLATED)
ANTENNA_529/DIODE                       1.50    2.20   -0.70 (VIOLATED)
ANTENNA_533/DIODE                       1.50    2.20   -0.70 (VIOLATED)
ANTENNA_531/DIODE                       1.50    2.20   -0.70 (VIOLATED)
ANTENNA_532/DIODE                       1.50    2.20   -0.70 (VIOLATED)
ANTENNA_523/DIODE                       1.50    2.20   -0.70 (VIOLATED)
ANTENNA_525/DIODE                       1.50    2.20   -0.70 (VIOLATED)
ANTENNA_524/DIODE                       1.50    2.20   -0.70 (VIOLATED)
ANTENNA_530/DIODE                       1.50    2.20   -0.70 (VIOLATED)
ANTENNA_528/DIODE                       1.50    2.20   -0.70 (VIOLATED)
ANTENNA_526/DIODE                       1.50    2.20   -0.70 (VIOLATED)
ANTENNA_527/DIODE                       1.50    2.20   -0.70 (VIOLATED)
ANTENNA_2031/DIODE                      1.50    2.20   -0.70 (VIOLATED)
ANTENNA_2030/DIODE                      1.50    2.19   -0.69 (VIOLATED)
ANTENNA_2027/DIODE                      1.50    2.19   -0.69 (VIOLATED)
ANTENNA_447/DIODE                       1.50    2.19   -0.69 (VIOLATED)
ANTENNA_1996/DIODE                      1.50    2.19   -0.69 (VIOLATED)
ANTENNA_1995/DIODE                      1.50    2.19   -0.69 (VIOLATED)
ANTENNA_1994/DIODE                      1.50    2.19   -0.69 (VIOLATED)
ANTENNA_446/DIODE                       1.50    2.19   -0.69 (VIOLATED)
_13527_/X                               1.50    2.19   -0.69 (VIOLATED)
ANTENNA_2028/DIODE                      1.50    2.19   -0.69 (VIOLATED)
ANTENNA_2029/DIODE                      1.50    2.19   -0.69 (VIOLATED)
ANTENNA_2032/DIODE                      1.50    2.19   -0.69 (VIOLATED)
ANTENNA_1544/DIODE                      1.50    2.17   -0.67 (VIOLATED)
ANTENNA_1545/DIODE                      1.50    2.17   -0.67 (VIOLATED)
ANTENNA_1567/DIODE                      1.50    2.17   -0.67 (VIOLATED)
ANTENNA_1543/DIODE                      1.50    2.17   -0.67 (VIOLATED)
ANTENNA_1570/DIODE                      1.50    2.17   -0.67 (VIOLATED)
ANTENNA_1546/DIODE                      1.50    2.17   -0.67 (VIOLATED)
ANTENNA_454/DIODE                       1.50    2.17   -0.67 (VIOLATED)
ANTENNA_1569/DIODE                      1.50    2.17   -0.67 (VIOLATED)
ANTENNA_1568/DIODE                      1.50    2.17   -0.67 (VIOLATED)
ANTENNA_2164/DIODE                      1.50    2.17   -0.67 (VIOLATED)
ANTENNA_1642/DIODE                      1.50    2.17   -0.67 (VIOLATED)
ANTENNA_1643/DIODE                      1.50    2.17   -0.67 (VIOLATED)
ANTENNA_2165/DIODE                      1.50    2.17   -0.67 (VIOLATED)
ANTENNA_2166/DIODE                      1.50    2.17   -0.67 (VIOLATED)
ANTENNA_2163/DIODE                      1.50    2.17   -0.67 (VIOLATED)
ANTENNA_1644/DIODE                      1.50    2.17   -0.67 (VIOLATED)
ANTENNA_1641/DIODE                      1.50    2.17   -0.67 (VIOLATED)
ANTENNA_1640/DIODE                      1.50    2.17   -0.67 (VIOLATED)
ANTENNA_1639/DIODE                      1.50    2.17   -0.67 (VIOLATED)
ANTENNA_2161/DIODE                      1.50    2.17   -0.67 (VIOLATED)
ANTENNA_2162/DIODE                      1.50    2.17   -0.67 (VIOLATED)
ANTENNA_511/DIODE                       1.50    2.17   -0.67 (VIOLATED)
ANTENNA_505/DIODE                       1.50    2.17   -0.67 (VIOLATED)
ANTENNA_509/DIODE                       1.50    2.17   -0.67 (VIOLATED)
ANTENNA_508/DIODE                       1.50    2.17   -0.67 (VIOLATED)
ANTENNA_507/DIODE                       1.50    2.17   -0.67 (VIOLATED)
ANTENNA_506/DIODE                       1.50    2.17   -0.67 (VIOLATED)
ANTENNA_504/DIODE                       1.50    2.17   -0.67 (VIOLATED)
ANTENNA_510/DIODE                       1.50    2.17   -0.67 (VIOLATED)
ANTENNA_503/DIODE                       1.50    2.17   -0.67 (VIOLATED)
ANTENNA_501/DIODE                       1.50    2.17   -0.67 (VIOLATED)
ANTENNA_502/DIODE                       1.50    2.17   -0.67 (VIOLATED)
ANTENNA_518/DIODE                       1.50    2.16   -0.66 (VIOLATED)
ANTENNA_514/DIODE                       1.50    2.16   -0.66 (VIOLATED)
ANTENNA_513/DIODE                       1.50    2.16   -0.66 (VIOLATED)
ANTENNA_512/DIODE                       1.50    2.16   -0.66 (VIOLATED)
ANTENNA_520/DIODE                       1.50    2.16   -0.66 (VIOLATED)
ANTENNA_519/DIODE                       1.50    2.16   -0.66 (VIOLATED)
ANTENNA_517/DIODE                       1.50    2.16   -0.66 (VIOLATED)
ANTENNA_516/DIODE                       1.50    2.16   -0.66 (VIOLATED)
ANTENNA_521/DIODE                       1.50    2.16   -0.66 (VIOLATED)
ANTENNA_515/DIODE                       1.50    2.16   -0.66 (VIOLATED)
ANTENNA_522/DIODE                       1.50    2.16   -0.66 (VIOLATED)
_13525_/X                               1.50    2.16   -0.66 (VIOLATED)
_13529_/X                               1.50    2.15   -0.65 (VIOLATED)
ANTENNA_500/DIODE                       1.50    2.14   -0.64 (VIOLATED)
ANTENNA_499/DIODE                       1.50    2.14   -0.64 (VIOLATED)
ANTENNA_497/DIODE                       1.50    2.14   -0.64 (VIOLATED)
ANTENNA_495/DIODE                       1.50    2.14   -0.64 (VIOLATED)
ANTENNA_492/DIODE                       1.50    2.14   -0.64 (VIOLATED)
ANTENNA_493/DIODE                       1.50    2.14   -0.64 (VIOLATED)
ANTENNA_494/DIODE                       1.50    2.14   -0.64 (VIOLATED)
ANTENNA_498/DIODE                       1.50    2.14   -0.64 (VIOLATED)
ANTENNA_490/DIODE                       1.50    2.14   -0.64 (VIOLATED)
ANTENNA_491/DIODE                       1.50    2.14   -0.64 (VIOLATED)
ANTENNA_496/DIODE                       1.50    2.14   -0.64 (VIOLATED)
ANTENNA_478/DIODE                       1.50    2.14   -0.64 (VIOLATED)
ANTENNA_484/DIODE                       1.50    2.14   -0.64 (VIOLATED)
ANTENNA_482/DIODE                       1.50    2.14   -0.64 (VIOLATED)
ANTENNA_488/DIODE                       1.50    2.14   -0.64 (VIOLATED)
ANTENNA_480/DIODE                       1.50    2.14   -0.64 (VIOLATED)
ANTENNA_486/DIODE                       1.50    2.14   -0.64 (VIOLATED)
ANTENNA_476/DIODE                       1.50    2.14   -0.64 (VIOLATED)
ANTENNA_479/DIODE                       1.50    2.14   -0.64 (VIOLATED)
ANTENNA_481/DIODE                       1.50    2.14   -0.64 (VIOLATED)
ANTENNA_483/DIODE                       1.50    2.14   -0.64 (VIOLATED)
_13033_/A0                              1.50    2.14   -0.64 (VIOLATED)
ANTENNA_485/DIODE                       1.50    2.14   -0.64 (VIOLATED)
ANTENNA_487/DIODE                       1.50    2.14   -0.64 (VIOLATED)
ANTENNA_489/DIODE                       1.50    2.14   -0.64 (VIOLATED)
ANTENNA_534/DIODE                       1.50    2.14   -0.64 (VIOLATED)
ANTENNA_474/DIODE                       1.50    2.14   -0.64 (VIOLATED)
ANTENNA_472/DIODE                       1.50    2.14   -0.64 (VIOLATED)
ANTENNA_469/DIODE                       1.50    2.14   -0.64 (VIOLATED)
ANTENNA_477/DIODE                       1.50    2.14   -0.64 (VIOLATED)
ANTENNA_475/DIODE                       1.50    2.14   -0.64 (VIOLATED)
ANTENNA_473/DIODE                       1.50    2.14   -0.64 (VIOLATED)
ANTENNA_471/DIODE                       1.50    2.14   -0.64 (VIOLATED)
ANTENNA_470/DIODE                       1.50    2.14   -0.64 (VIOLATED)
ANTENNA_468/DIODE                       1.50    2.14   -0.64 (VIOLATED)
_13032_/X                               1.51    2.14   -0.63 (VIOLATED)
ANTENNA_1535/DIODE                      1.50    2.13   -0.63 (VIOLATED)
ANTENNA_1560/DIODE                      1.50    2.13   -0.63 (VIOLATED)
ANTENNA_1562/DIODE                      1.50    2.13   -0.63 (VIOLATED)
ANTENNA_1561/DIODE                      1.50    2.13   -0.63 (VIOLATED)
ANTENNA_1559/DIODE                      1.50    2.13   -0.63 (VIOLATED)
ANTENNA_1538/DIODE                      1.50    2.13   -0.63 (VIOLATED)
ANTENNA_1537/DIODE                      1.50    2.13   -0.63 (VIOLATED)
ANTENNA_452/DIODE                       1.50    2.13   -0.63 (VIOLATED)
ANTENNA_1536/DIODE                      1.50    2.13   -0.63 (VIOLATED)
ANTENNA_1541/DIODE                      1.50    2.12   -0.62 (VIOLATED)
ANTENNA_1565/DIODE                      1.50    2.12   -0.62 (VIOLATED)
ANTENNA_1539/DIODE                      1.50    2.12   -0.62 (VIOLATED)
ANTENNA_1542/DIODE                      1.50    2.12   -0.62 (VIOLATED)
ANTENNA_1540/DIODE                      1.50    2.12   -0.62 (VIOLATED)
ANTENNA_453/DIODE                       1.50    2.12   -0.62 (VIOLATED)
ANTENNA_1563/DIODE                      1.50    2.12   -0.62 (VIOLATED)
ANTENNA_1564/DIODE                      1.50    2.12   -0.62 (VIOLATED)
ANTENNA_1566/DIODE                      1.50    2.12   -0.62 (VIOLATED)
ANTENNA_1534/DIODE                      1.50    2.10   -0.60 (VIOLATED)
ANTENNA_1533/DIODE                      1.50    2.10   -0.60 (VIOLATED)
ANTENNA_451/DIODE                       1.50    2.10   -0.60 (VIOLATED)
ANTENNA_1532/DIODE                      1.50    2.10   -0.60 (VIOLATED)
ANTENNA_1558/DIODE                      1.50    2.10   -0.60 (VIOLATED)
ANTENNA_1556/DIODE                      1.50    2.10   -0.60 (VIOLATED)
ANTENNA_1531/DIODE                      1.50    2.10   -0.60 (VIOLATED)
ANTENNA_1555/DIODE                      1.50    2.10   -0.60 (VIOLATED)
ANTENNA_1557/DIODE                      1.50    2.10   -0.60 (VIOLATED)
ANTENNA_2087/DIODE                      1.50    2.10   -0.60 (VIOLATED)
ANTENNA_2086/DIODE                      1.50    2.10   -0.60 (VIOLATED)
ANTENNA_2085/DIODE                      1.50    2.10   -0.60 (VIOLATED)
ANTENNA_458/DIODE                       1.50    2.10   -0.60 (VIOLATED)
ANTENNA_2066/DIODE                      1.50    2.10   -0.60 (VIOLATED)
ANTENNA_2064/DIODE                      1.50    2.10   -0.60 (VIOLATED)
_13037_/A0                              1.50    2.10   -0.60 (VIOLATED)
ANTENNA_459/DIODE                       1.50    2.10   -0.60 (VIOLATED)
ANTENNA_2088/DIODE                      1.50    2.10   -0.60 (VIOLATED)
ANTENNA_2089/DIODE                      1.50    2.10   -0.60 (VIOLATED)
ANTENNA_2090/DIODE                      1.50    2.10   -0.60 (VIOLATED)
ANTENNA_2065/DIODE                      1.50    2.10   -0.60 (VIOLATED)
ANTENNA_781/DIODE                       1.50    2.09   -0.59 (VIOLATED)
ANTENNA_779/DIODE                       1.50    2.09   -0.59 (VIOLATED)
ANTENNA_780/DIODE                       1.50    2.09   -0.59 (VIOLATED)
ANTENNA_778/DIODE                       1.50    2.09   -0.59 (VIOLATED)
ANTENNA_774/DIODE                       1.50    2.09   -0.59 (VIOLATED)
ANTENNA_773/DIODE                       1.50    2.09   -0.59 (VIOLATED)
ANTENNA_776/DIODE                       1.50    2.09   -0.59 (VIOLATED)
ANTENNA_782/DIODE                       1.50    2.09   -0.59 (VIOLATED)
ANTENNA_772/DIODE                       1.50    2.09   -0.59 (VIOLATED)
ANTENNA_775/DIODE                       1.50    2.09   -0.59 (VIOLATED)
ANTENNA_777/DIODE                       1.50    2.09   -0.59 (VIOLATED)
ANTENNA_2081/DIODE                      1.50    2.09   -0.59 (VIOLATED)
ANTENNA_2080/DIODE                      1.50    2.09   -0.59 (VIOLATED)
ANTENNA_2079/DIODE                      1.50    2.09   -0.59 (VIOLATED)
ANTENNA_2063/DIODE                      1.50    2.09   -0.59 (VIOLATED)
ANTENNA_2061/DIODE                      1.50    2.09   -0.59 (VIOLATED)
ANTENNA_2082/DIODE                      1.50    2.09   -0.59 (VIOLATED)
ANTENNA_2083/DIODE                      1.50    2.09   -0.59 (VIOLATED)
ANTENNA_2084/DIODE                      1.50    2.09   -0.59 (VIOLATED)
ANTENNA_457/DIODE                       1.50    2.09   -0.59 (VIOLATED)
ANTENNA_456/DIODE                       1.50    2.09   -0.59 (VIOLATED)
ANTENNA_2062/DIODE                      1.50    2.09   -0.59 (VIOLATED)
ANTENNA_695/DIODE                       1.50    2.09   -0.59 (VIOLATED)
ANTENNA_690/DIODE                       1.50    2.09   -0.59 (VIOLATED)
ANTENNA_689/DIODE                       1.50    2.09   -0.59 (VIOLATED)
ANTENNA_688/DIODE                       1.50    2.09   -0.59 (VIOLATED)
ANTENNA_694/DIODE                       1.50    2.09   -0.59 (VIOLATED)
ANTENNA_692/DIODE                       1.50    2.09   -0.59 (VIOLATED)
ANTENNA_691/DIODE                       1.50    2.09   -0.59 (VIOLATED)
ANTENNA_693/DIODE                       1.50    2.09   -0.59 (VIOLATED)
ANTENNA_789/DIODE                       1.50    2.08   -0.58 (VIOLATED)
ANTENNA_791/DIODE                       1.50    2.08   -0.58 (VIOLATED)
ANTENNA_785/DIODE                       1.50    2.08   -0.58 (VIOLATED)
ANTENNA_790/DIODE                       1.50    2.08   -0.58 (VIOLATED)
ANTENNA_788/DIODE                       1.50    2.08   -0.58 (VIOLATED)
ANTENNA_783/DIODE                       1.50    2.08   -0.58 (VIOLATED)
ANTENNA_787/DIODE                       1.50    2.08   -0.58 (VIOLATED)
ANTENNA_786/DIODE                       1.50    2.08   -0.58 (VIOLATED)
ANTENNA_793/DIODE                       1.50    2.08   -0.58 (VIOLATED)
ANTENNA_784/DIODE                       1.50    2.08   -0.58 (VIOLATED)
ANTENNA_792/DIODE                       1.50    2.08   -0.58 (VIOLATED)
_13036_/X                               1.51    2.09   -0.58 (VIOLATED)
ANTENNA_1908/DIODE                      1.50    2.07   -0.57 (VIOLATED)
ANTENNA_754/DIODE                       1.50    2.07   -0.57 (VIOLATED)
ANTENNA_755/DIODE                       1.50    2.07   -0.57 (VIOLATED)
ANTENNA_752/DIODE                       1.50    2.07   -0.57 (VIOLATED)
ANTENNA_750/DIODE                       1.50    2.07   -0.57 (VIOLATED)
ANTENNA_756/DIODE                       1.50    2.07   -0.57 (VIOLATED)
ANTENNA_758/DIODE                       1.50    2.07   -0.57 (VIOLATED)
ANTENNA_759/DIODE                       1.50    2.07   -0.57 (VIOLATED)
ANTENNA_751/DIODE                       1.50    2.07   -0.57 (VIOLATED)
ANTENNA_753/DIODE                       1.50    2.07   -0.57 (VIOLATED)
ANTENNA_757/DIODE                       1.50    2.07   -0.57 (VIOLATED)
ANTENNA_760/DIODE                       1.50    2.07   -0.57 (VIOLATED)
ANTENNA_761/DIODE                       1.50    2.06   -0.56 (VIOLATED)
ANTENNA_765/DIODE                       1.50    2.06   -0.56 (VIOLATED)
ANTENNA_769/DIODE                       1.50    2.06   -0.56 (VIOLATED)
ANTENNA_770/DIODE                       1.50    2.06   -0.56 (VIOLATED)
ANTENNA_762/DIODE                       1.50    2.06   -0.56 (VIOLATED)
ANTENNA_763/DIODE                       1.50    2.06   -0.56 (VIOLATED)
ANTENNA_768/DIODE                       1.50    2.06   -0.56 (VIOLATED)
ANTENNA_764/DIODE                       1.50    2.06   -0.56 (VIOLATED)
ANTENNA_766/DIODE                       1.50    2.06   -0.56 (VIOLATED)
ANTENNA_767/DIODE                       1.50    2.06   -0.56 (VIOLATED)
ANTENNA_771/DIODE                       1.50    2.06   -0.56 (VIOLATED)
ANTENNA_1572/DIODE                      1.50    2.06   -0.56 (VIOLATED)
ANTENNA_1554/DIODE                      1.50    2.06   -0.56 (VIOLATED)
ANTENNA_1530/DIODE                      1.50    2.06   -0.56 (VIOLATED)
ANTENNA_1527/DIODE                      1.50    2.06   -0.56 (VIOLATED)
ANTENNA_1574/DIODE                      1.50    2.06   -0.56 (VIOLATED)
ANTENNA_1528/DIODE                      1.50    2.06   -0.56 (VIOLATED)
_13041_/A0                              1.50    2.06   -0.56 (VIOLATED)
ANTENNA_1573/DIODE                      1.50    2.06   -0.56 (VIOLATED)
ANTENNA_450/DIODE                       1.50    2.06   -0.56 (VIOLATED)
ANTENNA_455/DIODE                       1.50    2.05   -0.55 (VIOLATED)
ANTENNA_1529/DIODE                      1.50    2.05   -0.55 (VIOLATED)
ANTENNA_1552/DIODE                      1.50    2.05   -0.55 (VIOLATED)
ANTENNA_1551/DIODE                      1.50    2.05   -0.55 (VIOLATED)
ANTENNA_1553/DIODE                      1.50    2.05   -0.55 (VIOLATED)
ANTENNA_1571/DIODE                      1.50    2.05   -0.55 (VIOLATED)
ANTENNA_1547/DIODE                      1.50    2.05   -0.55 (VIOLATED)
ANTENNA_449/DIODE                       1.50    2.05   -0.55 (VIOLATED)
ANTENNA_732/DIODE                       1.50    2.05   -0.55 (VIOLATED)
ANTENNA_729/DIODE                       1.50    2.05   -0.55 (VIOLATED)
ANTENNA_728/DIODE                       1.50    2.05   -0.55 (VIOLATED)
ANTENNA_731/DIODE                       1.50    2.05   -0.55 (VIOLATED)
ANTENNA_730/DIODE                       1.50    2.05   -0.55 (VIOLATED)
ANTENNA_738/DIODE                       1.50    2.05   -0.55 (VIOLATED)
ANTENNA_734/DIODE                       1.50    2.05   -0.55 (VIOLATED)
ANTENNA_1549/DIODE                      1.50    2.05   -0.55 (VIOLATED)
ANTENNA_1550/DIODE                      1.50    2.05   -0.55 (VIOLATED)
_12829_/Y                               1.50    2.05   -0.55 (VIOLATED)
ANTENNA_1548/DIODE                      1.50    2.05   -0.55 (VIOLATED)
ANTENNA_1523/DIODE                      1.50    2.05   -0.55 (VIOLATED)
ANTENNA_1524/DIODE                      1.50    2.05   -0.55 (VIOLATED)
ANTENNA_1525/DIODE                      1.50    2.05   -0.55 (VIOLATED)
ANTENNA_1526/DIODE                      1.50    2.05   -0.55 (VIOLATED)
ANTENNA_733/DIODE                       1.50    2.05   -0.55 (VIOLATED)
ANTENNA_749/DIODE                       1.50    2.05   -0.55 (VIOLATED)
ANTENNA_744/DIODE                       1.50    2.05   -0.55 (VIOLATED)
ANTENNA_742/DIODE                       1.50    2.05   -0.55 (VIOLATED)
ANTENNA_748/DIODE                       1.50    2.05   -0.55 (VIOLATED)
ANTENNA_739/DIODE                       1.50    2.05   -0.55 (VIOLATED)
ANTENNA_741/DIODE                       1.50    2.05   -0.55 (VIOLATED)
ANTENNA_743/DIODE                       1.50    2.05   -0.55 (VIOLATED)
ANTENNA_740/DIODE                       1.50    2.05   -0.55 (VIOLATED)
ANTENNA_746/DIODE                       1.50    2.05   -0.55 (VIOLATED)
ANTENNA_747/DIODE                       1.50    2.05   -0.55 (VIOLATED)
ANTENNA_745/DIODE                       1.50    2.05   -0.55 (VIOLATED)
_13053_/A0                              1.50    2.05   -0.55 (VIOLATED)
ANTENNA_736/DIODE                       1.50    2.05   -0.55 (VIOLATED)
ANTENNA_735/DIODE                       1.50    2.05   -0.55 (VIOLATED)
ANTENNA_737/DIODE                       1.50    2.05   -0.55 (VIOLATED)
ANTENNA_141/DIODE                       1.50    2.05   -0.55 (VIOLATED)
wire123/A                               1.50    2.05   -0.55 (VIOLATED)
_13040_/X                               1.51    2.05   -0.54 (VIOLATED)
_13052_/X                               1.51    2.05   -0.54 (VIOLATED)
ANTENNA_2058/DIODE                      1.50    2.04   -0.54 (VIOLATED)
ANTENNA_2057/DIODE                      1.50    2.04   -0.54 (VIOLATED)
ANTENNA_2044/DIODE                      1.50    2.04   -0.54 (VIOLATED)
ANTENNA_2043/DIODE                      1.50    2.04   -0.54 (VIOLATED)
ANTENNA_1521/DIODE                      1.50    2.04   -0.54 (VIOLATED)
ANTENNA_2039/DIODE                      1.50    2.03   -0.53 (VIOLATED)
ANTENNA_1519/DIODE                      1.50    2.03   -0.53 (VIOLATED)
ANTENNA_2054/DIODE                      1.50    2.03   -0.53 (VIOLATED)
ANTENNA_2053/DIODE                      1.50    2.03   -0.53 (VIOLATED)
ANTENNA_2040/DIODE                      1.50    2.03   -0.53 (VIOLATED)
ANTENNA_711/DIODE                       1.50    2.03   -0.53 (VIOLATED)
ANTENNA_713/DIODE                       1.50    2.03   -0.53 (VIOLATED)
ANTENNA_709/DIODE                       1.50    2.03   -0.53 (VIOLATED)
ANTENNA_710/DIODE                       1.50    2.03   -0.53 (VIOLATED)
ANTENNA_712/DIODE                       1.50    2.03   -0.53 (VIOLATED)
ANTENNA_724/DIODE                       1.50    2.03   -0.53 (VIOLATED)
ANTENNA_718/DIODE                       1.50    2.03   -0.53 (VIOLATED)
ANTENNA_725/DIODE                       1.50    2.03   -0.53 (VIOLATED)
ANTENNA_726/DIODE                       1.50    2.03   -0.53 (VIOLATED)
ANTENNA_727/DIODE                       1.50    2.03   -0.53 (VIOLATED)
ANTENNA_723/DIODE                       1.50    2.03   -0.53 (VIOLATED)
ANTENNA_719/DIODE                       1.50    2.03   -0.53 (VIOLATED)
ANTENNA_721/DIODE                       1.50    2.03   -0.53 (VIOLATED)
_13057_/A0                              1.50    2.03   -0.53 (VIOLATED)
ANTENNA_716/DIODE                       1.50    2.03   -0.53 (VIOLATED)
ANTENNA_717/DIODE                       1.50    2.03   -0.53 (VIOLATED)
ANTENNA_715/DIODE                       1.50    2.03   -0.53 (VIOLATED)
ANTENNA_720/DIODE                       1.50    2.03   -0.53 (VIOLATED)
ANTENNA_722/DIODE                       1.50    2.03   -0.53 (VIOLATED)
ANTENNA_706/DIODE                       1.50    2.03   -0.53 (VIOLATED)
ANTENNA_708/DIODE                       1.50    2.03   -0.53 (VIOLATED)
ANTENNA_705/DIODE                       1.50    2.03   -0.53 (VIOLATED)
ANTENNA_704/DIODE                       1.50    2.03   -0.53 (VIOLATED)
ANTENNA_714/DIODE                       1.50    2.03   -0.53 (VIOLATED)
ANTENNA_707/DIODE                       1.50    2.03   -0.53 (VIOLATED)
_13056_/X                               1.51    2.03   -0.52 (VIOLATED)
ANTENNA_2042/DIODE                      1.50    2.01   -0.51 (VIOLATED)
ANTENNA_2041/DIODE                      1.50    2.01   -0.51 (VIOLATED)
ANTENNA_2056/DIODE                      1.50    2.01   -0.51 (VIOLATED)
ANTENNA_1520/DIODE                      1.50    2.01   -0.51 (VIOLATED)
ANTENNA_2055/DIODE                      1.50    2.01   -0.51 (VIOLATED)
_13531_/X                               1.50    2.00   -0.50 (VIOLATED)
ANTENNA_2051/DIODE                      1.50    2.00   -0.50 (VIOLATED)
ANTENNA_2052/DIODE                      1.50    2.00   -0.50 (VIOLATED)
ANTENNA_1518/DIODE                      1.50    2.00   -0.50 (VIOLATED)
ANTENNA_2037/DIODE                      1.50    2.00   -0.50 (VIOLATED)
ANTENNA_2038/DIODE                      1.50    2.00   -0.50 (VIOLATED)
ANTENNA_2049/DIODE                      1.50    2.00   -0.50 (VIOLATED)
ANTENNA_2050/DIODE                      1.50    2.00   -0.50 (VIOLATED)
ANTENNA_2059/DIODE                      1.50    2.00   -0.50 (VIOLATED)
ANTENNA_2060/DIODE                      1.50    2.00   -0.50 (VIOLATED)
ANTENNA_1522/DIODE                      1.50    2.00   -0.50 (VIOLATED)
ANTENNA_2045/DIODE                      1.50    2.00   -0.50 (VIOLATED)
ANTENNA_2046/DIODE                      1.50    2.00   -0.50 (VIOLATED)
ANTENNA_1517/DIODE                      1.50    2.00   -0.50 (VIOLATED)
ANTENNA_448/DIODE                       1.50    2.00   -0.50 (VIOLATED)
_13045_/A0                              1.50    2.00   -0.50 (VIOLATED)
ANTENNA_2035/DIODE                      1.50    2.00   -0.50 (VIOLATED)
ANTENNA_2036/DIODE                      1.50    2.00   -0.50 (VIOLATED)
ANTENNA_552/DIODE                       1.50    2.00   -0.50 (VIOLATED)
ANTENNA_551/DIODE                       1.50    2.00   -0.50 (VIOLATED)
ANTENNA_550/DIODE                       1.50    2.00   -0.50 (VIOLATED)
ANTENNA_2048/DIODE                      1.50    2.00   -0.50 (VIOLATED)
ANTENNA_2047/DIODE                      1.50    2.00   -0.50 (VIOLATED)
ANTENNA_2034/DIODE                      1.50    2.00   -0.50 (VIOLATED)
ANTENNA_1516/DIODE                      1.50    2.00   -0.50 (VIOLATED)
ANTENNA_2033/DIODE                      1.50    2.00   -0.50 (VIOLATED)
ANTENNA_1989/DIODE                      1.50    2.00   -0.50 (VIOLATED)
ANTENNA_1988/DIODE                      1.50    2.00   -0.50 (VIOLATED)
ANTENNA_1990/DIODE                      1.50    2.00   -0.50 (VIOLATED)
ANTENNA_2017/DIODE                      1.50    2.00   -0.50 (VIOLATED)
ANTENNA_2016/DIODE                      1.50    2.00   -0.50 (VIOLATED)
ANTENNA_2015/DIODE                      1.50    2.00   -0.50 (VIOLATED)
ANTENNA_442/DIODE                       1.50    2.00   -0.50 (VIOLATED)
ANTENNA_443/DIODE                       1.50    2.00   -0.50 (VIOLATED)
ANTENNA_2018/DIODE                      1.50    2.00   -0.50 (VIOLATED)
ANTENNA_2019/DIODE                      1.50    2.00   -0.50 (VIOLATED)
ANTENNA_2020/DIODE                      1.50    2.00   -0.50 (VIOLATED)
_13044_/X                               1.51    2.00   -0.49 (VIOLATED)
ANTENNA_2005/DIODE                      1.50    1.99   -0.49 (VIOLATED)
ANTENNA_2006/DIODE                      1.50    1.99   -0.49 (VIOLATED)
ANTENNA_2007/DIODE                      1.50    1.99   -0.49 (VIOLATED)
ANTENNA_1983/DIODE                      1.50    1.99   -0.49 (VIOLATED)
ANTENNA_439/DIODE                       1.50    1.99   -0.49 (VIOLATED)
ANTENNA_438/DIODE                       1.50    1.99   -0.49 (VIOLATED)
_13049_/A0                              1.50    1.99   -0.49 (VIOLATED)
ANTENNA_1982/DIODE                      1.50    1.99   -0.49 (VIOLATED)
ANTENNA_2003/DIODE                      1.50    1.99   -0.49 (VIOLATED)
ANTENNA_1984/DIODE                      1.50    1.99   -0.49 (VIOLATED)
ANTENNA_2004/DIODE                      1.50    1.99   -0.49 (VIOLATED)
ANTENNA_2008/DIODE                      1.50    1.99   -0.49 (VIOLATED)
ANTENNA_2002/DIODE                      1.50    1.99   -0.49 (VIOLATED)
ANTENNA_2001/DIODE                      1.50    1.99   -0.49 (VIOLATED)
ANTENNA_2000/DIODE                      1.50    1.99   -0.49 (VIOLATED)
ANTENNA_1997/DIODE                      1.50    1.99   -0.49 (VIOLATED)
ANTENNA_1998/DIODE                      1.50    1.99   -0.49 (VIOLATED)
ANTENNA_1999/DIODE                      1.50    1.99   -0.49 (VIOLATED)
ANTENNA_436/DIODE                       1.50    1.99   -0.49 (VIOLATED)
ANTENNA_1980/DIODE                      1.50    1.99   -0.49 (VIOLATED)
ANTENNA_437/DIODE                       1.50    1.99   -0.49 (VIOLATED)
ANTENNA_1979/DIODE                      1.50    1.99   -0.49 (VIOLATED)
ANTENNA_1981/DIODE                      1.50    1.99   -0.49 (VIOLATED)
ANTENNA_546/DIODE                       1.50    1.98   -0.48 (VIOLATED)
ANTENNA_544/DIODE                       1.50    1.98   -0.48 (VIOLATED)
ANTENNA_545/DIODE                       1.50    1.98   -0.48 (VIOLATED)
_13048_/X                               1.51    1.99   -0.48 (VIOLATED)
ANTENNA_543/DIODE                       1.50    1.97   -0.47 (VIOLATED)
ANTENNA_542/DIODE                       1.50    1.97   -0.47 (VIOLATED)
ANTENNA_541/DIODE                       1.50    1.97   -0.47 (VIOLATED)
ANTENNA_548/DIODE                       1.50    1.97   -0.47 (VIOLATED)
ANTENNA_549/DIODE                       1.50    1.97   -0.47 (VIOLATED)
ANTENNA_547/DIODE                       1.50    1.97   -0.47 (VIOLATED)
ANTENNA_539/DIODE                       1.50    1.96   -0.46 (VIOLATED)
ANTENNA_540/DIODE                       1.50    1.96   -0.46 (VIOLATED)
ANTENNA_553/DIODE                       1.50    1.96   -0.46 (VIOLATED)
_13029_/A0                              1.50    1.96   -0.46 (VIOLATED)
ANTENNA_538/DIODE                       1.50    1.96   -0.46 (VIOLATED)
ANTENNA_537/DIODE                       1.50    1.96   -0.46 (VIOLATED)
ANTENNA_535/DIODE                       1.50    1.96   -0.46 (VIOLATED)
ANTENNA_536/DIODE                       1.50    1.96   -0.46 (VIOLATED)
_12923_/X                               1.51    1.96   -0.45 (VIOLATED)
_13511_/Y                               1.50    1.92   -0.42 (VIOLATED)
ANTENNA_794/DIODE                       1.50    1.92   -0.42 (VIOLATED)
ANTENNA_795/DIODE                       1.50    1.92   -0.42 (VIOLATED)
ANTENNA_2169/DIODE                      1.50    1.84   -0.34 (VIOLATED)
ANTENNA_2172/DIODE                      1.50    1.84   -0.34 (VIOLATED)
ANTENNA_2168/DIODE                      1.50    1.84   -0.34 (VIOLATED)
ANTENNA_2167/DIODE                      1.50    1.84   -0.34 (VIOLATED)
ANTENNA_1650/DIODE                      1.50    1.83   -0.33 (VIOLATED)
ANTENNA_1646/DIODE                      1.50    1.83   -0.33 (VIOLATED)
ANTENNA_1648/DIODE                      1.50    1.82   -0.32 (VIOLATED)
ANTENNA_2170/DIODE                      1.50    1.82   -0.32 (VIOLATED)
ANTENNA_2173/DIODE                      1.50    1.82   -0.32 (VIOLATED)
ANTENNA_1645/DIODE                      1.50    1.82   -0.32 (VIOLATED)
ANTENNA_1647/DIODE                      1.50    1.82   -0.32 (VIOLATED)
_13513_/Y                               1.50    1.82   -0.32 (VIOLATED)
ANTENNA_1649/DIODE                      1.50    1.82   -0.32 (VIOLATED)
ANTENNA_797/DIODE                       1.50    1.82   -0.32 (VIOLATED)
ANTENNA_2171/DIODE                      1.50    1.81   -0.31 (VIOLATED)
ANTENNA_703/DIODE                       1.50    1.78   -0.28 (VIOLATED)
ANTENNA_698/DIODE                       1.50    1.78   -0.28 (VIOLATED)
ANTENNA_697/DIODE                       1.50    1.78   -0.28 (VIOLATED)
ANTENNA_700/DIODE                       1.50    1.78   -0.28 (VIOLATED)
ANTENNA_696/DIODE                       1.50    1.78   -0.28 (VIOLATED)
ANTENNA_701/DIODE                       1.50    1.77   -0.27 (VIOLATED)
ANTENNA_699/DIODE                       1.50    1.77   -0.27 (VIOLATED)
ANTENNA_702/DIODE                       1.50    1.77   -0.27 (VIOLATED)
rv151.soc.bios_mem1/addr1[1]            0.04    0.18   -0.14 (VIOLATED)
rv151.soc.dmem0/wmask0[2]               0.04    0.18   -0.14 (VIOLATED)
rv151.soc.dmem0/wmask0[0]               0.04    0.17   -0.13 (VIOLATED)
rv151.soc.dmem0/wmask0[3]               0.04    0.17   -0.13 (VIOLATED)
rv151.soc.dmem0/wmask0[1]               0.04    0.16   -0.12 (VIOLATED)
rv151.soc.bios_mem1/addr1[0]            0.04    0.16   -0.12 (VIOLATED)
rv151.soc.dmem0/addr0[0]                0.04    0.16   -0.12 (VIOLATED)
rv151.soc.imem1/addr1[0]                0.04    0.16   -0.12 (VIOLATED)
rv151.soc.dmem1/addr0[7]                0.04    0.15   -0.11 (VIOLATED)
rv151.soc.dmem1/wmask0[2]               0.04    0.15   -0.11 (VIOLATED)
rv151.soc.dmem0/addr0[1]                0.04    0.15   -0.11 (VIOLATED)
rv151.soc.dmem1/wmask0[0]               0.04    0.15   -0.11 (VIOLATED)
rv151.soc.dmem1/addr0[1]                0.04    0.15   -0.11 (VIOLATED)
rv151.soc.bios_mem1/addr1[4]            0.04    0.15   -0.11 (VIOLATED)
rv151.soc.bios_mem1/addr1[6]            0.04    0.15   -0.11 (VIOLATED)
rv151.soc.dmem1/wmask0[1]               0.04    0.15   -0.11 (VIOLATED)
rv151.soc.dmem1/addr0[0]                0.04    0.15   -0.11 (VIOLATED)
rv151.soc.dmem1/addr0[5]                0.04    0.15   -0.11 (VIOLATED)
rv151.soc.dmem1/addr0[8]                0.04    0.15   -0.11 (VIOLATED)
rv151.soc.dmem1/addr0[2]                0.04    0.15   -0.11 (VIOLATED)
rv151.soc.imem1/addr1[7]                0.04    0.15   -0.11 (VIOLATED)
rv151.soc.dmem1/addr0[6]                0.04    0.15   -0.11 (VIOLATED)
rv151.soc.dmem0/addr0[8]                0.04    0.15   -0.11 (VIOLATED)
rv151.soc.dmem1/wmask0[3]               0.04    0.15   -0.11 (VIOLATED)
rv151.soc.imem1/addr1[8]                0.04    0.15   -0.11 (VIOLATED)
rv151.soc.bios_mem1/addr1[5]            0.04    0.15   -0.11 (VIOLATED)
rv151.soc.bios_mem1/addr1[2]            0.04    0.15   -0.11 (VIOLATED)
rv151.soc.bios_mem1/addr1[3]            0.04    0.15   -0.11 (VIOLATED)
rv151.soc.imem1/addr1[1]                0.04    0.15   -0.11 (VIOLATED)
rv151.soc.dmem1/addr0[4]                0.04    0.15   -0.11 (VIOLATED)
rv151.soc.imem1/addr1[6]                0.04    0.15   -0.11 (VIOLATED)
rv151.soc.dmem0/addr0[7]                0.04    0.15   -0.11 (VIOLATED)
rv151.soc.dmem1/addr0[3]                0.04    0.15   -0.11 (VIOLATED)
rv151.soc.imem1/addr1[4]                0.04    0.14   -0.10 (VIOLATED)
rv151.soc.imem1/addr1[5]                0.04    0.14   -0.10 (VIOLATED)
rv151.soc.imem1/addr1[3]                0.04    0.14   -0.10 (VIOLATED)
rv151.soc.imem1/addr1[2]                0.04    0.14   -0.10 (VIOLATED)
rv151.soc.imem1/addr0[1]                0.04    0.13   -0.09 (VIOLATED)
rv151.soc.bios_mem0/addr1[3]            0.04    0.12   -0.08 (VIOLATED)
rv151.soc.imem1/addr0[0]                0.04    0.12   -0.08 (VIOLATED)
rv151.soc.imem0/addr1[4]                0.04    0.12   -0.08 (VIOLATED)
rv151.soc.bios_mem0/addr1[6]            0.04    0.12   -0.08 (VIOLATED)
rv151.soc.imem0/addr1[6]                0.04    0.11   -0.07 (VIOLATED)
rv151.soc.imem0/addr1[2]                0.04    0.10   -0.06 (VIOLATED)
rv151.soc.imem0/addr1[5]                0.04    0.10   -0.06 (VIOLATED)
rv151.soc.bios_mem0/addr1[2]            0.04    0.10   -0.06 (VIOLATED)
rv151.soc.bios_mem0/wmask0[0]           0.04    0.10   -0.06 (VIOLATED)
rv151.soc.bios_mem0/wmask0[3]           0.04    0.10   -0.06 (VIOLATED)
rv151.soc.bios_mem0/wmask0[1]           0.04    0.10   -0.06 (VIOLATED)
rv151.soc.bios_mem1/wmask0[0]           0.04    0.09   -0.05 (VIOLATED)
rv151.soc.imem0/addr1[3]                0.04    0.09   -0.05 (VIOLATED)
rv151.soc.bios_mem1/wmask0[1]           0.04    0.09   -0.05 (VIOLATED)
rv151.soc.bios_mem0/addr1[5]            0.04    0.09   -0.05 (VIOLATED)
rv151.soc.bios_mem0/wmask0[2]           0.04    0.09   -0.05 (VIOLATED)
rv151.soc.bios_mem0/addr1[4]            0.04    0.09   -0.05 (VIOLATED)
rv151.soc.bios_mem1/wmask0[2]           0.04    0.09   -0.05 (VIOLATED)
rv151.soc.bios_mem1/wmask0[3]           0.04    0.09   -0.05 (VIOLATED)
rv151.soc.bios_mem0/addr0[0]            0.04    0.08   -0.04 (VIOLATED)
rv151.soc.bios_mem0/addr1[1]            0.04    0.08   -0.04 (VIOLATED)
rv151.soc.bios_mem0/addr0[1]            0.04    0.08   -0.04 (VIOLATED)
rv151.soc.imem0/addr1[8]                0.04    0.08   -0.04 (VIOLATED)
rv151.soc.bios_mem1/addr0[1]            0.04    0.08   -0.04 (VIOLATED)
rv151.soc.imem0/addr0[7]                0.04    0.08   -0.04 (VIOLATED)
rv151.soc.imem0/addr0[8]                0.04    0.08   -0.04 (VIOLATED)
rv151.soc.bios_mem1/addr0[0]            0.04    0.08   -0.04 (VIOLATED)
rv151.soc.bios_mem0/addr0[4]            0.04    0.08   -0.04 (VIOLATED)
rv151.soc.bios_mem0/addr0[3]            0.04    0.08   -0.04 (VIOLATED)
rv151.soc.bios_mem0/addr0[5]            0.04    0.08   -0.04 (VIOLATED)
_13021_/Y                               1.50    1.53   -0.03 (VIOLATED)
rv151.soc.bios_mem0/addr0[6]            0.04    0.07   -0.03 (VIOLATED)
rv151.soc.bios_mem0/addr0[8]            0.04    0.07   -0.03 (VIOLATED)
rv151.soc.imem0/addr1[7]                0.04    0.07   -0.03 (VIOLATED)
rv151.soc.imem0/addr0[5]                0.04    0.07   -0.03 (VIOLATED)
rv151.soc.bios_mem1/addr1[7]            0.04    0.07   -0.03 (VIOLATED)
rv151.soc.bios_mem1/addr1[8]            0.04    0.07   -0.03 (VIOLATED)
rv151.soc.bios_mem0/addr0[2]            0.04    0.07   -0.03 (VIOLATED)
rv151.soc.imem0/addr0[6]                0.04    0.07   -0.03 (VIOLATED)
rv151.soc.imem0/addr1[1]                0.04    0.07   -0.03 (VIOLATED)
rv151.soc.dmem0/addr0[5]                0.04    0.07   -0.03 (VIOLATED)
rv151.soc.imem1/addr0[8]                0.04    0.07   -0.03 (VIOLATED)
rv151.soc.imem1/addr0[3]                0.04    0.07   -0.03 (VIOLATED)
rv151.soc.bios_mem0/addr0[7]            0.04    0.07   -0.03 (VIOLATED)
rv151.soc.bios_mem0/addr1[0]            0.04    0.07   -0.03 (VIOLATED)
rv151.soc.dmem0/addr0[2]                0.04    0.07   -0.03 (VIOLATED)
rv151.soc.imem1/addr0[2]                0.04    0.07   -0.03 (VIOLATED)
rv151.soc.imem0/addr0[2]                0.04    0.07   -0.03 (VIOLATED)
rv151.soc.imem1/addr0[4]                0.04    0.07   -0.03 (VIOLATED)
rv151.soc.imem1/addr0[7]                0.04    0.07   -0.03 (VIOLATED)
rv151.soc.imem0/addr1[0]                0.04    0.07   -0.03 (VIOLATED)
rv151.soc.imem1/addr0[5]                0.04    0.07   -0.03 (VIOLATED)
rv151.soc.dmem0/addr0[3]                0.04    0.07   -0.03 (VIOLATED)
rv151.soc.bios_mem0/addr1[8]            0.04    0.06   -0.02 (VIOLATED)
rv151.soc.imem0/addr0[4]                0.04    0.06   -0.02 (VIOLATED)
rv151.soc.imem1/addr0[6]                0.04    0.06   -0.02 (VIOLATED)
rv151.soc.bios_mem0/addr1[7]            0.04    0.06   -0.02 (VIOLATED)
rv151.soc.imem0/addr0[3]                0.04    0.06   -0.02 (VIOLATED)
rv151.soc.dmem0/addr0[6]                0.04    0.06   -0.02 (VIOLATED)
rv151.soc.dmem0/addr0[4]                0.04    0.06   -0.02 (VIOLATED)
rv151.soc.imem0/addr0[1]                0.04    0.06   -0.02 (VIOLATED)
rv151.soc.imem0/wmask0[3]               0.04    0.06   -0.02 (VIOLATED)
rv151.soc.imem0/wmask0[0]               0.04    0.06   -0.02 (VIOLATED)
rv151.soc.imem0/wmask0[2]               0.04    0.06   -0.02 (VIOLATED)
rv151.soc.bios_mem1/addr0[7]            0.04    0.06   -0.02 (VIOLATED)
rv151.soc.bios_mem1/addr0[6]            0.04    0.06   -0.02 (VIOLATED)
rv151.soc.bios_mem1/addr0[8]            0.04    0.06   -0.02 (VIOLATED)
rv151.soc.imem0/wmask0[1]               0.04    0.06   -0.02 (VIOLATED)
rv151.soc.bios_mem1/addr0[2]            0.04    0.06   -0.02 (VIOLATED)
rv151.soc.imem0/addr0[0]                0.04    0.06   -0.02 (VIOLATED)
rv151.soc.imem1/wmask0[3]               0.04    0.05   -0.01 (VIOLATED)
rv151.soc.imem1/wmask0[2]               0.04    0.05   -0.01 (VIOLATED)
rv151.soc.bios_mem1/addr0[4]            0.04    0.05   -0.01 (VIOLATED)
rv151.soc.bios_mem1/addr0[3]            0.04    0.05   -0.01 (VIOLATED)
rv151.soc.bios_mem1/addr0[5]            0.04    0.05   -0.01 (VIOLATED)
rv151.soc.imem1/wmask0[0]               0.04    0.05   -0.01 (VIOLATED)
rv151.soc.imem1/wmask0[1]               0.04    0.05   -0.01 (VIOLATED)

max capacitance

Pin                                    Limit     Cap   Slack
------------------------------------------------------------
_13036_/X                               0.57    0.85   -0.28 (VIOLATED)
_13533_/X                               0.45    0.73   -0.28 (VIOLATED)
_13032_/X                               0.57    0.81   -0.24 (VIOLATED)
_13537_/X                               0.45    0.69   -0.23 (VIOLATED)
_13535_/X                               0.45    0.69   -0.23 (VIOLATED)
_13539_/X                               0.45    0.68   -0.22 (VIOLATED)
_13527_/X                               0.45    0.67   -0.22 (VIOLATED)
_13048_/X                               0.57    0.78   -0.21 (VIOLATED)
_13052_/X                               0.57    0.77   -0.21 (VIOLATED)
_13040_/X                               0.57    0.77   -0.20 (VIOLATED)
_13525_/X                               0.45    0.65   -0.20 (VIOLATED)
_13056_/X                               0.57    0.77   -0.20 (VIOLATED)
_13529_/X                               0.45    0.65   -0.20 (VIOLATED)
_13044_/X                               0.57    0.76   -0.19 (VIOLATED)
_12923_/X                               0.57    0.74   -0.17 (VIOLATED)
_13531_/X                               0.45    0.60   -0.15 (VIOLATED)
_13523_/X                               0.13    0.22   -0.09 (VIOLATED)
_12829_/Y                               0.22    0.30   -0.08 (VIOLATED)
_13511_/Y                               0.22    0.29   -0.07 (VIOLATED)
_13513_/Y                               0.22    0.27   -0.05 (VIOLATED)
rv151.soc.dmem1/dout0[15]               0.03    0.06   -0.03 (VIOLATED)
rv151.soc.bios_mem1/dout0[9]            0.03    0.06   -0.03 (VIOLATED)
rv151.soc.bios_mem1/dout0[7]            0.03    0.05   -0.03 (VIOLATED)
rv151.soc.bios_mem0/dout0[17]           0.03    0.05   -0.02 (VIOLATED)
rv151.soc.dmem1/dout0[16]               0.03    0.05   -0.02 (VIOLATED)
rv151.soc.bios_mem1/dout0[6]            0.03    0.05   -0.02 (VIOLATED)
rv151.soc.dmem1/dout0[31]               0.03    0.05   -0.02 (VIOLATED)
rv151.soc.imem1/dout1[25]               0.03    0.05   -0.02 (VIOLATED)
rv151.soc.bios_mem1/dout0[10]           0.03    0.05   -0.02 (VIOLATED)
rv151.soc.imem1/dout1[8]                0.03    0.05   -0.02 (VIOLATED)
rv151.soc.bios_mem1/dout0[11]           0.03    0.05   -0.02 (VIOLATED)
rv151.soc.dmem0/dout0[11]               0.03    0.05   -0.02 (VIOLATED)
rv151.soc.imem1/dout1[28]               0.03    0.05   -0.02 (VIOLATED)
rv151.soc.imem1/dout1[26]               0.03    0.05   -0.02 (VIOLATED)
rv151.soc.bios_mem1/dout1[2]            0.03    0.05   -0.02 (VIOLATED)
rv151.soc.dmem0/dout0[10]               0.03    0.05   -0.02 (VIOLATED)
rv151.soc.dmem1/dout0[0]                0.03    0.05   -0.02 (VIOLATED)
rv151.soc.dmem0/dout0[25]               0.03    0.05   -0.02 (VIOLATED)
rv151.soc.imem1/dout1[7]                0.03    0.05   -0.02 (VIOLATED)
rv151.soc.dmem0/dout0[12]               0.03    0.05   -0.02 (VIOLATED)
rv151.soc.bios_mem0/dout1[22]           0.03    0.04   -0.02 (VIOLATED)
rv151.soc.bios_mem1/dout1[19]           0.03    0.04   -0.02 (VIOLATED)
rv151.soc.dmem1/dout0[3]                0.03    0.04   -0.02 (VIOLATED)
rv151.soc.dmem0/dout0[21]               0.03    0.04   -0.02 (VIOLATED)
rv151.soc.bios_mem0/dout1[11]           0.03    0.04   -0.02 (VIOLATED)
rv151.soc.imem0/dout1[14]               0.03    0.04   -0.02 (VIOLATED)
rv151.soc.bios_mem0/dout0[18]           0.03    0.04   -0.02 (VIOLATED)
rv151.soc.bios_mem1/dout1[18]           0.03    0.04   -0.02 (VIOLATED)
rv151.soc.dmem0/dout0[22]               0.03    0.04   -0.02 (VIOLATED)
rv151.soc.imem0/dout1[16]               0.03    0.04   -0.02 (VIOLATED)
rv151.soc.imem0/dout1[18]               0.03    0.04   -0.02 (VIOLATED)
rv151.soc.imem0/dout1[12]               0.03    0.04   -0.02 (VIOLATED)
rv151.soc.imem0/dout1[15]               0.03    0.04   -0.01 (VIOLATED)
rv151.soc.imem0/dout1[17]               0.03    0.04   -0.01 (VIOLATED)
rv151.soc.dmem1/dout0[1]                0.03    0.04   -0.01 (VIOLATED)
rv151.soc.bios_mem0/dout1[23]           0.03    0.04   -0.01 (VIOLATED)
rv151.soc.bios_mem1/dout1[6]            0.03    0.04   -0.01 (VIOLATED)
rv151.soc.bios_mem0/dout0[29]           0.03    0.04   -0.01 (VIOLATED)
rv151.soc.dmem0/dout0[24]               0.03    0.04   -0.01 (VIOLATED)
rv151.soc.imem1/dout1[9]                0.03    0.04   -0.01 (VIOLATED)
rv151.soc.dmem0/dout0[9]                0.03    0.04   -0.01 (VIOLATED)
rv151.soc.bios_mem1/dout1[3]            0.03    0.04   -0.01 (VIOLATED)
rv151.soc.bios_mem0/dout0[16]           0.03    0.04   -0.01 (VIOLATED)
rv151.soc.dmem0/dout0[19]               0.03    0.04   -0.01 (VIOLATED)
rv151.soc.bios_mem0/dout1[12]           0.03    0.04   -0.01 (VIOLATED)
rv151.soc.bios_mem0/dout0[14]           0.03    0.04   -0.01 (VIOLATED)
rv151.soc.imem0/dout1[13]               0.03    0.04   -0.01 (VIOLATED)
rv151.soc.bios_mem1/dout0[26]           0.03    0.04   -0.01 (VIOLATED)
rv151.soc.dmem1/dout0[17]               0.03    0.04   -0.01 (VIOLATED)
rv151.soc.imem1/dout1[29]               0.03    0.04   -0.01 (VIOLATED)
rv151.soc.bios_mem1/dout1[9]            0.03    0.04   -0.01 (VIOLATED)
rv151.soc.dmem0/dout0[7]                0.03    0.04   -0.01 (VIOLATED)
rv151.soc.imem0/dout1[29]               0.03    0.04   -0.01 (VIOLATED)
rv151.soc.bios_mem1/dout0[13]           0.03    0.04   -0.01 (VIOLATED)
rv151.soc.bios_mem1/dout1[7]            0.03    0.04   -0.01 (VIOLATED)
rv151.soc.bios_mem0/dout0[13]           0.03    0.04   -0.01 (VIOLATED)
rv151.soc.dmem0/dout0[20]               0.03    0.04   -0.01 (VIOLATED)
rv151.soc.bios_mem0/dout1[10]           0.03    0.04   -0.01 (VIOLATED)
rv151.soc.bios_mem1/dout0[15]           0.03    0.04   -0.01 (VIOLATED)
rv151.soc.dmem0/dout0[23]               0.03    0.04   -0.01 (VIOLATED)
rv151.soc.bios_mem1/dout0[27]           0.03    0.04   -0.01 (VIOLATED)
rv151.soc.bios_mem0/dout0[15]           0.03    0.04   -0.01 (VIOLATED)
rv151.soc.bios_mem1/dout1[22]           0.03    0.04   -0.01 (VIOLATED)
rv151.soc.imem1/dout1[27]               0.03    0.04   -0.01 (VIOLATED)
rv151.soc.imem0/dout1[28]               0.03    0.04   -0.01 (VIOLATED)
rv151.soc.bios_mem0/dout0[12]           0.03    0.04   -0.01 (VIOLATED)
rv151.soc.bios_mem1/dout0[28]           0.03    0.04   -0.01 (VIOLATED)
rv151.soc.imem0/dout1[27]               0.03    0.04   -0.01 (VIOLATED)
rv151.soc.dmem0/dout0[6]                0.03    0.04   -0.01 (VIOLATED)
rv151.soc.bios_mem0/dout1[21]           0.03    0.04   -0.01 (VIOLATED)
rv151.soc.bios_mem0/dout0[11]           0.03    0.04   -0.01 (VIOLATED)
rv151.soc.bios_mem0/dout0[28]           0.03    0.04   -0.01 (VIOLATED)
rv151.soc.bios_mem1/dout1[4]            0.03    0.04   -0.01 (VIOLATED)
rv151.soc.bios_mem0/dout1[7]            0.03    0.04   -0.01 (VIOLATED)
rv151.soc.bios_mem0/dout1[20]           0.03    0.04   -0.01 (VIOLATED)
rv151.soc.bios_mem1/dout1[21]           0.03    0.04   -0.01 (VIOLATED)
rv151.soc.bios_mem0/dout1[5]            0.03    0.04   -0.01 (VIOLATED)
rv151.soc.dmem1/dout0[19]               0.03    0.04   -0.01 (VIOLATED)
_13021_/Y                               0.22    0.23   -0.01 (VIOLATED)
rv151.soc.bios_mem0/dout1[3]            0.03    0.03   -0.01 (VIOLATED)
rv151.soc.bios_mem1/dout0[14]           0.03    0.03   -0.01 (VIOLATED)
rv151.soc.dmem0/dout0[18]               0.03    0.03   -0.01 (VIOLATED)
rv151.soc.bios_mem1/dout1[11]           0.03    0.03   -0.01 (VIOLATED)
rv151.soc.imem1/dout1[12]               0.03    0.03   -0.01 (VIOLATED)
rv151.soc.bios_mem1/dout1[20]           0.03    0.03   -0.01 (VIOLATED)
rv151.soc.bios_mem0/dout0[27]           0.03    0.03   -0.01 (VIOLATED)
rv151.soc.bios_mem1/dout1[5]            0.03    0.03   -0.01 (VIOLATED)
rv151.soc.imem1/dout1[31]               0.03    0.03   -0.01 (VIOLATED)
rv151.soc.bios_mem0/dout0[26]           0.03    0.03   -0.01 (VIOLATED)
rv151.soc.bios_mem1/dout0[16]           0.03    0.03   -0.01 (VIOLATED)
rv151.soc.bios_mem0/dout1[18]           0.03    0.03   -0.01 (VIOLATED)
rv151.soc.dmem1/dout0[4]                0.03    0.03   -0.01 (VIOLATED)
rv151.soc.imem0/dout1[26]               0.03    0.03   -0.01 (VIOLATED)
rv151.soc.bios_mem0/dout1[2]            0.03    0.03   -0.01 (VIOLATED)
rv151.soc.bios_mem1/dout0[30]           0.03    0.03   -0.01 (VIOLATED)
rv151.soc.bios_mem0/dout1[9]            0.03    0.03   -0.00 (VIOLATED)
rv151.soc.bios_mem1/dout0[12]           0.03    0.03   -0.00 (VIOLATED)
rv151.soc.imem1/dout1[10]               0.03    0.03   -0.00 (VIOLATED)
rv151.soc.bios_mem1/dout1[10]           0.03    0.03   -0.00 (VIOLATED)
rv151.soc.imem1/dout1[6]                0.03    0.03   -0.00 (VIOLATED)
rv151.soc.dmem1/dout0[18]               0.03    0.03   -0.00 (VIOLATED)
rv151.soc.imem1/dout1[11]               0.03    0.03   -0.00 (VIOLATED)
rv151.soc.dmem0/dout0[8]                0.03    0.03   -0.00 (VIOLATED)
rv151.soc.imem0/dout1[6]                0.03    0.03   -0.00 (VIOLATED)
rv151.soc.bios_mem0/dout1[31]           0.03    0.03   -0.00 (VIOLATED)
rv151.soc.imem1/dout1[30]               0.03    0.03   -0.00 (VIOLATED)
rv151.soc.bios_mem1/dout1[12]           0.03    0.03   -0.00 (VIOLATED)
rv151.soc.bios_mem0/dout1[8]            0.03    0.03   -0.00 (VIOLATED)
rv151.soc.bios_mem1/dout0[29]           0.03    0.03   -0.00 (VIOLATED)
rv151.soc.bios_mem0/dout1[6]            0.03    0.03   -0.00 (VIOLATED)
rv151.soc.imem1/dout1[13]               0.03    0.03   -0.00 (VIOLATED)
rv151.soc.bios_mem0/dout1[17]           0.03    0.03   -0.00 (VIOLATED)
rv151.soc.dmem0/dout0[5]                0.03    0.03   -0.00 (VIOLATED)
rv151.soc.imem1/dout1[15]               0.03    0.03   -0.00 (VIOLATED)
rv151.soc.imem1/dout1[16]               0.03    0.03   -0.00 (VIOLATED)
rv151.soc.bios_mem1/dout0[31]           0.03    0.03   -0.00 (VIOLATED)
rv151.soc.bios_mem0/dout0[25]           0.03    0.03   -0.00 (VIOLATED)
rv151.soc.imem1/dout1[14]               0.03    0.03   -0.00 (VIOLATED)
rv151.soc.dmem1/dout0[6]                0.03    0.03   -0.00 (VIOLATED)
rv151.soc.imem0/dout1[25]               0.03    0.03   -0.00 (VIOLATED)
rv151.soc.imem0/dout1[11]               0.03    0.03   -0.00 (VIOLATED)
rv151.soc.imem0/dout1[8]                0.03    0.03   -0.00 (VIOLATED)
rv151.soc.bios_mem0/dout0[10]           0.03    0.03   -0.00 (VIOLATED)
rv151.soc.dmem1/dout0[2]                0.03    0.03   -0.00 (VIOLATED)
rv151.soc.dmem0/dout0[4]                0.03    0.03   -0.00 (VIOLATED)
rv151.soc.dmem1/dout0[20]               0.03    0.03   -0.00 (VIOLATED)
rv151.soc.bios_mem1/dout1[24]           0.03    0.03   -0.00 (VIOLATED)
rv151.soc.imem1/dout1[17]               0.03    0.03   -0.00 (VIOLATED)
rv151.soc.bios_mem1/dout0[17]           0.03    0.03   -0.00 (VIOLATED)
rv151.soc.dmem1/dout0[5]                0.03    0.03   -0.00 (VIOLATED)
rv151.soc.bios_mem1/dout1[23]           0.03    0.03   -0.00 (VIOLATED)


===========================================================================
max slew violation count 608
max fanout violation count 0
max cap violation count 151
============================================================================
