
===========================================================================
report_checks -unconstrained
============================================================================
Startpoint: io_in[17] (input port clocked by clk)
Endpoint: _17542_ (recovery check against rising-edge clock clk)
Path Group: **async_default**
Path Type: max

Fanout     Cap    Slew   Delay    Time   Description
-----------------------------------------------------------------------------
                          0.00    0.00   clock clk (rise edge)
                          0.00    0.00   clock network delay (propagated)
                         30.00   30.00 ^ input external delay
                  0.00    0.00   30.00 ^ io_in[17] (in)
     1    0.01                           io_in[17] (net)
                  0.00    0.00   30.00 ^ input4/A (sky130_fd_sc_hd__buf_12)
                  0.38    0.28   30.28 ^ input4/X (sky130_fd_sc_hd__buf_12)
    18    0.38                           net4 (net)
                  0.39    0.05   30.32 ^ _12893_/B_N (sky130_fd_sc_hd__or2b_4)
                  0.21    0.49   30.81 v _12893_/X (sky130_fd_sc_hd__or2b_4)
     9    0.15                           _07332_ (net)
                  0.28    0.10   30.91 v _12894_/B1 (sky130_fd_sc_hd__o21a_2)
                  0.15    0.33   31.25 v _12894_/X (sky130_fd_sc_hd__o21a_2)
     1    0.05                           _07333_ (net)
                  0.15    0.01   31.26 v _12895_/A (sky130_fd_sc_hd__clkbuf_4)
                  0.10    0.26   31.51 v _12895_/X (sky130_fd_sc_hd__clkbuf_4)
     6    0.05                           _07334_ (net)
                  0.10    0.00   31.52 v _13993_/A (sky130_fd_sc_hd__buf_2)
                  0.10    0.22   31.74 v _13993_/X (sky130_fd_sc_hd__buf_2)
    10    0.04                           _08045_ (net)
                  0.10    0.00   31.74 v _13994_/A (sky130_fd_sc_hd__clkbuf_4)
                  0.12    0.25   32.00 v _13994_/X (sky130_fd_sc_hd__clkbuf_4)
    10    0.06                           _08046_ (net)
                  0.12    0.01   32.00 v _13995_/A (sky130_fd_sc_hd__clkbuf_8)
                  0.09    0.24   32.24 v _13995_/X (sky130_fd_sc_hd__clkbuf_8)
    10    0.07                           _08047_ (net)
                  0.09    0.00   32.24 v _15174_/A (sky130_fd_sc_hd__inv_2)
                  0.05    0.08   32.32 ^ _15174_/Y (sky130_fd_sc_hd__inv_2)
     1    0.01                           _00194_ (net)
                  0.05    0.00   32.32 ^ _17542_/SET_B (sky130_fd_sc_hd__dfstp_1)
                                 32.32   data arrival time

                        100.00  100.00   clock clk (rise edge)
                          0.00  100.00   clock source latency
                  0.00    0.00  100.00 ^ user_clock2 (in)
     2    0.09                           user_clock2 (net)
                  0.05    0.02  100.02 ^ wire2/A (sky130_fd_sc_hd__buf_12)
                  0.26    0.21  100.24 ^ wire2/X (sky130_fd_sc_hd__buf_12)
    51    0.39                           net981 (net)
                  1.00    0.45  100.69 ^ _13522_/A0 (sky130_fd_sc_hd__mux2_2)
                  0.04    0.28  100.97 ^ _13522_/X (sky130_fd_sc_hd__mux2_2)
     1    0.00                           _07790_ (net)
                  0.04    0.00  100.97 ^ _13523_/A (sky130_fd_sc_hd__buf_1)
                  2.49    1.67  102.63 ^ _13523_/X (sky130_fd_sc_hd__buf_1)
     1    0.22                           rv151.mxck (net)
                  2.49    0.03  102.67 ^ clkbuf_0_rv151.mxck/A (sky130_fd_sc_hd__clkbuf_16)
                  0.12    0.42  103.09 ^ clkbuf_0_rv151.mxck/X (sky130_fd_sc_hd__clkbuf_16)
     2    0.04                           clknet_0_rv151.mxck (net)
                  0.12    0.00  103.09 ^ clkbuf_1_0_0_rv151.mxck/A (sky130_fd_sc_hd__clkbuf_8)
                  0.05    0.15  103.24 ^ clkbuf_1_0_0_rv151.mxck/X (sky130_fd_sc_hd__clkbuf_8)
     1    0.02                           clknet_1_0_0_rv151.mxck (net)
                  0.05    0.00  103.24 ^ clkbuf_1_0_1_rv151.mxck/A (sky130_fd_sc_hd__clkbuf_8)
                  0.04    0.12  103.36 ^ clkbuf_1_0_1_rv151.mxck/X (sky130_fd_sc_hd__clkbuf_8)
     1    0.02                           clknet_1_0_1_rv151.mxck (net)
                  0.04    0.00  103.36 ^ clkbuf_1_0_2_rv151.mxck/A (sky130_fd_sc_hd__clkbuf_8)
                  0.05    0.12  103.48 ^ clkbuf_1_0_2_rv151.mxck/X (sky130_fd_sc_hd__clkbuf_8)
     1    0.02                           clknet_1_0_2_rv151.mxck (net)
                  0.05    0.00  103.49 ^ clkbuf_1_0_3_rv151.mxck/A (sky130_fd_sc_hd__clkbuf_8)
                  0.04    0.12  103.60 ^ clkbuf_1_0_3_rv151.mxck/X (sky130_fd_sc_hd__clkbuf_8)
     1    0.01                           clknet_1_0_3_rv151.mxck (net)
                  0.04    0.00  103.60 ^ clkbuf_1_0_4_rv151.mxck/A (sky130_fd_sc_hd__clkbuf_8)
                  0.08    0.14  103.74 ^ clkbuf_1_0_4_rv151.mxck/X (sky130_fd_sc_hd__clkbuf_8)
     2    0.04                           clknet_1_0_4_rv151.mxck (net)
                  0.08    0.00  103.75 ^ clkbuf_2_0_0_rv151.mxck/A (sky130_fd_sc_hd__clkbuf_8)
                  0.04    0.13  103.88 ^ clkbuf_2_0_0_rv151.mxck/X (sky130_fd_sc_hd__clkbuf_8)
     1    0.01                           clknet_2_0_0_rv151.mxck (net)
                  0.04    0.00  103.88 ^ clkbuf_2_0_1_rv151.mxck/A (sky130_fd_sc_hd__clkbuf_8)
                  0.05    0.12  104.00 ^ clkbuf_2_0_1_rv151.mxck/X (sky130_fd_sc_hd__clkbuf_8)
     1    0.02                           clknet_2_0_1_rv151.mxck (net)
                  0.05    0.00  104.00 ^ clkbuf_2_0_2_rv151.mxck/A (sky130_fd_sc_hd__clkbuf_8)
                  0.05    0.12  104.12 ^ clkbuf_2_0_2_rv151.mxck/X (sky130_fd_sc_hd__clkbuf_8)
     1    0.02                           clknet_2_0_2_rv151.mxck (net)
                  0.05    0.00  104.12 ^ clkbuf_2_0_3_rv151.mxck/A (sky130_fd_sc_hd__clkbuf_8)
                  0.14    0.18  104.31 ^ clkbuf_2_0_3_rv151.mxck/X (sky130_fd_sc_hd__clkbuf_8)
     2    0.07                           clknet_2_0_3_rv151.mxck (net)
                  0.14    0.01  104.32 ^ clkbuf_3_1_0_rv151.mxck/A (sky130_fd_sc_hd__clkbuf_8)
                  0.05    0.16  104.48 ^ clkbuf_3_1_0_rv151.mxck/X (sky130_fd_sc_hd__clkbuf_8)
     1    0.02                           clknet_3_1_0_rv151.mxck (net)
                  0.05    0.00  104.48 ^ clkbuf_3_1_1_rv151.mxck/A (sky130_fd_sc_hd__clkbuf_8)
                  0.03    0.11  104.59 ^ clkbuf_3_1_1_rv151.mxck/X (sky130_fd_sc_hd__clkbuf_8)
     1    0.01                           clknet_3_1_1_rv151.mxck (net)
                  0.03    0.00  104.59 ^ clkbuf_3_1_2_rv151.mxck/A (sky130_fd_sc_hd__clkbuf_8)
                  0.09    0.15  104.74 ^ clkbuf_3_1_2_rv151.mxck/X (sky130_fd_sc_hd__clkbuf_8)
     3    0.04                           clknet_3_1_2_rv151.mxck (net)
                  0.09    0.00  104.74 ^ clkbuf_4_3_0_rv151.mxck/A (sky130_fd_sc_hd__clkbuf_8)
                  0.05    0.14  104.88 ^ clkbuf_4_3_0_rv151.mxck/X (sky130_fd_sc_hd__clkbuf_8)
     1    0.02                           clknet_4_3_0_rv151.mxck (net)
                  0.05    0.00  104.88 ^ clkbuf_4_3_1_rv151.mxck/A (sky130_fd_sc_hd__clkbuf_8)
                  0.27    0.27  105.15 ^ clkbuf_4_3_1_rv151.mxck/X (sky130_fd_sc_hd__clkbuf_8)
    12    0.15                           clknet_4_3_1_rv151.mxck (net)
                  0.27    0.01  105.16 ^ clkbuf_leaf_68_rv151.mxck/A (sky130_fd_sc_hd__clkbuf_16)
                  0.06    0.20  105.36 ^ clkbuf_leaf_68_rv151.mxck/X (sky130_fd_sc_hd__clkbuf_16)
    11    0.03                           clknet_leaf_68_rv151.mxck (net)
                  0.06    0.00  105.36 ^ _17542_/CLK (sky130_fd_sc_hd__dfstp_1)
                          0.00  105.36   clock reconvergence pessimism
                          0.14  105.50   library recovery time
                                105.50   data required time
-----------------------------------------------------------------------------
                                105.50   data required time
                                -32.32   data arrival time
-----------------------------------------------------------------------------
                                 73.18   slack (MET)


Startpoint: rv151.soc.imem0 (falling edge-triggered flip-flop clocked by clk)
Endpoint: _17696_ (rising edge-triggered flip-flop clocked by clk)
Path Group: clk
Path Type: max

Fanout     Cap    Slew   Delay    Time   Description
-----------------------------------------------------------------------------
                         50.00   50.00   clock clk (fall edge)
                          0.00   50.00   clock source latency
                  0.00    0.00   50.00 v user_clock2 (in)
     2    0.09                           user_clock2 (net)
                  0.05    0.03   50.03 v wire2/A (sky130_fd_sc_hd__buf_12)
                  0.09    0.19   50.22 v wire2/X (sky130_fd_sc_hd__buf_12)
    51    0.39                           net981 (net)
                  0.87    0.45   50.67 v _13522_/A0 (sky130_fd_sc_hd__mux2_2)
                  0.06    0.60   51.27 v _13522_/X (sky130_fd_sc_hd__mux2_2)
     1    0.00                           _07790_ (net)
                  0.06    0.00   51.27 v _13523_/A (sky130_fd_sc_hd__buf_1)
                  1.22    1.01   52.28 v _13523_/X (sky130_fd_sc_hd__buf_1)
     1    0.22                           rv151.mxck (net)
                  1.22    0.04   52.32 v clkbuf_0_rv151.mxck/A (sky130_fd_sc_hd__clkbuf_16)
                  0.07    0.57   52.89 v clkbuf_0_rv151.mxck/X (sky130_fd_sc_hd__clkbuf_16)
     2    0.04                           clknet_0_rv151.mxck (net)
                  0.07    0.00   52.89 v clkbuf_1_1_0_rv151.mxck/A (sky130_fd_sc_hd__clkbuf_8)
                  0.04    0.16   53.05 v clkbuf_1_1_0_rv151.mxck/X (sky130_fd_sc_hd__clkbuf_8)
     1    0.02                           clknet_1_1_0_rv151.mxck (net)
                  0.04    0.00   53.05 v clkbuf_1_1_1_rv151.mxck/A (sky130_fd_sc_hd__clkbuf_8)
                  0.04    0.15   53.20 v clkbuf_1_1_1_rv151.mxck/X (sky130_fd_sc_hd__clkbuf_8)
     1    0.02                           clknet_1_1_1_rv151.mxck (net)
                  0.04    0.00   53.20 v clkbuf_1_1_2_rv151.mxck/A (sky130_fd_sc_hd__clkbuf_8)
                  0.04    0.15   53.35 v clkbuf_1_1_2_rv151.mxck/X (sky130_fd_sc_hd__clkbuf_8)
     1    0.02                           clknet_1_1_2_rv151.mxck (net)
                  0.04    0.00   53.35 v clkbuf_1_1_3_rv151.mxck/A (sky130_fd_sc_hd__clkbuf_8)
                  0.03    0.14   53.50 v clkbuf_1_1_3_rv151.mxck/X (sky130_fd_sc_hd__clkbuf_8)
     1    0.01                           clknet_1_1_3_rv151.mxck (net)
                  0.03    0.00   53.50 v clkbuf_1_1_4_rv151.mxck/A (sky130_fd_sc_hd__clkbuf_8)
                  0.05    0.16   53.66 v clkbuf_1_1_4_rv151.mxck/X (sky130_fd_sc_hd__clkbuf_8)
     2    0.03                           clknet_1_1_4_rv151.mxck (net)
                  0.05    0.00   53.66 v clkbuf_2_3_0_rv151.mxck/A (sky130_fd_sc_hd__clkbuf_8)
                  0.03    0.15   53.81 v clkbuf_2_3_0_rv151.mxck/X (sky130_fd_sc_hd__clkbuf_8)
     1    0.01                           clknet_2_3_0_rv151.mxck (net)
                  0.03    0.00   53.81 v clkbuf_2_3_1_rv151.mxck/A (sky130_fd_sc_hd__clkbuf_8)
                  0.03    0.14   53.95 v clkbuf_2_3_1_rv151.mxck/X (sky130_fd_sc_hd__clkbuf_8)
     1    0.01                           clknet_2_3_1_rv151.mxck (net)
                  0.03    0.00   53.95 v clkbuf_2_3_2_rv151.mxck/A (sky130_fd_sc_hd__clkbuf_8)
                  0.04    0.14   54.09 v clkbuf_2_3_2_rv151.mxck/X (sky130_fd_sc_hd__clkbuf_8)
     1    0.02                           clknet_2_3_2_rv151.mxck (net)
                  0.04    0.00   54.09 v clkbuf_2_3_3_rv151.mxck/A (sky130_fd_sc_hd__clkbuf_8)
                  0.07    0.18   54.27 v clkbuf_2_3_3_rv151.mxck/X (sky130_fd_sc_hd__clkbuf_8)
     2    0.06                           clknet_2_3_3_rv151.mxck (net)
                  0.07    0.00   54.28 v clkbuf_3_7_0_rv151.mxck/A (sky130_fd_sc_hd__clkbuf_8)
                  0.04    0.16   54.44 v clkbuf_3_7_0_rv151.mxck/X (sky130_fd_sc_hd__clkbuf_8)
     1    0.02                           clknet_3_7_0_rv151.mxck (net)
                  0.04    0.00   54.44 v clkbuf_3_7_1_rv151.mxck/A (sky130_fd_sc_hd__clkbuf_8)
                  0.03    0.13   54.57 v clkbuf_3_7_1_rv151.mxck/X (sky130_fd_sc_hd__clkbuf_8)
     1    0.01                           clknet_3_7_1_rv151.mxck (net)
                  0.03    0.00   54.57 v clkbuf_3_7_2_rv151.mxck/A (sky130_fd_sc_hd__clkbuf_8)
                  0.05    0.16   54.73 v clkbuf_3_7_2_rv151.mxck/X (sky130_fd_sc_hd__clkbuf_8)
     2    0.03                           clknet_3_7_2_rv151.mxck (net)
                  0.05    0.00   54.73 v clkbuf_4_14_0_rv151.mxck/A (sky130_fd_sc_hd__clkbuf_8)
                  0.03    0.15   54.88 v clkbuf_4_14_0_rv151.mxck/X (sky130_fd_sc_hd__clkbuf_8)
     1    0.01                           clknet_4_14_0_rv151.mxck (net)
                  0.03    0.00   54.88 v clkbuf_4_14_1_rv151.mxck/A (sky130_fd_sc_hd__clkbuf_8)
                  0.14    0.24   55.12 v clkbuf_4_14_1_rv151.mxck/X (sky130_fd_sc_hd__clkbuf_8)
    11    0.13                           clknet_4_14_1_rv151.mxck (net)
                  0.14    0.00   55.13 v clkbuf_opt_29_0_rv151.mxck/A (sky130_fd_sc_hd__clkbuf_16)
                  0.04    0.20   55.33 v clkbuf_opt_29_0_rv151.mxck/X (sky130_fd_sc_hd__clkbuf_16)
     1    0.02                           clknet_opt_29_0_rv151.mxck (net)
                  0.04    0.00   55.33 v clkbuf_opt_29_1_rv151.mxck/A (sky130_fd_sc_hd__clkbuf_16)
                  0.03    0.15   55.48 v clkbuf_opt_29_1_rv151.mxck/X (sky130_fd_sc_hd__clkbuf_16)
     1    0.02                           clknet_opt_29_1_rv151.mxck (net)
                  0.03    0.00   55.48 v clkbuf_opt_29_2_rv151.mxck/A (sky130_fd_sc_hd__clkbuf_16)
                  0.03    0.15   55.63 v clkbuf_opt_29_2_rv151.mxck/X (sky130_fd_sc_hd__clkbuf_16)
     1    0.02                           clknet_opt_29_2_rv151.mxck (net)
                  0.03    0.00   55.63 v clkbuf_opt_29_3_rv151.mxck/A (sky130_fd_sc_hd__clkbuf_16)
                  0.04    0.15   55.78 v clkbuf_opt_29_3_rv151.mxck/X (sky130_fd_sc_hd__clkbuf_16)
     1    0.02                           clknet_opt_29_3_rv151.mxck (net)
                  0.04    0.00   55.78 v clkbuf_opt_29_4_rv151.mxck/A (sky130_fd_sc_hd__clkbuf_16)
                  0.04    0.15   55.94 v clkbuf_opt_29_4_rv151.mxck/X (sky130_fd_sc_hd__clkbuf_16)
     1    0.02                           clknet_opt_29_4_rv151.mxck (net)
                  0.04    0.00   55.94 v clkbuf_opt_29_5_rv151.mxck/A (sky130_fd_sc_hd__clkbuf_16)
                  0.03    0.15   56.09 v clkbuf_opt_29_5_rv151.mxck/X (sky130_fd_sc_hd__clkbuf_16)
     1    0.02                           clknet_opt_29_5_rv151.mxck (net)
                  0.03    0.00   56.09 v clkbuf_opt_29_6_rv151.mxck/A (sky130_fd_sc_hd__clkbuf_16)
                  0.03    0.15   56.23 v clkbuf_opt_29_6_rv151.mxck/X (sky130_fd_sc_hd__clkbuf_16)
     1    0.02                           clknet_opt_29_6_rv151.mxck (net)
                  0.03    0.00   56.23 v clkbuf_opt_29_7_rv151.mxck/A (sky130_fd_sc_hd__clkbuf_16)
                  0.04    0.15   56.39 v clkbuf_opt_29_7_rv151.mxck/X (sky130_fd_sc_hd__clkbuf_16)
     1    0.03                           clknet_opt_29_7_rv151.mxck (net)
                  0.05    0.00   56.39 v rv151.soc.imem0/clk1 (sky130_sram_2kbyte_1rw1r_32x512_8)
                  0.01    0.44   56.83 v rv151.soc.imem0/dout1[31] (sky130_sram_2kbyte_1rw1r_32x512_8)
     1    0.01                           rv151.soc.imem_dout1[0][31] (net)
                  0.00    0.00   56.83 v wire234/A (sky130_fd_sc_hd__clkbuf_2)
                  0.12    0.17   57.00 v wire234/X (sky130_fd_sc_hd__clkbuf_2)
     1    0.03                           net234 (net)
                  0.12    0.01   57.01 v wire233/A (sky130_fd_sc_hd__clkbuf_2)
                  0.20    0.28   57.29 v wire233/X (sky130_fd_sc_hd__clkbuf_2)
     1    0.05                           net233 (net)
                  0.20    0.01   57.30 v wire232/A (sky130_fd_sc_hd__buf_4)
                  0.07    0.25   57.55 v wire232/X (sky130_fd_sc_hd__buf_4)
     1    0.04                           net232 (net)
                  0.07    0.01   57.56 v wire231/A (sky130_fd_sc_hd__buf_6)
                  0.06    0.17   57.72 v wire231/X (sky130_fd_sc_hd__buf_6)
     3    0.05                           net231 (net)
                  0.06    0.01   57.73 v _13731_/A0 (sky130_fd_sc_hd__mux2_1)
                  0.06    0.31   58.04 v _13731_/X (sky130_fd_sc_hd__mux2_1)
     1    0.00                           _07905_ (net)
                  0.06    0.00   58.04 v _13732_/A (sky130_fd_sc_hd__clkbuf_1)
                  0.03    0.11   58.15 v _13732_/X (sky130_fd_sc_hd__clkbuf_1)
     1    0.00                           _00123_ (net)
                  0.03    0.00   58.15 v _17696_/D (sky130_fd_sc_hd__dfxtp_2)
                                 58.15   data arrival time

                        100.00  100.00   clock clk (rise edge)
                          0.00  100.00   clock source latency
                  0.00    0.00  100.00 ^ user_clock2 (in)
     2    0.09                           user_clock2 (net)
                  0.05    0.02  100.02 ^ wire2/A (sky130_fd_sc_hd__buf_12)
                  0.26    0.21  100.24 ^ wire2/X (sky130_fd_sc_hd__buf_12)
    51    0.39                           net981 (net)
                  1.00    0.45  100.69 ^ _13522_/A0 (sky130_fd_sc_hd__mux2_2)
                  0.04    0.28  100.97 ^ _13522_/X (sky130_fd_sc_hd__mux2_2)
     1    0.00                           _07790_ (net)
                  0.04    0.00  100.97 ^ _13523_/A (sky130_fd_sc_hd__buf_1)
                  2.49    1.67  102.63 ^ _13523_/X (sky130_fd_sc_hd__buf_1)
     1    0.22                           rv151.mxck (net)
                  2.49    0.03  102.67 ^ clkbuf_0_rv151.mxck/A (sky130_fd_sc_hd__clkbuf_16)
                  0.12    0.42  103.09 ^ clkbuf_0_rv151.mxck/X (sky130_fd_sc_hd__clkbuf_16)
     2    0.04                           clknet_0_rv151.mxck (net)
                  0.12    0.00  103.09 ^ clkbuf_1_1_0_rv151.mxck/A (sky130_fd_sc_hd__clkbuf_8)
                  0.05    0.15  103.23 ^ clkbuf_1_1_0_rv151.mxck/X (sky130_fd_sc_hd__clkbuf_8)
     1    0.02                           clknet_1_1_0_rv151.mxck (net)
                  0.05    0.00  103.23 ^ clkbuf_1_1_1_rv151.mxck/A (sky130_fd_sc_hd__clkbuf_8)
                  0.05    0.13  103.36 ^ clkbuf_1_1_1_rv151.mxck/X (sky130_fd_sc_hd__clkbuf_8)
     1    0.02                           clknet_1_1_1_rv151.mxck (net)
                  0.05    0.00  103.36 ^ clkbuf_1_1_2_rv151.mxck/A (sky130_fd_sc_hd__clkbuf_8)
                  0.05    0.12  103.49 ^ clkbuf_1_1_2_rv151.mxck/X (sky130_fd_sc_hd__clkbuf_8)
     1    0.02                           clknet_1_1_2_rv151.mxck (net)
                  0.05    0.00  103.49 ^ clkbuf_1_1_3_rv151.mxck/A (sky130_fd_sc_hd__clkbuf_8)
                  0.04    0.12  103.61 ^ clkbuf_1_1_3_rv151.mxck/X (sky130_fd_sc_hd__clkbuf_8)
     1    0.01                           clknet_1_1_3_rv151.mxck (net)
                  0.04    0.00  103.61 ^ clkbuf_1_1_4_rv151.mxck/A (sky130_fd_sc_hd__clkbuf_8)
                  0.08    0.14  103.75 ^ clkbuf_1_1_4_rv151.mxck/X (sky130_fd_sc_hd__clkbuf_8)
     2    0.04                           clknet_1_1_4_rv151.mxck (net)
                  0.08    0.00  103.75 ^ clkbuf_2_2_0_rv151.mxck/A (sky130_fd_sc_hd__clkbuf_8)
                  0.04    0.13  103.88 ^ clkbuf_2_2_0_rv151.mxck/X (sky130_fd_sc_hd__clkbuf_8)
     1    0.01                           clknet_2_2_0_rv151.mxck (net)
                  0.04    0.00  103.88 ^ clkbuf_2_2_1_rv151.mxck/A (sky130_fd_sc_hd__clkbuf_8)
                  0.04    0.12  104.00 ^ clkbuf_2_2_1_rv151.mxck/X (sky130_fd_sc_hd__clkbuf_8)
     1    0.01                           clknet_2_2_1_rv151.mxck (net)
                  0.04    0.00  104.00 ^ clkbuf_2_2_2_rv151.mxck/A (sky130_fd_sc_hd__clkbuf_8)
                  0.04    0.11  104.11 ^ clkbuf_2_2_2_rv151.mxck/X (sky130_fd_sc_hd__clkbuf_8)
     1    0.01                           clknet_2_2_2_rv151.mxck (net)
                  0.04    0.00  104.11 ^ clkbuf_2_2_3_rv151.mxck/A (sky130_fd_sc_hd__clkbuf_8)
                  0.08    0.15  104.26 ^ clkbuf_2_2_3_rv151.mxck/X (sky130_fd_sc_hd__clkbuf_8)
     2    0.04                           clknet_2_2_3_rv151.mxck (net)
                  0.08    0.00  104.26 ^ clkbuf_3_4_0_rv151.mxck/A (sky130_fd_sc_hd__clkbuf_8)
                  0.04    0.13  104.39 ^ clkbuf_3_4_0_rv151.mxck/X (sky130_fd_sc_hd__clkbuf_8)
     1    0.01                           clknet_3_4_0_rv151.mxck (net)
                  0.04    0.00  104.39 ^ clkbuf_3_4_1_rv151.mxck/A (sky130_fd_sc_hd__clkbuf_8)
                  0.03    0.11  104.50 ^ clkbuf_3_4_1_rv151.mxck/X (sky130_fd_sc_hd__clkbuf_8)
     1    0.01                           clknet_3_4_1_rv151.mxck (net)
                  0.03    0.00  104.50 ^ clkbuf_3_4_2_rv151.mxck/A (sky130_fd_sc_hd__clkbuf_8)
                  0.08    0.14  104.64 ^ clkbuf_3_4_2_rv151.mxck/X (sky130_fd_sc_hd__clkbuf_8)
     2    0.04                           clknet_3_4_2_rv151.mxck (net)
                  0.08    0.00  104.64 ^ clkbuf_4_8_0_rv151.mxck/A (sky130_fd_sc_hd__clkbuf_8)
                  0.05    0.14  104.78 ^ clkbuf_4_8_0_rv151.mxck/X (sky130_fd_sc_hd__clkbuf_8)
     1    0.02                           clknet_4_8_0_rv151.mxck (net)
                  0.05    0.00  104.78 ^ clkbuf_4_8_1_rv151.mxck/A (sky130_fd_sc_hd__clkbuf_8)
                  0.20    0.23  105.01 ^ clkbuf_4_8_1_rv151.mxck/X (sky130_fd_sc_hd__clkbuf_8)
    10    0.11                           clknet_4_8_1_rv151.mxck (net)
                  0.20    0.01  105.02 ^ clkbuf_opt_21_0_rv151.mxck/A (sky130_fd_sc_hd__clkbuf_16)
                  0.04    0.17  105.19 ^ clkbuf_opt_21_0_rv151.mxck/X (sky130_fd_sc_hd__clkbuf_16)
     1    0.02                           clknet_opt_21_0_rv151.mxck (net)
                  0.04    0.00  105.19 ^ clkbuf_opt_21_1_rv151.mxck/A (sky130_fd_sc_hd__clkbuf_16)
                  0.04    0.12  105.30 ^ clkbuf_opt_21_1_rv151.mxck/X (sky130_fd_sc_hd__clkbuf_16)
     1    0.02                           clknet_opt_21_1_rv151.mxck (net)
                  0.04    0.00  105.30 ^ clkbuf_leaf_194_rv151.mxck/A (sky130_fd_sc_hd__clkbuf_16)
                  0.06    0.13  105.44 ^ clkbuf_leaf_194_rv151.mxck/X (sky130_fd_sc_hd__clkbuf_16)
    10    0.04                           clknet_leaf_194_rv151.mxck (net)
                  0.06    0.00  105.44 ^ _17696_/CLK (sky130_fd_sc_hd__dfxtp_2)
                          0.35  105.79   clock reconvergence pessimism
                         -0.11  105.68   library setup time
                                105.68   data required time
-----------------------------------------------------------------------------
                                105.68   data required time
                                -58.15   data arrival time
-----------------------------------------------------------------------------
                                 47.54   slack (MET)


Startpoint: rv151.soc.imem0 (falling edge-triggered flip-flop clocked by ick)
Endpoint: _17696_ (rising edge-triggered flip-flop clocked by ick)
Path Group: ick
Path Type: max

Fanout     Cap    Slew   Delay    Time   Description
-----------------------------------------------------------------------------
                         50.00   50.00   clock ick (fall edge)
                          0.00   50.00   clock source latency
                  0.00    0.00   50.00 v io_in[18] (in)
     9    0.10                           io_in[18] (net)
                  0.06    0.03   50.03 v _13522_/A1 (sky130_fd_sc_hd__mux2_2)
                  0.06    0.27   50.31 v _13522_/X (sky130_fd_sc_hd__mux2_2)
     1    0.00                           _07790_ (net)
                  0.06    0.00   50.31 v _13523_/A (sky130_fd_sc_hd__buf_1)
                  1.22    1.01   51.32 v _13523_/X (sky130_fd_sc_hd__buf_1)
     1    0.22                           rv151.mxck (net)
                  1.22    0.04   51.36 v clkbuf_0_rv151.mxck/A (sky130_fd_sc_hd__clkbuf_16)
                  0.07    0.57   51.93 v clkbuf_0_rv151.mxck/X (sky130_fd_sc_hd__clkbuf_16)
     2    0.04                           clknet_0_rv151.mxck (net)
                  0.07    0.00   51.93 v clkbuf_1_1_0_rv151.mxck/A (sky130_fd_sc_hd__clkbuf_8)
                  0.04    0.16   52.09 v clkbuf_1_1_0_rv151.mxck/X (sky130_fd_sc_hd__clkbuf_8)
     1    0.02                           clknet_1_1_0_rv151.mxck (net)
                  0.04    0.00   52.09 v clkbuf_1_1_1_rv151.mxck/A (sky130_fd_sc_hd__clkbuf_8)
                  0.04    0.15   52.24 v clkbuf_1_1_1_rv151.mxck/X (sky130_fd_sc_hd__clkbuf_8)
     1    0.02                           clknet_1_1_1_rv151.mxck (net)
                  0.04    0.00   52.24 v clkbuf_1_1_2_rv151.mxck/A (sky130_fd_sc_hd__clkbuf_8)
                  0.04    0.15   52.39 v clkbuf_1_1_2_rv151.mxck/X (sky130_fd_sc_hd__clkbuf_8)
     1    0.02                           clknet_1_1_2_rv151.mxck (net)
                  0.04    0.00   52.39 v clkbuf_1_1_3_rv151.mxck/A (sky130_fd_sc_hd__clkbuf_8)
                  0.03    0.14   52.54 v clkbuf_1_1_3_rv151.mxck/X (sky130_fd_sc_hd__clkbuf_8)
     1    0.01                           clknet_1_1_3_rv151.mxck (net)
                  0.03    0.00   52.54 v clkbuf_1_1_4_rv151.mxck/A (sky130_fd_sc_hd__clkbuf_8)
                  0.05    0.16   52.70 v clkbuf_1_1_4_rv151.mxck/X (sky130_fd_sc_hd__clkbuf_8)
     2    0.03                           clknet_1_1_4_rv151.mxck (net)
                  0.05    0.00   52.70 v clkbuf_2_3_0_rv151.mxck/A (sky130_fd_sc_hd__clkbuf_8)
                  0.03    0.15   52.85 v clkbuf_2_3_0_rv151.mxck/X (sky130_fd_sc_hd__clkbuf_8)
     1    0.01                           clknet_2_3_0_rv151.mxck (net)
                  0.03    0.00   52.85 v clkbuf_2_3_1_rv151.mxck/A (sky130_fd_sc_hd__clkbuf_8)
                  0.03    0.14   52.99 v clkbuf_2_3_1_rv151.mxck/X (sky130_fd_sc_hd__clkbuf_8)
     1    0.01                           clknet_2_3_1_rv151.mxck (net)
                  0.03    0.00   52.99 v clkbuf_2_3_2_rv151.mxck/A (sky130_fd_sc_hd__clkbuf_8)
                  0.04    0.14   53.13 v clkbuf_2_3_2_rv151.mxck/X (sky130_fd_sc_hd__clkbuf_8)
     1    0.02                           clknet_2_3_2_rv151.mxck (net)
                  0.04    0.00   53.13 v clkbuf_2_3_3_rv151.mxck/A (sky130_fd_sc_hd__clkbuf_8)
                  0.07    0.18   53.31 v clkbuf_2_3_3_rv151.mxck/X (sky130_fd_sc_hd__clkbuf_8)
     2    0.06                           clknet_2_3_3_rv151.mxck (net)
                  0.07    0.00   53.32 v clkbuf_3_7_0_rv151.mxck/A (sky130_fd_sc_hd__clkbuf_8)
                  0.04    0.16   53.48 v clkbuf_3_7_0_rv151.mxck/X (sky130_fd_sc_hd__clkbuf_8)
     1    0.02                           clknet_3_7_0_rv151.mxck (net)
                  0.04    0.00   53.48 v clkbuf_3_7_1_rv151.mxck/A (sky130_fd_sc_hd__clkbuf_8)
                  0.03    0.13   53.61 v clkbuf_3_7_1_rv151.mxck/X (sky130_fd_sc_hd__clkbuf_8)
     1    0.01                           clknet_3_7_1_rv151.mxck (net)
                  0.03    0.00   53.61 v clkbuf_3_7_2_rv151.mxck/A (sky130_fd_sc_hd__clkbuf_8)
                  0.05    0.16   53.77 v clkbuf_3_7_2_rv151.mxck/X (sky130_fd_sc_hd__clkbuf_8)
     2    0.03                           clknet_3_7_2_rv151.mxck (net)
                  0.05    0.00   53.77 v clkbuf_4_14_0_rv151.mxck/A (sky130_fd_sc_hd__clkbuf_8)
                  0.03    0.15   53.92 v clkbuf_4_14_0_rv151.mxck/X (sky130_fd_sc_hd__clkbuf_8)
     1    0.01                           clknet_4_14_0_rv151.mxck (net)
                  0.03    0.00   53.92 v clkbuf_4_14_1_rv151.mxck/A (sky130_fd_sc_hd__clkbuf_8)
                  0.14    0.24   54.16 v clkbuf_4_14_1_rv151.mxck/X (sky130_fd_sc_hd__clkbuf_8)
    11    0.13                           clknet_4_14_1_rv151.mxck (net)
                  0.14    0.00   54.17 v clkbuf_opt_29_0_rv151.mxck/A (sky130_fd_sc_hd__clkbuf_16)
                  0.04    0.20   54.37 v clkbuf_opt_29_0_rv151.mxck/X (sky130_fd_sc_hd__clkbuf_16)
     1    0.02                           clknet_opt_29_0_rv151.mxck (net)
                  0.04    0.00   54.37 v clkbuf_opt_29_1_rv151.mxck/A (sky130_fd_sc_hd__clkbuf_16)
                  0.03    0.15   54.52 v clkbuf_opt_29_1_rv151.mxck/X (sky130_fd_sc_hd__clkbuf_16)
     1    0.02                           clknet_opt_29_1_rv151.mxck (net)
                  0.03    0.00   54.52 v clkbuf_opt_29_2_rv151.mxck/A (sky130_fd_sc_hd__clkbuf_16)
                  0.03    0.15   54.67 v clkbuf_opt_29_2_rv151.mxck/X (sky130_fd_sc_hd__clkbuf_16)
     1    0.02                           clknet_opt_29_2_rv151.mxck (net)
                  0.03    0.00   54.67 v clkbuf_opt_29_3_rv151.mxck/A (sky130_fd_sc_hd__clkbuf_16)
                  0.04    0.15   54.82 v clkbuf_opt_29_3_rv151.mxck/X (sky130_fd_sc_hd__clkbuf_16)
     1    0.02                           clknet_opt_29_3_rv151.mxck (net)
                  0.04    0.00   54.82 v clkbuf_opt_29_4_rv151.mxck/A (sky130_fd_sc_hd__clkbuf_16)
                  0.04    0.15   54.98 v clkbuf_opt_29_4_rv151.mxck/X (sky130_fd_sc_hd__clkbuf_16)
     1    0.02                           clknet_opt_29_4_rv151.mxck (net)
                  0.04    0.00   54.98 v clkbuf_opt_29_5_rv151.mxck/A (sky130_fd_sc_hd__clkbuf_16)
                  0.03    0.15   55.13 v clkbuf_opt_29_5_rv151.mxck/X (sky130_fd_sc_hd__clkbuf_16)
     1    0.02                           clknet_opt_29_5_rv151.mxck (net)
                  0.03    0.00   55.13 v clkbuf_opt_29_6_rv151.mxck/A (sky130_fd_sc_hd__clkbuf_16)
                  0.03    0.15   55.27 v clkbuf_opt_29_6_rv151.mxck/X (sky130_fd_sc_hd__clkbuf_16)
     1    0.02                           clknet_opt_29_6_rv151.mxck (net)
                  0.03    0.00   55.27 v clkbuf_opt_29_7_rv151.mxck/A (sky130_fd_sc_hd__clkbuf_16)
                  0.04    0.15   55.43 v clkbuf_opt_29_7_rv151.mxck/X (sky130_fd_sc_hd__clkbuf_16)
     1    0.03                           clknet_opt_29_7_rv151.mxck (net)
                  0.05    0.00   55.43 v rv151.soc.imem0/clk1 (sky130_sram_2kbyte_1rw1r_32x512_8)
                  0.01    0.44   55.87 v rv151.soc.imem0/dout1[31] (sky130_sram_2kbyte_1rw1r_32x512_8)
     1    0.01                           rv151.soc.imem_dout1[0][31] (net)
                  0.00    0.00   55.87 v wire234/A (sky130_fd_sc_hd__clkbuf_2)
                  0.12    0.17   56.04 v wire234/X (sky130_fd_sc_hd__clkbuf_2)
     1    0.03                           net234 (net)
                  0.12    0.01   56.05 v wire233/A (sky130_fd_sc_hd__clkbuf_2)
                  0.20    0.28   56.33 v wire233/X (sky130_fd_sc_hd__clkbuf_2)
     1    0.05                           net233 (net)
                  0.20    0.01   56.34 v wire232/A (sky130_fd_sc_hd__buf_4)
                  0.07    0.25   56.59 v wire232/X (sky130_fd_sc_hd__buf_4)
     1    0.04                           net232 (net)
                  0.07    0.01   56.60 v wire231/A (sky130_fd_sc_hd__buf_6)
                  0.06    0.17   56.76 v wire231/X (sky130_fd_sc_hd__buf_6)
     3    0.05                           net231 (net)
                  0.06    0.01   56.77 v _13731_/A0 (sky130_fd_sc_hd__mux2_1)
                  0.06    0.31   57.08 v _13731_/X (sky130_fd_sc_hd__mux2_1)
     1    0.00                           _07905_ (net)
                  0.06    0.00   57.08 v _13732_/A (sky130_fd_sc_hd__clkbuf_1)
                  0.03    0.11   57.19 v _13732_/X (sky130_fd_sc_hd__clkbuf_1)
     1    0.00                           _00123_ (net)
                  0.03    0.00   57.19 v _17696_/D (sky130_fd_sc_hd__dfxtp_2)
                                 57.19   data arrival time

                        100.00  100.00   clock ick (rise edge)
                          0.00  100.00   clock source latency
                  0.00    0.00  100.00 ^ io_in[18] (in)
     9    0.10                           io_in[18] (net)
                  0.06    0.03  100.03 ^ _13522_/A1 (sky130_fd_sc_hd__mux2_2)
                  0.04    0.13  100.16 ^ _13522_/X (sky130_fd_sc_hd__mux2_2)
     1    0.00                           _07790_ (net)
                  0.04    0.00  100.16 ^ _13523_/A (sky130_fd_sc_hd__buf_1)
                  2.49    1.67  101.83 ^ _13523_/X (sky130_fd_sc_hd__buf_1)
     1    0.22                           rv151.mxck (net)
                  2.49    0.03  101.86 ^ clkbuf_0_rv151.mxck/A (sky130_fd_sc_hd__clkbuf_16)
                  0.12    0.42  102.28 ^ clkbuf_0_rv151.mxck/X (sky130_fd_sc_hd__clkbuf_16)
     2    0.04                           clknet_0_rv151.mxck (net)
                  0.12    0.00  102.28 ^ clkbuf_1_1_0_rv151.mxck/A (sky130_fd_sc_hd__clkbuf_8)
                  0.05    0.15  102.43 ^ clkbuf_1_1_0_rv151.mxck/X (sky130_fd_sc_hd__clkbuf_8)
     1    0.02                           clknet_1_1_0_rv151.mxck (net)
                  0.05    0.00  102.43 ^ clkbuf_1_1_1_rv151.mxck/A (sky130_fd_sc_hd__clkbuf_8)
                  0.05    0.13  102.55 ^ clkbuf_1_1_1_rv151.mxck/X (sky130_fd_sc_hd__clkbuf_8)
     1    0.02                           clknet_1_1_1_rv151.mxck (net)
                  0.05    0.00  102.55 ^ clkbuf_1_1_2_rv151.mxck/A (sky130_fd_sc_hd__clkbuf_8)
                  0.05    0.12  102.68 ^ clkbuf_1_1_2_rv151.mxck/X (sky130_fd_sc_hd__clkbuf_8)
     1    0.02                           clknet_1_1_2_rv151.mxck (net)
                  0.05    0.00  102.68 ^ clkbuf_1_1_3_rv151.mxck/A (sky130_fd_sc_hd__clkbuf_8)
                  0.04    0.12  102.80 ^ clkbuf_1_1_3_rv151.mxck/X (sky130_fd_sc_hd__clkbuf_8)
     1    0.01                           clknet_1_1_3_rv151.mxck (net)
                  0.04    0.00  102.80 ^ clkbuf_1_1_4_rv151.mxck/A (sky130_fd_sc_hd__clkbuf_8)
                  0.08    0.14  102.94 ^ clkbuf_1_1_4_rv151.mxck/X (sky130_fd_sc_hd__clkbuf_8)
     2    0.04                           clknet_1_1_4_rv151.mxck (net)
                  0.08    0.00  102.95 ^ clkbuf_2_2_0_rv151.mxck/A (sky130_fd_sc_hd__clkbuf_8)
                  0.04    0.13  103.07 ^ clkbuf_2_2_0_rv151.mxck/X (sky130_fd_sc_hd__clkbuf_8)
     1    0.01                           clknet_2_2_0_rv151.mxck (net)
                  0.04    0.00  103.07 ^ clkbuf_2_2_1_rv151.mxck/A (sky130_fd_sc_hd__clkbuf_8)
                  0.04    0.12  103.19 ^ clkbuf_2_2_1_rv151.mxck/X (sky130_fd_sc_hd__clkbuf_8)
     1    0.01                           clknet_2_2_1_rv151.mxck (net)
                  0.04    0.00  103.19 ^ clkbuf_2_2_2_rv151.mxck/A (sky130_fd_sc_hd__clkbuf_8)
                  0.04    0.11  103.30 ^ clkbuf_2_2_2_rv151.mxck/X (sky130_fd_sc_hd__clkbuf_8)
     1    0.01                           clknet_2_2_2_rv151.mxck (net)
                  0.04    0.00  103.30 ^ clkbuf_2_2_3_rv151.mxck/A (sky130_fd_sc_hd__clkbuf_8)
                  0.08    0.15  103.45 ^ clkbuf_2_2_3_rv151.mxck/X (sky130_fd_sc_hd__clkbuf_8)
     2    0.04                           clknet_2_2_3_rv151.mxck (net)
                  0.08    0.00  103.45 ^ clkbuf_3_4_0_rv151.mxck/A (sky130_fd_sc_hd__clkbuf_8)
                  0.04    0.13  103.58 ^ clkbuf_3_4_0_rv151.mxck/X (sky130_fd_sc_hd__clkbuf_8)
     1    0.01                           clknet_3_4_0_rv151.mxck (net)
                  0.04    0.00  103.58 ^ clkbuf_3_4_1_rv151.mxck/A (sky130_fd_sc_hd__clkbuf_8)
                  0.03    0.11  103.69 ^ clkbuf_3_4_1_rv151.mxck/X (sky130_fd_sc_hd__clkbuf_8)
     1    0.01                           clknet_3_4_1_rv151.mxck (net)
                  0.03    0.00  103.69 ^ clkbuf_3_4_2_rv151.mxck/A (sky130_fd_sc_hd__clkbuf_8)
                  0.08    0.14  103.83 ^ clkbuf_3_4_2_rv151.mxck/X (sky130_fd_sc_hd__clkbuf_8)
     2    0.04                           clknet_3_4_2_rv151.mxck (net)
                  0.08    0.00  103.83 ^ clkbuf_4_8_0_rv151.mxck/A (sky130_fd_sc_hd__clkbuf_8)
                  0.05    0.14  103.97 ^ clkbuf_4_8_0_rv151.mxck/X (sky130_fd_sc_hd__clkbuf_8)
     1    0.02                           clknet_4_8_0_rv151.mxck (net)
                  0.05    0.00  103.98 ^ clkbuf_4_8_1_rv151.mxck/A (sky130_fd_sc_hd__clkbuf_8)
                  0.20    0.23  104.20 ^ clkbuf_4_8_1_rv151.mxck/X (sky130_fd_sc_hd__clkbuf_8)
    10    0.11                           clknet_4_8_1_rv151.mxck (net)
                  0.20    0.01  104.21 ^ clkbuf_opt_21_0_rv151.mxck/A (sky130_fd_sc_hd__clkbuf_16)
                  0.04    0.17  104.38 ^ clkbuf_opt_21_0_rv151.mxck/X (sky130_fd_sc_hd__clkbuf_16)
     1    0.02                           clknet_opt_21_0_rv151.mxck (net)
                  0.04    0.00  104.38 ^ clkbuf_opt_21_1_rv151.mxck/A (sky130_fd_sc_hd__clkbuf_16)
                  0.04    0.12  104.50 ^ clkbuf_opt_21_1_rv151.mxck/X (sky130_fd_sc_hd__clkbuf_16)
     1    0.02                           clknet_opt_21_1_rv151.mxck (net)
                  0.04    0.00  104.50 ^ clkbuf_leaf_194_rv151.mxck/A (sky130_fd_sc_hd__clkbuf_16)
                  0.06    0.13  104.63 ^ clkbuf_leaf_194_rv151.mxck/X (sky130_fd_sc_hd__clkbuf_16)
    10    0.04                           clknet_leaf_194_rv151.mxck (net)
                  0.06    0.00  104.63 ^ _17696_/CLK (sky130_fd_sc_hd__dfxtp_2)
                          0.26  104.89   clock reconvergence pessimism
                         -0.11  104.79   library setup time
                                104.79   data required time
-----------------------------------------------------------------------------
                                104.79   data required time
                                -57.19   data arrival time
-----------------------------------------------------------------------------
                                 47.60   slack (MET)


Startpoint: _18033_ (rising edge-triggered flip-flop clocked by sck')
Endpoint: io_out[12] (output port clocked by sck)
Path Group: sck
Path Type: max

Fanout     Cap    Slew   Delay    Time   Description
-----------------------------------------------------------------------------
                         50.00   50.00   clock sck' (rise edge)
                          0.00   50.00   clock source latency
                  0.00    0.00   50.00 v io_in[14] (in)
     4    0.32                           io_in[14] (net)
                  0.00    0.00   50.00 v clkbuf_0_io_in[14]/A (sky130_fd_sc_hd__clkbuf_16)
                  0.04    0.14   50.14 v clkbuf_0_io_in[14]/X (sky130_fd_sc_hd__clkbuf_16)
     4    0.03                           clknet_0_io_in[14] (net)
                  0.04    0.00   50.14 v clkbuf_2_1__f_io_in[14]/A (sky130_fd_sc_hd__clkbuf_16)
                  0.04    0.15   50.29 v clkbuf_2_1__f_io_in[14]/X (sky130_fd_sc_hd__clkbuf_16)
    10    0.02                           clknet_2_1__leaf_io_in[14] (net)
                  0.04    0.00   50.29 v _15749__1/A (sky130_fd_sc_hd__inv_2)
                  0.02    0.04   50.33 ^ _15749__1/Y (sky130_fd_sc_hd__inv_2)
     1    0.00                           net980 (net)
                  0.02    0.00   50.33 ^ _18033_/CLK (sky130_fd_sc_hd__dfrtp_4)
                  0.71    0.78   51.10 ^ _18033_/Q (sky130_fd_sc_hd__dfrtp_4)
    14    0.27                           net24 (net)
                  0.93    0.32   51.43 ^ output24/A (sky130_fd_sc_hd__clkbuf_1)
                  0.04    0.14   51.57 ^ output24/X (sky130_fd_sc_hd__clkbuf_1)
     1    0.00                           io_out[12] (net)
                  0.04    0.00   51.57 ^ io_out[12] (out)
                                 51.57   data arrival time

                        100.00  100.00   clock sck (rise edge)
                          0.00  100.00   clock network delay (propagated)
                          0.00  100.00   clock reconvergence pessimism
                        -30.00   70.00   output external delay
                                 70.00   data required time
-----------------------------------------------------------------------------
                                 70.00   data required time
                                -51.57   data arrival time
-----------------------------------------------------------------------------
                                 18.43   slack (MET)



===========================================================================
report_checks --slack_max -0.01
============================================================================
No paths found.
