
===========================================================================
report_checks -unconstrained
============================================================================
Startpoint: io_cslt (input port clocked by clk)
Endpoint: _18651_ (recovery check against rising-edge clock clk)
Path Group: **async_default**
Path Type: max

Fanout     Cap    Slew   Delay    Time   Description
-----------------------------------------------------------------------------
                          0.00    0.00   clock clk (rise edge)
                          0.00    0.00   clock network delay (propagated)
                         30.00   30.00 ^ input external delay
                  0.00    0.00   30.00 ^ io_cslt (in)
     1    0.01                           io_cslt (net)
                  0.00    0.00   30.00 ^ input10/A (sky130_fd_sc_hd__buf_4)
                  0.18    0.19   30.19 ^ input10/X (sky130_fd_sc_hd__buf_4)
     3    0.06                           net10 (net)
                  0.18    0.02   30.21 ^ _13511_/B_N (sky130_fd_sc_hd__or2b_1)
                  0.06    0.28   30.49 v _13511_/X (sky130_fd_sc_hd__or2b_1)
     1    0.01                           _07849_ (net)
                  0.06    0.00   30.49 v _13512_/B1 (sky130_fd_sc_hd__o21a_4)
                  0.13    0.21   30.70 v _13512_/X (sky130_fd_sc_hd__o21a_4)
     2    0.09                           _07850_ (net)
                  0.15    0.03   30.74 v _13513_/A (sky130_fd_sc_hd__clkbuf_4)
                  0.09    0.25   30.99 v _13513_/X (sky130_fd_sc_hd__clkbuf_4)
     7    0.04                           _07851_ (net)
                  0.10    0.00   30.99 v _16922_/A (sky130_fd_sc_hd__buf_4)
                  0.08    0.22   31.21 v _16922_/X (sky130_fd_sc_hd__buf_4)
    10    0.05                           _03046_ (net)
                  0.08    0.00   31.21 v _16923_/A (sky130_fd_sc_hd__buf_12)
                  0.11    0.19   31.40 v _16923_/X (sky130_fd_sc_hd__buf_12)
    10    0.21                           _03047_ (net)
                  0.14    0.04   31.45 v _16926_/A (sky130_fd_sc_hd__inv_2)
                  0.05    0.08   31.53 ^ _16926_/Y (sky130_fd_sc_hd__inv_2)
     1    0.00                           _00473_ (net)
                  0.05    0.00   31.53 ^ _18651_/RESET_B (sky130_fd_sc_hd__dfrtp_4)
                                 31.53   data arrival time

                        100.00  100.00   clock clk (rise edge)
                          0.00  100.00   clock source latency
                  0.00    0.00  100.00 ^ clk (in)
    90    0.36                           clk (net)
                  0.23    0.11  100.11 ^ _13581_/A0 (sky130_fd_sc_hd__mux2_2)
                  0.04    0.18  100.29 ^ _13581_/X (sky130_fd_sc_hd__mux2_2)
     1    0.00                           _07888_ (net)
                  0.04    0.00  100.29 ^ _13582_/A (sky130_fd_sc_hd__buf_1)
                  1.40    0.96  101.25 ^ _13582_/X (sky130_fd_sc_hd__buf_1)
     1    0.12                           soc.bspi.b2o.wck (net)
                  1.40    0.02  101.27 ^ clkbuf_0_soc.bspi.b2o.wck/A (sky130_fd_sc_hd__clkbuf_16)
                  0.11    0.36  101.62 ^ clkbuf_0_soc.bspi.b2o.wck/X (sky130_fd_sc_hd__clkbuf_16)
     2    0.07                           clknet_0_soc.bspi.b2o.wck (net)
                  0.11    0.01  101.63 ^ clkbuf_1_0_0_soc.bspi.b2o.wck/A (sky130_fd_sc_hd__clkbuf_8)
                  0.10    0.18  101.81 ^ clkbuf_1_0_0_soc.bspi.b2o.wck/X (sky130_fd_sc_hd__clkbuf_8)
     2    0.05                           clknet_1_0_0_soc.bspi.b2o.wck (net)
                  0.10    0.00  101.82 ^ clkbuf_2_1_0_soc.bspi.b2o.wck/A (sky130_fd_sc_hd__clkbuf_8)
                  0.07    0.16  101.97 ^ clkbuf_2_1_0_soc.bspi.b2o.wck/X (sky130_fd_sc_hd__clkbuf_8)
     2    0.03                           clknet_2_1_0_soc.bspi.b2o.wck (net)
                  0.07    0.00  101.97 ^ clkbuf_3_2_0_soc.bspi.b2o.wck/A (sky130_fd_sc_hd__clkbuf_8)
                  0.10    0.16  102.14 ^ clkbuf_3_2_0_soc.bspi.b2o.wck/X (sky130_fd_sc_hd__clkbuf_8)
     2    0.05                           clknet_3_2_0_soc.bspi.b2o.wck (net)
                  0.10    0.00  102.14 ^ clkbuf_4_4__f_soc.bspi.b2o.wck/A (sky130_fd_sc_hd__clkbuf_16)
                  0.19    0.24  102.38 ^ clkbuf_4_4__f_soc.bspi.b2o.wck/X (sky130_fd_sc_hd__clkbuf_16)
    13    0.18                           clknet_4_4__leaf_soc.bspi.b2o.wck (net)
                  0.19    0.01  102.39 ^ _18651_/CLK (sky130_fd_sc_hd__dfrtp_4)
                          0.00  102.39   clock reconvergence pessimism
                          0.26  102.65   library recovery time
                                102.65   data required time
-----------------------------------------------------------------------------
                                102.65   data required time
                                -31.53   data arrival time
-----------------------------------------------------------------------------
                                 71.12   slack (MET)


Startpoint: soc.bios_mem1 (falling edge-triggered flip-flop clocked by clk)
Endpoint: _18566_ (rising edge-triggered flip-flop clocked by clk)
Path Group: clk
Path Type: max

Fanout     Cap    Slew   Delay    Time   Description
-----------------------------------------------------------------------------
                         50.00   50.00   clock clk (fall edge)
                          0.00   50.00   clock source latency
                  0.00    0.00   50.00 v clk (in)
    90    0.35                           clk (net)
                  0.23    0.12   50.12 v _13581_/A0 (sky130_fd_sc_hd__mux2_2)
                  0.05    0.34   50.46 v _13581_/X (sky130_fd_sc_hd__mux2_2)
     1    0.00                           _07888_ (net)
                  0.05    0.00   50.46 v _13582_/A (sky130_fd_sc_hd__buf_1)
                  0.69    0.60   51.06 v _13582_/X (sky130_fd_sc_hd__buf_1)
     1    0.12                           soc.bspi.b2o.wck (net)
                  0.69    0.02   51.08 v clkbuf_0_soc.bspi.b2o.wck/A (sky130_fd_sc_hd__clkbuf_16)
                  0.07    0.45   51.53 v clkbuf_0_soc.bspi.b2o.wck/X (sky130_fd_sc_hd__clkbuf_16)
     2    0.07                           clknet_0_soc.bspi.b2o.wck (net)
                  0.07    0.00   51.54 v clkbuf_1_1_0_soc.bspi.b2o.wck/A (sky130_fd_sc_hd__clkbuf_8)
                  0.07    0.19   51.73 v clkbuf_1_1_0_soc.bspi.b2o.wck/X (sky130_fd_sc_hd__clkbuf_8)
     3    0.05                           clknet_1_1_0_soc.bspi.b2o.wck (net)
                  0.07    0.00   51.73 v clkbuf_2_3_0_soc.bspi.b2o.wck/A (sky130_fd_sc_hd__clkbuf_8)
                  0.05    0.17   51.90 v clkbuf_2_3_0_soc.bspi.b2o.wck/X (sky130_fd_sc_hd__clkbuf_8)
     2    0.03                           clknet_2_3_0_soc.bspi.b2o.wck (net)
                  0.05    0.00   51.91 v clkbuf_3_7_0_soc.bspi.b2o.wck/A (sky130_fd_sc_hd__clkbuf_8)
                  0.07    0.18   52.09 v clkbuf_3_7_0_soc.bspi.b2o.wck/X (sky130_fd_sc_hd__clkbuf_8)
     2    0.05                           clknet_3_7_0_soc.bspi.b2o.wck (net)
                  0.07    0.00   52.09 v clkbuf_4_15__f_soc.bspi.b2o.wck/A (sky130_fd_sc_hd__clkbuf_16)
                  0.16    0.26   52.35 v clkbuf_4_15__f_soc.bspi.b2o.wck/X (sky130_fd_sc_hd__clkbuf_16)
    14    0.25                           clknet_4_15__leaf_soc.bspi.b2o.wck (net)
                  0.23    0.03   52.38 v soc.bios_mem1/clk0 (sky130_sram_2kbyte_1rw1r_32x512_8)
                  0.01    0.52   52.90 v soc.bios_mem1/dout0[29] (sky130_sram_2kbyte_1rw1r_32x512_8)
     1    0.02                           soc.bios_dout0[1][29] (net)
                  0.01    0.00   52.90 v wire451/A (sky130_fd_sc_hd__clkbuf_2)
                  0.09    0.15   53.04 v wire451/X (sky130_fd_sc_hd__clkbuf_2)
     1    0.02                           net451 (net)
                  0.09    0.00   53.05 v wire450/A (sky130_fd_sc_hd__buf_4)
                  0.05    0.18   53.23 v wire450/X (sky130_fd_sc_hd__buf_4)
     1    0.02                           net450 (net)
                  0.05    0.00   53.23 v wire449/A (sky130_fd_sc_hd__buf_6)
                  0.03    0.13   53.37 v wire449/X (sky130_fd_sc_hd__buf_6)
     1    0.02                           net449 (net)
                  0.03    0.00   53.37 v _13679_/A1 (sky130_fd_sc_hd__mux2_1)
                  0.06    0.30   53.67 v _13679_/X (sky130_fd_sc_hd__mux2_1)
     1    0.00                           _07944_ (net)
                  0.06    0.00   53.67 v _13680_/A (sky130_fd_sc_hd__clkbuf_1)
                  0.03    0.10   53.77 v _13680_/X (sky130_fd_sc_hd__clkbuf_1)
     1    0.00                           _00024_ (net)
                  0.03    0.00   53.77 v _18566_/D (sky130_fd_sc_hd__dfxtp_1)
                                 53.77   data arrival time

                        100.00  100.00   clock clk (rise edge)
                          0.00  100.00   clock source latency
                  0.00    0.00  100.00 ^ clk (in)
    90    0.36                           clk (net)
                  0.23    0.11  100.11 ^ _13581_/A0 (sky130_fd_sc_hd__mux2_2)
                  0.04    0.18  100.29 ^ _13581_/X (sky130_fd_sc_hd__mux2_2)
     1    0.00                           _07888_ (net)
                  0.04    0.00  100.29 ^ _13582_/A (sky130_fd_sc_hd__buf_1)
                  1.40    0.96  101.25 ^ _13582_/X (sky130_fd_sc_hd__buf_1)
     1    0.12                           soc.bspi.b2o.wck (net)
                  1.40    0.02  101.27 ^ clkbuf_0_soc.bspi.b2o.wck/A (sky130_fd_sc_hd__clkbuf_16)
                  0.11    0.36  101.62 ^ clkbuf_0_soc.bspi.b2o.wck/X (sky130_fd_sc_hd__clkbuf_16)
     2    0.07                           clknet_0_soc.bspi.b2o.wck (net)
                  0.11    0.01  101.63 ^ clkbuf_1_0_0_soc.bspi.b2o.wck/A (sky130_fd_sc_hd__clkbuf_8)
                  0.10    0.18  101.81 ^ clkbuf_1_0_0_soc.bspi.b2o.wck/X (sky130_fd_sc_hd__clkbuf_8)
     2    0.05                           clknet_1_0_0_soc.bspi.b2o.wck (net)
                  0.10    0.00  101.82 ^ clkbuf_2_1_0_soc.bspi.b2o.wck/A (sky130_fd_sc_hd__clkbuf_8)
                  0.07    0.16  101.97 ^ clkbuf_2_1_0_soc.bspi.b2o.wck/X (sky130_fd_sc_hd__clkbuf_8)
     2    0.03                           clknet_2_1_0_soc.bspi.b2o.wck (net)
                  0.07    0.00  101.97 ^ clkbuf_3_2_0_soc.bspi.b2o.wck/A (sky130_fd_sc_hd__clkbuf_8)
                  0.10    0.16  102.14 ^ clkbuf_3_2_0_soc.bspi.b2o.wck/X (sky130_fd_sc_hd__clkbuf_8)
     2    0.05                           clknet_3_2_0_soc.bspi.b2o.wck (net)
                  0.10    0.00  102.14 ^ clkbuf_4_5__f_soc.bspi.b2o.wck/A (sky130_fd_sc_hd__clkbuf_16)
                  0.21    0.24  102.38 ^ clkbuf_4_5__f_soc.bspi.b2o.wck/X (sky130_fd_sc_hd__clkbuf_16)
    10    0.20                           clknet_4_5__leaf_soc.bspi.b2o.wck (net)
                  0.21    0.02  102.40 ^ _18566_/CLK (sky130_fd_sc_hd__dfxtp_1)
                          0.15  102.55   clock reconvergence pessimism
                         -0.06  102.49   library setup time
                                102.49   data required time
-----------------------------------------------------------------------------
                                102.49   data required time
                                -53.77   data arrival time
-----------------------------------------------------------------------------
                                 48.71   slack (MET)


Startpoint: soc.bios_mem1 (falling edge-triggered flip-flop clocked by ick)
Endpoint: _18566_ (rising edge-triggered flip-flop clocked by ick)
Path Group: ick
Path Type: max

Fanout     Cap    Slew   Delay    Time   Description
-----------------------------------------------------------------------------
                         50.00   50.00   clock ick (fall edge)
                          0.00   50.00   clock source latency
                  0.00    0.00   50.00 v io_clk (in)
     2    0.02                           io_clk (net)
                  0.00    0.00   50.00 v _13581_/A1 (sky130_fd_sc_hd__mux2_2)
                  0.05    0.25   50.26 v _13581_/X (sky130_fd_sc_hd__mux2_2)
     1    0.00                           _07888_ (net)
                  0.05    0.00   50.26 v _13582_/A (sky130_fd_sc_hd__buf_1)
                  0.69    0.60   50.86 v _13582_/X (sky130_fd_sc_hd__buf_1)
     1    0.12                           soc.bspi.b2o.wck (net)
                  0.69    0.02   50.87 v clkbuf_0_soc.bspi.b2o.wck/A (sky130_fd_sc_hd__clkbuf_16)
                  0.07    0.45   51.33 v clkbuf_0_soc.bspi.b2o.wck/X (sky130_fd_sc_hd__clkbuf_16)
     2    0.07                           clknet_0_soc.bspi.b2o.wck (net)
                  0.07    0.00   51.33 v clkbuf_1_1_0_soc.bspi.b2o.wck/A (sky130_fd_sc_hd__clkbuf_8)
                  0.07    0.19   51.52 v clkbuf_1_1_0_soc.bspi.b2o.wck/X (sky130_fd_sc_hd__clkbuf_8)
     3    0.05                           clknet_1_1_0_soc.bspi.b2o.wck (net)
                  0.07    0.00   51.52 v clkbuf_2_3_0_soc.bspi.b2o.wck/A (sky130_fd_sc_hd__clkbuf_8)
                  0.05    0.17   51.70 v clkbuf_2_3_0_soc.bspi.b2o.wck/X (sky130_fd_sc_hd__clkbuf_8)
     2    0.03                           clknet_2_3_0_soc.bspi.b2o.wck (net)
                  0.05    0.00   51.70 v clkbuf_3_7_0_soc.bspi.b2o.wck/A (sky130_fd_sc_hd__clkbuf_8)
                  0.07    0.18   51.88 v clkbuf_3_7_0_soc.bspi.b2o.wck/X (sky130_fd_sc_hd__clkbuf_8)
     2    0.05                           clknet_3_7_0_soc.bspi.b2o.wck (net)
                  0.07    0.00   51.88 v clkbuf_4_15__f_soc.bspi.b2o.wck/A (sky130_fd_sc_hd__clkbuf_16)
                  0.16    0.26   52.14 v clkbuf_4_15__f_soc.bspi.b2o.wck/X (sky130_fd_sc_hd__clkbuf_16)
    14    0.25                           clknet_4_15__leaf_soc.bspi.b2o.wck (net)
                  0.23    0.03   52.17 v soc.bios_mem1/clk0 (sky130_sram_2kbyte_1rw1r_32x512_8)
                  0.01    0.52   52.69 v soc.bios_mem1/dout0[29] (sky130_sram_2kbyte_1rw1r_32x512_8)
     1    0.02                           soc.bios_dout0[1][29] (net)
                  0.01    0.00   52.69 v wire451/A (sky130_fd_sc_hd__clkbuf_2)
                  0.09    0.15   52.84 v wire451/X (sky130_fd_sc_hd__clkbuf_2)
     1    0.02                           net451 (net)
                  0.09    0.00   52.84 v wire450/A (sky130_fd_sc_hd__buf_4)
                  0.05    0.18   53.02 v wire450/X (sky130_fd_sc_hd__buf_4)
     1    0.02                           net450 (net)
                  0.05    0.00   53.03 v wire449/A (sky130_fd_sc_hd__buf_6)
                  0.03    0.13   53.16 v wire449/X (sky130_fd_sc_hd__buf_6)
     1    0.02                           net449 (net)
                  0.03    0.00   53.16 v _13679_/A1 (sky130_fd_sc_hd__mux2_1)
                  0.06    0.30   53.47 v _13679_/X (sky130_fd_sc_hd__mux2_1)
     1    0.00                           _07944_ (net)
                  0.06    0.00   53.47 v _13680_/A (sky130_fd_sc_hd__clkbuf_1)
                  0.03    0.10   53.57 v _13680_/X (sky130_fd_sc_hd__clkbuf_1)
     1    0.00                           _00024_ (net)
                  0.03    0.00   53.57 v _18566_/D (sky130_fd_sc_hd__dfxtp_1)
                                 53.57   data arrival time

                        100.00  100.00   clock ick (rise edge)
                          0.00  100.00   clock source latency
                  0.00    0.00  100.00 ^ io_clk (in)
     2    0.02                           io_clk (net)
                  0.00    0.00  100.00 ^ _13581_/A1 (sky130_fd_sc_hd__mux2_2)
                  0.04    0.11  100.11 ^ _13581_/X (sky130_fd_sc_hd__mux2_2)
     1    0.00                           _07888_ (net)
                  0.04    0.00  100.11 ^ _13582_/A (sky130_fd_sc_hd__buf_1)
                  1.40    0.96  101.07 ^ _13582_/X (sky130_fd_sc_hd__buf_1)
     1    0.12                           soc.bspi.b2o.wck (net)
                  1.40    0.02  101.09 ^ clkbuf_0_soc.bspi.b2o.wck/A (sky130_fd_sc_hd__clkbuf_16)
                  0.11    0.36  101.44 ^ clkbuf_0_soc.bspi.b2o.wck/X (sky130_fd_sc_hd__clkbuf_16)
     2    0.07                           clknet_0_soc.bspi.b2o.wck (net)
                  0.11    0.01  101.45 ^ clkbuf_1_0_0_soc.bspi.b2o.wck/A (sky130_fd_sc_hd__clkbuf_8)
                  0.10    0.18  101.63 ^ clkbuf_1_0_0_soc.bspi.b2o.wck/X (sky130_fd_sc_hd__clkbuf_8)
     2    0.05                           clknet_1_0_0_soc.bspi.b2o.wck (net)
                  0.10    0.00  101.64 ^ clkbuf_2_1_0_soc.bspi.b2o.wck/A (sky130_fd_sc_hd__clkbuf_8)
                  0.07    0.16  101.79 ^ clkbuf_2_1_0_soc.bspi.b2o.wck/X (sky130_fd_sc_hd__clkbuf_8)
     2    0.03                           clknet_2_1_0_soc.bspi.b2o.wck (net)
                  0.07    0.00  101.80 ^ clkbuf_3_2_0_soc.bspi.b2o.wck/A (sky130_fd_sc_hd__clkbuf_8)
                  0.10    0.16  101.96 ^ clkbuf_3_2_0_soc.bspi.b2o.wck/X (sky130_fd_sc_hd__clkbuf_8)
     2    0.05                           clknet_3_2_0_soc.bspi.b2o.wck (net)
                  0.10    0.00  101.96 ^ clkbuf_4_5__f_soc.bspi.b2o.wck/A (sky130_fd_sc_hd__clkbuf_16)
                  0.21    0.24  102.21 ^ clkbuf_4_5__f_soc.bspi.b2o.wck/X (sky130_fd_sc_hd__clkbuf_16)
    10    0.20                           clknet_4_5__leaf_soc.bspi.b2o.wck (net)
                  0.21    0.02  102.23 ^ _18566_/CLK (sky130_fd_sc_hd__dfxtp_1)
                          0.13  102.35   clock reconvergence pessimism
                         -0.06  102.29   library setup time
                                102.29   data required time
-----------------------------------------------------------------------------
                                102.29   data required time
                                -53.57   data arrival time
-----------------------------------------------------------------------------
                                 48.72   slack (MET)


Startpoint: _18105_ (rising edge-triggered flip-flop clocked by sck')
Endpoint: io_sdo (output port clocked by sck)
Path Group: sck
Path Type: max

Fanout     Cap    Slew   Delay    Time   Description
-----------------------------------------------------------------------------
                         50.00   50.00   clock sck' (rise edge)
                          0.00   50.00   clock source latency
                  0.00    0.00   50.00 v io_sck (in)
     1    0.15                           io_sck (net)
                  0.18    0.09   50.09 v clkbuf_0_io_sck/A (sky130_fd_sc_hd__clkbuf_16)
                  0.05    0.23   50.32 v clkbuf_0_io_sck/X (sky130_fd_sc_hd__clkbuf_16)
     4    0.04                           clknet_0_io_sck (net)
                  0.05    0.00   50.33 v clkbuf_2_1__f_io_sck/A (sky130_fd_sc_hd__clkbuf_16)
                  0.04    0.16   50.49 v clkbuf_2_1__f_io_sck/X (sky130_fd_sc_hd__clkbuf_16)
     8    0.03                           clknet_2_1__leaf_io_sck (net)
                  0.04    0.00   50.49 v _16161__1/A (sky130_fd_sc_hd__inv_2)
                  0.02    0.04   50.53 ^ _16161__1/Y (sky130_fd_sc_hd__inv_2)
     1    0.00                           net651 (net)
                  0.02    0.00   50.53 ^ _18105_/CLK (sky130_fd_sc_hd__dfrtp_4)
                  0.51    0.69   51.22 ^ _18105_/Q (sky130_fd_sc_hd__dfrtp_4)
     3    0.18                           net34 (net)
                  0.60    0.18   51.40 ^ output34/A (sky130_fd_sc_hd__clkbuf_1)
                  0.04    0.14   51.54 ^ output34/X (sky130_fd_sc_hd__clkbuf_1)
     1    0.00                           io_sdo (net)
                  0.04    0.00   51.54 ^ io_sdo (out)
                                 51.54   data arrival time

                        100.00  100.00   clock sck (rise edge)
                          0.00  100.00   clock network delay (propagated)
                          0.00  100.00   clock reconvergence pessimism
                        -30.00   70.00   output external delay
                                 70.00   data required time
-----------------------------------------------------------------------------
                                 70.00   data required time
                                -51.54   data arrival time
-----------------------------------------------------------------------------
                                 18.46   slack (MET)



===========================================================================
report_checks --slack_max -0.01
============================================================================
No paths found.
