Sun Feb 05 06:53:50 UTC 2023 - Executing "openroad -exit -no_init -python /openlane/scripts/odbpy/lefutil.py get_metal_layers -o /openlane/designs/hdp_rv151/runs/full_guide/tmp/layers.list /mnt/d/project/OpenLane/pdks/sky130A/libs.ref/sky130_fd_sc_hd/techlef/sky130_fd_sc_hd__nom.tlef"

Sun Feb 05 06:53:51 UTC 2023 - Executing "/openlane/scripts/mergeLef.py -o /openlane/designs/hdp_rv151/runs/full_guide/tmp/merged.nom.lef -i /mnt/d/project/OpenLane/pdks/sky130A/libs.ref/sky130_fd_sc_hd/techlef/sky130_fd_sc_hd__nom.tlef {/mnt/d/project/OpenLane/pdks/sky130A/libs.ref/sky130_fd_sc_hd/lef/sky130_ef_sc_hd.lef /mnt/d/project/OpenLane/pdks/sky130A/libs.ref/sky130_fd_sc_hd/lef/sky130_fd_sc_hd.lef} |& tee /dev/null"

Sun Feb 05 06:53:51 UTC 2023 - Executing "/openlane/scripts/mergeLef.py -o /openlane/designs/hdp_rv151/runs/full_guide/tmp/merged.nom.lef -i /openlane/designs/hdp_rv151/runs/full_guide/tmp/merged.nom.lef /openlane/designs/hdp_rv151/../../pdks/sky130A/libs.ref/sky130_sram_macros/lef/sky130_sram_2kbyte_1rw1r_32x512_8.lef |& tee /dev/null"

Sun Feb 05 06:53:51 UTC 2023 - Executing "/openlane/scripts/mergeLef.py -o /openlane/designs/hdp_rv151/runs/full_guide/tmp/merged.min.lef -i /mnt/d/project/OpenLane/pdks/sky130A/libs.ref/sky130_fd_sc_hd/techlef/sky130_fd_sc_hd__min.tlef {/mnt/d/project/OpenLane/pdks/sky130A/libs.ref/sky130_fd_sc_hd/lef/sky130_ef_sc_hd.lef /mnt/d/project/OpenLane/pdks/sky130A/libs.ref/sky130_fd_sc_hd/lef/sky130_fd_sc_hd.lef} |& tee /dev/null"

Sun Feb 05 06:53:52 UTC 2023 - Executing "/openlane/scripts/mergeLef.py -o /openlane/designs/hdp_rv151/runs/full_guide/tmp/merged.min.lef -i /openlane/designs/hdp_rv151/runs/full_guide/tmp/merged.min.lef /openlane/designs/hdp_rv151/../../pdks/sky130A/libs.ref/sky130_sram_macros/lef/sky130_sram_2kbyte_1rw1r_32x512_8.lef |& tee /dev/null"

Sun Feb 05 06:53:52 UTC 2023 - Executing "/openlane/scripts/mergeLef.py -o /openlane/designs/hdp_rv151/runs/full_guide/tmp/merged.max.lef -i /mnt/d/project/OpenLane/pdks/sky130A/libs.ref/sky130_fd_sc_hd/techlef/sky130_fd_sc_hd__max.tlef {/mnt/d/project/OpenLane/pdks/sky130A/libs.ref/sky130_fd_sc_hd/lef/sky130_ef_sc_hd.lef /mnt/d/project/OpenLane/pdks/sky130A/libs.ref/sky130_fd_sc_hd/lef/sky130_fd_sc_hd.lef} |& tee /dev/null"

Sun Feb 05 06:53:52 UTC 2023 - Executing "/openlane/scripts/mergeLef.py -o /openlane/designs/hdp_rv151/runs/full_guide/tmp/merged.max.lef -i /openlane/designs/hdp_rv151/runs/full_guide/tmp/merged.max.lef /openlane/designs/hdp_rv151/../../pdks/sky130A/libs.ref/sky130_sram_macros/lef/sky130_sram_2kbyte_1rw1r_32x512_8.lef |& tee /dev/null"

Sun Feb 05 06:53:52 UTC 2023 - Executing "python3 /openlane/scripts/mergeLib.py --output /openlane/designs/hdp_rv151/runs/full_guide/tmp/synthesis/merged.lib --name sky130A_merged /mnt/d/project/OpenLane/pdks/sky130A/libs.ref/sky130_fd_sc_hd/lib/sky130_fd_sc_hd__tt_025C_1v80.lib"

Sun Feb 05 06:53:53 UTC 2023 - Executing "python3 /openlane/scripts/libtrim.py --cell-file /openlane/designs/hdp_rv151/runs/full_guide/tmp/synthesis/trimmed.lib.exclude.list --output /openlane/designs/hdp_rv151/runs/full_guide/tmp/synthesis/trimmed.lib /openlane/designs/hdp_rv151/runs/full_guide/tmp/synthesis/merged.lib"

Sun Feb 05 06:54:14 UTC 2023 - Executing "python3 /openlane/scripts/libtrim.py --cell-file /openlane/designs/hdp_rv151/runs/full_guide/tmp/cts/cts.lib.exclude.list --output /openlane/designs/hdp_rv151/runs/full_guide/tmp/cts/cts.lib /mnt/d/project/OpenLane/pdks/sky130A/libs.ref/sky130_fd_sc_hd/lib/sky130_fd_sc_hd__tt_025C_1v80.lib"

Sun Feb 05 06:54:15 UTC 2023 - Executing "python3 /openlane/scripts/new_tracks.py -i /mnt/d/project/OpenLane/pdks/sky130A/libs.tech/openlane/sky130_fd_sc_hd/tracks.info -o /openlane/designs/hdp_rv151/runs/full_guide/tmp/routing/config.tracks"

Sun Feb 05 06:54:15 UTC 2023 - Executing "echo {OpenLane 19c7a083f6d73e425463798f71982ef00c876a0e} > /openlane/designs/hdp_rv151/runs/full_guide/OPENLANE_VERSION"

Sun Feb 05 06:54:16 UTC 2023 - Executing "sed -E {s/^([[:space:]]+)pg_pin(.*)/\1pin\2\n\1    direction : "inout";/g} /mnt/d/project/OpenLane/pdks/sky130A/libs.ref/sky130_fd_sc_hd/lib/sky130_fd_sc_hd__tt_025C_1v80.lib > /openlane/designs/hdp_rv151/runs/full_guide/tmp/synthesis/1-sky130_fd_sc_hd__tt_025C_1v80.no_pg.lib"

Sun Feb 05 06:54:36 UTC 2023 - Executing "sed -E {s/^([[:space:]]+)pg_pin(.*)/\1pin\2\n\1    direction : "inout";/g} /openlane/designs/hdp_rv151/runs/full_guide/tmp/synthesis/trimmed.lib > /openlane/designs/hdp_rv151/runs/full_guide/tmp/synthesis/1-trimmed.no_pg.lib"

Sun Feb 05 06:54:47 UTC 2023 - Executing "yosys -c /openlane/scripts/yosys/synth.tcl |& tee /dev/null /openlane/designs/hdp_rv151/runs/full_guide/logs/synthesis/1-synthesis.log"

Sun Feb 05 06:56:21 UTC 2023 - Executing "sed -i -e {s/\(set ::env(CURRENT_NETLIST)\).*/\1 \/openlane\/designs\/hdp_rv151\/runs\/full_guide\/results\/synthesis\/hdp_rv151.v/} /openlane/designs/hdp_rv151/runs/full_guide/config.tcl"

Sun Feb 05 06:56:21 UTC 2023 - Executing "sed -i /defparam/d /openlane/designs/hdp_rv151/runs/full_guide/results/synthesis/hdp_rv151.v"

Sun Feb 05 06:56:46 UTC 2023 - Executing "openroad -exit /openlane/scripts/openroad/sta.tcl |& tee /dev/null /openlane/designs/hdp_rv151/runs/full_guide/logs/synthesis/2-sta.log"

Sun Feb 05 06:56:51 UTC 2023 - Executing "openroad -exit /openlane/scripts/openroad/floorplan.tcl |& tee /dev/null /openlane/designs/hdp_rv151/runs/full_guide/logs/floorplan/3-initial_fp.log"

Sun Feb 05 06:56:59 UTC 2023 - Executing "openroad -exit -no_init -python /openlane/scripts/odbpy/defutil.py extract_core_dims --output-data /openlane/designs/hdp_rv151/runs/full_guide/tmp/dimensions.txt --input-lef /openlane/designs/hdp_rv151/runs/full_guide/tmp/merged.nom.lef /openlane/designs/hdp_rv151/runs/full_guide/tmp/floorplan/3-initial_fp.def"

Sun Feb 05 06:57:00 UTC 2023 - Executing "openroad -exit -no_init -python /openlane/scripts/odbpy/io_place.py --config /openlane/designs/hdp_rv151/pin_order.cfg --hor-layer met3 --ver-layer met2 --ver-width-mult 2 --hor-width-mult 2 --hor-extension 0 --ver-extension 0 --length 4 --unmatched-error --input-lef /openlane/designs/hdp_rv151/runs/full_guide/tmp/merged.nom.lef --output-def /openlane/designs/hdp_rv151/runs/full_guide/tmp/floorplan/4-io.def --output /openlane/designs/hdp_rv151/runs/full_guide/tmp/floorplan/4-io.odb /openlane/designs/hdp_rv151/runs/full_guide/tmp/floorplan/3-initial_fp.odb |& tee /dev/null /openlane/designs/hdp_rv151/runs/full_guide/logs/floorplan/4-place_io.log"

Sun Feb 05 06:57:12 UTC 2023 - Executing "openroad -exit -no_init -python /openlane/scripts/odbpy/manual_macro_place.py --config /openlane/designs/hdp_rv151/runs/full_guide/tmp/placement/macro_placement.cfg --fixed --input-lef /openlane/designs/hdp_rv151/runs/full_guide/tmp/merged.nom.lef --output-def /openlane/designs/hdp_rv151/runs/full_guide/tmp/floorplan/4-io.macro_placement.def --output /openlane/designs/hdp_rv151/runs/full_guide/tmp/floorplan/4-io.macro_placement.odb /openlane/designs/hdp_rv151/runs/full_guide/tmp/floorplan/4-io.odb |& tee /dev/null /openlane/designs/hdp_rv151/runs/full_guide/logs/placement/5-macro_placement.log"

Sun Feb 05 06:57:24 UTC 2023 - Executing "openroad -exit /openlane/scripts/openroad/tapcell.tcl |& tee /dev/null /openlane/designs/hdp_rv151/runs/full_guide/logs/floorplan/6-tap.log"

Sun Feb 05 06:57:46 UTC 2023 - Executing "openroad -exit /openlane/scripts/openroad/pdn.tcl |& tee /dev/null /openlane/designs/hdp_rv151/runs/full_guide/logs/floorplan/7-pdn.log"

Sun Feb 05 06:58:26 UTC 2023 - Executing "openroad -exit /openlane/scripts/openroad/gpl.tcl |& tee /dev/null /openlane/designs/hdp_rv151/runs/full_guide/logs/placement/8-global.log"

Sun Feb 05 07:00:16 UTC 2023 - Executing "openroad -exit /openlane/scripts/openroad/resizer.tcl |& tee /dev/null /openlane/designs/hdp_rv151/runs/full_guide/logs/placement/9-resizer.log"

Sun Feb 05 07:01:59 UTC 2023 - Executing "sed -i -e {s/\(set ::env(CURRENT_NETLIST)\).*/\1 \/openlane\/designs\/hdp_rv151\/runs\/full_guide\/tmp\/placement\/9-resizer.nl.v/} /openlane/designs/hdp_rv151/runs/full_guide/config.tcl"

Sun Feb 05 07:02:00 UTC 2023 - Executing "openroad -exit /openlane/scripts/openroad/dpl.tcl |& tee /dev/null /openlane/designs/hdp_rv151/runs/full_guide/logs/placement/10-detailed.log"

Sun Feb 05 07:03:02 UTC 2023 - Executing "sed -i -e {s/\(set ::env(CURRENT_NETLIST)\).*/\1 \/openlane\/designs\/hdp_rv151\/runs\/full_guide\/results\/placement\/hdp_rv151.nl.v/} /openlane/designs/hdp_rv151/runs/full_guide/config.tcl"

Sun Feb 05 07:03:03 UTC 2023 - Executing "openroad -exit /openlane/scripts/openroad/cts.tcl |& tee /dev/null /openlane/designs/hdp_rv151/runs/full_guide/logs/cts/11-cts.log"

Sun Feb 05 07:05:40 UTC 2023 - Executing "openroad -exit /openlane/scripts/openroad/resizer_timing.tcl |& tee /dev/null /openlane/designs/hdp_rv151/runs/full_guide/logs/cts/12-resizer.log"

Sun Feb 05 07:07:35 UTC 2023 - Executing "sed -i -e {s/\(set ::env(CURRENT_NETLIST)\).*/\1 \/openlane\/designs\/hdp_rv151\/runs\/full_guide\/tmp\/cts\/12-hdp_rv151.resized.nl.v/} /openlane/designs/hdp_rv151/runs/full_guide/config.tcl"

Sun Feb 05 07:07:36 UTC 2023 - Executing "openroad -exit /openlane/scripts/openroad/resizer_routing_timing.tcl |& tee /dev/null /openlane/designs/hdp_rv151/runs/full_guide/logs/routing/13-resizer.log"

Sun Feb 05 07:09:31 UTC 2023 - Executing "sed -i -e {s/\(set ::env(CURRENT_NETLIST)\).*/\1 \/openlane\/designs\/hdp_rv151\/runs\/full_guide\/tmp\/13-hdp_rv151.nl.v/} /openlane/designs/hdp_rv151/runs/full_guide/config.tcl"

Sun Feb 05 07:09:32 UTC 2023 - Executing "openroad -exit /openlane/scripts/openroad/dpl.tcl |& tee /dev/null /openlane/designs/hdp_rv151/runs/full_guide/logs/routing/14-diode_legalization.log"

Sun Feb 05 07:10:45 UTC 2023 - Executing "sed -i -e {s/\(set ::env(CURRENT_NETLIST)\).*/\1 \/openlane\/designs\/hdp_rv151\/runs\/full_guide\/tmp\/routing\/diode.nl.v/} /openlane/designs/hdp_rv151/runs/full_guide/config.tcl"

Sun Feb 05 07:10:46 UTC 2023 - Executing "openroad -exit /openlane/scripts/openroad/groute.tcl |& tee /dev/null /openlane/designs/hdp_rv151/runs/full_guide/logs/routing/15-global.log"

Sun Feb 05 07:12:40 UTC 2023 - Executing "openroad -exit -no_init -python /openlane/scripts/odbpy/defutil.py replace_instance_prefixes --original-prefix ANTENNA --new-prefix INSDIODE1 --input-lef /openlane/designs/hdp_rv151/runs/full_guide/tmp/merged.nom.lef --output-def /openlane/designs/hdp_rv151/runs/full_guide/tmp/routing/diode.def --output /openlane/designs/hdp_rv151/runs/full_guide/tmp/routing/diode.odb /openlane/designs/hdp_rv151/runs/full_guide/tmp/routing/diode.odb |& tee /dev/null /openlane/designs/hdp_rv151/runs/full_guide/logs/routing/15-antenna_diodes_1.log"

Sun Feb 05 07:13:44 UTC 2023 - Executing "openroad -exit /openlane/scripts/openroad/groute.tcl |& tee /dev/null /openlane/designs/hdp_rv151/runs/full_guide/logs/routing/15-antenna_route_1.log"

Sun Feb 05 07:15:37 UTC 2023 - Executing "openroad -exit /openlane/scripts/openroad/write_views.tcl |& tee /dev/null /openlane/designs/hdp_rv151/runs/full_guide/logs/routing/15-global_write_netlist.log"

Sun Feb 05 07:16:13 UTC 2023 - Executing "sed -i -e {s/\(set ::env(CURRENT_NETLIST)\).*/\1 \/openlane\/designs\/hdp_rv151\/runs\/full_guide\/tmp\/routing\/global.nl.v/} /openlane/designs/hdp_rv151/runs/full_guide/config.tcl"

Sun Feb 05 07:16:15 UTC 2023 - Executing "openroad -exit /openlane/scripts/openroad/fill.tcl |& tee /dev/null /openlane/designs/hdp_rv151/runs/full_guide/logs/routing/17-fill.log"

Sun Feb 05 07:19:17 UTC 2023 - Executing "sed -i -e {s/\(set ::env(CURRENT_NETLIST)\).*/\1 \/openlane\/designs\/hdp_rv151\/runs\/full_guide\/tmp\/routing\/17-fill.nl.v/} /openlane/designs/hdp_rv151/runs/full_guide/config.tcl"

Sun Feb 05 07:19:17 UTC 2023 - Executing "openroad -exit /openlane/scripts/openroad/droute.tcl |& tee /dev/null /openlane/designs/hdp_rv151/runs/full_guide/logs/routing/18-detailed.log"

Sun Feb 05 07:30:25 UTC 2023 - Executing "sed -i -e {s/\(set ::env(CURRENT_NETLIST)\).*/\1 \/openlane\/designs\/hdp_rv151\/runs\/full_guide\/results\/routing\/hdp_rv151.nl.v/} /openlane/designs/hdp_rv151/runs/full_guide/config.tcl"

Sun Feb 05 07:30:26 UTC 2023 - Executing "python3 /openlane/scripts/drc_rosetta.py tr to_klayout -o /openlane/designs/hdp_rv151/runs/full_guide/reports/routing/drt.klayout.xml --design-name hdp_rv151 /openlane/designs/hdp_rv151/runs/full_guide/reports/routing/drt.drc"

Sun Feb 05 07:30:27 UTC 2023 - Executing "openroad -exit -no_init -python /openlane/scripts/odbpy/wire_lengths.py --report-out /openlane/designs/hdp_rv151/runs/full_guide/reports/routing/19-wire_lengths.csv --input-lef /openlane/designs/hdp_rv151/runs/full_guide/tmp/merged.nom.lef --output-def /dev/null --output /openlane/designs/hdp_rv151/runs/full_guide/results/routing/hdp_rv151.odb /openlane/designs/hdp_rv151/runs/full_guide/results/routing/hdp_rv151.odb |& tee /dev/null /openlane/designs/hdp_rv151/runs/full_guide/logs/routing/19-wire_lengths.log"

Sun Feb 05 07:33:43 UTC 2023 - Executing "openroad -exit /openlane/scripts/openroad/rcx.tcl |& tee /dev/null /openlane/designs/hdp_rv151/runs/full_guide/logs/signoff/20-parasitics_extraction.min.log"

Sun Feb 05 07:34:12 UTC 2023 - Executing "openroad -exit /openlane/scripts/openroad/sta_multi_corner.tcl |& tee /dev/null /openlane/designs/hdp_rv151/runs/full_guide/logs/signoff/21-rcx_mcsta.min.log"

Sun Feb 05 07:38:14 UTC 2023 - Executing "openroad -exit /openlane/scripts/openroad/rcx.tcl |& tee /dev/null /openlane/designs/hdp_rv151/runs/full_guide/logs/signoff/22-parasitics_extraction.max.log"

Sun Feb 05 07:38:41 UTC 2023 - Executing "openroad -exit /openlane/scripts/openroad/sta_multi_corner.tcl |& tee /dev/null /openlane/designs/hdp_rv151/runs/full_guide/logs/signoff/23-rcx_mcsta.max.log"

Sun Feb 05 07:42:34 UTC 2023 - Executing "openroad -exit /openlane/scripts/openroad/rcx.tcl |& tee /dev/null /openlane/designs/hdp_rv151/runs/full_guide/logs/signoff/24-parasitics_extraction.nom.log"

Sun Feb 05 07:43:04 UTC 2023 - Executing "openroad -exit /openlane/scripts/openroad/sta_multi_corner.tcl |& tee /dev/null /openlane/designs/hdp_rv151/runs/full_guide/logs/signoff/25-rcx_mcsta.nom.log"

Sun Feb 05 07:46:11 UTC 2023 - Executing "openroad -exit /openlane/scripts/openroad/sta.tcl |& tee /dev/null /openlane/designs/hdp_rv151/runs/full_guide/logs/signoff/26-rcx_sta.log"

Sun Feb 05 07:49:07 UTC 2023 - Executing "openroad -exit /openlane/scripts/openroad/irdrop.tcl |& tee /dev/null /openlane/designs/hdp_rv151/runs/full_guide/logs/signoff/27-irdrop.log"

Sun Feb 05 07:49:21 UTC 2023 - Executing "magic -noconsole -dnull -rcfile /mnt/d/project/OpenLane/pdks/sky130A/libs.tech/magic/sky130A.magicrc < /openlane/scripts/magic/def/mag_gds.tcl |& tee /dev/null /openlane/designs/hdp_rv151/runs/full_guide/logs/signoff/28-gdsii.log"

Sun Feb 05 07:55:08 UTC 2023 - Executing "magic -noconsole -dnull -rcfile /mnt/d/project/OpenLane/pdks/sky130A/libs.tech/magic/sky130A.magicrc < /openlane/scripts/magic/gds/mag_with_pointers.tcl |& tee /dev/null /openlane/designs/hdp_rv151/runs/full_guide/logs/signoff/28-gds_ptrs.log"

Sun Feb 05 07:57:29 UTC 2023 - Executing "sed -i -n {/^<< properties >>/,/^<< end >>/p} /openlane/designs/hdp_rv151/runs/full_guide/tmp/signoff/gds_ptrs.mag"

Sun Feb 05 07:58:29 UTC 2023 - Executing "magic -noconsole -dnull -rcfile /mnt/d/project/OpenLane/pdks/sky130A/libs.tech/magic/sky130A.magicrc < /openlane/scripts/magic/mag/lef.tcl |& tee /dev/null /openlane/designs/hdp_rv151/runs/full_guide/logs/signoff/28-lef.log"

Sun Feb 05 08:00:48 UTC 2023 - Executing "magic -noconsole -dnull -rcfile /mnt/d/project/OpenLane/pdks/sky130A/libs.tech/magic/sky130A.magicrc < /openlane/scripts/magic/lef/maglef.tcl |& tee /dev/null /openlane/designs/hdp_rv151/runs/full_guide/logs/signoff/28-maglef.log"

Sun Feb 05 08:00:50 UTC 2023 - Executing "python3 /openlane/scripts/klayout/stream_out.py --output /openlane/designs/hdp_rv151/runs/full_guide/results/signoff/hdp_rv151.klayout.gds --tech-file /mnt/d/project/OpenLane/pdks/sky130A/libs.tech/klayout/tech/sky130A.lyt --props-file /mnt/d/project/OpenLane/pdks/sky130A/libs.tech/klayout/tech/sky130A.lyp --top hdp_rv151 --with-gds-file /mnt/d/project/OpenLane/pdks/sky130A/libs.ref/sky130_fd_sc_hd/gds/sky130_fd_sc_hd.gds --with-gds-file /openlane/designs/hdp_rv151/../../pdks/sky130A/libs.ref/sky130_sram_macros/gds/sky130_sram_2kbyte_1rw1r_32x512_8.gds --input-lef /openlane/designs/hdp_rv151/runs/full_guide/tmp/merged.nom.lef /openlane/designs/hdp_rv151/runs/full_guide/results/routing/hdp_rv151.def |& tee /dev/null /openlane/designs/hdp_rv151/runs/full_guide/logs/signoff/29-gdsii-klayout.log"

Sun Feb 05 08:01:01 UTC 2023 - Executing "magic -noconsole -dnull -rcfile /mnt/d/project/OpenLane/pdks/sky130A/libs.tech/magic/sky130A.magicrc < /openlane/scripts/magic/extract_spice.tcl |& tee /dev/null /openlane/designs/hdp_rv151/runs/full_guide/logs/signoff/30-spice.log"

Sun Feb 05 11:24:02 UTC 2023 - Executing "openroad -exit -no_init -python /openlane/scripts/odbpy/power_utils.py write_powered_def --output /openlane/designs/hdp_rv151/runs/full_guide/tmp/signoff/30-hdp_rv151.p.def --input-lef /openlane/designs/hdp_rv151/runs/full_guide/tmp/merged.nom.lef --power-port vccd1 --ground-port vssd1 --powered-netlist {} /openlane/designs/hdp_rv151/runs/full_guide/results/routing/hdp_rv151.def |& tee /dev/null /openlane/designs/hdp_rv151/runs/full_guide/logs/signoff/31-write_powered_def.log"

Sun Feb 05 11:24:42 UTC 2023 - Executing "openroad -exit /openlane/scripts/openroad/write_views.tcl |& tee /dev/null /openlane/designs/hdp_rv151/runs/full_guide/logs/signoff/31-write_powered_verilog.log"

Sun Feb 05 11:25:23 UTC 2023 - Executing "sed -i -e {s/\(set ::env(CURRENT_NETLIST)\).*/\1 \/openlane\/designs\/hdp_rv151\/runs\/full_guide\/tmp\/signoff\/30-hdp_rv151.nl.v/} /openlane/designs/hdp_rv151/runs/full_guide/config.tcl"

Sun Feb 05 11:25:24 UTC 2023 - Executing "netgen -batch source /openlane/designs/hdp_rv151/runs/full_guide/tmp/signoff/33-setup_file.lef.lvs |& tee /dev/null /openlane/designs/hdp_rv151/runs/full_guide/logs/signoff/33-lvs.lef.log"

Sun Feb 05 11:26:53 UTC 2023 - Executing "magic -noconsole -dnull -rcfile /mnt/d/project/OpenLane/pdks/sky130A/libs.tech/magic/sky130A.magicrc < /openlane/scripts/magic/drc.tcl |& tee /dev/null /openlane/designs/hdp_rv151/runs/full_guide/logs/signoff/34-drc.log"

Sun Feb 05 11:34:39 UTC 2023 - Executing "python3 /openlane/scripts/drc_rosetta.py magic to_tcl -o /openlane/designs/hdp_rv151/runs/full_guide/reports/signoff/drc.tcl /openlane/designs/hdp_rv151/runs/full_guide/reports/signoff/drc.rpt"

Sun Feb 05 11:34:41 UTC 2023 - Executing "python3 /openlane/scripts/drc_rosetta.py magic to_tr -o /openlane/designs/hdp_rv151/runs/full_guide/reports/signoff/drc.tr /openlane/designs/hdp_rv151/runs/full_guide/reports/signoff/drc.rpt"

Sun Feb 05 11:34:47 UTC 2023 - Executing "python3 /openlane/scripts/drc_rosetta.py tr to_klayout -o /openlane/designs/hdp_rv151/runs/full_guide/reports/signoff/drc.klayout.xml --design-name hdp_rv151 /openlane/designs/hdp_rv151/runs/full_guide/reports/signoff/drc.tr"

Sun Feb 05 11:39:15 UTC 2023 - Executing "python3 /openlane/scripts/drc_rosetta.py magic to_rdb -o /openlane/designs/hdp_rv151/runs/full_guide/reports/signoff/drc.rdb /openlane/designs/hdp_rv151/runs/full_guide/reports/signoff/drc.rpt"

Sun Feb 05 11:39:23 UTC 2023 - Executing "openroad -exit /openlane/scripts/openroad/antenna_check.tcl |& tee /dev/null /openlane/designs/hdp_rv151/runs/full_guide/logs/signoff/35-antenna.log"

Sun Feb 05 11:41:04 UTC 2023 - Executing "python3 /openlane/scripts/extract_antenna_violators.py --output /openlane/designs/hdp_rv151/runs/full_guide/reports/signoff/35-antenna_violators.rpt /openlane/designs/hdp_rv151/runs/full_guide/logs/signoff/35-antenna.log"

Sun Feb 05 11:52:04 UTC 2023 - Executing "python3 /openlane/scripts/generate_reports.py -d /openlane/designs/hdp_rv151 --design_name hdp_rv151 --tag full_guide --output_file /openlane/designs/hdp_rv151/runs/full_guide/reports/metrics.csv --man_report /openlane/designs/hdp_rv151/runs/full_guide/reports/manufacturability.rpt --run_path /openlane/designs/hdp_rv151/runs/full_guide"

