[INFO]: Run Directory: /mnt/d/project/mpw_hdp_rv151/openlane/user_project_wrapper/runs/23_02_01_20_01
[INFO]: Preparing LEF files for the nom corner...
[INFO]: Preparing LEF files for the min corner...
[INFO]: Preparing LEF files for the max corner...
[INFO]: Running Synthesis (log: ../mnt/d/project/mpw_hdp_rv151/openlane/user_project_wrapper/runs/23_02_01_20_01/logs/synthesis/1-synthesis.log)...
[INFO]: Running Single-Corner Static Timing Analysis (log: ../mnt/d/project/mpw_hdp_rv151/openlane/user_project_wrapper/runs/23_02_01_20_01/logs/synthesis/2-sta.log)...
[INFO]: Creating a netlist with power/ground pins.
[INFO]: Running Initial Floorplanning (log: ../mnt/d/project/mpw_hdp_rv151/openlane/user_project_wrapper/runs/23_02_01_20_01/logs/floorplan/3-initial_fp.log)...
[INFO]: Floorplanned with width 2908.58 and height 3497.92.
[INFO]: Running IO Placement...
[INFO]: Applying DEF template...
[INFO]: Performing Manual Macro Placement (log: ../mnt/d/project/mpw_hdp_rv151/openlane/user_project_wrapper/runs/23_02_01_20_01/logs/placement/5-macro_placement.log)...
[INFO]: Running Tap/Decap Insertion (log: ../mnt/d/project/mpw_hdp_rv151/openlane/user_project_wrapper/runs/23_02_01_20_01/logs/floorplan/6-tap.log)...
[INFO]: Power planning with power {vccd1 vccd2 vdda1 vdda2} and ground {vssd1 vssd2 vssa1 vssa2}...
[INFO]: Generating PDN (log: ../mnt/d/project/mpw_hdp_rv151/openlane/user_project_wrapper/runs/23_02_01_20_01/logs/floorplan/7-pdn.log)...
[INFO]: Running Global Placement (log: ../mnt/d/project/mpw_hdp_rv151/openlane/user_project_wrapper/runs/23_02_01_20_01/logs/placement/8-global.log)...
[INFO]: Running Placement Resizer Design Optimizations (log: ../mnt/d/project/mpw_hdp_rv151/openlane/user_project_wrapper/runs/23_02_01_20_01/logs/placement/9-resizer.log)...
[INFO]: Running Detailed Placement (log: ../mnt/d/project/mpw_hdp_rv151/openlane/user_project_wrapper/runs/23_02_01_20_01/logs/placement/10-detailed.log)...
[INFO]: Running Clock Tree Synthesis (log: ../mnt/d/project/mpw_hdp_rv151/openlane/user_project_wrapper/runs/23_02_01_20_01/logs/cts/11-cts.log)...
[INFO]: Running Placement Resizer Timing Optimizations (log: ../mnt/d/project/mpw_hdp_rv151/openlane/user_project_wrapper/runs/23_02_01_20_01/logs/cts/12-resizer.log)...
[INFO]: Running Global Routing Resizer Timing Optimizations (log: ../mnt/d/project/mpw_hdp_rv151/openlane/user_project_wrapper/runs/23_02_01_20_01/logs/routing/13-resizer.log)...
[INFO]: Running Detailed Placement (log: ../mnt/d/project/mpw_hdp_rv151/openlane/user_project_wrapper/runs/23_02_01_20_01/logs/routing/14-diode_legalization.log)...
[INFO]: Running Global Routing (log: ../mnt/d/project/mpw_hdp_rv151/openlane/user_project_wrapper/runs/23_02_01_20_01/logs/routing/15-global.log)...
[INFO]: Starting OpenROAD Antenna Repair Iterations...
[INFO]: Starting antenna repair iteration 1 with 58 violations...
[INFO]: [Iteration 1] Failed to reduce antenna violations (58 -> 58), stopping iterations...
[INFO]: Writing Verilog (log: ../mnt/d/project/mpw_hdp_rv151/openlane/user_project_wrapper/runs/23_02_01_20_01/logs/routing/15-global_write_netlist.log)...
[INFO]: Running Fill Insertion (log: ../mnt/d/project/mpw_hdp_rv151/openlane/user_project_wrapper/runs/23_02_01_20_01/logs/routing/17-fill.log)...
[INFO]: Running Detailed Routing (log: ../mnt/d/project/mpw_hdp_rv151/openlane/user_project_wrapper/runs/23_02_01_20_01/logs/routing/18-detailed.log)...
[INFO]: Checking Wire Lengths (log: ../mnt/d/project/mpw_hdp_rv151/openlane/user_project_wrapper/runs/23_02_01_20_01/logs/routing/19-wire_lengths.log)...
[INFO]: Running SPEF Extraction at the min process corner (log: ../mnt/d/project/mpw_hdp_rv151/openlane/user_project_wrapper/runs/23_02_01_20_01/logs/signoff/20-parasitics_extraction.min.log)...
[INFO]: Running Multi-Corner Static Timing Analysis at the min process corner (log: ../mnt/d/project/mpw_hdp_rv151/openlane/user_project_wrapper/runs/23_02_01_20_01/logs/signoff/21-rcx_mcsta.min.log)...
[INFO]: Running SPEF Extraction at the max process corner (log: ../mnt/d/project/mpw_hdp_rv151/openlane/user_project_wrapper/runs/23_02_01_20_01/logs/signoff/22-parasitics_extraction.max.log)...
[INFO]: Running Multi-Corner Static Timing Analysis at the max process corner (log: ../mnt/d/project/mpw_hdp_rv151/openlane/user_project_wrapper/runs/23_02_01_20_01/logs/signoff/23-rcx_mcsta.max.log)...
[INFO]: Running SPEF Extraction at the nom process corner (log: ../mnt/d/project/mpw_hdp_rv151/openlane/user_project_wrapper/runs/23_02_01_20_01/logs/signoff/24-parasitics_extraction.nom.log)...
[INFO]: Running Multi-Corner Static Timing Analysis at the nom process corner (log: ../mnt/d/project/mpw_hdp_rv151/openlane/user_project_wrapper/runs/23_02_01_20_01/logs/signoff/25-rcx_mcsta.nom.log)...
[INFO]: Running Single-Corner Static Timing Analysis at the nom process corner (log: ../mnt/d/project/mpw_hdp_rv151/openlane/user_project_wrapper/runs/23_02_01_20_01/logs/signoff/26-rcx_sta.log)...
[INFO]: Creating IR Drop Report (log: ../mnt/d/project/mpw_hdp_rv151/openlane/user_project_wrapper/runs/23_02_01_20_01/logs/signoff/27-irdrop.log)...
[INFO]: Running Magic to generate various views...
[INFO]: Streaming out GDSII with Magic (log: ../mnt/d/project/mpw_hdp_rv151/openlane/user_project_wrapper/runs/23_02_01_20_01/logs/signoff/28-gdsii.log)...
[INFO]: Generating MAGLEF views...
[INFO]: Streaming out GDSII with KLayout (log: ../mnt/d/project/mpw_hdp_rv151/openlane/user_project_wrapper/runs/23_02_01_20_01/logs/signoff/29-gdsii-klayout.log)...
[INFO]: Running Magic Spice Export from LEF (log: ../mnt/d/project/mpw_hdp_rv151/openlane/user_project_wrapper/runs/23_02_01_20_01/logs/signoff/30-spice.log)...
[INFO]: Writing Powered Verilog (logs: ../mnt/d/project/mpw_hdp_rv151/openlane/user_project_wrapper/runs/23_02_01_20_01/logs/signoff/31-write_powered_def.log, ../mnt/d/project/mpw_hdp_rv151/openlane/user_project_wrapper/runs/23_02_01_20_01/logs/signoff/31-write_powered_verilog.log)...
[INFO]: Writing Verilog (log: ../mnt/d/project/mpw_hdp_rv151/openlane/user_project_wrapper/runs/23_02_01_20_01/logs/signoff/31-write_powered_verilog.log)...
[INFO]: Running LVS (log: ../mnt/d/project/mpw_hdp_rv151/openlane/user_project_wrapper/runs/23_02_01_20_01/logs/signoff/33-lvs.lef.log)...
[INFO]: Running OpenROAD Antenna Rule Checker (log: ../mnt/d/project/mpw_hdp_rv151/openlane/user_project_wrapper/runs/23_02_01_20_01/logs/signoff/34-antenna.log)...
[INFO]: Saving current set of views in '../mnt/d/project/mpw_hdp_rv151/openlane/user_project_wrapper/runs/23_02_01_20_01/results/final'...
[INFO]: Saving current set of views in '../mnt/d/project/mpw_hdp_rv151'...
[INFO]: Saving runtime environment...
[INFO]: Generating final set of reports...
[INFO]: Created manufacturability report at '../mnt/d/project/mpw_hdp_rv151/openlane/user_project_wrapper/runs/23_02_01_20_01/reports/manufacturability.rpt'.
[INFO]: Created metrics report at '../mnt/d/project/mpw_hdp_rv151/openlane/user_project_wrapper/runs/23_02_01_20_01/reports/metrics.csv'.
[WARNING]: There are max slew violations in the design at the typical corner. Please refer to '../mnt/d/project/mpw_hdp_rv151/openlane/user_project_wrapper/runs/23_02_01_20_01/reports/signoff/26-rcx_sta.slew.rpt'.
[WARNING]: There are max capacitance violations in the design at the typical corner. Please refer to '../mnt/d/project/mpw_hdp_rv151/openlane/user_project_wrapper/runs/23_02_01_20_01/reports/signoff/26-rcx_sta.slew.rpt'.
[INFO]: There are no hold violations in the design at the typical corner.
[INFO]: There are no setup violations in the design at the typical corner.
[SUCCESS]: Flow complete.
[INFO]: Note that the following warnings have been generated:
