
===========================================================================
report_checks -unconstrained
============================================================================
Startpoint: io_cslt (input port clocked by clk)
Endpoint: _17580_ (recovery check against rising-edge clock clk)
Path Group: **async_default**
Path Type: max

Fanout     Cap    Slew   Delay    Time   Description
-----------------------------------------------------------------------------
                  0.00    0.00    0.00   clock clk (rise edge)
                          0.00    0.00   clock network delay (ideal)
                         30.00   30.00 ^ input external delay
                  0.00    0.00   30.00 ^ io_cslt (in)
     3    0.01                           io_cslt (net)
                  0.00    0.00   30.00 ^ _13511_/B_N (sky130_fd_sc_hd__or2b_2)
                  0.05    0.28   30.28 v _13511_/X (sky130_fd_sc_hd__or2b_2)
     1    0.00                           _07849_ (net)
                  0.05    0.00   30.28 v _13512_/B1 (sky130_fd_sc_hd__o21a_2)
                  0.03    0.11   30.39 v _13512_/X (sky130_fd_sc_hd__o21a_2)
     1    0.00                           _07850_ (net)
                  0.03    0.00   30.39 v _13513_/A (sky130_fd_sc_hd__buf_1)
                  0.11    0.16   30.55 v _13513_/X (sky130_fd_sc_hd__buf_1)
     7    0.02                           _07851_ (net)
                  0.11    0.00   30.55 v _15114_/A (sky130_fd_sc_hd__buf_1)
                  0.13    0.21   30.76 v _15114_/X (sky130_fd_sc_hd__buf_1)
    10    0.02                           _02179_ (net)
                  0.13    0.00   30.76 v _15115_/A (sky130_fd_sc_hd__buf_1)
                  0.25    0.31   31.07 v _15115_/X (sky130_fd_sc_hd__buf_1)
    10    0.04                           _02180_ (net)
                  0.25    0.00   31.07 v _15116_/A (sky130_fd_sc_hd__inv_2)
                  0.06    0.10   31.17 ^ _15116_/Y (sky130_fd_sc_hd__inv_2)
     1    0.00                           _00189_ (net)
                  0.06    0.00   31.17 ^ _17580_/SET_B (sky130_fd_sc_hd__dfstp_2)
                                 31.17   data arrival time

                  0.00  100.00  100.00   clock clk (rise edge)
                          0.00  100.00   clock network delay (ideal)
                          0.00  100.00   clock reconvergence pessimism
                                100.00 ^ _17580_/CLK (sky130_fd_sc_hd__dfstp_2)
                          0.12  100.12   library recovery time
                                100.12   data required time
-----------------------------------------------------------------------------
                                100.12   data required time
                                -31.17   data arrival time
-----------------------------------------------------------------------------
                                 68.95   slack (MET)


Startpoint: soc.bios_mem0 (falling edge-triggered flip-flop clocked by clk)
Endpoint: _18505_ (rising edge-triggered flip-flop clocked by clk)
Path Group: clk
Path Type: max

Fanout     Cap    Slew   Delay    Time   Description
-----------------------------------------------------------------------------
                  0.00   50.00   50.00   clock clk (fall edge)
                          0.00   50.00   clock network delay (ideal)
                  0.00    0.00   50.00 v soc.bios_mem0/clk1 (sky130_sram_2kbyte_1rw1r_32x512_8)
                  0.00    0.40   50.40 v soc.bios_mem0/dout1[0] (sky130_sram_2kbyte_1rw1r_32x512_8)
     1    0.00                           soc.bios_dout1[0][0] (net)
                  0.00    0.00   50.40 v _13687_/A1 (sky130_fd_sc_hd__mux2_2)
                  0.05    0.25   50.65 v _13687_/X (sky130_fd_sc_hd__mux2_2)
     1    0.00                           _07949_ (net)
                  0.05    0.00   50.65 v _13688_/A (sky130_fd_sc_hd__buf_1)
                  0.02    0.09   50.74 v _13688_/X (sky130_fd_sc_hd__buf_1)
     1    0.00                           _00035_ (net)
                  0.02    0.00   50.74 v _18505_/D (sky130_fd_sc_hd__dfxtp_2)
                                 50.74   data arrival time

                  0.00  100.00  100.00   clock clk (rise edge)
                          0.00  100.00   clock network delay (ideal)
                          0.00  100.00   clock reconvergence pessimism
                                100.00 ^ _18505_/CLK (sky130_fd_sc_hd__dfxtp_2)
                         -0.11   99.89   library setup time
                                 99.89   data required time
-----------------------------------------------------------------------------
                                 99.89   data required time
                                -50.74   data arrival time
-----------------------------------------------------------------------------
                                 49.15   slack (MET)


Startpoint: soc.bios_mem0 (falling edge-triggered flip-flop clocked by ick)
Endpoint: _18505_ (rising edge-triggered flip-flop clocked by ick)
Path Group: ick
Path Type: max

Fanout     Cap    Slew   Delay    Time   Description
-----------------------------------------------------------------------------
                  0.00   50.00   50.00   clock ick (fall edge)
                          0.00   50.00   clock network delay (ideal)
                  0.00    0.00   50.00 v soc.bios_mem0/clk1 (sky130_sram_2kbyte_1rw1r_32x512_8)
                  0.00    0.40   50.40 v soc.bios_mem0/dout1[0] (sky130_sram_2kbyte_1rw1r_32x512_8)
     1    0.00                           soc.bios_dout1[0][0] (net)
                  0.00    0.00   50.40 v _13687_/A1 (sky130_fd_sc_hd__mux2_2)
                  0.05    0.25   50.65 v _13687_/X (sky130_fd_sc_hd__mux2_2)
     1    0.00                           _07949_ (net)
                  0.05    0.00   50.65 v _13688_/A (sky130_fd_sc_hd__buf_1)
                  0.02    0.09   50.74 v _13688_/X (sky130_fd_sc_hd__buf_1)
     1    0.00                           _00035_ (net)
                  0.02    0.00   50.74 v _18505_/D (sky130_fd_sc_hd__dfxtp_2)
                                 50.74   data arrival time

                  0.00  100.00  100.00   clock ick (rise edge)
                          0.00  100.00   clock network delay (ideal)
                          0.00  100.00   clock reconvergence pessimism
                                100.00 ^ _18505_/CLK (sky130_fd_sc_hd__dfxtp_2)
                         -0.11   99.89   library setup time
                                 99.89   data required time
-----------------------------------------------------------------------------
                                 99.89   data required time
                                -50.74   data arrival time
-----------------------------------------------------------------------------
                                 49.15   slack (MET)


Startpoint: _18105_ (rising edge-triggered flip-flop clocked by sck')
Endpoint: io_sdo (output port clocked by sck)
Path Group: sck
Path Type: max

Fanout     Cap    Slew   Delay    Time   Description
-----------------------------------------------------------------------------
                  0.00   50.00   50.00   clock sck' (rise edge)
                          0.00   50.00   clock network delay (ideal)
                  0.00    0.00   50.00 ^ _18105_/CLK (sky130_fd_sc_hd__dfrtp_2)
                  0.03    0.36   50.36 v _18105_/Q (sky130_fd_sc_hd__dfrtp_2)
     1    0.00                           io_sdo (net)
                  0.03    0.00   50.36 v io_sdo (out)
                                 50.36   data arrival time

                  0.00  100.00  100.00   clock sck (rise edge)
                          0.00  100.00   clock network delay (ideal)
                          0.00  100.00   clock reconvergence pessimism
                        -30.00   70.00   output external delay
                                 70.00   data required time
-----------------------------------------------------------------------------
                                 70.00   data required time
                                -50.36   data arrival time
-----------------------------------------------------------------------------
                                 19.64   slack (MET)



===========================================================================
report_checks --slack_max -0.01
============================================================================
No paths found.
