Startpoint: io_cslt (input port clocked by clk)
Endpoint: _18651_ (recovery check against rising-edge clock clk)
Path Group: **async_default**
Path Type: max

    Delay      Time   Description
-------------------------------------------------------------
   0.0000    0.0000   clock clk (rise edge)
   0.0000    0.0000   clock network delay (propagated)
  30.0000   30.0000 ^ input external delay
   0.0000   30.0000 ^ io_cslt (in)
   0.2482   30.2482 ^ input10/X (sky130_fd_sc_hd__buf_4)
   0.3288   30.5769 v _13511_/X (sky130_fd_sc_hd__or2b_1)
   0.2504   30.8273 v _13512_/X (sky130_fd_sc_hd__o21a_4)
   0.3491   31.1765 v _13513_/X (sky130_fd_sc_hd__clkbuf_4)
   0.2527   31.4292 v _16922_/X (sky130_fd_sc_hd__buf_4)
   0.2299   31.6591 v _16923_/X (sky130_fd_sc_hd__buf_12)
   0.1732   31.8323 ^ _16926_/Y (sky130_fd_sc_hd__inv_2)
   0.0001   31.8324 ^ _18651_/RESET_B (sky130_fd_sc_hd__dfrtp_4)
            31.8324   data arrival time

 100.0000  100.0000   clock clk (rise edge)
   3.7545  103.7545   clock network delay (propagated)
   0.0000  103.7545   clock reconvergence pessimism
           103.7545 ^ _18651_/CLK (sky130_fd_sc_hd__dfrtp_4)
   0.2858  104.0403   library recovery time
           104.0403   data required time
-------------------------------------------------------------
           104.0403   data required time
           -31.8324   data arrival time
-------------------------------------------------------------
            72.2079   slack (MET)


Startpoint: soc.bios_mem1 (falling edge-triggered flip-flop clocked by clk)
Endpoint: _18566_ (rising edge-triggered flip-flop clocked by clk)
Path Group: clk
Path Type: max

    Delay      Time   Description
-------------------------------------------------------------
  50.0000   50.0000   clock clk (fall edge)
   3.4345   53.4345   clock network delay (propagated)
   0.0000   53.4345 v soc.bios_mem1/clk0 (sky130_sram_2kbyte_1rw1r_32x512_8)
   0.6274   54.0619 v soc.bios_mem1/dout0[29] (sky130_sram_2kbyte_1rw1r_32x512_8)
   0.2225   54.2844 v wire451/X (sky130_fd_sc_hd__clkbuf_2)
   0.2546   54.5390 v wire450/X (sky130_fd_sc_hd__buf_4)
   0.1667   54.7057 v wire449/X (sky130_fd_sc_hd__buf_6)
   0.3212   55.0269 v _13679_/X (sky130_fd_sc_hd__mux2_1)
   0.1015   55.1284 v _13680_/X (sky130_fd_sc_hd__clkbuf_1)
   0.0001   55.1285 v _18566_/D (sky130_fd_sc_hd__dfxtp_1)
            55.1285   data arrival time

 100.0000  100.0000   clock clk (rise edge)
   3.7513  103.7513   clock network delay (propagated)
   0.2288  103.9801   clock reconvergence pessimism
           103.9801 ^ _18566_/CLK (sky130_fd_sc_hd__dfxtp_1)
  -0.0450  103.9351   library setup time
           103.9351   data required time
-------------------------------------------------------------
           103.9351   data required time
           -55.1285   data arrival time
-------------------------------------------------------------
            48.8066   slack (MET)


Startpoint: soc.bios_mem1 (falling edge-triggered flip-flop clocked by ick)
Endpoint: _18566_ (rising edge-triggered flip-flop clocked by ick)
Path Group: ick
Path Type: max

    Delay      Time   Description
-------------------------------------------------------------
  50.0000   50.0000   clock ick (fall edge)
   3.1219   53.1219   clock network delay (propagated)
   0.0000   53.1219 v soc.bios_mem1/clk0 (sky130_sram_2kbyte_1rw1r_32x512_8)
   0.6274   53.7493 v soc.bios_mem1/dout0[29] (sky130_sram_2kbyte_1rw1r_32x512_8)
   0.2225   53.9719 v wire451/X (sky130_fd_sc_hd__clkbuf_2)
   0.2546   54.2265 v wire450/X (sky130_fd_sc_hd__buf_4)
   0.1667   54.3932 v wire449/X (sky130_fd_sc_hd__buf_6)
   0.3212   54.7144 v _13679_/X (sky130_fd_sc_hd__mux2_1)
   0.1015   54.8159 v _13680_/X (sky130_fd_sc_hd__clkbuf_1)
   0.0001   54.8160 v _18566_/D (sky130_fd_sc_hd__dfxtp_1)
            54.8160   data arrival time

 100.0000  100.0000   clock ick (rise edge)
   3.5051  103.5051   clock network delay (propagated)
   0.1991  103.7042   clock reconvergence pessimism
           103.7042 ^ _18566_/CLK (sky130_fd_sc_hd__dfxtp_1)
  -0.0450  103.6592   library setup time
           103.6592   data required time
-------------------------------------------------------------
           103.6592   data required time
           -54.8160   data arrival time
-------------------------------------------------------------
            48.8432   slack (MET)


Startpoint: _18105_ (rising edge-triggered flip-flop clocked by sck')
Endpoint: io_sdo (output port clocked by sck)
Path Group: sck
Path Type: max

    Delay      Time   Description
-------------------------------------------------------------
  50.0000   50.0000   clock sck' (rise edge)
   0.6225   50.6225   clock network delay (propagated)
   0.0000   50.6225 ^ _18105_/CLK (sky130_fd_sc_hd__dfrtp_4)
   0.7815   51.4040 ^ _18105_/Q (sky130_fd_sc_hd__dfrtp_4)
   0.4266   51.8307 ^ output34/X (sky130_fd_sc_hd__clkbuf_1)
   0.0000   51.8307 ^ io_sdo (out)
            51.8307   data arrival time

 100.0000  100.0000   clock sck (rise edge)
   0.0000  100.0000   clock network delay (propagated)
   0.0000  100.0000   clock reconvergence pessimism
 -30.0000   70.0000   output external delay
            70.0000   data required time
-------------------------------------------------------------
            70.0000   data required time
           -51.8307   data arrival time
-------------------------------------------------------------
            18.1693   slack (MET)


