
===========================================================================
 report_check_types -max_slew -max_cap -max_fanout -violators
============================================================================
max slew

Pin                                    Limit    Slew   Slack
------------------------------------------------------------
soc.dmem0/addr0[7]                      0.04    0.14   -0.10 (VIOLATED)
soc.dmem0/addr0[8]                      0.04    0.14   -0.10 (VIOLATED)
soc.bios_mem0/addr1[2]                  0.04    0.14   -0.10 (VIOLATED)
soc.bios_mem0/addr1[5]                  0.04    0.14   -0.10 (VIOLATED)
soc.bios_mem0/addr1[6]                  0.04    0.14   -0.10 (VIOLATED)
soc.bios_mem0/addr1[1]                  0.04    0.14   -0.10 (VIOLATED)
soc.imem0/addr0[6]                      0.04    0.12   -0.08 (VIOLATED)
soc.imem0/addr0[2]                      0.04    0.11   -0.07 (VIOLATED)
soc.imem0/addr0[8]                      0.04    0.08   -0.04 (VIOLATED)
soc.imem0/addr0[1]                      0.04    0.07   -0.03 (VIOLATED)
soc.dmem0/wmask0[2]                     0.04    0.07   -0.03 (VIOLATED)
soc.imem0/addr0[7]                      0.04    0.07   -0.03 (VIOLATED)
soc.imem0/addr0[0]                      0.04    0.07   -0.03 (VIOLATED)
soc.dmem0/wmask0[3]                     0.04    0.07   -0.03 (VIOLATED)
soc.imem0/addr1[3]                      0.04    0.07   -0.03 (VIOLATED)
soc.imem0/addr1[2]                      0.04    0.07   -0.03 (VIOLATED)
soc.imem0/addr1[8]                      0.04    0.07   -0.03 (VIOLATED)
soc.dmem0/addr0[3]                      0.04    0.07   -0.03 (VIOLATED)
soc.dmem0/addr0[4]                      0.04    0.07   -0.03 (VIOLATED)
soc.imem0/addr1[6]                      0.04    0.07   -0.03 (VIOLATED)
soc.imem0/addr1[4]                      0.04    0.07   -0.03 (VIOLATED)
soc.imem0/addr0[4]                      0.04    0.07   -0.03 (VIOLATED)
soc.imem0/addr0[3]                      0.04    0.07   -0.03 (VIOLATED)
soc.bios_mem1/addr1[3]                  0.04    0.07   -0.03 (VIOLATED)
soc.dmem0/wmask0[0]                     0.04    0.07   -0.03 (VIOLATED)
soc.imem0/addr1[5]                      0.04    0.07   -0.03 (VIOLATED)
soc.dmem0/addr0[1]                      0.04    0.07   -0.03 (VIOLATED)
soc.dmem0/addr0[0]                      0.04    0.07   -0.03 (VIOLATED)
soc.imem0/addr1[7]                      0.04    0.07   -0.03 (VIOLATED)
soc.dmem0/addr0[5]                      0.04    0.07   -0.03 (VIOLATED)
soc.dmem0/wmask0[1]                     0.04    0.07   -0.03 (VIOLATED)
soc.dmem0/addr0[2]                      0.04    0.07   -0.03 (VIOLATED)
soc.imem0/wmask0[2]                     0.04    0.07   -0.03 (VIOLATED)
soc.dmem0/addr0[6]                      0.04    0.07   -0.03 (VIOLATED)
soc.bios_mem1/addr1[2]                  0.04    0.07   -0.03 (VIOLATED)
soc.imem0/wmask0[3]                     0.04    0.07   -0.03 (VIOLATED)
soc.imem0/wmask0[1]                     0.04    0.07   -0.03 (VIOLATED)
soc.imem0/addr0[5]                      0.04    0.07   -0.03 (VIOLATED)
soc.imem0/wmask0[0]                     0.04    0.07   -0.03 (VIOLATED)
soc.bios_mem1/addr1[4]                  0.04    0.07   -0.03 (VIOLATED)
soc.bios_mem1/addr0[8]                  0.04    0.07   -0.03 (VIOLATED)
soc.bios_mem1/addr0[2]                  0.04    0.07   -0.03 (VIOLATED)
soc.bios_mem1/addr1[5]                  0.04    0.07   -0.03 (VIOLATED)
soc.bios_mem1/addr0[6]                  0.04    0.07   -0.03 (VIOLATED)
soc.bios_mem1/addr0[7]                  0.04    0.07   -0.03 (VIOLATED)
soc.bios_mem1/addr0[3]                  0.04    0.07   -0.03 (VIOLATED)
soc.bios_mem1/addr0[4]                  0.04    0.07   -0.03 (VIOLATED)
soc.bios_mem1/addr0[5]                  0.04    0.07   -0.03 (VIOLATED)
soc.bios_mem1/addr1[6]                  0.04    0.07   -0.03 (VIOLATED)
soc.bios_mem0/addr1[7]                  0.04    0.07   -0.03 (VIOLATED)
soc.bios_mem1/wmask0[3]                 0.04    0.07   -0.03 (VIOLATED)
soc.bios_mem0/addr1[8]                  0.04    0.07   -0.03 (VIOLATED)
soc.bios_mem1/wmask0[1]                 0.04    0.07   -0.03 (VIOLATED)
soc.bios_mem1/addr0[1]                  0.04    0.07   -0.03 (VIOLATED)
soc.bios_mem1/addr0[0]                  0.04    0.07   -0.03 (VIOLATED)
soc.bios_mem1/wmask0[0]                 0.04    0.06   -0.02 (VIOLATED)
soc.bios_mem1/wmask0[2]                 0.04    0.06   -0.02 (VIOLATED)
soc.imem0/addr1[1]                      0.04    0.06   -0.02 (VIOLATED)
soc.imem0/addr1[0]                      0.04    0.06   -0.02 (VIOLATED)
soc.bios_mem0/wmask0[0]                 0.04    0.06   -0.02 (VIOLATED)
soc.imem1/addr1[1]                      0.04    0.06   -0.02 (VIOLATED)
soc.imem1/addr1[0]                      0.04    0.06   -0.02 (VIOLATED)
soc.bios_mem0/wmask0[3]                 0.04    0.06   -0.02 (VIOLATED)
soc.bios_mem0/addr0[0]                  0.04    0.06   -0.02 (VIOLATED)
soc.bios_mem0/addr0[1]                  0.04    0.06   -0.02 (VIOLATED)
soc.imem1/addr1[4]                      0.04    0.06   -0.02 (VIOLATED)
soc.imem1/addr1[6]                      0.04    0.06   -0.02 (VIOLATED)
soc.imem1/addr1[5]                      0.04    0.06   -0.02 (VIOLATED)
soc.dmem1/addr0[2]                      0.04    0.06   -0.02 (VIOLATED)
soc.dmem1/addr0[8]                      0.04    0.06   -0.02 (VIOLATED)
soc.bios_mem0/wmask0[1]                 0.04    0.06   -0.02 (VIOLATED)
soc.bios_mem0/wmask0[2]                 0.04    0.06   -0.02 (VIOLATED)
soc.imem1/addr1[3]                      0.04    0.06   -0.02 (VIOLATED)
soc.imem1/addr1[2]                      0.04    0.06   -0.02 (VIOLATED)
soc.dmem1/addr0[7]                      0.04    0.06   -0.02 (VIOLATED)
soc.dmem1/addr0[6]                      0.04    0.06   -0.02 (VIOLATED)
soc.imem1/addr0[8]                      0.04    0.06   -0.02 (VIOLATED)
soc.dmem1/addr0[3]                      0.04    0.06   -0.02 (VIOLATED)
soc.dmem1/addr0[4]                      0.04    0.06   -0.02 (VIOLATED)
soc.imem1/addr0[2]                      0.04    0.06   -0.02 (VIOLATED)
soc.dmem1/addr0[5]                      0.04    0.06   -0.02 (VIOLATED)
soc.imem1/addr0[7]                      0.04    0.06   -0.02 (VIOLATED)
soc.imem1/addr0[4]                      0.04    0.06   -0.02 (VIOLATED)
soc.imem1/addr0[3]                      0.04    0.06   -0.02 (VIOLATED)
soc.imem1/addr0[6]                      0.04    0.06   -0.02 (VIOLATED)
soc.imem1/addr0[5]                      0.04    0.06   -0.02 (VIOLATED)
soc.bios_mem1/addr1[1]                  0.04    0.06   -0.02 (VIOLATED)
soc.bios_mem1/addr1[0]                  0.04    0.06   -0.02 (VIOLATED)
soc.bios_mem1/addr1[8]                  0.04    0.06   -0.02 (VIOLATED)
soc.bios_mem1/addr1[7]                  0.04    0.05   -0.01 (VIOLATED)
soc.dmem1/wmask0[3]                     0.04    0.05   -0.01 (VIOLATED)
soc.imem1/addr1[8]                      0.04    0.05   -0.01 (VIOLATED)
soc.imem1/addr1[7]                      0.04    0.05   -0.01 (VIOLATED)
soc.dmem1/wmask0[1]                     0.04    0.05   -0.01 (VIOLATED)
soc.imem1/addr0[0]                      0.04    0.05   -0.01 (VIOLATED)
soc.dmem1/wmask0[2]                     0.04    0.05   -0.01 (VIOLATED)
soc.dmem1/addr0[1]                      0.04    0.05   -0.01 (VIOLATED)
soc.dmem1/wmask0[0]                     0.04    0.05   -0.01 (VIOLATED)
soc.imem1/wmask0[2]                     0.04    0.05   -0.01 (VIOLATED)
soc.dmem1/addr0[0]                      0.04    0.05   -0.01 (VIOLATED)
soc.imem1/wmask0[1]                     0.04    0.05   -0.01 (VIOLATED)
soc.imem1/wmask0[3]                     0.04    0.05   -0.01 (VIOLATED)
soc.imem1/addr0[1]                      0.04    0.05   -0.01 (VIOLATED)
soc.imem1/wmask0[0]                     0.04    0.05   -0.01 (VIOLATED)
soc.bios_mem0/addr0[2]                  0.04    0.05   -0.01 (VIOLATED)
soc.bios_mem0/addr0[8]                  0.04    0.05   -0.01 (VIOLATED)
soc.bios_mem0/addr0[6]                  0.04    0.05   -0.01 (VIOLATED)
soc.bios_mem0/addr0[7]                  0.04    0.05   -0.01 (VIOLATED)
soc.bios_mem0/addr0[4]                  0.04    0.05   -0.01 (VIOLATED)
soc.bios_mem0/addr0[5]                  0.04    0.05   -0.01 (VIOLATED)
soc.bios_mem0/addr1[0]                  0.04    0.05   -0.01 (VIOLATED)
soc.bios_mem0/addr0[3]                  0.04    0.04   -0.00 (VIOLATED)
soc.bios_mem0/addr1[3]                  0.04    0.04   -0.00 (VIOLATED)
soc.bios_mem0/addr1[4]                  0.04    0.04   -0.00 (VIOLATED)

max capacitance

Pin                                    Limit     Cap   Slack
------------------------------------------------------------
soc.dmem1/dout0[0]                      0.03    0.03   -0.00 (VIOLATED)


===========================================================================
max slew violation count 114
max fanout violation count 0
max cap violation count 1
============================================================================
