
===========================================================================
report_checks -path_delay min (Hold)
============================================================================
Startpoint: io_cslt (input port clocked by ick)
Endpoint: _18646_ (removal check against rising-edge clock ick)
Path Group: **async_default**
Path Type: min

Fanout     Cap    Slew   Delay    Time   Description
-----------------------------------------------------------------------------
                          0.00    0.00   clock ick (rise edge)
                          0.00    0.00   clock network delay (propagated)
                         15.00   15.00 v input external delay
                  0.00    0.00   15.00 v io_cslt (in)
     1    0.00                           io_cslt (net)
                  0.00    0.00   15.00 v input10/A (sky130_fd_sc_hd__buf_4)
                  0.13    0.18   15.18 v input10/X (sky130_fd_sc_hd__buf_4)
     3    0.09                           net10 (net)
                  0.14    0.03   15.21 v _13512_/A2 (sky130_fd_sc_hd__o21a_4)
                  0.18    0.34   15.55 v _13512_/X (sky130_fd_sc_hd__o21a_4)
     2    0.13                           _07850_ (net)
                  0.19    0.04   15.59 v _13513_/A (sky130_fd_sc_hd__clkbuf_4)
                  0.12    0.27   15.86 v _13513_/X (sky130_fd_sc_hd__clkbuf_4)
     7    0.06                           _07851_ (net)
                  0.12    0.01   15.86 v _16318_/A (sky130_fd_sc_hd__buf_6)
                  0.09    0.20   16.07 v _16318_/X (sky130_fd_sc_hd__buf_6)
    10    0.10                           _02774_ (net)
                  0.09    0.01   16.07 v _16911_/A (sky130_fd_sc_hd__buf_6)
                  0.11    0.19   16.27 v _16911_/X (sky130_fd_sc_hd__buf_6)
    10    0.12                           _03045_ (net)
                  0.11    0.01   16.28 v _16919_/A (sky130_fd_sc_hd__inv_2)
                  0.04    0.07   16.35 ^ _16919_/Y (sky130_fd_sc_hd__inv_2)
     1    0.00                           _00468_ (net)
                  0.04    0.00   16.35 ^ _18646_/RESET_B (sky130_fd_sc_hd__dfrtp_4)
                                 16.35   data arrival time

                          0.00    0.00   clock ick (rise edge)
                          0.00    0.00   clock source latency
                  0.00    0.00    0.00 ^ io_clk (in)
     2    0.03                           io_clk (net)
                  0.00    0.00    0.00 ^ _13581_/A1 (sky130_fd_sc_hd__mux2_2)
                  0.04    0.12    0.13 ^ _13581_/X (sky130_fd_sc_hd__mux2_2)
     1    0.00                           _07888_ (net)
                  0.04    0.00    0.13 ^ _13582_/A (sky130_fd_sc_hd__buf_1)
                  2.76    2.04    2.17 ^ _13582_/X (sky130_fd_sc_hd__buf_1)
     1    0.24                           soc.bspi.b2o.wck (net)
                  2.76    0.04    2.21 ^ clkbuf_0_soc.bspi.b2o.wck/A (sky130_fd_sc_hd__clkbuf_16)
                  0.19    0.59    2.79 ^ clkbuf_0_soc.bspi.b2o.wck/X (sky130_fd_sc_hd__clkbuf_16)
     2    0.14                           clknet_0_soc.bspi.b2o.wck (net)
                  0.19    0.01    2.81 ^ clkbuf_1_0_0_soc.bspi.b2o.wck/A (sky130_fd_sc_hd__clkbuf_8)
                  0.16    0.27    3.08 ^ clkbuf_1_0_0_soc.bspi.b2o.wck/X (sky130_fd_sc_hd__clkbuf_8)
     2    0.09                           clknet_1_0_0_soc.bspi.b2o.wck (net)
                  0.16    0.01    3.08 ^ clkbuf_2_0_0_soc.bspi.b2o.wck/A (sky130_fd_sc_hd__clkbuf_8)
                  0.19    0.28    3.36 ^ clkbuf_2_0_0_soc.bspi.b2o.wck/X (sky130_fd_sc_hd__clkbuf_8)
     2    0.11                           clknet_2_0_0_soc.bspi.b2o.wck (net)
                  0.19    0.02    3.38 ^ clkbuf_3_0_0_soc.bspi.b2o.wck/A (sky130_fd_sc_hd__clkbuf_8)
                  0.37    0.42    3.81 ^ clkbuf_3_0_0_soc.bspi.b2o.wck/X (sky130_fd_sc_hd__clkbuf_8)
     2    0.22                           clknet_3_0_0_soc.bspi.b2o.wck (net)
                  0.38    0.03    3.83 ^ clkbuf_4_1__f_soc.bspi.b2o.wck/A (sky130_fd_sc_hd__clkbuf_16)
                  0.30    0.42    4.25 ^ clkbuf_4_1__f_soc.bspi.b2o.wck/X (sky130_fd_sc_hd__clkbuf_16)
     8    0.29                           clknet_4_1__leaf_soc.bspi.b2o.wck (net)
                  0.30    0.02    4.28 ^ clkbuf_leaf_207_soc.bspi.b2o.wck/A (sky130_fd_sc_hd__clkbuf_16)
                  0.04    0.21    4.49 ^ clkbuf_leaf_207_soc.bspi.b2o.wck/X (sky130_fd_sc_hd__clkbuf_16)
     5    0.02                           clknet_leaf_207_soc.bspi.b2o.wck (net)
                  0.04    0.00    4.49 ^ _18646_/CLK (sky130_fd_sc_hd__dfrtp_4)
                          0.00    4.49   clock reconvergence pessimism
                          0.32    4.81   library removal time
                                  4.81   data required time
-----------------------------------------------------------------------------
                                  4.81   data required time
                                -16.35   data arrival time
-----------------------------------------------------------------------------
                                 11.54   slack (MET)


Startpoint: io_cslt (input port clocked by ick)
Endpoint: _18647_ (removal check against rising-edge clock ick)
Path Group: **async_default**
Path Type: min

Fanout     Cap    Slew   Delay    Time   Description
-----------------------------------------------------------------------------
                          0.00    0.00   clock ick (rise edge)
                          0.00    0.00   clock network delay (propagated)
                         15.00   15.00 v input external delay
                  0.00    0.00   15.00 v io_cslt (in)
     1    0.00                           io_cslt (net)
                  0.00    0.00   15.00 v input10/A (sky130_fd_sc_hd__buf_4)
                  0.13    0.18   15.18 v input10/X (sky130_fd_sc_hd__buf_4)
     3    0.09                           net10 (net)
                  0.14    0.03   15.21 v _13512_/A2 (sky130_fd_sc_hd__o21a_4)
                  0.18    0.34   15.55 v _13512_/X (sky130_fd_sc_hd__o21a_4)
     2    0.13                           _07850_ (net)
                  0.19    0.04   15.59 v _13513_/A (sky130_fd_sc_hd__clkbuf_4)
                  0.12    0.27   15.86 v _13513_/X (sky130_fd_sc_hd__clkbuf_4)
     7    0.06                           _07851_ (net)
                  0.12    0.01   15.86 v _16318_/A (sky130_fd_sc_hd__buf_6)
                  0.09    0.20   16.07 v _16318_/X (sky130_fd_sc_hd__buf_6)
    10    0.10                           _02774_ (net)
                  0.09    0.01   16.07 v _16911_/A (sky130_fd_sc_hd__buf_6)
                  0.11    0.19   16.27 v _16911_/X (sky130_fd_sc_hd__buf_6)
    10    0.12                           _03045_ (net)
                  0.11    0.01   16.28 v _16920_/A (sky130_fd_sc_hd__inv_2)
                  0.04    0.07   16.35 ^ _16920_/Y (sky130_fd_sc_hd__inv_2)
     1    0.01                           _00469_ (net)
                  0.04    0.00   16.35 ^ _18647_/RESET_B (sky130_fd_sc_hd__dfrtp_4)
                                 16.35   data arrival time

                          0.00    0.00   clock ick (rise edge)
                          0.00    0.00   clock source latency
                  0.00    0.00    0.00 ^ io_clk (in)
     2    0.03                           io_clk (net)
                  0.00    0.00    0.00 ^ _13581_/A1 (sky130_fd_sc_hd__mux2_2)
                  0.04    0.12    0.13 ^ _13581_/X (sky130_fd_sc_hd__mux2_2)
     1    0.00                           _07888_ (net)
                  0.04    0.00    0.13 ^ _13582_/A (sky130_fd_sc_hd__buf_1)
                  2.76    2.04    2.17 ^ _13582_/X (sky130_fd_sc_hd__buf_1)
     1    0.24                           soc.bspi.b2o.wck (net)
                  2.76    0.04    2.21 ^ clkbuf_0_soc.bspi.b2o.wck/A (sky130_fd_sc_hd__clkbuf_16)
                  0.19    0.59    2.79 ^ clkbuf_0_soc.bspi.b2o.wck/X (sky130_fd_sc_hd__clkbuf_16)
     2    0.14                           clknet_0_soc.bspi.b2o.wck (net)
                  0.19    0.01    2.81 ^ clkbuf_1_0_0_soc.bspi.b2o.wck/A (sky130_fd_sc_hd__clkbuf_8)
                  0.16    0.27    3.08 ^ clkbuf_1_0_0_soc.bspi.b2o.wck/X (sky130_fd_sc_hd__clkbuf_8)
     2    0.09                           clknet_1_0_0_soc.bspi.b2o.wck (net)
                  0.16    0.01    3.08 ^ clkbuf_2_0_0_soc.bspi.b2o.wck/A (sky130_fd_sc_hd__clkbuf_8)
                  0.19    0.28    3.36 ^ clkbuf_2_0_0_soc.bspi.b2o.wck/X (sky130_fd_sc_hd__clkbuf_8)
     2    0.11                           clknet_2_0_0_soc.bspi.b2o.wck (net)
                  0.19    0.02    3.38 ^ clkbuf_3_0_0_soc.bspi.b2o.wck/A (sky130_fd_sc_hd__clkbuf_8)
                  0.37    0.42    3.81 ^ clkbuf_3_0_0_soc.bspi.b2o.wck/X (sky130_fd_sc_hd__clkbuf_8)
     2    0.22                           clknet_3_0_0_soc.bspi.b2o.wck (net)
                  0.38    0.03    3.83 ^ clkbuf_4_1__f_soc.bspi.b2o.wck/A (sky130_fd_sc_hd__clkbuf_16)
                  0.30    0.42    4.25 ^ clkbuf_4_1__f_soc.bspi.b2o.wck/X (sky130_fd_sc_hd__clkbuf_16)
     8    0.29                           clknet_4_1__leaf_soc.bspi.b2o.wck (net)
                  0.30    0.02    4.28 ^ clkbuf_leaf_207_soc.bspi.b2o.wck/A (sky130_fd_sc_hd__clkbuf_16)
                  0.04    0.21    4.49 ^ clkbuf_leaf_207_soc.bspi.b2o.wck/X (sky130_fd_sc_hd__clkbuf_16)
     5    0.02                           clknet_leaf_207_soc.bspi.b2o.wck (net)
                  0.04    0.00    4.49 ^ _18647_/CLK (sky130_fd_sc_hd__dfrtp_4)
                          0.00    4.49   clock reconvergence pessimism
                          0.32    4.81   library removal time
                                  4.81   data required time
-----------------------------------------------------------------------------
                                  4.81   data required time
                                -16.35   data arrival time
-----------------------------------------------------------------------------
                                 11.54   slack (MET)


Startpoint: io_cslt (input port clocked by ick)
Endpoint: _18648_ (removal check against rising-edge clock ick)
Path Group: **async_default**
Path Type: min

Fanout     Cap    Slew   Delay    Time   Description
-----------------------------------------------------------------------------
                          0.00    0.00   clock ick (rise edge)
                          0.00    0.00   clock network delay (propagated)
                         15.00   15.00 v input external delay
                  0.00    0.00   15.00 v io_cslt (in)
     1    0.00                           io_cslt (net)
                  0.00    0.00   15.00 v input10/A (sky130_fd_sc_hd__buf_4)
                  0.13    0.18   15.18 v input10/X (sky130_fd_sc_hd__buf_4)
     3    0.09                           net10 (net)
                  0.14    0.03   15.21 v _13512_/A2 (sky130_fd_sc_hd__o21a_4)
                  0.18    0.34   15.55 v _13512_/X (sky130_fd_sc_hd__o21a_4)
     2    0.13                           _07850_ (net)
                  0.19    0.04   15.59 v _13513_/A (sky130_fd_sc_hd__clkbuf_4)
                  0.12    0.27   15.86 v _13513_/X (sky130_fd_sc_hd__clkbuf_4)
     7    0.06                           _07851_ (net)
                  0.12    0.01   15.86 v _16318_/A (sky130_fd_sc_hd__buf_6)
                  0.09    0.20   16.07 v _16318_/X (sky130_fd_sc_hd__buf_6)
    10    0.10                           _02774_ (net)
                  0.09    0.01   16.07 v _16911_/A (sky130_fd_sc_hd__buf_6)
                  0.11    0.19   16.27 v _16911_/X (sky130_fd_sc_hd__buf_6)
    10    0.12                           _03045_ (net)
                  0.11    0.01   16.28 v _16921_/A (sky130_fd_sc_hd__inv_2)
                  0.04    0.07   16.35 ^ _16921_/Y (sky130_fd_sc_hd__inv_2)
     1    0.01                           _00470_ (net)
                  0.04    0.00   16.35 ^ _18648_/RESET_B (sky130_fd_sc_hd__dfrtp_4)
                                 16.35   data arrival time

                          0.00    0.00   clock ick (rise edge)
                          0.00    0.00   clock source latency
                  0.00    0.00    0.00 ^ io_clk (in)
     2    0.03                           io_clk (net)
                  0.00    0.00    0.00 ^ _13581_/A1 (sky130_fd_sc_hd__mux2_2)
                  0.04    0.12    0.13 ^ _13581_/X (sky130_fd_sc_hd__mux2_2)
     1    0.00                           _07888_ (net)
                  0.04    0.00    0.13 ^ _13582_/A (sky130_fd_sc_hd__buf_1)
                  2.76    2.04    2.17 ^ _13582_/X (sky130_fd_sc_hd__buf_1)
     1    0.24                           soc.bspi.b2o.wck (net)
                  2.76    0.04    2.21 ^ clkbuf_0_soc.bspi.b2o.wck/A (sky130_fd_sc_hd__clkbuf_16)
                  0.19    0.59    2.79 ^ clkbuf_0_soc.bspi.b2o.wck/X (sky130_fd_sc_hd__clkbuf_16)
     2    0.14                           clknet_0_soc.bspi.b2o.wck (net)
                  0.19    0.01    2.81 ^ clkbuf_1_0_0_soc.bspi.b2o.wck/A (sky130_fd_sc_hd__clkbuf_8)
                  0.16    0.27    3.08 ^ clkbuf_1_0_0_soc.bspi.b2o.wck/X (sky130_fd_sc_hd__clkbuf_8)
     2    0.09                           clknet_1_0_0_soc.bspi.b2o.wck (net)
                  0.16    0.01    3.08 ^ clkbuf_2_0_0_soc.bspi.b2o.wck/A (sky130_fd_sc_hd__clkbuf_8)
                  0.19    0.28    3.36 ^ clkbuf_2_0_0_soc.bspi.b2o.wck/X (sky130_fd_sc_hd__clkbuf_8)
     2    0.11                           clknet_2_0_0_soc.bspi.b2o.wck (net)
                  0.19    0.02    3.38 ^ clkbuf_3_0_0_soc.bspi.b2o.wck/A (sky130_fd_sc_hd__clkbuf_8)
                  0.37    0.42    3.81 ^ clkbuf_3_0_0_soc.bspi.b2o.wck/X (sky130_fd_sc_hd__clkbuf_8)
     2    0.22                           clknet_3_0_0_soc.bspi.b2o.wck (net)
                  0.38    0.03    3.83 ^ clkbuf_4_1__f_soc.bspi.b2o.wck/A (sky130_fd_sc_hd__clkbuf_16)
                  0.30    0.42    4.25 ^ clkbuf_4_1__f_soc.bspi.b2o.wck/X (sky130_fd_sc_hd__clkbuf_16)
     8    0.29                           clknet_4_1__leaf_soc.bspi.b2o.wck (net)
                  0.30    0.02    4.28 ^ clkbuf_leaf_207_soc.bspi.b2o.wck/A (sky130_fd_sc_hd__clkbuf_16)
                  0.04    0.21    4.49 ^ clkbuf_leaf_207_soc.bspi.b2o.wck/X (sky130_fd_sc_hd__clkbuf_16)
     5    0.02                           clknet_leaf_207_soc.bspi.b2o.wck (net)
                  0.04    0.00    4.49 ^ _18648_/CLK (sky130_fd_sc_hd__dfrtp_4)
                          0.00    4.49   clock reconvergence pessimism
                          0.32    4.81   library removal time
                                  4.81   data required time
-----------------------------------------------------------------------------
                                  4.81   data required time
                                -16.35   data arrival time
-----------------------------------------------------------------------------
                                 11.54   slack (MET)


Startpoint: io_cslt (input port clocked by ick)
Endpoint: _18645_ (removal check against rising-edge clock ick)
Path Group: **async_default**
Path Type: min

Fanout     Cap    Slew   Delay    Time   Description
-----------------------------------------------------------------------------
                          0.00    0.00   clock ick (rise edge)
                          0.00    0.00   clock network delay (propagated)
                         15.00   15.00 v input external delay
                  0.00    0.00   15.00 v io_cslt (in)
     1    0.00                           io_cslt (net)
                  0.00    0.00   15.00 v input10/A (sky130_fd_sc_hd__buf_4)
                  0.13    0.18   15.18 v input10/X (sky130_fd_sc_hd__buf_4)
     3    0.09                           net10 (net)
                  0.14    0.03   15.21 v _13512_/A2 (sky130_fd_sc_hd__o21a_4)
                  0.18    0.34   15.55 v _13512_/X (sky130_fd_sc_hd__o21a_4)
     2    0.13                           _07850_ (net)
                  0.19    0.04   15.59 v _13513_/A (sky130_fd_sc_hd__clkbuf_4)
                  0.12    0.27   15.86 v _13513_/X (sky130_fd_sc_hd__clkbuf_4)
     7    0.06                           _07851_ (net)
                  0.12    0.01   15.86 v _16318_/A (sky130_fd_sc_hd__buf_6)
                  0.09    0.20   16.07 v _16318_/X (sky130_fd_sc_hd__buf_6)
    10    0.10                           _02774_ (net)
                  0.09    0.01   16.07 v _16911_/A (sky130_fd_sc_hd__buf_6)
                  0.11    0.19   16.27 v _16911_/X (sky130_fd_sc_hd__buf_6)
    10    0.12                           _03045_ (net)
                  0.11    0.01   16.28 v _16918_/A (sky130_fd_sc_hd__inv_2)
                  0.04    0.07   16.35 ^ _16918_/Y (sky130_fd_sc_hd__inv_2)
     1    0.00                           _00467_ (net)
                  0.04    0.00   16.35 ^ _18645_/RESET_B (sky130_fd_sc_hd__dfrtp_4)
                                 16.35   data arrival time

                          0.00    0.00   clock ick (rise edge)
                          0.00    0.00   clock source latency
                  0.00    0.00    0.00 ^ io_clk (in)
     2    0.03                           io_clk (net)
                  0.00    0.00    0.00 ^ _13581_/A1 (sky130_fd_sc_hd__mux2_2)
                  0.04    0.12    0.13 ^ _13581_/X (sky130_fd_sc_hd__mux2_2)
     1    0.00                           _07888_ (net)
                  0.04    0.00    0.13 ^ _13582_/A (sky130_fd_sc_hd__buf_1)
                  2.76    2.04    2.17 ^ _13582_/X (sky130_fd_sc_hd__buf_1)
     1    0.24                           soc.bspi.b2o.wck (net)
                  2.76    0.04    2.21 ^ clkbuf_0_soc.bspi.b2o.wck/A (sky130_fd_sc_hd__clkbuf_16)
                  0.19    0.59    2.79 ^ clkbuf_0_soc.bspi.b2o.wck/X (sky130_fd_sc_hd__clkbuf_16)
     2    0.14                           clknet_0_soc.bspi.b2o.wck (net)
                  0.19    0.01    2.81 ^ clkbuf_1_0_0_soc.bspi.b2o.wck/A (sky130_fd_sc_hd__clkbuf_8)
                  0.16    0.27    3.08 ^ clkbuf_1_0_0_soc.bspi.b2o.wck/X (sky130_fd_sc_hd__clkbuf_8)
     2    0.09                           clknet_1_0_0_soc.bspi.b2o.wck (net)
                  0.16    0.01    3.08 ^ clkbuf_2_0_0_soc.bspi.b2o.wck/A (sky130_fd_sc_hd__clkbuf_8)
                  0.19    0.28    3.36 ^ clkbuf_2_0_0_soc.bspi.b2o.wck/X (sky130_fd_sc_hd__clkbuf_8)
     2    0.11                           clknet_2_0_0_soc.bspi.b2o.wck (net)
                  0.19    0.02    3.38 ^ clkbuf_3_0_0_soc.bspi.b2o.wck/A (sky130_fd_sc_hd__clkbuf_8)
                  0.37    0.42    3.81 ^ clkbuf_3_0_0_soc.bspi.b2o.wck/X (sky130_fd_sc_hd__clkbuf_8)
     2    0.22                           clknet_3_0_0_soc.bspi.b2o.wck (net)
                  0.38    0.03    3.83 ^ clkbuf_4_1__f_soc.bspi.b2o.wck/A (sky130_fd_sc_hd__clkbuf_16)
                  0.30    0.42    4.25 ^ clkbuf_4_1__f_soc.bspi.b2o.wck/X (sky130_fd_sc_hd__clkbuf_16)
     8    0.29                           clknet_4_1__leaf_soc.bspi.b2o.wck (net)
                  0.30    0.02    4.28 ^ clkbuf_leaf_1_soc.bspi.b2o.wck/A (sky130_fd_sc_hd__clkbuf_16)
                  0.04    0.21    4.48 ^ clkbuf_leaf_1_soc.bspi.b2o.wck/X (sky130_fd_sc_hd__clkbuf_16)
     3    0.01                           clknet_leaf_1_soc.bspi.b2o.wck (net)
                  0.04    0.00    4.48 ^ _18645_/CLK (sky130_fd_sc_hd__dfrtp_4)
                          0.00    4.48   clock reconvergence pessimism
                          0.32    4.80   library removal time
                                  4.80   data required time
-----------------------------------------------------------------------------
                                  4.80   data required time
                                -16.35   data arrival time
-----------------------------------------------------------------------------
                                 11.55   slack (MET)


Startpoint: io_cslt (input port clocked by ick)
Endpoint: _18643_ (removal check against rising-edge clock ick)
Path Group: **async_default**
Path Type: min

Fanout     Cap    Slew   Delay    Time   Description
-----------------------------------------------------------------------------
                          0.00    0.00   clock ick (rise edge)
                          0.00    0.00   clock network delay (propagated)
                         15.00   15.00 v input external delay
                  0.00    0.00   15.00 v io_cslt (in)
     1    0.00                           io_cslt (net)
                  0.00    0.00   15.00 v input10/A (sky130_fd_sc_hd__buf_4)
                  0.13    0.18   15.18 v input10/X (sky130_fd_sc_hd__buf_4)
     3    0.09                           net10 (net)
                  0.14    0.03   15.21 v _13512_/A2 (sky130_fd_sc_hd__o21a_4)
                  0.18    0.34   15.55 v _13512_/X (sky130_fd_sc_hd__o21a_4)
     2    0.13                           _07850_ (net)
                  0.19    0.04   15.59 v _13513_/A (sky130_fd_sc_hd__clkbuf_4)
                  0.12    0.27   15.86 v _13513_/X (sky130_fd_sc_hd__clkbuf_4)
     7    0.06                           _07851_ (net)
                  0.12    0.01   15.86 v _16318_/A (sky130_fd_sc_hd__buf_6)
                  0.09    0.20   16.07 v _16318_/X (sky130_fd_sc_hd__buf_6)
    10    0.10                           _02774_ (net)
                  0.09    0.01   16.07 v _16911_/A (sky130_fd_sc_hd__buf_6)
                  0.11    0.19   16.27 v _16911_/X (sky130_fd_sc_hd__buf_6)
    10    0.12                           _03045_ (net)
                  0.11    0.01   16.28 v _16916_/A (sky130_fd_sc_hd__inv_2)
                  0.04    0.07   16.35 ^ _16916_/Y (sky130_fd_sc_hd__inv_2)
     1    0.00                           _00465_ (net)
                  0.04    0.00   16.35 ^ _18643_/RESET_B (sky130_fd_sc_hd__dfrtp_4)
                                 16.35   data arrival time

                          0.00    0.00   clock ick (rise edge)
                          0.00    0.00   clock source latency
                  0.00    0.00    0.00 ^ io_clk (in)
     2    0.03                           io_clk (net)
                  0.00    0.00    0.00 ^ _13581_/A1 (sky130_fd_sc_hd__mux2_2)
                  0.04    0.12    0.13 ^ _13581_/X (sky130_fd_sc_hd__mux2_2)
     1    0.00                           _07888_ (net)
                  0.04    0.00    0.13 ^ _13582_/A (sky130_fd_sc_hd__buf_1)
                  2.76    2.04    2.17 ^ _13582_/X (sky130_fd_sc_hd__buf_1)
     1    0.24                           soc.bspi.b2o.wck (net)
                  2.76    0.04    2.21 ^ clkbuf_0_soc.bspi.b2o.wck/A (sky130_fd_sc_hd__clkbuf_16)
                  0.19    0.59    2.79 ^ clkbuf_0_soc.bspi.b2o.wck/X (sky130_fd_sc_hd__clkbuf_16)
     2    0.14                           clknet_0_soc.bspi.b2o.wck (net)
                  0.19    0.01    2.81 ^ clkbuf_1_0_0_soc.bspi.b2o.wck/A (sky130_fd_sc_hd__clkbuf_8)
                  0.16    0.27    3.08 ^ clkbuf_1_0_0_soc.bspi.b2o.wck/X (sky130_fd_sc_hd__clkbuf_8)
     2    0.09                           clknet_1_0_0_soc.bspi.b2o.wck (net)
                  0.16    0.01    3.08 ^ clkbuf_2_0_0_soc.bspi.b2o.wck/A (sky130_fd_sc_hd__clkbuf_8)
                  0.19    0.28    3.36 ^ clkbuf_2_0_0_soc.bspi.b2o.wck/X (sky130_fd_sc_hd__clkbuf_8)
     2    0.11                           clknet_2_0_0_soc.bspi.b2o.wck (net)
                  0.19    0.02    3.38 ^ clkbuf_3_0_0_soc.bspi.b2o.wck/A (sky130_fd_sc_hd__clkbuf_8)
                  0.37    0.42    3.81 ^ clkbuf_3_0_0_soc.bspi.b2o.wck/X (sky130_fd_sc_hd__clkbuf_8)
     2    0.22                           clknet_3_0_0_soc.bspi.b2o.wck (net)
                  0.38    0.03    3.83 ^ clkbuf_4_1__f_soc.bspi.b2o.wck/A (sky130_fd_sc_hd__clkbuf_16)
                  0.30    0.42    4.25 ^ clkbuf_4_1__f_soc.bspi.b2o.wck/X (sky130_fd_sc_hd__clkbuf_16)
     8    0.29                           clknet_4_1__leaf_soc.bspi.b2o.wck (net)
                  0.30    0.02    4.28 ^ clkbuf_leaf_1_soc.bspi.b2o.wck/A (sky130_fd_sc_hd__clkbuf_16)
                  0.04    0.21    4.48 ^ clkbuf_leaf_1_soc.bspi.b2o.wck/X (sky130_fd_sc_hd__clkbuf_16)
     3    0.01                           clknet_leaf_1_soc.bspi.b2o.wck (net)
                  0.04    0.00    4.48 ^ _18643_/CLK (sky130_fd_sc_hd__dfrtp_4)
                          0.00    4.48   clock reconvergence pessimism
                          0.32    4.80   library removal time
                                  4.80   data required time
-----------------------------------------------------------------------------
                                  4.80   data required time
                                -16.35   data arrival time
-----------------------------------------------------------------------------
                                 11.55   slack (MET)


Startpoint: _17746_ (rising edge-triggered flip-flop clocked by clk)
Endpoint: _17680_ (rising edge-triggered flip-flop clocked by clk)
Path Group: clk
Path Type: min

Fanout     Cap    Slew   Delay    Time   Description
-----------------------------------------------------------------------------
                          0.00    0.00   clock clk (rise edge)
                          0.00    0.00   clock source latency
                  0.00    0.00    0.00 ^ clk (in)
    90    0.49                           clk (net)
                  0.32    0.15    0.15 ^ _13581_/A0 (sky130_fd_sc_hd__mux2_2)
                  0.04    0.20    0.35 ^ _13581_/X (sky130_fd_sc_hd__mux2_2)
     1    0.00                           _07888_ (net)
                  0.04    0.00    0.35 ^ _13582_/A (sky130_fd_sc_hd__buf_1)
                  2.76    1.84    2.19 ^ _13582_/X (sky130_fd_sc_hd__buf_1)
     1    0.24                           soc.bspi.b2o.wck (net)
                  2.76    0.04    2.23 ^ clkbuf_0_soc.bspi.b2o.wck/A (sky130_fd_sc_hd__clkbuf_16)
                  0.19    0.53    2.76 ^ clkbuf_0_soc.bspi.b2o.wck/X (sky130_fd_sc_hd__clkbuf_16)
     2    0.14                           clknet_0_soc.bspi.b2o.wck (net)
                  0.19    0.01    2.77 ^ clkbuf_1_1_0_soc.bspi.b2o.wck/A (sky130_fd_sc_hd__clkbuf_8)
                  0.17    0.26    3.03 ^ clkbuf_1_1_0_soc.bspi.b2o.wck/X (sky130_fd_sc_hd__clkbuf_8)
     3    0.10                           clknet_1_1_0_soc.bspi.b2o.wck (net)
                  0.17    0.01    3.03 ^ clkbuf_2_2_0_soc.bspi.b2o.wck/A (sky130_fd_sc_hd__clkbuf_8)
                  0.12    0.22    3.25 ^ clkbuf_2_2_0_soc.bspi.b2o.wck/X (sky130_fd_sc_hd__clkbuf_8)
     2    0.07                           clknet_2_2_0_soc.bspi.b2o.wck (net)
                  0.12    0.00    3.26 ^ clkbuf_3_4_0_soc.bspi.b2o.wck/A (sky130_fd_sc_hd__clkbuf_8)
                  0.13    0.21    3.47 ^ clkbuf_3_4_0_soc.bspi.b2o.wck/X (sky130_fd_sc_hd__clkbuf_8)
     2    0.07                           clknet_3_4_0_soc.bspi.b2o.wck (net)
                  0.13    0.00    3.47 ^ clkbuf_4_8__f_soc.bspi.b2o.wck/A (sky130_fd_sc_hd__clkbuf_16)
                  0.22    0.27    3.74 ^ clkbuf_4_8__f_soc.bspi.b2o.wck/X (sky130_fd_sc_hd__clkbuf_16)
    15    0.20                           clknet_4_8__leaf_soc.bspi.b2o.wck (net)
                  0.22    0.02    3.76 ^ clkbuf_leaf_175_soc.bspi.b2o.wck/A (sky130_fd_sc_hd__clkbuf_16)
                  0.05    0.18    3.93 ^ clkbuf_leaf_175_soc.bspi.b2o.wck/X (sky130_fd_sc_hd__clkbuf_16)
     7    0.02                           clknet_leaf_175_soc.bspi.b2o.wck (net)
                  0.05    0.00    3.93 ^ _17746_/CLK (sky130_fd_sc_hd__dfrtp_1)
                  0.06    0.31    4.25 ^ _17746_/Q (sky130_fd_sc_hd__dfrtp_1)
     1    0.00                           soc.core.pf_pc4[21] (net)
                  0.06    0.00    4.25 ^ _17680_/D (sky130_fd_sc_hd__dfrtp_1)
                                  4.25   data arrival time

                          0.00    0.00   clock clk (rise edge)
                          0.00    0.00   clock source latency
                  0.00    0.00    0.00 ^ clk (in)
    90    0.49                           clk (net)
                  0.32    0.17    0.17 ^ _13581_/A0 (sky130_fd_sc_hd__mux2_2)
                  0.04    0.22    0.39 ^ _13581_/X (sky130_fd_sc_hd__mux2_2)
     1    0.00                           _07888_ (net)
                  0.04    0.00    0.39 ^ _13582_/A (sky130_fd_sc_hd__buf_1)
                  2.76    2.04    2.43 ^ _13582_/X (sky130_fd_sc_hd__buf_1)
     1    0.24                           soc.bspi.b2o.wck (net)
                  2.76    0.04    2.47 ^ clkbuf_0_soc.bspi.b2o.wck/A (sky130_fd_sc_hd__clkbuf_16)
                  0.19    0.59    3.06 ^ clkbuf_0_soc.bspi.b2o.wck/X (sky130_fd_sc_hd__clkbuf_16)
     2    0.14                           clknet_0_soc.bspi.b2o.wck (net)
                  0.19    0.01    3.06 ^ clkbuf_1_1_0_soc.bspi.b2o.wck/A (sky130_fd_sc_hd__clkbuf_8)
                  0.17    0.29    3.35 ^ clkbuf_1_1_0_soc.bspi.b2o.wck/X (sky130_fd_sc_hd__clkbuf_8)
     3    0.10                           clknet_1_1_0_soc.bspi.b2o.wck (net)
                  0.17    0.00    3.35 ^ clkbuf_2_3_0_soc.bspi.b2o.wck/A (sky130_fd_sc_hd__clkbuf_8)
                  0.12    0.24    3.59 ^ clkbuf_2_3_0_soc.bspi.b2o.wck/X (sky130_fd_sc_hd__clkbuf_8)
     2    0.06                           clknet_2_3_0_soc.bspi.b2o.wck (net)
                  0.12    0.00    3.59 ^ clkbuf_3_6_0_soc.bspi.b2o.wck/A (sky130_fd_sc_hd__clkbuf_8)
                  0.17    0.26    3.85 ^ clkbuf_3_6_0_soc.bspi.b2o.wck/X (sky130_fd_sc_hd__clkbuf_8)
     3    0.09                           clknet_3_6_0_soc.bspi.b2o.wck (net)
                  0.17    0.00    3.86 ^ clkbuf_4_13__f_soc.bspi.b2o.wck/A (sky130_fd_sc_hd__clkbuf_16)
                  0.28    0.35    4.20 ^ clkbuf_4_13__f_soc.bspi.b2o.wck/X (sky130_fd_sc_hd__clkbuf_16)
    19    0.27                           clknet_4_13__leaf_soc.bspi.b2o.wck (net)
                  0.28    0.02    4.22 ^ clkbuf_leaf_95_soc.bspi.b2o.wck/A (sky130_fd_sc_hd__clkbuf_16)
                  0.06    0.23    4.45 ^ clkbuf_leaf_95_soc.bspi.b2o.wck/X (sky130_fd_sc_hd__clkbuf_16)
    13    0.04                           clknet_leaf_95_soc.bspi.b2o.wck (net)
                  0.06    0.00    4.45 ^ _17680_/CLK (sky130_fd_sc_hd__dfrtp_1)
                         -0.32    4.13   clock reconvergence pessimism
                         -0.04    4.09   library hold time
                                  4.09   data required time
-----------------------------------------------------------------------------
                                  4.09   data required time
                                 -4.25   data arrival time
-----------------------------------------------------------------------------
                                  0.15   slack (MET)


Startpoint: _17754_ (rising edge-triggered flip-flop clocked by clk)
Endpoint: _17688_ (rising edge-triggered flip-flop clocked by clk)
Path Group: clk
Path Type: min

Fanout     Cap    Slew   Delay    Time   Description
-----------------------------------------------------------------------------
                          0.00    0.00   clock clk (rise edge)
                          0.00    0.00   clock source latency
                  0.00    0.00    0.00 ^ clk (in)
    90    0.49                           clk (net)
                  0.32    0.15    0.15 ^ _13581_/A0 (sky130_fd_sc_hd__mux2_2)
                  0.04    0.20    0.35 ^ _13581_/X (sky130_fd_sc_hd__mux2_2)
     1    0.00                           _07888_ (net)
                  0.04    0.00    0.35 ^ _13582_/A (sky130_fd_sc_hd__buf_1)
                  2.76    1.84    2.19 ^ _13582_/X (sky130_fd_sc_hd__buf_1)
     1    0.24                           soc.bspi.b2o.wck (net)
                  2.76    0.04    2.23 ^ clkbuf_0_soc.bspi.b2o.wck/A (sky130_fd_sc_hd__clkbuf_16)
                  0.19    0.53    2.76 ^ clkbuf_0_soc.bspi.b2o.wck/X (sky130_fd_sc_hd__clkbuf_16)
     2    0.14                           clknet_0_soc.bspi.b2o.wck (net)
                  0.19    0.01    2.77 ^ clkbuf_1_0_0_soc.bspi.b2o.wck/A (sky130_fd_sc_hd__clkbuf_8)
                  0.16    0.25    3.02 ^ clkbuf_1_0_0_soc.bspi.b2o.wck/X (sky130_fd_sc_hd__clkbuf_8)
     2    0.09                           clknet_1_0_0_soc.bspi.b2o.wck (net)
                  0.16    0.01    3.03 ^ clkbuf_2_0_0_soc.bspi.b2o.wck/A (sky130_fd_sc_hd__clkbuf_8)
                  0.19    0.25    3.28 ^ clkbuf_2_0_0_soc.bspi.b2o.wck/X (sky130_fd_sc_hd__clkbuf_8)
     2    0.11                           clknet_2_0_0_soc.bspi.b2o.wck (net)
                  0.19    0.00    3.28 ^ clkbuf_3_1_0_soc.bspi.b2o.wck/A (sky130_fd_sc_hd__clkbuf_8)
                  0.16    0.25    3.52 ^ clkbuf_3_1_0_soc.bspi.b2o.wck/X (sky130_fd_sc_hd__clkbuf_8)
     2    0.09                           clknet_3_1_0_soc.bspi.b2o.wck (net)
                  0.16    0.00    3.53 ^ clkbuf_4_2__f_soc.bspi.b2o.wck/A (sky130_fd_sc_hd__clkbuf_16)
                  0.15    0.23    3.76 ^ clkbuf_4_2__f_soc.bspi.b2o.wck/X (sky130_fd_sc_hd__clkbuf_16)
     8    0.14                           clknet_4_2__leaf_soc.bspi.b2o.wck (net)
                  0.15    0.01    3.77 ^ clkbuf_leaf_4_soc.bspi.b2o.wck/A (sky130_fd_sc_hd__clkbuf_16)
                  0.05    0.16    3.93 ^ clkbuf_leaf_4_soc.bspi.b2o.wck/X (sky130_fd_sc_hd__clkbuf_16)
     7    0.03                           clknet_leaf_4_soc.bspi.b2o.wck (net)
                  0.05    0.00    3.93 ^ _17754_/CLK (sky130_fd_sc_hd__dfrtp_1)
                  0.05    0.31    4.24 ^ _17754_/Q (sky130_fd_sc_hd__dfrtp_1)
     1    0.00                           soc.core.pf_pc4[29] (net)
                  0.05    0.00    4.24 ^ _17688_/D (sky130_fd_sc_hd__dfrtp_1)
                                  4.24   data arrival time

                          0.00    0.00   clock clk (rise edge)
                          0.00    0.00   clock source latency
                  0.00    0.00    0.00 ^ clk (in)
    90    0.49                           clk (net)
                  0.32    0.17    0.17 ^ _13581_/A0 (sky130_fd_sc_hd__mux2_2)
                  0.04    0.22    0.39 ^ _13581_/X (sky130_fd_sc_hd__mux2_2)
     1    0.00                           _07888_ (net)
                  0.04    0.00    0.39 ^ _13582_/A (sky130_fd_sc_hd__buf_1)
                  2.76    2.04    2.43 ^ _13582_/X (sky130_fd_sc_hd__buf_1)
     1    0.24                           soc.bspi.b2o.wck (net)
                  2.76    0.04    2.47 ^ clkbuf_0_soc.bspi.b2o.wck/A (sky130_fd_sc_hd__clkbuf_16)
                  0.19    0.59    3.06 ^ clkbuf_0_soc.bspi.b2o.wck/X (sky130_fd_sc_hd__clkbuf_16)
     2    0.14                           clknet_0_soc.bspi.b2o.wck (net)
                  0.19    0.01    3.07 ^ clkbuf_1_0_0_soc.bspi.b2o.wck/A (sky130_fd_sc_hd__clkbuf_8)
                  0.16    0.27    3.34 ^ clkbuf_1_0_0_soc.bspi.b2o.wck/X (sky130_fd_sc_hd__clkbuf_8)
     2    0.09                           clknet_1_0_0_soc.bspi.b2o.wck (net)
                  0.16    0.01    3.35 ^ clkbuf_2_1_0_soc.bspi.b2o.wck/A (sky130_fd_sc_hd__clkbuf_8)
                  0.10    0.22    3.57 ^ clkbuf_2_1_0_soc.bspi.b2o.wck/X (sky130_fd_sc_hd__clkbuf_8)
     2    0.05                           clknet_2_1_0_soc.bspi.b2o.wck (net)
                  0.10    0.00    3.57 ^ clkbuf_3_3_0_soc.bspi.b2o.wck/A (sky130_fd_sc_hd__clkbuf_8)
                  0.15    0.24    3.81 ^ clkbuf_3_3_0_soc.bspi.b2o.wck/X (sky130_fd_sc_hd__clkbuf_8)
     2    0.08                           clknet_3_3_0_soc.bspi.b2o.wck (net)
                  0.15    0.00    3.81 ^ clkbuf_4_6__f_soc.bspi.b2o.wck/A (sky130_fd_sc_hd__clkbuf_16)
                  0.22    0.28    4.09 ^ clkbuf_4_6__f_soc.bspi.b2o.wck/X (sky130_fd_sc_hd__clkbuf_16)
    14    0.20                           clknet_4_6__leaf_soc.bspi.b2o.wck (net)
                  0.23    0.05    4.14 ^ clkbuf_leaf_51_soc.bspi.b2o.wck/A (sky130_fd_sc_hd__clkbuf_16)
                  0.08    0.23    4.37 ^ clkbuf_leaf_51_soc.bspi.b2o.wck/X (sky130_fd_sc_hd__clkbuf_16)
    19    0.06                           clknet_leaf_51_soc.bspi.b2o.wck (net)
                  0.08    0.00    4.37 ^ _17688_/CLK (sky130_fd_sc_hd__dfrtp_1)
                         -0.32    4.05   clock reconvergence pessimism
                         -0.03    4.02   library hold time
                                  4.02   data required time
-----------------------------------------------------------------------------
                                  4.02   data required time
                                 -4.24   data arrival time
-----------------------------------------------------------------------------
                                  0.22   slack (MET)


Startpoint: _17745_ (rising edge-triggered flip-flop clocked by clk)
Endpoint: _17679_ (rising edge-triggered flip-flop clocked by clk)
Path Group: clk
Path Type: min

Fanout     Cap    Slew   Delay    Time   Description
-----------------------------------------------------------------------------
                          0.00    0.00   clock clk (rise edge)
                          0.00    0.00   clock source latency
                  0.00    0.00    0.00 ^ clk (in)
    90    0.49                           clk (net)
                  0.32    0.15    0.15 ^ _13581_/A0 (sky130_fd_sc_hd__mux2_2)
                  0.04    0.20    0.35 ^ _13581_/X (sky130_fd_sc_hd__mux2_2)
     1    0.00                           _07888_ (net)
                  0.04    0.00    0.35 ^ _13582_/A (sky130_fd_sc_hd__buf_1)
                  2.76    1.84    2.19 ^ _13582_/X (sky130_fd_sc_hd__buf_1)
     1    0.24                           soc.bspi.b2o.wck (net)
                  2.76    0.04    2.23 ^ clkbuf_0_soc.bspi.b2o.wck/A (sky130_fd_sc_hd__clkbuf_16)
                  0.19    0.53    2.76 ^ clkbuf_0_soc.bspi.b2o.wck/X (sky130_fd_sc_hd__clkbuf_16)
     2    0.14                           clknet_0_soc.bspi.b2o.wck (net)
                  0.19    0.01    2.77 ^ clkbuf_1_0_0_soc.bspi.b2o.wck/A (sky130_fd_sc_hd__clkbuf_8)
                  0.16    0.25    3.02 ^ clkbuf_1_0_0_soc.bspi.b2o.wck/X (sky130_fd_sc_hd__clkbuf_8)
     2    0.09                           clknet_1_0_0_soc.bspi.b2o.wck (net)
                  0.16    0.01    3.03 ^ clkbuf_2_0_0_soc.bspi.b2o.wck/A (sky130_fd_sc_hd__clkbuf_8)
                  0.19    0.25    3.28 ^ clkbuf_2_0_0_soc.bspi.b2o.wck/X (sky130_fd_sc_hd__clkbuf_8)
     2    0.11                           clknet_2_0_0_soc.bspi.b2o.wck (net)
                  0.19    0.00    3.28 ^ clkbuf_3_1_0_soc.bspi.b2o.wck/A (sky130_fd_sc_hd__clkbuf_8)
                  0.16    0.25    3.52 ^ clkbuf_3_1_0_soc.bspi.b2o.wck/X (sky130_fd_sc_hd__clkbuf_8)
     2    0.09                           clknet_3_1_0_soc.bspi.b2o.wck (net)
                  0.16    0.00    3.53 ^ clkbuf_4_2__f_soc.bspi.b2o.wck/A (sky130_fd_sc_hd__clkbuf_16)
                  0.15    0.23    3.76 ^ clkbuf_4_2__f_soc.bspi.b2o.wck/X (sky130_fd_sc_hd__clkbuf_16)
     8    0.14                           clknet_4_2__leaf_soc.bspi.b2o.wck (net)
                  0.15    0.01    3.77 ^ clkbuf_leaf_176_soc.bspi.b2o.wck/A (sky130_fd_sc_hd__clkbuf_16)
                  0.07    0.18    3.95 ^ clkbuf_leaf_176_soc.bspi.b2o.wck/X (sky130_fd_sc_hd__clkbuf_16)
    15    0.05                           clknet_leaf_176_soc.bspi.b2o.wck (net)
                  0.07    0.00    3.95 ^ _17745_/CLK (sky130_fd_sc_hd__dfrtp_1)
                  0.06    0.32    4.26 ^ _17745_/Q (sky130_fd_sc_hd__dfrtp_1)
     1    0.00                           soc.core.pf_pc4[20] (net)
                  0.06    0.00    4.26 ^ _17679_/D (sky130_fd_sc_hd__dfrtp_1)
                                  4.26   data arrival time

                          0.00    0.00   clock clk (rise edge)
                          0.00    0.00   clock source latency
                  0.00    0.00    0.00 ^ clk (in)
    90    0.49                           clk (net)
                  0.32    0.17    0.17 ^ _13581_/A0 (sky130_fd_sc_hd__mux2_2)
                  0.04    0.22    0.39 ^ _13581_/X (sky130_fd_sc_hd__mux2_2)
     1    0.00                           _07888_ (net)
                  0.04    0.00    0.39 ^ _13582_/A (sky130_fd_sc_hd__buf_1)
                  2.76    2.04    2.43 ^ _13582_/X (sky130_fd_sc_hd__buf_1)
     1    0.24                           soc.bspi.b2o.wck (net)
                  2.76    0.04    2.47 ^ clkbuf_0_soc.bspi.b2o.wck/A (sky130_fd_sc_hd__clkbuf_16)
                  0.19    0.59    3.06 ^ clkbuf_0_soc.bspi.b2o.wck/X (sky130_fd_sc_hd__clkbuf_16)
     2    0.14                           clknet_0_soc.bspi.b2o.wck (net)
                  0.19    0.01    3.07 ^ clkbuf_1_0_0_soc.bspi.b2o.wck/A (sky130_fd_sc_hd__clkbuf_8)
                  0.16    0.27    3.34 ^ clkbuf_1_0_0_soc.bspi.b2o.wck/X (sky130_fd_sc_hd__clkbuf_8)
     2    0.09                           clknet_1_0_0_soc.bspi.b2o.wck (net)
                  0.16    0.01    3.35 ^ clkbuf_2_1_0_soc.bspi.b2o.wck/A (sky130_fd_sc_hd__clkbuf_8)
                  0.10    0.22    3.57 ^ clkbuf_2_1_0_soc.bspi.b2o.wck/X (sky130_fd_sc_hd__clkbuf_8)
     2    0.05                           clknet_2_1_0_soc.bspi.b2o.wck (net)
                  0.10    0.00    3.57 ^ clkbuf_3_3_0_soc.bspi.b2o.wck/A (sky130_fd_sc_hd__clkbuf_8)
                  0.15    0.24    3.81 ^ clkbuf_3_3_0_soc.bspi.b2o.wck/X (sky130_fd_sc_hd__clkbuf_8)
     2    0.08                           clknet_3_3_0_soc.bspi.b2o.wck (net)
                  0.15    0.00    3.81 ^ clkbuf_4_6__f_soc.bspi.b2o.wck/A (sky130_fd_sc_hd__clkbuf_16)
                  0.22    0.28    4.09 ^ clkbuf_4_6__f_soc.bspi.b2o.wck/X (sky130_fd_sc_hd__clkbuf_16)
    14    0.20                           clknet_4_6__leaf_soc.bspi.b2o.wck (net)
                  0.23    0.05    4.14 ^ clkbuf_leaf_94_soc.bspi.b2o.wck/A (sky130_fd_sc_hd__clkbuf_16)
                  0.07    0.22    4.36 ^ clkbuf_leaf_94_soc.bspi.b2o.wck/X (sky130_fd_sc_hd__clkbuf_16)
    15    0.04                           clknet_leaf_94_soc.bspi.b2o.wck (net)
                  0.07    0.00    4.36 ^ _17679_/CLK (sky130_fd_sc_hd__dfrtp_1)
                         -0.32    4.04   clock reconvergence pessimism
                         -0.03    4.00   library hold time
                                  4.00   data required time
-----------------------------------------------------------------------------
                                  4.00   data required time
                                 -4.26   data arrival time
-----------------------------------------------------------------------------
                                  0.26   slack (MET)


Startpoint: _17748_ (rising edge-triggered flip-flop clocked by clk)
Endpoint: _17682_ (rising edge-triggered flip-flop clocked by clk)
Path Group: clk
Path Type: min

Fanout     Cap    Slew   Delay    Time   Description
-----------------------------------------------------------------------------
                          0.00    0.00   clock clk (rise edge)
                          0.00    0.00   clock source latency
                  0.00    0.00    0.00 ^ clk (in)
    90    0.49                           clk (net)
                  0.32    0.15    0.15 ^ _13581_/A0 (sky130_fd_sc_hd__mux2_2)
                  0.04    0.20    0.35 ^ _13581_/X (sky130_fd_sc_hd__mux2_2)
     1    0.00                           _07888_ (net)
                  0.04    0.00    0.35 ^ _13582_/A (sky130_fd_sc_hd__buf_1)
                  2.76    1.84    2.19 ^ _13582_/X (sky130_fd_sc_hd__buf_1)
     1    0.24                           soc.bspi.b2o.wck (net)
                  2.76    0.04    2.23 ^ clkbuf_0_soc.bspi.b2o.wck/A (sky130_fd_sc_hd__clkbuf_16)
                  0.19    0.53    2.76 ^ clkbuf_0_soc.bspi.b2o.wck/X (sky130_fd_sc_hd__clkbuf_16)
     2    0.14                           clknet_0_soc.bspi.b2o.wck (net)
                  0.19    0.01    2.77 ^ clkbuf_1_0_0_soc.bspi.b2o.wck/A (sky130_fd_sc_hd__clkbuf_8)
                  0.16    0.25    3.02 ^ clkbuf_1_0_0_soc.bspi.b2o.wck/X (sky130_fd_sc_hd__clkbuf_8)
     2    0.09                           clknet_1_0_0_soc.bspi.b2o.wck (net)
                  0.16    0.01    3.03 ^ clkbuf_2_0_0_soc.bspi.b2o.wck/A (sky130_fd_sc_hd__clkbuf_8)
                  0.19    0.25    3.28 ^ clkbuf_2_0_0_soc.bspi.b2o.wck/X (sky130_fd_sc_hd__clkbuf_8)
     2    0.11                           clknet_2_0_0_soc.bspi.b2o.wck (net)
                  0.19    0.00    3.28 ^ clkbuf_3_1_0_soc.bspi.b2o.wck/A (sky130_fd_sc_hd__clkbuf_8)
                  0.16    0.25    3.52 ^ clkbuf_3_1_0_soc.bspi.b2o.wck/X (sky130_fd_sc_hd__clkbuf_8)
     2    0.09                           clknet_3_1_0_soc.bspi.b2o.wck (net)
                  0.16    0.00    3.53 ^ clkbuf_4_2__f_soc.bspi.b2o.wck/A (sky130_fd_sc_hd__clkbuf_16)
                  0.15    0.23    3.76 ^ clkbuf_4_2__f_soc.bspi.b2o.wck/X (sky130_fd_sc_hd__clkbuf_16)
     8    0.14                           clknet_4_2__leaf_soc.bspi.b2o.wck (net)
                  0.15    0.01    3.77 ^ clkbuf_leaf_3_soc.bspi.b2o.wck/A (sky130_fd_sc_hd__clkbuf_16)
                  0.05    0.16    3.93 ^ clkbuf_leaf_3_soc.bspi.b2o.wck/X (sky130_fd_sc_hd__clkbuf_16)
     9    0.03                           clknet_leaf_3_soc.bspi.b2o.wck (net)
                  0.05    0.00    3.93 ^ _17748_/CLK (sky130_fd_sc_hd__dfrtp_1)
                  0.08    0.33    4.26 ^ _17748_/Q (sky130_fd_sc_hd__dfrtp_1)
     1    0.01                           soc.core.pf_pc4[23] (net)
                  0.08    0.00    4.26 ^ _17682_/D (sky130_fd_sc_hd__dfrtp_1)
                                  4.26   data arrival time

                          0.00    0.00   clock clk (rise edge)
                          0.00    0.00   clock source latency
                  0.00    0.00    0.00 ^ clk (in)
    90    0.49                           clk (net)
                  0.32    0.17    0.17 ^ _13581_/A0 (sky130_fd_sc_hd__mux2_2)
                  0.04    0.22    0.39 ^ _13581_/X (sky130_fd_sc_hd__mux2_2)
     1    0.00                           _07888_ (net)
                  0.04    0.00    0.39 ^ _13582_/A (sky130_fd_sc_hd__buf_1)
                  2.76    2.04    2.43 ^ _13582_/X (sky130_fd_sc_hd__buf_1)
     1    0.24                           soc.bspi.b2o.wck (net)
                  2.76    0.04    2.47 ^ clkbuf_0_soc.bspi.b2o.wck/A (sky130_fd_sc_hd__clkbuf_16)
                  0.19    0.59    3.06 ^ clkbuf_0_soc.bspi.b2o.wck/X (sky130_fd_sc_hd__clkbuf_16)
     2    0.14                           clknet_0_soc.bspi.b2o.wck (net)
                  0.19    0.01    3.07 ^ clkbuf_1_0_0_soc.bspi.b2o.wck/A (sky130_fd_sc_hd__clkbuf_8)
                  0.16    0.27    3.34 ^ clkbuf_1_0_0_soc.bspi.b2o.wck/X (sky130_fd_sc_hd__clkbuf_8)
     2    0.09                           clknet_1_0_0_soc.bspi.b2o.wck (net)
                  0.16    0.01    3.35 ^ clkbuf_2_1_0_soc.bspi.b2o.wck/A (sky130_fd_sc_hd__clkbuf_8)
                  0.10    0.22    3.57 ^ clkbuf_2_1_0_soc.bspi.b2o.wck/X (sky130_fd_sc_hd__clkbuf_8)
     2    0.05                           clknet_2_1_0_soc.bspi.b2o.wck (net)
                  0.10    0.00    3.57 ^ clkbuf_3_3_0_soc.bspi.b2o.wck/A (sky130_fd_sc_hd__clkbuf_8)
                  0.15    0.24    3.81 ^ clkbuf_3_3_0_soc.bspi.b2o.wck/X (sky130_fd_sc_hd__clkbuf_8)
     2    0.08                           clknet_3_3_0_soc.bspi.b2o.wck (net)
                  0.15    0.00    3.81 ^ clkbuf_4_6__f_soc.bspi.b2o.wck/A (sky130_fd_sc_hd__clkbuf_16)
                  0.22    0.28    4.09 ^ clkbuf_4_6__f_soc.bspi.b2o.wck/X (sky130_fd_sc_hd__clkbuf_16)
    14    0.20                           clknet_4_6__leaf_soc.bspi.b2o.wck (net)
                  0.23    0.05    4.14 ^ clkbuf_leaf_94_soc.bspi.b2o.wck/A (sky130_fd_sc_hd__clkbuf_16)
                  0.07    0.22    4.36 ^ clkbuf_leaf_94_soc.bspi.b2o.wck/X (sky130_fd_sc_hd__clkbuf_16)
    15    0.04                           clknet_leaf_94_soc.bspi.b2o.wck (net)
                  0.07    0.00    4.36 ^ _17682_/CLK (sky130_fd_sc_hd__dfrtp_1)
                         -0.32    4.04   clock reconvergence pessimism
                         -0.04    4.00   library hold time
                                  4.00   data required time
-----------------------------------------------------------------------------
                                  4.00   data required time
                                 -4.26   data arrival time
-----------------------------------------------------------------------------
                                  0.26   slack (MET)


Startpoint: _17747_ (rising edge-triggered flip-flop clocked by clk)
Endpoint: _17681_ (rising edge-triggered flip-flop clocked by clk)
Path Group: clk
Path Type: min

Fanout     Cap    Slew   Delay    Time   Description
-----------------------------------------------------------------------------
                          0.00    0.00   clock clk (rise edge)
                          0.00    0.00   clock source latency
                  0.00    0.00    0.00 ^ clk (in)
    90    0.49                           clk (net)
                  0.32    0.15    0.15 ^ _13581_/A0 (sky130_fd_sc_hd__mux2_2)
                  0.04    0.20    0.35 ^ _13581_/X (sky130_fd_sc_hd__mux2_2)
     1    0.00                           _07888_ (net)
                  0.04    0.00    0.35 ^ _13582_/A (sky130_fd_sc_hd__buf_1)
                  2.76    1.84    2.19 ^ _13582_/X (sky130_fd_sc_hd__buf_1)
     1    0.24                           soc.bspi.b2o.wck (net)
                  2.76    0.04    2.23 ^ clkbuf_0_soc.bspi.b2o.wck/A (sky130_fd_sc_hd__clkbuf_16)
                  0.19    0.53    2.76 ^ clkbuf_0_soc.bspi.b2o.wck/X (sky130_fd_sc_hd__clkbuf_16)
     2    0.14                           clknet_0_soc.bspi.b2o.wck (net)
                  0.19    0.01    2.77 ^ clkbuf_1_0_0_soc.bspi.b2o.wck/A (sky130_fd_sc_hd__clkbuf_8)
                  0.16    0.25    3.02 ^ clkbuf_1_0_0_soc.bspi.b2o.wck/X (sky130_fd_sc_hd__clkbuf_8)
     2    0.09                           clknet_1_0_0_soc.bspi.b2o.wck (net)
                  0.16    0.01    3.03 ^ clkbuf_2_0_0_soc.bspi.b2o.wck/A (sky130_fd_sc_hd__clkbuf_8)
                  0.19    0.25    3.28 ^ clkbuf_2_0_0_soc.bspi.b2o.wck/X (sky130_fd_sc_hd__clkbuf_8)
     2    0.11                           clknet_2_0_0_soc.bspi.b2o.wck (net)
                  0.19    0.00    3.28 ^ clkbuf_3_1_0_soc.bspi.b2o.wck/A (sky130_fd_sc_hd__clkbuf_8)
                  0.16    0.25    3.52 ^ clkbuf_3_1_0_soc.bspi.b2o.wck/X (sky130_fd_sc_hd__clkbuf_8)
     2    0.09                           clknet_3_1_0_soc.bspi.b2o.wck (net)
                  0.16    0.00    3.53 ^ clkbuf_4_2__f_soc.bspi.b2o.wck/A (sky130_fd_sc_hd__clkbuf_16)
                  0.15    0.23    3.76 ^ clkbuf_4_2__f_soc.bspi.b2o.wck/X (sky130_fd_sc_hd__clkbuf_16)
     8    0.14                           clknet_4_2__leaf_soc.bspi.b2o.wck (net)
                  0.15    0.01    3.77 ^ clkbuf_leaf_176_soc.bspi.b2o.wck/A (sky130_fd_sc_hd__clkbuf_16)
                  0.07    0.18    3.95 ^ clkbuf_leaf_176_soc.bspi.b2o.wck/X (sky130_fd_sc_hd__clkbuf_16)
    15    0.05                           clknet_leaf_176_soc.bspi.b2o.wck (net)
                  0.07    0.00    3.95 ^ _17747_/CLK (sky130_fd_sc_hd__dfrtp_1)
                  0.06    0.32    4.27 ^ _17747_/Q (sky130_fd_sc_hd__dfrtp_1)
     1    0.01                           soc.core.pf_pc4[22] (net)
                  0.06    0.00    4.27 ^ _17681_/D (sky130_fd_sc_hd__dfrtp_1)
                                  4.27   data arrival time

                          0.00    0.00   clock clk (rise edge)
                          0.00    0.00   clock source latency
                  0.00    0.00    0.00 ^ clk (in)
    90    0.49                           clk (net)
                  0.32    0.17    0.17 ^ _13581_/A0 (sky130_fd_sc_hd__mux2_2)
                  0.04    0.22    0.39 ^ _13581_/X (sky130_fd_sc_hd__mux2_2)
     1    0.00                           _07888_ (net)
                  0.04    0.00    0.39 ^ _13582_/A (sky130_fd_sc_hd__buf_1)
                  2.76    2.04    2.43 ^ _13582_/X (sky130_fd_sc_hd__buf_1)
     1    0.24                           soc.bspi.b2o.wck (net)
                  2.76    0.04    2.47 ^ clkbuf_0_soc.bspi.b2o.wck/A (sky130_fd_sc_hd__clkbuf_16)
                  0.19    0.59    3.06 ^ clkbuf_0_soc.bspi.b2o.wck/X (sky130_fd_sc_hd__clkbuf_16)
     2    0.14                           clknet_0_soc.bspi.b2o.wck (net)
                  0.19    0.01    3.07 ^ clkbuf_1_0_0_soc.bspi.b2o.wck/A (sky130_fd_sc_hd__clkbuf_8)
                  0.16    0.27    3.34 ^ clkbuf_1_0_0_soc.bspi.b2o.wck/X (sky130_fd_sc_hd__clkbuf_8)
     2    0.09                           clknet_1_0_0_soc.bspi.b2o.wck (net)
                  0.16    0.01    3.35 ^ clkbuf_2_1_0_soc.bspi.b2o.wck/A (sky130_fd_sc_hd__clkbuf_8)
                  0.10    0.22    3.57 ^ clkbuf_2_1_0_soc.bspi.b2o.wck/X (sky130_fd_sc_hd__clkbuf_8)
     2    0.05                           clknet_2_1_0_soc.bspi.b2o.wck (net)
                  0.10    0.00    3.57 ^ clkbuf_3_3_0_soc.bspi.b2o.wck/A (sky130_fd_sc_hd__clkbuf_8)
                  0.15    0.24    3.81 ^ clkbuf_3_3_0_soc.bspi.b2o.wck/X (sky130_fd_sc_hd__clkbuf_8)
     2    0.08                           clknet_3_3_0_soc.bspi.b2o.wck (net)
                  0.15    0.00    3.81 ^ clkbuf_4_6__f_soc.bspi.b2o.wck/A (sky130_fd_sc_hd__clkbuf_16)
                  0.22    0.28    4.09 ^ clkbuf_4_6__f_soc.bspi.b2o.wck/X (sky130_fd_sc_hd__clkbuf_16)
    14    0.20                           clknet_4_6__leaf_soc.bspi.b2o.wck (net)
                  0.23    0.05    4.14 ^ clkbuf_leaf_94_soc.bspi.b2o.wck/A (sky130_fd_sc_hd__clkbuf_16)
                  0.07    0.22    4.36 ^ clkbuf_leaf_94_soc.bspi.b2o.wck/X (sky130_fd_sc_hd__clkbuf_16)
    15    0.04                           clknet_leaf_94_soc.bspi.b2o.wck (net)
                  0.07    0.00    4.36 ^ _17681_/CLK (sky130_fd_sc_hd__dfrtp_1)
                         -0.32    4.04   clock reconvergence pessimism
                         -0.04    4.00   library hold time
                                  4.00   data required time
-----------------------------------------------------------------------------
                                  4.00   data required time
                                 -4.27   data arrival time
-----------------------------------------------------------------------------
                                  0.27   slack (MET)


Startpoint: _17746_ (rising edge-triggered flip-flop clocked by ick)
Endpoint: _17680_ (rising edge-triggered flip-flop clocked by ick)
Path Group: ick
Path Type: min

Fanout     Cap    Slew   Delay    Time   Description
-----------------------------------------------------------------------------
                          0.00    0.00   clock ick (rise edge)
                          0.00    0.00   clock source latency
                  0.00    0.00    0.00 ^ io_clk (in)
     2    0.03                           io_clk (net)
                  0.00    0.00    0.00 ^ _13581_/A1 (sky130_fd_sc_hd__mux2_2)
                  0.04    0.11    0.12 ^ _13581_/X (sky130_fd_sc_hd__mux2_2)
     1    0.00                           _07888_ (net)
                  0.04    0.00    0.12 ^ _13582_/A (sky130_fd_sc_hd__buf_1)
                  2.76    1.84    1.96 ^ _13582_/X (sky130_fd_sc_hd__buf_1)
     1    0.24                           soc.bspi.b2o.wck (net)
                  2.76    0.04    2.00 ^ clkbuf_0_soc.bspi.b2o.wck/A (sky130_fd_sc_hd__clkbuf_16)
                  0.19    0.53    2.53 ^ clkbuf_0_soc.bspi.b2o.wck/X (sky130_fd_sc_hd__clkbuf_16)
     2    0.14                           clknet_0_soc.bspi.b2o.wck (net)
                  0.19    0.01    2.53 ^ clkbuf_1_1_0_soc.bspi.b2o.wck/A (sky130_fd_sc_hd__clkbuf_8)
                  0.17    0.26    2.79 ^ clkbuf_1_1_0_soc.bspi.b2o.wck/X (sky130_fd_sc_hd__clkbuf_8)
     3    0.10                           clknet_1_1_0_soc.bspi.b2o.wck (net)
                  0.17    0.01    2.80 ^ clkbuf_2_2_0_soc.bspi.b2o.wck/A (sky130_fd_sc_hd__clkbuf_8)
                  0.12    0.22    3.02 ^ clkbuf_2_2_0_soc.bspi.b2o.wck/X (sky130_fd_sc_hd__clkbuf_8)
     2    0.07                           clknet_2_2_0_soc.bspi.b2o.wck (net)
                  0.12    0.00    3.02 ^ clkbuf_3_4_0_soc.bspi.b2o.wck/A (sky130_fd_sc_hd__clkbuf_8)
                  0.13    0.21    3.23 ^ clkbuf_3_4_0_soc.bspi.b2o.wck/X (sky130_fd_sc_hd__clkbuf_8)
     2    0.07                           clknet_3_4_0_soc.bspi.b2o.wck (net)
                  0.13    0.00    3.24 ^ clkbuf_4_8__f_soc.bspi.b2o.wck/A (sky130_fd_sc_hd__clkbuf_16)
                  0.22    0.27    3.51 ^ clkbuf_4_8__f_soc.bspi.b2o.wck/X (sky130_fd_sc_hd__clkbuf_16)
    15    0.20                           clknet_4_8__leaf_soc.bspi.b2o.wck (net)
                  0.22    0.02    3.52 ^ clkbuf_leaf_175_soc.bspi.b2o.wck/A (sky130_fd_sc_hd__clkbuf_16)
                  0.05    0.18    3.70 ^ clkbuf_leaf_175_soc.bspi.b2o.wck/X (sky130_fd_sc_hd__clkbuf_16)
     7    0.02                           clknet_leaf_175_soc.bspi.b2o.wck (net)
                  0.05    0.00    3.70 ^ _17746_/CLK (sky130_fd_sc_hd__dfrtp_1)
                  0.06    0.31    4.01 ^ _17746_/Q (sky130_fd_sc_hd__dfrtp_1)
     1    0.00                           soc.core.pf_pc4[21] (net)
                  0.06    0.00    4.01 ^ _17680_/D (sky130_fd_sc_hd__dfrtp_1)
                                  4.01   data arrival time

                          0.00    0.00   clock ick (rise edge)
                          0.00    0.00   clock source latency
                  0.00    0.00    0.00 ^ io_clk (in)
     2    0.03                           io_clk (net)
                  0.00    0.00    0.00 ^ _13581_/A1 (sky130_fd_sc_hd__mux2_2)
                  0.04    0.12    0.13 ^ _13581_/X (sky130_fd_sc_hd__mux2_2)
     1    0.00                           _07888_ (net)
                  0.04    0.00    0.13 ^ _13582_/A (sky130_fd_sc_hd__buf_1)
                  2.76    2.04    2.17 ^ _13582_/X (sky130_fd_sc_hd__buf_1)
     1    0.24                           soc.bspi.b2o.wck (net)
                  2.76    0.04    2.21 ^ clkbuf_0_soc.bspi.b2o.wck/A (sky130_fd_sc_hd__clkbuf_16)
                  0.19    0.59    2.79 ^ clkbuf_0_soc.bspi.b2o.wck/X (sky130_fd_sc_hd__clkbuf_16)
     2    0.14                           clknet_0_soc.bspi.b2o.wck (net)
                  0.19    0.01    2.80 ^ clkbuf_1_1_0_soc.bspi.b2o.wck/A (sky130_fd_sc_hd__clkbuf_8)
                  0.17    0.29    3.09 ^ clkbuf_1_1_0_soc.bspi.b2o.wck/X (sky130_fd_sc_hd__clkbuf_8)
     3    0.10                           clknet_1_1_0_soc.bspi.b2o.wck (net)
                  0.17    0.00    3.09 ^ clkbuf_2_3_0_soc.bspi.b2o.wck/A (sky130_fd_sc_hd__clkbuf_8)
                  0.12    0.24    3.33 ^ clkbuf_2_3_0_soc.bspi.b2o.wck/X (sky130_fd_sc_hd__clkbuf_8)
     2    0.06                           clknet_2_3_0_soc.bspi.b2o.wck (net)
                  0.12    0.00    3.33 ^ clkbuf_3_6_0_soc.bspi.b2o.wck/A (sky130_fd_sc_hd__clkbuf_8)
                  0.17    0.26    3.59 ^ clkbuf_3_6_0_soc.bspi.b2o.wck/X (sky130_fd_sc_hd__clkbuf_8)
     3    0.09                           clknet_3_6_0_soc.bspi.b2o.wck (net)
                  0.17    0.00    3.59 ^ clkbuf_4_13__f_soc.bspi.b2o.wck/A (sky130_fd_sc_hd__clkbuf_16)
                  0.28    0.35    3.94 ^ clkbuf_4_13__f_soc.bspi.b2o.wck/X (sky130_fd_sc_hd__clkbuf_16)
    19    0.27                           clknet_4_13__leaf_soc.bspi.b2o.wck (net)
                  0.28    0.02    3.96 ^ clkbuf_leaf_95_soc.bspi.b2o.wck/A (sky130_fd_sc_hd__clkbuf_16)
                  0.06    0.23    4.19 ^ clkbuf_leaf_95_soc.bspi.b2o.wck/X (sky130_fd_sc_hd__clkbuf_16)
    13    0.04                           clknet_leaf_95_soc.bspi.b2o.wck (net)
                  0.06    0.00    4.19 ^ _17680_/CLK (sky130_fd_sc_hd__dfrtp_1)
                         -0.30    3.89   clock reconvergence pessimism
                         -0.04    3.86   library hold time
                                  3.86   data required time
-----------------------------------------------------------------------------
                                  3.86   data required time
                                 -4.01   data arrival time
-----------------------------------------------------------------------------
                                  0.15   slack (MET)


Startpoint: _17754_ (rising edge-triggered flip-flop clocked by ick)
Endpoint: _17688_ (rising edge-triggered flip-flop clocked by ick)
Path Group: ick
Path Type: min

Fanout     Cap    Slew   Delay    Time   Description
-----------------------------------------------------------------------------
                          0.00    0.00   clock ick (rise edge)
                          0.00    0.00   clock source latency
                  0.00    0.00    0.00 ^ io_clk (in)
     2    0.03                           io_clk (net)
                  0.00    0.00    0.00 ^ _13581_/A1 (sky130_fd_sc_hd__mux2_2)
                  0.04    0.11    0.12 ^ _13581_/X (sky130_fd_sc_hd__mux2_2)
     1    0.00                           _07888_ (net)
                  0.04    0.00    0.12 ^ _13582_/A (sky130_fd_sc_hd__buf_1)
                  2.76    1.84    1.96 ^ _13582_/X (sky130_fd_sc_hd__buf_1)
     1    0.24                           soc.bspi.b2o.wck (net)
                  2.76    0.04    2.00 ^ clkbuf_0_soc.bspi.b2o.wck/A (sky130_fd_sc_hd__clkbuf_16)
                  0.19    0.53    2.53 ^ clkbuf_0_soc.bspi.b2o.wck/X (sky130_fd_sc_hd__clkbuf_16)
     2    0.14                           clknet_0_soc.bspi.b2o.wck (net)
                  0.19    0.01    2.54 ^ clkbuf_1_0_0_soc.bspi.b2o.wck/A (sky130_fd_sc_hd__clkbuf_8)
                  0.16    0.25    2.78 ^ clkbuf_1_0_0_soc.bspi.b2o.wck/X (sky130_fd_sc_hd__clkbuf_8)
     2    0.09                           clknet_1_0_0_soc.bspi.b2o.wck (net)
                  0.16    0.01    2.79 ^ clkbuf_2_0_0_soc.bspi.b2o.wck/A (sky130_fd_sc_hd__clkbuf_8)
                  0.19    0.25    3.04 ^ clkbuf_2_0_0_soc.bspi.b2o.wck/X (sky130_fd_sc_hd__clkbuf_8)
     2    0.11                           clknet_2_0_0_soc.bspi.b2o.wck (net)
                  0.19    0.00    3.04 ^ clkbuf_3_1_0_soc.bspi.b2o.wck/A (sky130_fd_sc_hd__clkbuf_8)
                  0.16    0.25    3.29 ^ clkbuf_3_1_0_soc.bspi.b2o.wck/X (sky130_fd_sc_hd__clkbuf_8)
     2    0.09                           clknet_3_1_0_soc.bspi.b2o.wck (net)
                  0.16    0.00    3.29 ^ clkbuf_4_2__f_soc.bspi.b2o.wck/A (sky130_fd_sc_hd__clkbuf_16)
                  0.15    0.23    3.52 ^ clkbuf_4_2__f_soc.bspi.b2o.wck/X (sky130_fd_sc_hd__clkbuf_16)
     8    0.14                           clknet_4_2__leaf_soc.bspi.b2o.wck (net)
                  0.15    0.01    3.53 ^ clkbuf_leaf_4_soc.bspi.b2o.wck/A (sky130_fd_sc_hd__clkbuf_16)
                  0.05    0.16    3.69 ^ clkbuf_leaf_4_soc.bspi.b2o.wck/X (sky130_fd_sc_hd__clkbuf_16)
     7    0.03                           clknet_leaf_4_soc.bspi.b2o.wck (net)
                  0.05    0.00    3.69 ^ _17754_/CLK (sky130_fd_sc_hd__dfrtp_1)
                  0.05    0.31    4.00 ^ _17754_/Q (sky130_fd_sc_hd__dfrtp_1)
     1    0.00                           soc.core.pf_pc4[29] (net)
                  0.05    0.00    4.00 ^ _17688_/D (sky130_fd_sc_hd__dfrtp_1)
                                  4.00   data arrival time

                          0.00    0.00   clock ick (rise edge)
                          0.00    0.00   clock source latency
                  0.00    0.00    0.00 ^ io_clk (in)
     2    0.03                           io_clk (net)
                  0.00    0.00    0.00 ^ _13581_/A1 (sky130_fd_sc_hd__mux2_2)
                  0.04    0.12    0.13 ^ _13581_/X (sky130_fd_sc_hd__mux2_2)
     1    0.00                           _07888_ (net)
                  0.04    0.00    0.13 ^ _13582_/A (sky130_fd_sc_hd__buf_1)
                  2.76    2.04    2.17 ^ _13582_/X (sky130_fd_sc_hd__buf_1)
     1    0.24                           soc.bspi.b2o.wck (net)
                  2.76    0.04    2.21 ^ clkbuf_0_soc.bspi.b2o.wck/A (sky130_fd_sc_hd__clkbuf_16)
                  0.19    0.59    2.79 ^ clkbuf_0_soc.bspi.b2o.wck/X (sky130_fd_sc_hd__clkbuf_16)
     2    0.14                           clknet_0_soc.bspi.b2o.wck (net)
                  0.19    0.01    2.81 ^ clkbuf_1_0_0_soc.bspi.b2o.wck/A (sky130_fd_sc_hd__clkbuf_8)
                  0.16    0.27    3.08 ^ clkbuf_1_0_0_soc.bspi.b2o.wck/X (sky130_fd_sc_hd__clkbuf_8)
     2    0.09                           clknet_1_0_0_soc.bspi.b2o.wck (net)
                  0.16    0.01    3.09 ^ clkbuf_2_1_0_soc.bspi.b2o.wck/A (sky130_fd_sc_hd__clkbuf_8)
                  0.10    0.22    3.30 ^ clkbuf_2_1_0_soc.bspi.b2o.wck/X (sky130_fd_sc_hd__clkbuf_8)
     2    0.05                           clknet_2_1_0_soc.bspi.b2o.wck (net)
                  0.10    0.00    3.31 ^ clkbuf_3_3_0_soc.bspi.b2o.wck/A (sky130_fd_sc_hd__clkbuf_8)
                  0.15    0.24    3.55 ^ clkbuf_3_3_0_soc.bspi.b2o.wck/X (sky130_fd_sc_hd__clkbuf_8)
     2    0.08                           clknet_3_3_0_soc.bspi.b2o.wck (net)
                  0.15    0.00    3.55 ^ clkbuf_4_6__f_soc.bspi.b2o.wck/A (sky130_fd_sc_hd__clkbuf_16)
                  0.22    0.28    3.83 ^ clkbuf_4_6__f_soc.bspi.b2o.wck/X (sky130_fd_sc_hd__clkbuf_16)
    14    0.20                           clknet_4_6__leaf_soc.bspi.b2o.wck (net)
                  0.23    0.05    3.88 ^ clkbuf_leaf_51_soc.bspi.b2o.wck/A (sky130_fd_sc_hd__clkbuf_16)
                  0.08    0.23    4.11 ^ clkbuf_leaf_51_soc.bspi.b2o.wck/X (sky130_fd_sc_hd__clkbuf_16)
    19    0.06                           clknet_leaf_51_soc.bspi.b2o.wck (net)
                  0.08    0.00    4.11 ^ _17688_/CLK (sky130_fd_sc_hd__dfrtp_1)
                         -0.29    3.82   clock reconvergence pessimism
                         -0.03    3.78   library hold time
                                  3.78   data required time
-----------------------------------------------------------------------------
                                  3.78   data required time
                                 -4.00   data arrival time
-----------------------------------------------------------------------------
                                  0.22   slack (MET)


Startpoint: _17745_ (rising edge-triggered flip-flop clocked by ick)
Endpoint: _17679_ (rising edge-triggered flip-flop clocked by ick)
Path Group: ick
Path Type: min

Fanout     Cap    Slew   Delay    Time   Description
-----------------------------------------------------------------------------
                          0.00    0.00   clock ick (rise edge)
                          0.00    0.00   clock source latency
                  0.00    0.00    0.00 ^ io_clk (in)
     2    0.03                           io_clk (net)
                  0.00    0.00    0.00 ^ _13581_/A1 (sky130_fd_sc_hd__mux2_2)
                  0.04    0.11    0.12 ^ _13581_/X (sky130_fd_sc_hd__mux2_2)
     1    0.00                           _07888_ (net)
                  0.04    0.00    0.12 ^ _13582_/A (sky130_fd_sc_hd__buf_1)
                  2.76    1.84    1.96 ^ _13582_/X (sky130_fd_sc_hd__buf_1)
     1    0.24                           soc.bspi.b2o.wck (net)
                  2.76    0.04    2.00 ^ clkbuf_0_soc.bspi.b2o.wck/A (sky130_fd_sc_hd__clkbuf_16)
                  0.19    0.53    2.53 ^ clkbuf_0_soc.bspi.b2o.wck/X (sky130_fd_sc_hd__clkbuf_16)
     2    0.14                           clknet_0_soc.bspi.b2o.wck (net)
                  0.19    0.01    2.54 ^ clkbuf_1_0_0_soc.bspi.b2o.wck/A (sky130_fd_sc_hd__clkbuf_8)
                  0.16    0.25    2.78 ^ clkbuf_1_0_0_soc.bspi.b2o.wck/X (sky130_fd_sc_hd__clkbuf_8)
     2    0.09                           clknet_1_0_0_soc.bspi.b2o.wck (net)
                  0.16    0.01    2.79 ^ clkbuf_2_0_0_soc.bspi.b2o.wck/A (sky130_fd_sc_hd__clkbuf_8)
                  0.19    0.25    3.04 ^ clkbuf_2_0_0_soc.bspi.b2o.wck/X (sky130_fd_sc_hd__clkbuf_8)
     2    0.11                           clknet_2_0_0_soc.bspi.b2o.wck (net)
                  0.19    0.00    3.04 ^ clkbuf_3_1_0_soc.bspi.b2o.wck/A (sky130_fd_sc_hd__clkbuf_8)
                  0.16    0.25    3.29 ^ clkbuf_3_1_0_soc.bspi.b2o.wck/X (sky130_fd_sc_hd__clkbuf_8)
     2    0.09                           clknet_3_1_0_soc.bspi.b2o.wck (net)
                  0.16    0.00    3.29 ^ clkbuf_4_2__f_soc.bspi.b2o.wck/A (sky130_fd_sc_hd__clkbuf_16)
                  0.15    0.23    3.52 ^ clkbuf_4_2__f_soc.bspi.b2o.wck/X (sky130_fd_sc_hd__clkbuf_16)
     8    0.14                           clknet_4_2__leaf_soc.bspi.b2o.wck (net)
                  0.15    0.01    3.53 ^ clkbuf_leaf_176_soc.bspi.b2o.wck/A (sky130_fd_sc_hd__clkbuf_16)
                  0.07    0.18    3.71 ^ clkbuf_leaf_176_soc.bspi.b2o.wck/X (sky130_fd_sc_hd__clkbuf_16)
    15    0.05                           clknet_leaf_176_soc.bspi.b2o.wck (net)
                  0.07    0.00    3.71 ^ _17745_/CLK (sky130_fd_sc_hd__dfrtp_1)
                  0.06    0.32    4.03 ^ _17745_/Q (sky130_fd_sc_hd__dfrtp_1)
     1    0.00                           soc.core.pf_pc4[20] (net)
                  0.06    0.00    4.03 ^ _17679_/D (sky130_fd_sc_hd__dfrtp_1)
                                  4.03   data arrival time

                          0.00    0.00   clock ick (rise edge)
                          0.00    0.00   clock source latency
                  0.00    0.00    0.00 ^ io_clk (in)
     2    0.03                           io_clk (net)
                  0.00    0.00    0.00 ^ _13581_/A1 (sky130_fd_sc_hd__mux2_2)
                  0.04    0.12    0.13 ^ _13581_/X (sky130_fd_sc_hd__mux2_2)
     1    0.00                           _07888_ (net)
                  0.04    0.00    0.13 ^ _13582_/A (sky130_fd_sc_hd__buf_1)
                  2.76    2.04    2.17 ^ _13582_/X (sky130_fd_sc_hd__buf_1)
     1    0.24                           soc.bspi.b2o.wck (net)
                  2.76    0.04    2.21 ^ clkbuf_0_soc.bspi.b2o.wck/A (sky130_fd_sc_hd__clkbuf_16)
                  0.19    0.59    2.79 ^ clkbuf_0_soc.bspi.b2o.wck/X (sky130_fd_sc_hd__clkbuf_16)
     2    0.14                           clknet_0_soc.bspi.b2o.wck (net)
                  0.19    0.01    2.81 ^ clkbuf_1_0_0_soc.bspi.b2o.wck/A (sky130_fd_sc_hd__clkbuf_8)
                  0.16    0.27    3.08 ^ clkbuf_1_0_0_soc.bspi.b2o.wck/X (sky130_fd_sc_hd__clkbuf_8)
     2    0.09                           clknet_1_0_0_soc.bspi.b2o.wck (net)
                  0.16    0.01    3.09 ^ clkbuf_2_1_0_soc.bspi.b2o.wck/A (sky130_fd_sc_hd__clkbuf_8)
                  0.10    0.22    3.30 ^ clkbuf_2_1_0_soc.bspi.b2o.wck/X (sky130_fd_sc_hd__clkbuf_8)
     2    0.05                           clknet_2_1_0_soc.bspi.b2o.wck (net)
                  0.10    0.00    3.31 ^ clkbuf_3_3_0_soc.bspi.b2o.wck/A (sky130_fd_sc_hd__clkbuf_8)
                  0.15    0.24    3.55 ^ clkbuf_3_3_0_soc.bspi.b2o.wck/X (sky130_fd_sc_hd__clkbuf_8)
     2    0.08                           clknet_3_3_0_soc.bspi.b2o.wck (net)
                  0.15    0.00    3.55 ^ clkbuf_4_6__f_soc.bspi.b2o.wck/A (sky130_fd_sc_hd__clkbuf_16)
                  0.22    0.28    3.83 ^ clkbuf_4_6__f_soc.bspi.b2o.wck/X (sky130_fd_sc_hd__clkbuf_16)
    14    0.20                           clknet_4_6__leaf_soc.bspi.b2o.wck (net)
                  0.23    0.05    3.88 ^ clkbuf_leaf_94_soc.bspi.b2o.wck/A (sky130_fd_sc_hd__clkbuf_16)
                  0.07    0.22    4.10 ^ clkbuf_leaf_94_soc.bspi.b2o.wck/X (sky130_fd_sc_hd__clkbuf_16)
    15    0.04                           clknet_leaf_94_soc.bspi.b2o.wck (net)
                  0.07    0.00    4.10 ^ _17679_/CLK (sky130_fd_sc_hd__dfrtp_1)
                         -0.29    3.80   clock reconvergence pessimism
                         -0.03    3.77   library hold time
                                  3.77   data required time
-----------------------------------------------------------------------------
                                  3.77   data required time
                                 -4.03   data arrival time
-----------------------------------------------------------------------------
                                  0.26   slack (MET)


Startpoint: _17748_ (rising edge-triggered flip-flop clocked by ick)
Endpoint: _17682_ (rising edge-triggered flip-flop clocked by ick)
Path Group: ick
Path Type: min

Fanout     Cap    Slew   Delay    Time   Description
-----------------------------------------------------------------------------
                          0.00    0.00   clock ick (rise edge)
                          0.00    0.00   clock source latency
                  0.00    0.00    0.00 ^ io_clk (in)
     2    0.03                           io_clk (net)
                  0.00    0.00    0.00 ^ _13581_/A1 (sky130_fd_sc_hd__mux2_2)
                  0.04    0.11    0.12 ^ _13581_/X (sky130_fd_sc_hd__mux2_2)
     1    0.00                           _07888_ (net)
                  0.04    0.00    0.12 ^ _13582_/A (sky130_fd_sc_hd__buf_1)
                  2.76    1.84    1.96 ^ _13582_/X (sky130_fd_sc_hd__buf_1)
     1    0.24                           soc.bspi.b2o.wck (net)
                  2.76    0.04    2.00 ^ clkbuf_0_soc.bspi.b2o.wck/A (sky130_fd_sc_hd__clkbuf_16)
                  0.19    0.53    2.53 ^ clkbuf_0_soc.bspi.b2o.wck/X (sky130_fd_sc_hd__clkbuf_16)
     2    0.14                           clknet_0_soc.bspi.b2o.wck (net)
                  0.19    0.01    2.54 ^ clkbuf_1_0_0_soc.bspi.b2o.wck/A (sky130_fd_sc_hd__clkbuf_8)
                  0.16    0.25    2.78 ^ clkbuf_1_0_0_soc.bspi.b2o.wck/X (sky130_fd_sc_hd__clkbuf_8)
     2    0.09                           clknet_1_0_0_soc.bspi.b2o.wck (net)
                  0.16    0.01    2.79 ^ clkbuf_2_0_0_soc.bspi.b2o.wck/A (sky130_fd_sc_hd__clkbuf_8)
                  0.19    0.25    3.04 ^ clkbuf_2_0_0_soc.bspi.b2o.wck/X (sky130_fd_sc_hd__clkbuf_8)
     2    0.11                           clknet_2_0_0_soc.bspi.b2o.wck (net)
                  0.19    0.00    3.04 ^ clkbuf_3_1_0_soc.bspi.b2o.wck/A (sky130_fd_sc_hd__clkbuf_8)
                  0.16    0.25    3.29 ^ clkbuf_3_1_0_soc.bspi.b2o.wck/X (sky130_fd_sc_hd__clkbuf_8)
     2    0.09                           clknet_3_1_0_soc.bspi.b2o.wck (net)
                  0.16    0.00    3.29 ^ clkbuf_4_2__f_soc.bspi.b2o.wck/A (sky130_fd_sc_hd__clkbuf_16)
                  0.15    0.23    3.52 ^ clkbuf_4_2__f_soc.bspi.b2o.wck/X (sky130_fd_sc_hd__clkbuf_16)
     8    0.14                           clknet_4_2__leaf_soc.bspi.b2o.wck (net)
                  0.15    0.01    3.53 ^ clkbuf_leaf_3_soc.bspi.b2o.wck/A (sky130_fd_sc_hd__clkbuf_16)
                  0.05    0.16    3.70 ^ clkbuf_leaf_3_soc.bspi.b2o.wck/X (sky130_fd_sc_hd__clkbuf_16)
     9    0.03                           clknet_leaf_3_soc.bspi.b2o.wck (net)
                  0.05    0.00    3.70 ^ _17748_/CLK (sky130_fd_sc_hd__dfrtp_1)
                  0.08    0.33    4.03 ^ _17748_/Q (sky130_fd_sc_hd__dfrtp_1)
     1    0.01                           soc.core.pf_pc4[23] (net)
                  0.08    0.00    4.03 ^ _17682_/D (sky130_fd_sc_hd__dfrtp_1)
                                  4.03   data arrival time

                          0.00    0.00   clock ick (rise edge)
                          0.00    0.00   clock source latency
                  0.00    0.00    0.00 ^ io_clk (in)
     2    0.03                           io_clk (net)
                  0.00    0.00    0.00 ^ _13581_/A1 (sky130_fd_sc_hd__mux2_2)
                  0.04    0.12    0.13 ^ _13581_/X (sky130_fd_sc_hd__mux2_2)
     1    0.00                           _07888_ (net)
                  0.04    0.00    0.13 ^ _13582_/A (sky130_fd_sc_hd__buf_1)
                  2.76    2.04    2.17 ^ _13582_/X (sky130_fd_sc_hd__buf_1)
     1    0.24                           soc.bspi.b2o.wck (net)
                  2.76    0.04    2.21 ^ clkbuf_0_soc.bspi.b2o.wck/A (sky130_fd_sc_hd__clkbuf_16)
                  0.19    0.59    2.79 ^ clkbuf_0_soc.bspi.b2o.wck/X (sky130_fd_sc_hd__clkbuf_16)
     2    0.14                           clknet_0_soc.bspi.b2o.wck (net)
                  0.19    0.01    2.81 ^ clkbuf_1_0_0_soc.bspi.b2o.wck/A (sky130_fd_sc_hd__clkbuf_8)
                  0.16    0.27    3.08 ^ clkbuf_1_0_0_soc.bspi.b2o.wck/X (sky130_fd_sc_hd__clkbuf_8)
     2    0.09                           clknet_1_0_0_soc.bspi.b2o.wck (net)
                  0.16    0.01    3.09 ^ clkbuf_2_1_0_soc.bspi.b2o.wck/A (sky130_fd_sc_hd__clkbuf_8)
                  0.10    0.22    3.30 ^ clkbuf_2_1_0_soc.bspi.b2o.wck/X (sky130_fd_sc_hd__clkbuf_8)
     2    0.05                           clknet_2_1_0_soc.bspi.b2o.wck (net)
                  0.10    0.00    3.31 ^ clkbuf_3_3_0_soc.bspi.b2o.wck/A (sky130_fd_sc_hd__clkbuf_8)
                  0.15    0.24    3.55 ^ clkbuf_3_3_0_soc.bspi.b2o.wck/X (sky130_fd_sc_hd__clkbuf_8)
     2    0.08                           clknet_3_3_0_soc.bspi.b2o.wck (net)
                  0.15    0.00    3.55 ^ clkbuf_4_6__f_soc.bspi.b2o.wck/A (sky130_fd_sc_hd__clkbuf_16)
                  0.22    0.28    3.83 ^ clkbuf_4_6__f_soc.bspi.b2o.wck/X (sky130_fd_sc_hd__clkbuf_16)
    14    0.20                           clknet_4_6__leaf_soc.bspi.b2o.wck (net)
                  0.23    0.05    3.88 ^ clkbuf_leaf_94_soc.bspi.b2o.wck/A (sky130_fd_sc_hd__clkbuf_16)
                  0.07    0.22    4.10 ^ clkbuf_leaf_94_soc.bspi.b2o.wck/X (sky130_fd_sc_hd__clkbuf_16)
    15    0.04                           clknet_leaf_94_soc.bspi.b2o.wck (net)
                  0.07    0.00    4.10 ^ _17682_/CLK (sky130_fd_sc_hd__dfrtp_1)
                         -0.29    3.80   clock reconvergence pessimism
                         -0.04    3.76   library hold time
                                  3.76   data required time
-----------------------------------------------------------------------------
                                  3.76   data required time
                                 -4.03   data arrival time
-----------------------------------------------------------------------------
                                  0.26   slack (MET)


Startpoint: _17747_ (rising edge-triggered flip-flop clocked by ick)
Endpoint: _17681_ (rising edge-triggered flip-flop clocked by ick)
Path Group: ick
Path Type: min

Fanout     Cap    Slew   Delay    Time   Description
-----------------------------------------------------------------------------
                          0.00    0.00   clock ick (rise edge)
                          0.00    0.00   clock source latency
                  0.00    0.00    0.00 ^ io_clk (in)
     2    0.03                           io_clk (net)
                  0.00    0.00    0.00 ^ _13581_/A1 (sky130_fd_sc_hd__mux2_2)
                  0.04    0.11    0.12 ^ _13581_/X (sky130_fd_sc_hd__mux2_2)
     1    0.00                           _07888_ (net)
                  0.04    0.00    0.12 ^ _13582_/A (sky130_fd_sc_hd__buf_1)
                  2.76    1.84    1.96 ^ _13582_/X (sky130_fd_sc_hd__buf_1)
     1    0.24                           soc.bspi.b2o.wck (net)
                  2.76    0.04    2.00 ^ clkbuf_0_soc.bspi.b2o.wck/A (sky130_fd_sc_hd__clkbuf_16)
                  0.19    0.53    2.53 ^ clkbuf_0_soc.bspi.b2o.wck/X (sky130_fd_sc_hd__clkbuf_16)
     2    0.14                           clknet_0_soc.bspi.b2o.wck (net)
                  0.19    0.01    2.54 ^ clkbuf_1_0_0_soc.bspi.b2o.wck/A (sky130_fd_sc_hd__clkbuf_8)
                  0.16    0.25    2.78 ^ clkbuf_1_0_0_soc.bspi.b2o.wck/X (sky130_fd_sc_hd__clkbuf_8)
     2    0.09                           clknet_1_0_0_soc.bspi.b2o.wck (net)
                  0.16    0.01    2.79 ^ clkbuf_2_0_0_soc.bspi.b2o.wck/A (sky130_fd_sc_hd__clkbuf_8)
                  0.19    0.25    3.04 ^ clkbuf_2_0_0_soc.bspi.b2o.wck/X (sky130_fd_sc_hd__clkbuf_8)
     2    0.11                           clknet_2_0_0_soc.bspi.b2o.wck (net)
                  0.19    0.00    3.04 ^ clkbuf_3_1_0_soc.bspi.b2o.wck/A (sky130_fd_sc_hd__clkbuf_8)
                  0.16    0.25    3.29 ^ clkbuf_3_1_0_soc.bspi.b2o.wck/X (sky130_fd_sc_hd__clkbuf_8)
     2    0.09                           clknet_3_1_0_soc.bspi.b2o.wck (net)
                  0.16    0.00    3.29 ^ clkbuf_4_2__f_soc.bspi.b2o.wck/A (sky130_fd_sc_hd__clkbuf_16)
                  0.15    0.23    3.52 ^ clkbuf_4_2__f_soc.bspi.b2o.wck/X (sky130_fd_sc_hd__clkbuf_16)
     8    0.14                           clknet_4_2__leaf_soc.bspi.b2o.wck (net)
                  0.15    0.01    3.53 ^ clkbuf_leaf_176_soc.bspi.b2o.wck/A (sky130_fd_sc_hd__clkbuf_16)
                  0.07    0.18    3.71 ^ clkbuf_leaf_176_soc.bspi.b2o.wck/X (sky130_fd_sc_hd__clkbuf_16)
    15    0.05                           clknet_leaf_176_soc.bspi.b2o.wck (net)
                  0.07    0.00    3.71 ^ _17747_/CLK (sky130_fd_sc_hd__dfrtp_1)
                  0.06    0.32    4.03 ^ _17747_/Q (sky130_fd_sc_hd__dfrtp_1)
     1    0.01                           soc.core.pf_pc4[22] (net)
                  0.06    0.00    4.03 ^ _17681_/D (sky130_fd_sc_hd__dfrtp_1)
                                  4.03   data arrival time

                          0.00    0.00   clock ick (rise edge)
                          0.00    0.00   clock source latency
                  0.00    0.00    0.00 ^ io_clk (in)
     2    0.03                           io_clk (net)
                  0.00    0.00    0.00 ^ _13581_/A1 (sky130_fd_sc_hd__mux2_2)
                  0.04    0.12    0.13 ^ _13581_/X (sky130_fd_sc_hd__mux2_2)
     1    0.00                           _07888_ (net)
                  0.04    0.00    0.13 ^ _13582_/A (sky130_fd_sc_hd__buf_1)
                  2.76    2.04    2.17 ^ _13582_/X (sky130_fd_sc_hd__buf_1)
     1    0.24                           soc.bspi.b2o.wck (net)
                  2.76    0.04    2.21 ^ clkbuf_0_soc.bspi.b2o.wck/A (sky130_fd_sc_hd__clkbuf_16)
                  0.19    0.59    2.79 ^ clkbuf_0_soc.bspi.b2o.wck/X (sky130_fd_sc_hd__clkbuf_16)
     2    0.14                           clknet_0_soc.bspi.b2o.wck (net)
                  0.19    0.01    2.81 ^ clkbuf_1_0_0_soc.bspi.b2o.wck/A (sky130_fd_sc_hd__clkbuf_8)
                  0.16    0.27    3.08 ^ clkbuf_1_0_0_soc.bspi.b2o.wck/X (sky130_fd_sc_hd__clkbuf_8)
     2    0.09                           clknet_1_0_0_soc.bspi.b2o.wck (net)
                  0.16    0.01    3.09 ^ clkbuf_2_1_0_soc.bspi.b2o.wck/A (sky130_fd_sc_hd__clkbuf_8)
                  0.10    0.22    3.30 ^ clkbuf_2_1_0_soc.bspi.b2o.wck/X (sky130_fd_sc_hd__clkbuf_8)
     2    0.05                           clknet_2_1_0_soc.bspi.b2o.wck (net)
                  0.10    0.00    3.31 ^ clkbuf_3_3_0_soc.bspi.b2o.wck/A (sky130_fd_sc_hd__clkbuf_8)
                  0.15    0.24    3.55 ^ clkbuf_3_3_0_soc.bspi.b2o.wck/X (sky130_fd_sc_hd__clkbuf_8)
     2    0.08                           clknet_3_3_0_soc.bspi.b2o.wck (net)
                  0.15    0.00    3.55 ^ clkbuf_4_6__f_soc.bspi.b2o.wck/A (sky130_fd_sc_hd__clkbuf_16)
                  0.22    0.28    3.83 ^ clkbuf_4_6__f_soc.bspi.b2o.wck/X (sky130_fd_sc_hd__clkbuf_16)
    14    0.20                           clknet_4_6__leaf_soc.bspi.b2o.wck (net)
                  0.23    0.05    3.88 ^ clkbuf_leaf_94_soc.bspi.b2o.wck/A (sky130_fd_sc_hd__clkbuf_16)
                  0.07    0.22    4.10 ^ clkbuf_leaf_94_soc.bspi.b2o.wck/X (sky130_fd_sc_hd__clkbuf_16)
    15    0.04                           clknet_leaf_94_soc.bspi.b2o.wck (net)
                  0.07    0.00    4.10 ^ _17681_/CLK (sky130_fd_sc_hd__dfrtp_1)
                         -0.29    3.80   clock reconvergence pessimism
                         -0.04    3.77   library hold time
                                  3.77   data required time
-----------------------------------------------------------------------------
                                  3.77   data required time
                                 -4.03   data arrival time
-----------------------------------------------------------------------------
                                  0.27   slack (MET)


Startpoint: _18142_ (rising edge-triggered flip-flop clocked by sck)
Endpoint: _18140_ (rising edge-triggered flip-flop clocked by sck)
Path Group: sck
Path Type: min

Fanout     Cap    Slew   Delay    Time   Description
-----------------------------------------------------------------------------
                          0.00    0.00   clock sck (rise edge)
                          0.00    0.00   clock source latency
                  0.00    0.00    0.00 ^ io_sck (in)
     1    0.21                           io_sck (net)
                  0.24    0.12    0.12 ^ clkbuf_0_io_sck/A (sky130_fd_sc_hd__clkbuf_16)
                  0.07    0.20    0.32 ^ clkbuf_0_io_sck/X (sky130_fd_sc_hd__clkbuf_16)
     4    0.05                           clknet_0_io_sck (net)
                  0.07    0.00    0.32 ^ clkbuf_2_3__f_io_sck/A (sky130_fd_sc_hd__clkbuf_16)
                  0.07    0.15    0.47 ^ clkbuf_2_3__f_io_sck/X (sky130_fd_sc_hd__clkbuf_16)
    16    0.05                           clknet_2_3__leaf_io_sck (net)
                  0.07    0.00    0.47 ^ _18142_/CLK (sky130_fd_sc_hd__dfrtp_1)
                  0.04    0.30    0.77 ^ _18142_/Q (sky130_fd_sc_hd__dfrtp_1)
     1    0.00                           soc.bspi.o2b.wrg[0][0] (net)
                  0.04    0.00    0.77 ^ _18140_/D (sky130_fd_sc_hd__dfrtp_1)
                                  0.77   data arrival time

                          0.00    0.00   clock sck (rise edge)
                          0.00    0.00   clock source latency
                  0.00    0.00    0.00 ^ io_sck (in)
     1    0.21                           io_sck (net)
                  0.24    0.13    0.13 ^ clkbuf_0_io_sck/A (sky130_fd_sc_hd__clkbuf_16)
                  0.07    0.22    0.35 ^ clkbuf_0_io_sck/X (sky130_fd_sc_hd__clkbuf_16)
     4    0.05                           clknet_0_io_sck (net)
                  0.07    0.00    0.35 ^ clkbuf_2_3__f_io_sck/A (sky130_fd_sc_hd__clkbuf_16)
                  0.07    0.17    0.52 ^ clkbuf_2_3__f_io_sck/X (sky130_fd_sc_hd__clkbuf_16)
    16    0.05                           clknet_2_3__leaf_io_sck (net)
                  0.07    0.00    0.52 ^ _18140_/CLK (sky130_fd_sc_hd__dfrtp_1)
                         -0.05    0.47   clock reconvergence pessimism
                         -0.03    0.44   library hold time
                                  0.44   data required time
-----------------------------------------------------------------------------
                                  0.44   data required time
                                 -0.77   data arrival time
-----------------------------------------------------------------------------
                                  0.33   slack (MET)


Startpoint: _18143_ (rising edge-triggered flip-flop clocked by sck)
Endpoint: _18141_ (rising edge-triggered flip-flop clocked by sck)
Path Group: sck
Path Type: min

Fanout     Cap    Slew   Delay    Time   Description
-----------------------------------------------------------------------------
                          0.00    0.00   clock sck (rise edge)
                          0.00    0.00   clock source latency
                  0.00    0.00    0.00 ^ io_sck (in)
     1    0.21                           io_sck (net)
                  0.24    0.12    0.12 ^ clkbuf_0_io_sck/A (sky130_fd_sc_hd__clkbuf_16)
                  0.07    0.20    0.32 ^ clkbuf_0_io_sck/X (sky130_fd_sc_hd__clkbuf_16)
     4    0.05                           clknet_0_io_sck (net)
                  0.07    0.00    0.32 ^ clkbuf_2_3__f_io_sck/A (sky130_fd_sc_hd__clkbuf_16)
                  0.07    0.15    0.47 ^ clkbuf_2_3__f_io_sck/X (sky130_fd_sc_hd__clkbuf_16)
    16    0.05                           clknet_2_3__leaf_io_sck (net)
                  0.07    0.00    0.47 ^ _18143_/CLK (sky130_fd_sc_hd__dfrtp_1)
                  0.05    0.31    0.78 ^ _18143_/Q (sky130_fd_sc_hd__dfrtp_1)
     1    0.00                           soc.bspi.o2b.wrg[0][1] (net)
                  0.05    0.00    0.78 ^ _18141_/D (sky130_fd_sc_hd__dfrtp_1)
                                  0.78   data arrival time

                          0.00    0.00   clock sck (rise edge)
                          0.00    0.00   clock source latency
                  0.00    0.00    0.00 ^ io_sck (in)
     1    0.21                           io_sck (net)
                  0.24    0.13    0.13 ^ clkbuf_0_io_sck/A (sky130_fd_sc_hd__clkbuf_16)
                  0.07    0.22    0.35 ^ clkbuf_0_io_sck/X (sky130_fd_sc_hd__clkbuf_16)
     4    0.05                           clknet_0_io_sck (net)
                  0.07    0.00    0.35 ^ clkbuf_2_3__f_io_sck/A (sky130_fd_sc_hd__clkbuf_16)
                  0.07    0.17    0.52 ^ clkbuf_2_3__f_io_sck/X (sky130_fd_sc_hd__clkbuf_16)
    16    0.05                           clknet_2_3__leaf_io_sck (net)
                  0.07    0.00    0.52 ^ _18141_/CLK (sky130_fd_sc_hd__dfrtp_1)
                         -0.05    0.47   clock reconvergence pessimism
                         -0.03    0.44   library hold time
                                  0.44   data required time
-----------------------------------------------------------------------------
                                  0.44   data required time
                                 -0.78   data arrival time
-----------------------------------------------------------------------------
                                  0.34   slack (MET)


Startpoint: _18207_ (rising edge-triggered flip-flop clocked by sck)
Endpoint: _18205_ (rising edge-triggered flip-flop clocked by sck)
Path Group: sck
Path Type: min

Fanout     Cap    Slew   Delay    Time   Description
-----------------------------------------------------------------------------
                          0.00    0.00   clock sck (rise edge)
                          0.00    0.00   clock source latency
                  0.00    0.00    0.00 ^ io_sck (in)
     1    0.21                           io_sck (net)
                  0.24    0.12    0.12 ^ clkbuf_0_io_sck/A (sky130_fd_sc_hd__clkbuf_16)
                  0.07    0.20    0.32 ^ clkbuf_0_io_sck/X (sky130_fd_sc_hd__clkbuf_16)
     4    0.05                           clknet_0_io_sck (net)
                  0.07    0.00    0.32 ^ clkbuf_2_0__f_io_sck/A (sky130_fd_sc_hd__clkbuf_16)
                  0.06    0.14    0.46 ^ clkbuf_2_0__f_io_sck/X (sky130_fd_sc_hd__clkbuf_16)
    11    0.04                           clknet_2_0__leaf_io_sck (net)
                  0.06    0.00    0.46 ^ _18207_/CLK (sky130_fd_sc_hd__dfrtp_1)
                  0.05    0.31    0.77 ^ _18207_/Q (sky130_fd_sc_hd__dfrtp_1)
     1    0.00                           soc.bspi.b2o.rwg[0][1] (net)
                  0.05    0.00    0.77 ^ _18205_/D (sky130_fd_sc_hd__dfrtp_1)
                                  0.77   data arrival time

                          0.00    0.00   clock sck (rise edge)
                          0.00    0.00   clock source latency
                  0.00    0.00    0.00 ^ io_sck (in)
     1    0.21                           io_sck (net)
                  0.24    0.13    0.13 ^ clkbuf_0_io_sck/A (sky130_fd_sc_hd__clkbuf_16)
                  0.07    0.22    0.35 ^ clkbuf_0_io_sck/X (sky130_fd_sc_hd__clkbuf_16)
     4    0.05                           clknet_0_io_sck (net)
                  0.07    0.00    0.35 ^ clkbuf_2_0__f_io_sck/A (sky130_fd_sc_hd__clkbuf_16)
                  0.06    0.16    0.51 ^ clkbuf_2_0__f_io_sck/X (sky130_fd_sc_hd__clkbuf_16)
    11    0.04                           clknet_2_0__leaf_io_sck (net)
                  0.06    0.00    0.51 ^ _18205_/CLK (sky130_fd_sc_hd__dfrtp_1)
                         -0.05    0.46   clock reconvergence pessimism
                         -0.03    0.43   library hold time
                                  0.43   data required time
-----------------------------------------------------------------------------
                                  0.43   data required time
                                 -0.77   data arrival time
-----------------------------------------------------------------------------
                                  0.34   slack (MET)


Startpoint: _18206_ (rising edge-triggered flip-flop clocked by sck)
Endpoint: _18204_ (rising edge-triggered flip-flop clocked by sck)
Path Group: sck
Path Type: min

Fanout     Cap    Slew   Delay    Time   Description
-----------------------------------------------------------------------------
                          0.00    0.00   clock sck (rise edge)
                          0.00    0.00   clock source latency
                  0.00    0.00    0.00 ^ io_sck (in)
     1    0.21                           io_sck (net)
                  0.24    0.12    0.12 ^ clkbuf_0_io_sck/A (sky130_fd_sc_hd__clkbuf_16)
                  0.07    0.20    0.32 ^ clkbuf_0_io_sck/X (sky130_fd_sc_hd__clkbuf_16)
     4    0.05                           clknet_0_io_sck (net)
                  0.07    0.00    0.32 ^ clkbuf_2_0__f_io_sck/A (sky130_fd_sc_hd__clkbuf_16)
                  0.06    0.14    0.46 ^ clkbuf_2_0__f_io_sck/X (sky130_fd_sc_hd__clkbuf_16)
    11    0.04                           clknet_2_0__leaf_io_sck (net)
                  0.06    0.00    0.46 ^ _18206_/CLK (sky130_fd_sc_hd__dfrtp_1)
                  0.05    0.31    0.77 ^ _18206_/Q (sky130_fd_sc_hd__dfrtp_1)
     1    0.00                           soc.bspi.b2o.rwg[0][0] (net)
                  0.05    0.00    0.77 ^ _18204_/D (sky130_fd_sc_hd__dfrtp_1)
                                  0.77   data arrival time

                          0.00    0.00   clock sck (rise edge)
                          0.00    0.00   clock source latency
                  0.00    0.00    0.00 ^ io_sck (in)
     1    0.21                           io_sck (net)
                  0.24    0.13    0.13 ^ clkbuf_0_io_sck/A (sky130_fd_sc_hd__clkbuf_16)
                  0.07    0.22    0.35 ^ clkbuf_0_io_sck/X (sky130_fd_sc_hd__clkbuf_16)
     4    0.05                           clknet_0_io_sck (net)
                  0.07    0.00    0.35 ^ clkbuf_2_0__f_io_sck/A (sky130_fd_sc_hd__clkbuf_16)
                  0.06    0.16    0.51 ^ clkbuf_2_0__f_io_sck/X (sky130_fd_sc_hd__clkbuf_16)
    11    0.04                           clknet_2_0__leaf_io_sck (net)
                  0.06    0.00    0.51 ^ _18204_/CLK (sky130_fd_sc_hd__dfrtp_1)
                         -0.05    0.46   clock reconvergence pessimism
                         -0.03    0.43   library hold time
                                  0.43   data required time
-----------------------------------------------------------------------------
                                  0.43   data required time
                                 -0.77   data arrival time
-----------------------------------------------------------------------------
                                  0.35   slack (MET)


Startpoint: _17621_ (rising edge-triggered flip-flop clocked by sck)
Endpoint: _17621_ (rising edge-triggered flip-flop clocked by sck)
Path Group: sck
Path Type: min

Fanout     Cap    Slew   Delay    Time   Description
-----------------------------------------------------------------------------
                          0.00    0.00   clock sck (rise edge)
                          0.00    0.00   clock source latency
                  0.00    0.00    0.00 ^ io_sck (in)
     1    0.21                           io_sck (net)
                  0.24    0.12    0.12 ^ clkbuf_0_io_sck/A (sky130_fd_sc_hd__clkbuf_16)
                  0.07    0.20    0.32 ^ clkbuf_0_io_sck/X (sky130_fd_sc_hd__clkbuf_16)
     4    0.05                           clknet_0_io_sck (net)
                  0.07    0.00    0.32 ^ clkbuf_2_1__f_io_sck/A (sky130_fd_sc_hd__clkbuf_16)
                  0.05    0.14    0.46 ^ clkbuf_2_1__f_io_sck/X (sky130_fd_sc_hd__clkbuf_16)
     8    0.03                           clknet_2_1__leaf_io_sck (net)
                  0.05    0.00    0.46 ^ _17621_/CLK (sky130_fd_sc_hd__dfrtp_1)
                  0.14    0.37    0.83 ^ _17621_/Q (sky130_fd_sc_hd__dfrtp_1)
     3    0.01                           soc.bspi.oif.bct[2] (net)
                  0.14    0.00    0.83 ^ _13542_/A (sky130_fd_sc_hd__xor2_1)
                  0.04    0.08    0.91 v _13542_/X (sky130_fd_sc_hd__xor2_1)
     1    0.00                           _01016_ (net)
                  0.04    0.00    0.91 v _17621_/D (sky130_fd_sc_hd__dfrtp_1)
                                  0.91   data arrival time

                          0.00    0.00   clock sck (rise edge)
                          0.00    0.00   clock source latency
                  0.00    0.00    0.00 ^ io_sck (in)
     1    0.21                           io_sck (net)
                  0.24    0.13    0.13 ^ clkbuf_0_io_sck/A (sky130_fd_sc_hd__clkbuf_16)
                  0.07    0.22    0.35 ^ clkbuf_0_io_sck/X (sky130_fd_sc_hd__clkbuf_16)
     4    0.05                           clknet_0_io_sck (net)
                  0.07    0.00    0.35 ^ clkbuf_2_1__f_io_sck/A (sky130_fd_sc_hd__clkbuf_16)
                  0.05    0.15    0.51 ^ clkbuf_2_1__f_io_sck/X (sky130_fd_sc_hd__clkbuf_16)
     8    0.03                           clknet_2_1__leaf_io_sck (net)
                  0.05    0.00    0.51 ^ _17621_/CLK (sky130_fd_sc_hd__dfrtp_1)
                         -0.05    0.46   clock reconvergence pessimism
                         -0.04    0.42   library hold time
                                  0.42   data required time
-----------------------------------------------------------------------------
                                  0.42   data required time
                                 -0.91   data arrival time
-----------------------------------------------------------------------------
                                  0.49   slack (MET)


