
Magic 8.3 revision 363 - Compiled on Tue Jan 24 15:11:36 UTC 2023.
Starting magic under Tcl interpreter
Using the terminal as the console.
Using NULL graphics device.
Processing system .magicrc file
Sourcing design .magicrc for technology sky130A ...
2 Magic internal units = 1 Lambda
Input style sky130(): scaleFactor=2, multiplier=2
The following types are not handled by extraction and will be treated as non-electrical types:
    ubm 
Scaled tech values by 2 / 1 to match internal grid scaling
Loading sky130A Device Generator Menu ...
Using technology "sky130A", version 1.0.387-0-ge884c4d
Reading LEF data from file /mnt/d/project/OpenLane/pdks/sky130A/libs.ref/sky130_fd_sc_hd/techlef/sky130_fd_sc_hd__nom.tlef.
This action cannot be undone.
LEF read, Line 78 (Message): Unknown keyword "ANTENNAMODEL" in LEF file; ignoring.
LEF read, Line 79 (Message): Unknown keyword "ANTENNADIFFSIDEAREARATIO" in LEF file; ignoring.
LEF read, Line 112 (Message): Unknown keyword "MINENCLOSEDAREA" in LEF file; ignoring.
LEF read, Line 114 (Message): Unknown keyword "ANTENNAMODEL" in LEF file; ignoring.
LEF read, Line 115 (Message): Unknown keyword "ANTENNADIFFSIDEAREARATIO" in LEF file; ignoring.
LEF read, Line 121 (Message): Unknown keyword "MAXIMUMDENSITY" in LEF file; ignoring.
LEF read, Line 122 (Message): Unknown keyword "DENSITYCHECKWINDOW" in LEF file; ignoring.
LEF read, Line 123 (Message): Unknown keyword "DENSITYCHECKSTEP" in LEF file; ignoring.
LEF read, Line 156 (Message): Unknown keyword "MINENCLOSEDAREA" in LEF file; ignoring.
LEF read, Line 164 (Message): Unknown keyword "ANTENNAMODEL" in LEF file; ignoring.
LEF read, Line 165 (Message): Unknown keyword "ANTENNADIFFSIDEAREARATIO" in LEF file; ignoring.
LEF read, Line 167 (Message): Unknown keyword "MAXIMUMDENSITY" in LEF file; ignoring.
LEF read, Line 168 (Message): Unknown keyword "DENSITYCHECKWINDOW" in LEF file; ignoring.
LEF read, Line 169 (Message): Unknown keyword "DENSITYCHECKSTEP" in LEF file; ignoring.
LEF read, Line 206 (Message): Unknown keyword "ANTENNAMODEL" in LEF file; ignoring.
LEF read, Line 207 (Message): Unknown keyword "ANTENNADIFFSIDEAREARATIO" in LEF file; ignoring.
LEF read, Line 209 (Message): Unknown keyword "MAXIMUMDENSITY" in LEF file; ignoring.
LEF read, Line 210 (Message): Unknown keyword "DENSITYCHECKWINDOW" in LEF file; ignoring.
LEF read, Line 211 (Message): Unknown keyword "DENSITYCHECKSTEP" in LEF file; ignoring.
LEF read, Line 248 (Message): Unknown keyword "ANTENNAMODEL" in LEF file; ignoring.
LEF read, Line 249 (Message): Unknown keyword "ANTENNADIFFSIDEAREARATIO" in LEF file; ignoring.
LEF read, Line 251 (Message): Unknown keyword "MAXIMUMDENSITY" in LEF file; ignoring.
LEF read, Line 252 (Message): Unknown keyword "DENSITYCHECKWINDOW" in LEF file; ignoring.
LEF read, Line 253 (Message): Unknown keyword "DENSITYCHECKSTEP" in LEF file; ignoring.
LEF read, Line 290 (Message): Unknown keyword "ANTENNAMODEL" in LEF file; ignoring.
LEF read, Line 291 (Message): Unknown keyword "ANTENNADIFFSIDEAREARATIO" in LEF file; ignoring.
LEF read: Processed 797 lines.
Reading LEF data from file /openlane/designs/hdp_rv151/../../pdks/sky130A/libs.ref/sky130_sram_macros/lef/sky130_sram_2kbyte_1rw1r_32x512_8.lef.
This action cannot be undone.
LEF read: Processed 1116 lines.
Reading DEF data from file /openlane/designs/hdp_rv151/runs/full_guide/results/routing/hdp_rv151.def.
This action cannot be undone.
  Processed 5 vias total.
  Processed 326125 subcell instances total.
  Processed 40 pins total.
  Processed 2 special nets total.
  Processed 11430 nets total.
DEF read: Processed 566881 lines.
Moving label "_00003_" from metal1 to via1 in cell hdp_rv151.
Moving label "_00005_" from metal1 to via1 in cell hdp_rv151.
Moving label "_00007_" from metal1 to via1 in cell hdp_rv151.
Moving label "_00008_" from metal1 to via1 in cell hdp_rv151.
Moving label "_00013_" from metal1 to via1 in cell hdp_rv151.
Moving label "_00016_" from metal1 to via1 in cell hdp_rv151.
Moving label "_00022_" from metal1 to via1 in cell hdp_rv151.
Moving label "_00028_" from metal1 to via1 in cell hdp_rv151.
Moving label "_00034_" from metal1 to via1 in cell hdp_rv151.
Moving label "_00581_" from metal1 to via1 in cell hdp_rv151.
Moving label "_00592_" from metal1 to via1 in cell hdp_rv151.
Moving label "_00596_" from metal1 to via1 in cell hdp_rv151.
Moving label "_00613_" from metal1 to via1 in cell hdp_rv151.
Moving label "_00616_" from metal1 to via1 in cell hdp_rv151.
Moving label "_00637_" from metal1 to via1 in cell hdp_rv151.
Moving label "_00642_" from metal1 to via1 in cell hdp_rv151.
Moving label "_00665_" from metal1 to via1 in cell hdp_rv151.
Moving label "_00669_" from metal1 to via1 in cell hdp_rv151.
Moving label "_00679_" from metal1 to via1 in cell hdp_rv151.
Moving label "_00680_" from metal1 to via1 in cell hdp_rv151.
Moving label "_00683_" from metal1 to via1 in cell hdp_rv151.
Moving label "_00693_" from metal1 to via1 in cell hdp_rv151.
Moving label "_00694_" from metal1 to via1 in cell hdp_rv151.
Moving label "_00695_" from metal1 to via1 in cell hdp_rv151.
Moving label "_00701_" from metal1 to via1 in cell hdp_rv151.
Moving label "_00716_" from metal1 to via1 in cell hdp_rv151.
Moving label "_00725_" from metal1 to via1 in cell hdp_rv151.
Moving label "_00738_" from metal1 to via1 in cell hdp_rv151.
Moving label "_00742_" from metal1 to via1 in cell hdp_rv151.
Moving label "_00745_" from metal1 to via1 in cell hdp_rv151.
Moving label "_00749_" from metal1 to via1 in cell hdp_rv151.
Moving label "_00760_" from metal1 to via1 in cell hdp_rv151.
Moving label "_00762_" from metal1 to via1 in cell hdp_rv151.
Moving label "_00776_" from metal1 to via1 in cell hdp_rv151.
Moving label "_00785_" from metal1 to via1 in cell hdp_rv151.
Moving label "_00792_" from metal1 to via1 in cell hdp_rv151.
Moving label "_00802_" from metal1 to via1 in cell hdp_rv151.
Moving label "_00839_" from metal1 to via1 in cell hdp_rv151.
Moving label "_00868_" from metal1 to via1 in cell hdp_rv151.
Moving label "_00886_" from metal1 to via1 in cell hdp_rv151.
Moving label "_00898_" from metal1 to via1 in cell hdp_rv151.
Moving label "_00913_" from metal1 to via1 in cell hdp_rv151.
Moving label "_00916_" from metal1 to via1 in cell hdp_rv151.
Moving label "_00917_" from metal1 to via1 in cell hdp_rv151.
Moving label "_00930_" from metal1 to via1 in cell hdp_rv151.
Moving label "_00938_" from metal1 to via1 in cell hdp_rv151.
Moving label "_00947_" from metal1 to via1 in cell hdp_rv151.
Moving label "_00953_" from metal1 to via1 in cell hdp_rv151.
Moving label "_00965_" from metal1 to via1 in cell hdp_rv151.
Moving label "_00966_" from metal1 to via1 in cell hdp_rv151.
Moving label "_00986_" from metal1 to via1 in cell hdp_rv151.
Moving label "_01004_" from metal1 to via1 in cell hdp_rv151.
Moving label "_01020_" from metal1 to via1 in cell hdp_rv151.
Moving label "_01021_" from metal1 to via1 in cell hdp_rv151.
Moving label "_01029_" from metal1 to via1 in cell hdp_rv151.
Moving label "_01032_" from metal1 to via1 in cell hdp_rv151.
Moving label "_01057_" from metal1 to via1 in cell hdp_rv151.
Moving label "_01060_" from metal1 to via1 in cell hdp_rv151.
Moving label "_01069_" from metal1 to via1 in cell hdp_rv151.
Moving label "_01070_" from metal1 to via1 in cell hdp_rv151.
Moving label "_01076_" from metal1 to via1 in cell hdp_rv151.
Moving label "_01085_" from metal1 to via1 in cell hdp_rv151.
Moving label "_01100_" from metal1 to via1 in cell hdp_rv151.
Moving label "_01114_" from metal1 to via1 in cell hdp_rv151.
Moving label "_01117_" from metal1 to via1 in cell hdp_rv151.
Moving label "_01121_" from metal1 to via1 in cell hdp_rv151.
Moving label "_01126_" from metal1 to via1 in cell hdp_rv151.
Moving label "_01130_" from metal1 to via1 in cell hdp_rv151.
Moving label "_01160_" from metal1 to via1 in cell hdp_rv151.
Moving label "_01179_" from metal1 to via1 in cell hdp_rv151.
Moving label "_01181_" from metal1 to viali in cell hdp_rv151.
Moving label "_01204_" from metal1 to via1 in cell hdp_rv151.
Moving label "_01209_" from metal1 to via1 in cell hdp_rv151.
Moving label "_01210_" from metal1 to via1 in cell hdp_rv151.
Moving label "_01214_" from metal1 to via1 in cell hdp_rv151.
Moving label "_01217_" from metal1 to via1 in cell hdp_rv151.
Moving label "_01220_" from metal1 to via1 in cell hdp_rv151.
Moving label "_01226_" from metal1 to via1 in cell hdp_rv151.
Moving label "_01229_" from metal1 to via1 in cell hdp_rv151.
Moving label "_01233_" from metal1 to via1 in cell hdp_rv151.
Moving label "_01243_" from metal1 to via1 in cell hdp_rv151.
Moving label "_01256_" from metal1 to via1 in cell hdp_rv151.
Moving label "_01271_" from metal1 to viali in cell hdp_rv151.
Moving label "_01284_" from metal1 to via1 in cell hdp_rv151.
Moving label "_01289_" from metal1 to via1 in cell hdp_rv151.
Moving label "_01291_" from metal1 to via1 in cell hdp_rv151.
Moving label "_01293_" from metal1 to via1 in cell hdp_rv151.
Moving label "_01294_" from metal1 to via1 in cell hdp_rv151.
Moving label "_01298_" from metal1 to via1 in cell hdp_rv151.
Moving label "_01311_" from metal1 to via1 in cell hdp_rv151.
Moving label "_01327_" from metal1 to via1 in cell hdp_rv151.
Moving label "_01335_" from metal1 to via1 in cell hdp_rv151.
Moving label "_01336_" from metal1 to via1 in cell hdp_rv151.
Moving label "_01339_" from metal1 to via1 in cell hdp_rv151.
Moving label "_01343_" from metal1 to via1 in cell hdp_rv151.
Moving label "_01344_" from metal1 to viali in cell hdp_rv151.
Moving label "_01345_" from metal1 to via1 in cell hdp_rv151.
Moving label "_01364_" from metal1 to via1 in cell hdp_rv151.
Moving label "_01378_" from metal1 to via1 in cell hdp_rv151.
Moving label "_01385_" from metal1 to via1 in cell hdp_rv151.
Moving label "_01386_" from metal1 to via1 in cell hdp_rv151.
Moving label "_01397_" from metal1 to viali in cell hdp_rv151.
Moving label "_01400_" from metal1 to via1 in cell hdp_rv151.
Moving label "_01403_" from metal1 to via1 in cell hdp_rv151.
Moving label "_01409_" from metal1 to via1 in cell hdp_rv151.
Moving label "_01413_" from metal1 to via1 in cell hdp_rv151.
Moving label "_01421_" from metal1 to via1 in cell hdp_rv151.
Moving label "_01449_" from metal1 to via1 in cell hdp_rv151.
Moving label "_01457_" from metal1 to via1 in cell hdp_rv151.
Moving label "_01467_" from metal1 to viali in cell hdp_rv151.
Moving label "_01482_" from metal1 to via1 in cell hdp_rv151.
Moving label "_01487_" from metal1 to via1 in cell hdp_rv151.
Moving label "_01507_" from metal1 to via1 in cell hdp_rv151.
Moving label "_01510_" from metal1 to via1 in cell hdp_rv151.
Moving label "_01541_" from metal1 to via1 in cell hdp_rv151.
Moving label "_01557_" from metal1 to via1 in cell hdp_rv151.
Moving label "_01558_" from metal1 to via1 in cell hdp_rv151.
Moving label "_01579_" from metal1 to via1 in cell hdp_rv151.
Moving label "_01582_" from metal1 to viali in cell hdp_rv151.
Moving label "_01591_" from metal1 to via1 in cell hdp_rv151.
Moving label "_01593_" from metal1 to via1 in cell hdp_rv151.
Moving label "_01595_" from metal1 to via1 in cell hdp_rv151.
Moving label "_01602_" from metal1 to via1 in cell hdp_rv151.
Moving label "_01604_" from metal1 to via1 in cell hdp_rv151.
Moving label "_01605_" from metal1 to via1 in cell hdp_rv151.
Moving label "_01606_" from metal1 to via1 in cell hdp_rv151.
Moving label "_01609_" from metal1 to via1 in cell hdp_rv151.
Moving label "_01629_" from metal1 to via1 in cell hdp_rv151.
Moving label "_01645_" from metal1 to via1 in cell hdp_rv151.
Moving label "_01678_" from metal1 to via1 in cell hdp_rv151.
Moving label "_01685_" from metal1 to via1 in cell hdp_rv151.
Moving label "_01689_" from metal1 to via1 in cell hdp_rv151.
Moving label "_01702_" from metal1 to via1 in cell hdp_rv151.
Moving label "_01711_" from metal1 to via1 in cell hdp_rv151.
Moving label "_01715_" from metal1 to via1 in cell hdp_rv151.
Moving label "_01716_" from metal1 to via1 in cell hdp_rv151.
Moving label "_01725_" from metal1 to via1 in cell hdp_rv151.
Moving label "_01822_" from metal1 to via1 in cell hdp_rv151.
Moving label "_01831_" from metal1 to via1 in cell hdp_rv151.
Moving label "_01838_" from metal1 to via1 in cell hdp_rv151.
Moving label "_01847_" from metal1 to via1 in cell hdp_rv151.
Moving label "_01848_" from metal1 to via1 in cell hdp_rv151.
Moving label "_01862_" from metal1 to via1 in cell hdp_rv151.
Moving label "_01882_" from metal2 to via2 in cell hdp_rv151.
Moving label "_01906_" from metal2 to via2 in cell hdp_rv151.
Moving label "_01917_" from metal2 to via2 in cell hdp_rv151.
Moving label "_01942_" from metal2 to via2 in cell hdp_rv151.
Moving label "_01967_" from metal2 to via2 in cell hdp_rv151.
Moving label "_02048_" from metal1 to via1 in cell hdp_rv151.
Moving label "_02057_" from metal1 to viali in cell hdp_rv151.
Moving label "_02131_" from metal2 to via1 in cell hdp_rv151.
Moving label "_02252_" from metal2 to via1 in cell hdp_rv151.
Moving label "_02322_" from metal2 to via2 in cell hdp_rv151.
Moving label "_02333_" from metal1 to viali in cell hdp_rv151.
Moving label "_02529_" from metal2 to via2 in cell hdp_rv151.
Moving label "_02536_" from metal2 to via2 in cell hdp_rv151.
Moving label "_02568_" from metal1 to via1 in cell hdp_rv151.
Moving label "_02635_" from metal1 to viali in cell hdp_rv151.
Moving label "_02713_" from metal2 to via2 in cell hdp_rv151.
Moving label "_02810_" from metal1 to viali in cell hdp_rv151.
Moving label "_02884_" from metal2 to via1 in cell hdp_rv151.
Moving label "_02934_" from metal2 to via2 in cell hdp_rv151.
Moving label "_02974_" from metal2 to via2 in cell hdp_rv151.
Moving label "_03009_" from metal2 to via2 in cell hdp_rv151.
Moving label "_03045_" from metal2 to via2 in cell hdp_rv151.
Moving label "_03058_" from metal3 to via3 in cell hdp_rv151.
Moving label "_03107_" from metal1 to viali in cell hdp_rv151.
Moving label "_03112_" from metal1 to via1 in cell hdp_rv151.
Moving label "_03245_" from metal2 to via2 in cell hdp_rv151.
Moving label "_03274_" from metal1 to via1 in cell hdp_rv151.
Moving label "_03311_" from metal1 to via1 in cell hdp_rv151.
Moving label "_03377_" from metal2 to via2 in cell hdp_rv151.
Moving label "_03423_" from metal2 to via1 in cell hdp_rv151.
Moving label "_03617_" from metal1 to viali in cell hdp_rv151.
Moving label "_03652_" from metal2 to via2 in cell hdp_rv151.
Moving label "_03665_" from metal2 to via1 in cell hdp_rv151.
Moving label "_03754_" from metal2 to via1 in cell hdp_rv151.
Moving label "_03758_" from metal2 to via1 in cell hdp_rv151.
Moving label "_03847_" from metal1 to via1 in cell hdp_rv151.
Moving label "_03992_" from metal2 to via1 in cell hdp_rv151.
Moving label "_04129_" from metal2 to via2 in cell hdp_rv151.
Moving label "_04181_" from metal1 to via1 in cell hdp_rv151.
Moving label "_04234_" from metal1 to viali in cell hdp_rv151.
Moving label "_04307_" from metal2 to via2 in cell hdp_rv151.
Moving label "_04321_" from metal1 to via1 in cell hdp_rv151.
Moving label "_04342_" from metal2 to via2 in cell hdp_rv151.
Moving label "_04356_" from metal2 to via2 in cell hdp_rv151.
Moving label "_04372_" from metal3 to via3 in cell hdp_rv151.
Moving label "_04403_" from metal3 to via3 in cell hdp_rv151.
Moving label "_04427_" from metal2 to via1 in cell hdp_rv151.
Moving label "_04526_" from metal1 to viali in cell hdp_rv151.
Moving label "_04553_" from metal1 to viali in cell hdp_rv151.
Moving label "_04586_" from metal1 to via1 in cell hdp_rv151.
Moving label "_04632_" from metal2 to via2 in cell hdp_rv151.
Moving label "_04653_" from metal2 to via2 in cell hdp_rv151.
Moving label "_04654_" from metal2 to via2 in cell hdp_rv151.
Moving label "_04781_" from metal3 to via3 in cell hdp_rv151.
Moving label "_04806_" from metal1 to via1 in cell hdp_rv151.
Moving label "_04814_" from metal1 to viali in cell hdp_rv151.
Moving label "_04821_" from metal1 to via1 in cell hdp_rv151.
Moving label "_04863_" from metal2 to via1 in cell hdp_rv151.
Moving label "_04980_" from metal1 to via1 in cell hdp_rv151.
Moving label "_05114_" from metal2 to via2 in cell hdp_rv151.
Moving label "_05120_" from metal2 to via2 in cell hdp_rv151.
Moving label "_05122_" from metal2 to via2 in cell hdp_rv151.
Moving label "_05175_" from metal1 to via1 in cell hdp_rv151.
Moving label "_05374_" from metal2 to via2 in cell hdp_rv151.
Moving label "_05466_" from metal1 to via1 in cell hdp_rv151.
Moving label "_05483_" from metal2 to via2 in cell hdp_rv151.
Moving label "_05531_" from metal2 to via2 in cell hdp_rv151.
Moving label "_05859_" from metal2 to via2 in cell hdp_rv151.
Moving label "_05869_" from metal2 to via2 in cell hdp_rv151.
Moving label "_05879_" from metal1 to via1 in cell hdp_rv151.
Moving label "_05918_" from metal1 to via1 in cell hdp_rv151.
Moving label "_06030_" from metal1 to via1 in cell hdp_rv151.
Moving label "_06248_" from metal2 to via2 in cell hdp_rv151.
Moving label "_06291_" from metal2 to via1 in cell hdp_rv151.
Moving label "_06308_" from metal1 to viali in cell hdp_rv151.
Moving label "_06439_" from metal2 to via2 in cell hdp_rv151.
Moving label "_06510_" from metal1 to via1 in cell hdp_rv151.
Moving label "_06540_" from metal1 to via1 in cell hdp_rv151.
Moving label "_06593_" from metal1 to viali in cell hdp_rv151.
Moving label "_06599_" from metal2 to via2 in cell hdp_rv151.
Moving label "_06622_" from metal1 to via1 in cell hdp_rv151.
Moving label "_06645_" from metal2 to via2 in cell hdp_rv151.
Moving label "_06821_" from metal1 to via1 in cell hdp_rv151.
Moving label "_06828_" from metal2 to via1 in cell hdp_rv151.
Moving label "_06871_" from metal2 to via2 in cell hdp_rv151.
Moving label "_06919_" from metal2 to via2 in cell hdp_rv151.
Moving label "_06952_" from metal2 to via2 in cell hdp_rv151.
Moving label "_06965_" from metal2 to via1 in cell hdp_rv151.
Moving label "_07000_" from metal1 to via1 in cell hdp_rv151.
Moving label "_07066_" from metal2 to via2 in cell hdp_rv151.
Moving label "_07104_" from metal2 to via2 in cell hdp_rv151.
Moving label "_07110_" from metal1 to viali in cell hdp_rv151.
Moving label "_07122_" from metal1 to viali in cell hdp_rv151.
Moving label "_07175_" from metal1 to viali in cell hdp_rv151.
Moving label "_07178_" from metal2 to via2 in cell hdp_rv151.
Moving label "_07179_" from metal2 to via2 in cell hdp_rv151.
Moving label "_07255_" from metal1 to via1 in cell hdp_rv151.
Moving label "_07265_" from metal2 to via2 in cell hdp_rv151.
Moving label "_07452_" from metal2 to via1 in cell hdp_rv151.
Moving label "_07471_" from metal2 to via1 in cell hdp_rv151.
Moving label "_07485_" from metal2 to via2 in cell hdp_rv151.
Moving label "_07498_" from metal2 to via2 in cell hdp_rv151.
Moving label "_07501_" from metal2 to via2 in cell hdp_rv151.
Moving label "_07520_" from metal1 to viali in cell hdp_rv151.
Moving label "_07528_" from metal2 to via2 in cell hdp_rv151.
Moving label "_07552_" from metal2 to via2 in cell hdp_rv151.
Moving label "_07563_" from metal1 to viali in cell hdp_rv151.
Moving label "_07598_" from metal2 to via2 in cell hdp_rv151.
Moving label "_07696_" from metal1 to via1 in cell hdp_rv151.
Moving label "_07725_" from metal1 to via1 in cell hdp_rv151.
Moving label "_07762_" from metal1 to via1 in cell hdp_rv151.
Moving label "_07874_" from metal1 to via1 in cell hdp_rv151.
Moving label "_07875_" from metal1 to via1 in cell hdp_rv151.
Moving label "_07911_" from metal1 to via1 in cell hdp_rv151.
Moving label "_08048_" from metal1 to viali in cell hdp_rv151.
Moving label "_08145_" from metal2 to via2 in cell hdp_rv151.
Moving label "_08150_" from metal2 to via2 in cell hdp_rv151.
Moving label "_08250_" from metal2 to via2 in cell hdp_rv151.
Moving label "_08314_" from metal2 to via2 in cell hdp_rv151.
Moving label "_08334_" from metal2 to via1 in cell hdp_rv151.
Moving label "_08464_" from metal2 to via2 in cell hdp_rv151.
Moving label "clknet_2_3_0_soc.bspi.b2o.wck" from metal2 to via2 in cell hdp_rv151.
Moving label "clknet_3_6_0_soc.bspi.b2o.wck" from metal2 to via2 in cell hdp_rv151.
Moving label "clknet_3_7_0_soc.bspi.b2o.wck" from metal3 to via3 in cell hdp_rv151.
Moving label "clknet_leaf_119_soc.bspi.b2o.wck" from metal1 to via1 in cell hdp_rv151.
Moving label "net111" from metal2 to via2 in cell hdp_rv151.
Moving label "net122" from metal2 to via2 in cell hdp_rv151.
Moving label "net127" from metal2 to via2 in cell hdp_rv151.
Moving label "net129" from metal2 to via2 in cell hdp_rv151.
Moving label "net136" from metal2 to via2 in cell hdp_rv151.
Moving label "net138" from metal2 to via2 in cell hdp_rv151.
Moving label "net141" from metal2 to via2 in cell hdp_rv151.
Moving label "net148" from metal2 to via2 in cell hdp_rv151.
Moving label "net150" from metal2 to via2 in cell hdp_rv151.
Moving label "net153" from metal2 to via2 in cell hdp_rv151.
Moving label "net155" from metal2 to via2 in cell hdp_rv151.
Moving label "net170" from metal3 to via3 in cell hdp_rv151.
Moving label "net174" from metal2 to via2 in cell hdp_rv151.
Moving label "net183" from metal3 to via3 in cell hdp_rv151.
Moving label "net187" from metal2 to via2 in cell hdp_rv151.
Moving label "net189" from metal3 to via3 in cell hdp_rv151.
Moving label "net190" from metal2 to via2 in cell hdp_rv151.
Moving label "net226" from metal3 to via3 in cell hdp_rv151.
Moving label "net278" from metal2 to via2 in cell hdp_rv151.
Moving label "net288" from metal2 to via2 in cell hdp_rv151.
Moving label "net291" from metal2 to via2 in cell hdp_rv151.
Moving label "net334" from metal2 to via2 in cell hdp_rv151.
Moving label "net372" from metal2 to via2 in cell hdp_rv151.
Moving label "net431" from metal2 to via2 in cell hdp_rv151.
Moving label "net444" from metal2 to via2 in cell hdp_rv151.
Moving label "net473" from metal2 to via2 in cell hdp_rv151.
Moving label "net480" from metal2 to via2 in cell hdp_rv151.
Moving label "net496" from metal2 to via2 in cell hdp_rv151.
Moving label "net593" from metal2 to via2 in cell hdp_rv151.
Moving label "net599" from metal2 to via2 in cell hdp_rv151.
Moving label "net60" from metal2 to via2 in cell hdp_rv151.
Moving label "net604" from metal2 to via2 in cell hdp_rv151.
Moving label "net617" from metal3 to via3 in cell hdp_rv151.
Moving label "net620" from metal2 to via2 in cell hdp_rv151.
Moving label "net638" from metal2 to via2 in cell hdp_rv151.
Moving label "net71" from metal3 to via3 in cell hdp_rv151.
Moving label "net80" from metal2 to via2 in cell hdp_rv151.
Moving label "net95" from metal2 to via2 in cell hdp_rv151.
Moving label "soc.bcf" from metal3 to via3 in cell hdp_rv151.
Moving label "soc.bdto\[10\]" from metal1 to via1 in cell hdp_rv151.
Moving label "soc.bdto\[11\]" from metal1 to via1 in cell hdp_rv151.
Moving label "soc.bdto\[12\]" from metal1 to viali in cell hdp_rv151.
Moving label "soc.bios_addrb\[1\]" from metal2 to via2 in cell hdp_rv151.
Moving label "soc.bios_din0\[10\]" from metal3 to via3 in cell hdp_rv151.
Moving label "soc.bios_din0\[11\]" from metal3 to via3 in cell hdp_rv151.
Moving label "soc.bios_din0\[13\]" from metal3 to via3 in cell hdp_rv151.
Moving label "soc.bios_din0\[14\]" from metal3 to via3 in cell hdp_rv151.
Moving label "soc.bios_din0\[17\]" from metal3 to via3 in cell hdp_rv151.
Moving label "soc.bios_dout0\[0\]\[13\]" from metal3 to via3 in cell hdp_rv151.
Moving label "soc.bios_dout0\[0\]\[14\]" from metal3 to via3 in cell hdp_rv151.
Moving label "soc.bios_dout0\[0\]\[18\]" from metal3 to via3 in cell hdp_rv151.
Moving label "soc.bios_dout0\[0\]\[1\]" from metal3 to via3 in cell hdp_rv151.
Moving label "soc.bios_dout0\[0\]\[20\]" from metal3 to via3 in cell hdp_rv151.
Moving label "soc.bios_dout0\[0\]\[27\]" from metal3 to via3 in cell hdp_rv151.
Moving label "soc.bios_dout0\[0\]\[28\]" from metal3 to via3 in cell hdp_rv151.
Moving label "soc.bios_dout0\[0\]\[2\]" from metal3 to via3 in cell hdp_rv151.
Moving label "soc.bios_dout0\[0\]\[31\]" from metal3 to via3 in cell hdp_rv151.
Moving label "soc.bios_dout0\[0\]\[7\]" from metal3 to via3 in cell hdp_rv151.
Moving label "soc.bios_dout0\[1\]\[0\]" from metal2 to via2 in cell hdp_rv151.
Moving label "soc.bios_dout0\[1\]\[14\]" from metal3 to via3 in cell hdp_rv151.
Moving label "soc.bios_dout0\[1\]\[19\]" from metal2 to via2 in cell hdp_rv151.
Moving label "soc.bios_dout0\[1\]\[1\]" from metal3 to via3 in cell hdp_rv151.
Moving label "soc.bios_dout0\[1\]\[23\]" from metal2 to via2 in cell hdp_rv151.
Moving label "soc.bios_dout0\[1\]\[25\]" from metal2 to via2 in cell hdp_rv151.
Moving label "soc.bios_dout0\[1\]\[3\]" from metal2 to via2 in cell hdp_rv151.
Moving label "soc.bios_dout0\[1\]\[6\]" from metal2 to via2 in cell hdp_rv151.
Moving label "soc.bios_dout0\[1\]\[9\]" from metal2 to via2 in cell hdp_rv151.
Moving label "soc.bios_dout1\[0\]\[11\]" from metal3 to via3 in cell hdp_rv151.
Moving label "soc.bios_dout1\[0\]\[12\]" from metal3 to via3 in cell hdp_rv151.
Moving label "soc.bios_dout1\[0\]\[13\]" from metal3 to via3 in cell hdp_rv151.
Moving label "soc.bios_dout1\[0\]\[15\]" from metal3 to via3 in cell hdp_rv151.
Moving label "soc.bios_dout1\[0\]\[16\]" from metal3 to via3 in cell hdp_rv151.
Moving label "soc.bios_dout1\[0\]\[17\]" from metal3 to via3 in cell hdp_rv151.
Moving label "soc.bios_dout1\[0\]\[19\]" from metal2 to via2 in cell hdp_rv151.
Moving label "soc.bios_dout1\[0\]\[22\]" from metal3 to via3 in cell hdp_rv151.
Moving label "soc.bios_dout1\[0\]\[23\]" from metal3 to via3 in cell hdp_rv151.
Moving label "soc.bios_dout1\[0\]\[27\]" from metal3 to via3 in cell hdp_rv151.
Moving label "soc.bios_dout1\[0\]\[29\]" from metal3 to via3 in cell hdp_rv151.
Moving label "soc.bios_dout1\[0\]\[3\]" from metal2 to via1 in cell hdp_rv151.
Moving label "soc.bios_dout1\[0\]\[4\]" from metal3 to via3 in cell hdp_rv151.
Moving label "soc.bios_dout1\[0\]\[5\]" from metal3 to via3 in cell hdp_rv151.
Moving label "soc.bios_dout1\[0\]\[6\]" from metal3 to via3 in cell hdp_rv151.
Moving label "soc.bios_dout1\[0\]\[7\]" from metal3 to via3 in cell hdp_rv151.
Moving label "soc.bios_dout1\[1\]\[10\]" from metal2 to via2 in cell hdp_rv151.
Moving label "soc.bios_dout1\[1\]\[12\]" from metal2 to via2 in cell hdp_rv151.
Moving label "soc.bios_dout1\[1\]\[24\]" from metal2 to via2 in cell hdp_rv151.
Moving label "soc.bios_dout1\[1\]\[26\]" from metal3 to via3 in cell hdp_rv151.
Moving label "soc.bios_dout1\[1\]\[28\]" from metal3 to via3 in cell hdp_rv151.
Moving label "soc.bios_dout1\[1\]\[8\]" from metal3 to via3 in cell hdp_rv151.
Moving label "soc.bios_dout1\[1\]\[9\]" from metal2 to via2 in cell hdp_rv151.
Moving label "soc.bios_doutb\[20\]" from metal3 to via3 in cell hdp_rv151.
Moving label "soc.bios_doutb\[22\]" from metal2 to via2 in cell hdp_rv151.
Moving label "soc.bios_doutb\[8\]" from metal2 to via2 in cell hdp_rv151.
Moving label "soc.cc_cntr\[10\]" from metal1 to viali in cell hdp_rv151.
Moving label "soc.cc_cntr\[5\]" from metal1 to via1 in cell hdp_rv151.
Moving label "soc.core.alu.alu_ot\[0\]" from metal2 to via2 in cell hdp_rv151.
Moving label "soc.core.exo_mwd\[29\]" from metal2 to via2 in cell hdp_rv151.
Moving label "soc.core.pf_pcr\[30\]" from metal2 to via2 in cell hdp_rv151.
Moving label "soc.core.pf_pcr\[31\]" from metal2 to via2 in cell hdp_rv151.
Moving label "soc.dmem_dout\[0\]" from metal2 to via2 in cell hdp_rv151.
Moving label "soc.dmem_dout\[27\]" from metal2 to via2 in cell hdp_rv151.
Moving label "soc.dmem_dout\[29\]" from metal2 to via2 in cell hdp_rv151.
Moving label "soc.imem_doutb\[2\]" from metal2 to via2 in cell hdp_rv151.
Moving label "soc.imem_doutb\[9\]" from metal2 to via2 in cell hdp_rv151.
Moving label "soc.ir_cntr\[1\]" from metal2 to via2 in cell hdp_rv151.
Moving label "soc.ir_cntr\[8\]" from metal2 to via1 in cell hdp_rv151.
Moving label "soc.rf.mem\[10\]\[0\]" from metal1 to viali in cell hdp_rv151.
Moving label "soc.rf.mem\[15\]\[17\]" from metal2 to via1 in cell hdp_rv151.
Moving label "soc.rf.mem\[21\]\[23\]" from metal1 to via1 in cell hdp_rv151.
Moving label "soc.rf.mem\[21\]\[26\]" from metal2 to via1 in cell hdp_rv151.
Moving label "soc.rf.mem\[26\]\[7\]" from metal1 to via1 in cell hdp_rv151.
Moving label "soc.rf.mem\[28\]\[20\]" from metal1 to via1 in cell hdp_rv151.
Moving label "soc.rf.mem\[28\]\[2\]" from metal2 to via2 in cell hdp_rv151.
Moving label "soc.rf.mem\[28\]\[7\]" from metal1 to viali in cell hdp_rv151.
Moving label "soc.rf.mem\[3\]\[14\]" from metal2 to via1 in cell hdp_rv151.
Moving label "soc.uart.baud_edge\[10\]" from metal1 to via1 in cell hdp_rv151.
Root cell box:
           width x height  (   llx,  lly  ), (   urx,  ury  )  area (units^2)

microns:  2450.000 x 2050.000  ( 0.000,  0.000), ( 2450.000,  2050.000)  5022499.500
lambda:   245000.00 x 205000.00  (  0.00,  0.00 ), ( 245000.00,  205000.00)  50225000448.00
internal: 490000 x 410000  (     0,  0    ), ( 490000,  410000)  200900000000
Warning: Calma reading is not undoable!  I hope that's OK.
Library written using GDS-II Release 6.0
Library name: DEFAULT.DB
Reading "sky130_sram_2kbyte_1rw1r_32x512_8_contact_11".
Reading "sky130_sram_2kbyte_1rw1r_32x512_8_contact_12".
Reading "sky130_sram_2kbyte_1rw1r_32x512_8_nmos_m1_w0_360_sli_dli_da_p".
Reading "sky130_sram_2kbyte_1rw1r_32x512_8_pmos_m1_w1_120_sli_dli_da_p".
Reading "sky130_sram_2kbyte_1rw1r_32x512_8_contact_15".
Reading "sky130_sram_2kbyte_1rw1r_32x512_8_contact_29".
Reading "sky130_sram_2kbyte_1rw1r_32x512_8_contact_28".
Reading "sky130_sram_2kbyte_1rw1r_32x512_8_nmos_m2_w0_740_sli_dli_da_p".
Reading "sky130_sram_2kbyte_1rw1r_32x512_8_pmos_m2_w1_260_sli_dli_da_p".
Reading "sky130_sram_2kbyte_1rw1r_32x512_8_contact_16".
Reading "sky130_sram_2kbyte_1rw1r_32x512_8_contact_14".
Reading "sky130_sram_2kbyte_1rw1r_32x512_8_contact_13".
Reading "sky130_sram_2kbyte_1rw1r_32x512_8_nmos_m1_w7_000_sli_dli_da_p".
Reading "sky130_sram_2kbyte_1rw1r_32x512_8_pmos_m1_w7_000_sli_dli_da_p".
Reading "sky130_fd_bd_sram__openram_dp_nand3_dec".
Reading "sky130_fd_bd_sram__openram_dp_nand2_dec".
Reading "sky130_sram_2kbyte_1rw1r_32x512_8_pinv_dec".
CIF file read warning: CIF style sky130(): units rescaled by factor of 5 / 1
Reading "sky130_sram_2kbyte_1rw1r_32x512_8_pinv".
Reading "sky130_sram_2kbyte_1rw1r_32x512_8_nmos_m1_w0_740_sactive_dli".
Reading "sky130_sram_2kbyte_1rw1r_32x512_8_nmos_m1_w0_740_sli_dactive".
Reading "sky130_sram_2kbyte_1rw1r_32x512_8_pmos_m1_w1_120_sli_dli".
Reading "sky130_sram_2kbyte_1rw1r_32x512_8_nmos_m18_w2_000_sli_dli_da_p".
Reading "sky130_sram_2kbyte_1rw1r_32x512_8_pmos_m18_w2_000_sli_dli_da_p".
Reading "sky130_sram_2kbyte_1rw1r_32x512_8_nmos_m22_w2_000_sli_dli_da_p".
Reading "sky130_sram_2kbyte_1rw1r_32x512_8_pmos_m22_w2_000_sli_dli_da_p".
Reading "sky130_sram_2kbyte_1rw1r_32x512_8_nmos_m7_w1_680_sli_dli_da_p".
Reading "sky130_sram_2kbyte_1rw1r_32x512_8_pmos_m7_w2_000_sli_dli_da_p".
Reading "sky130_sram_2kbyte_1rw1r_32x512_8_nmos_m3_w1_680_sli_dli_da_p".
Reading "sky130_sram_2kbyte_1rw1r_32x512_8_pmos_m3_w1_680_sli_dli_da_p".
Reading "sky130_sram_2kbyte_1rw1r_32x512_8_pinv_0".
Reading "sky130_sram_2kbyte_1rw1r_32x512_8_pinv_dec_0".
Reading "sky130_sram_2kbyte_1rw1r_32x512_8_and2_dec".
Reading "sky130_sram_2kbyte_1rw1r_32x512_8_contact_20".
Reading "sky130_sram_2kbyte_1rw1r_32x512_8_contact_17".
Reading "sky130_sram_2kbyte_1rw1r_32x512_8_and3_dec".
Reading "sky130_sram_2kbyte_1rw1r_32x512_8_nmos_m1_w2_880_sli_dli".
Reading "sky130_sram_2kbyte_1rw1r_32x512_8_pdriver".
Reading "sky130_sram_2kbyte_1rw1r_32x512_8_pnand2".
Reading "sky130_sram_2kbyte_1rw1r_32x512_8_contact_23".
Reading "sky130_sram_2kbyte_1rw1r_32x512_8_contact_22".
Reading "sky130_sram_2kbyte_1rw1r_32x512_8_contact_21".
Reading "sky130_sram_2kbyte_1rw1r_32x512_8_pmos_m1_w0_550_sli_dli".
Reading "sky130_sram_2kbyte_1rw1r_32x512_8_contact_19".
Reading "sky130_sram_2kbyte_1rw1r_32x512_8_contact_7".
Reading "sky130_sram_2kbyte_1rw1r_32x512_8_nmos_m41_w2_000_sli_dli_da_p".
Reading "sky130_sram_2kbyte_1rw1r_32x512_8_pmos_m41_w2_000_sli_dli_da_p".
Reading "sky130_sram_2kbyte_1rw1r_32x512_8_nmos_m14_w2_000_sli_dli_da_p".
Reading "sky130_sram_2kbyte_1rw1r_32x512_8_pmos_m14_w2_000_sli_dli_da_p".
Reading "sky130_sram_2kbyte_1rw1r_32x512_8_nmos_m5_w1_680_sli_dli_da_p".
Reading "sky130_sram_2kbyte_1rw1r_32x512_8_pinv_16".
Reading "sky130_sram_2kbyte_1rw1r_32x512_8_pinv_15".
Reading "sky130_sram_2kbyte_1rw1r_32x512_8_nmos_m1_w0_740_sactive_dactive".
Reading "sky130_sram_2kbyte_1rw1r_32x512_8_nmos_m24_w2_000_sli_dli_da_p".
Reading "sky130_sram_2kbyte_1rw1r_32x512_8_pmos_m24_w2_000_sli_dli_da_p".
Reading "sky130_sram_2kbyte_1rw1r_32x512_8_nmos_m8_w2_000_sli_dli_da_p".
Reading "sky130_sram_2kbyte_1rw1r_32x512_8_pmos_m8_w2_000_sli_dli_da_p".
Reading "sky130_sram_2kbyte_1rw1r_32x512_8_nmos_m3_w2_000_sli_dli_da_p".
Reading "sky130_sram_2kbyte_1rw1r_32x512_8_pmos_m3_w2_000_sli_dli_da_p".
Reading "sky130_sram_2kbyte_1rw1r_32x512_8_pinv_4".
Reading "sky130_sram_2kbyte_1rw1r_32x512_8_nmos_m42_w2_000_sli_dli_da_p".
Reading "sky130_sram_2kbyte_1rw1r_32x512_8_pmos_m42_w2_000_sli_dli_da_p".
Reading "sky130_sram_2kbyte_1rw1r_32x512_8_nmos_m15_w2_000_sli_dli_da_p".
Reading "sky130_sram_2kbyte_1rw1r_32x512_8_pmos_m15_w2_000_sli_dli_da_p".
Reading "sky130_sram_2kbyte_1rw1r_32x512_8_nmos_m5_w2_000_sli_dli_da_p".
Reading "sky130_sram_2kbyte_1rw1r_32x512_8_pmos_m5_w2_000_sli_dli_da_p".
Reading "sky130_sram_2kbyte_1rw1r_32x512_8_nmos_m2_w1_260_sli_dli_da_p".
Reading "sky130_sram_2kbyte_1rw1r_32x512_8_pmos_m2_w2_000_sli_dli_da_p".
Reading "sky130_sram_2kbyte_1rw1r_32x512_8_pinv_3".
Reading "sky130_sram_2kbyte_1rw1r_32x512_8_pinv_2".
Reading "sky130_fd_bd_sram__openram_dff".
Reading "sky130_sram_2kbyte_1rw1r_32x512_8_pdriver_0".
Reading "sky130_sram_2kbyte_1rw1r_32x512_8_pnand2_0".
Reading "sky130_sram_2kbyte_1rw1r_32x512_8_wordline_driver".
Reading "sky130_sram_2kbyte_1rw1r_32x512_8_hierarchical_predecode3x8".
Reading "sky130_sram_2kbyte_1rw1r_32x512_8_hierarchical_predecode2x4".
Reading "sky130_sram_2kbyte_1rw1r_32x512_8_column_mux_0".
Reading "sky130_sram_2kbyte_1rw1r_32x512_8_precharge_1".
Reading "sky130_sram_2kbyte_1rw1r_32x512_8_contact_27".
Reading "sky130_sram_2kbyte_1rw1r_32x512_8_contact_26".
Reading "sky130_sram_2kbyte_1rw1r_32x512_8_contact_25".
Reading "sky130_sram_2kbyte_1rw1r_32x512_8_contact_24".
Reading "sky130_sram_2kbyte_1rw1r_32x512_8_column_mux".
Reading "sky130_sram_2kbyte_1rw1r_32x512_8_pand2".
Reading "sky130_fd_bd_sram__openram_write_driver".
Reading "sky130_fd_bd_sram__openram_sense_amp".
Reading "sky130_sram_2kbyte_1rw1r_32x512_8_precharge_0".
Reading "sky130_fd_bd_sram__openram_dp_cell_cap_row".
Reading "sky130_fd_bd_sram__openram_dp_cell_dummy".
Reading "sky130_fd_bd_sram__openram_dp_cell_replica".
Reading "sky130_fd_bd_sram__openram_dp_cell_cap_col".
Reading "sky130_fd_bd_sram__openram_dp_cell".
Reading "sky130_sram_2kbyte_1rw1r_32x512_8_pinv_20".
Reading "sky130_sram_2kbyte_1rw1r_32x512_8_pinv_19".
Reading "sky130_sram_2kbyte_1rw1r_32x512_8_pinv_18".
Reading "sky130_sram_2kbyte_1rw1r_32x512_8_pinv_17".
Reading "sky130_sram_2kbyte_1rw1r_32x512_8_pdriver_5".
Reading "sky130_sram_2kbyte_1rw1r_32x512_8_pdriver_4".
Reading "sky130_sram_2kbyte_1rw1r_32x512_8_pnand3".
Reading "sky130_sram_2kbyte_1rw1r_32x512_8_pinv_14".
Reading "sky130_sram_2kbyte_1rw1r_32x512_8_pinv_13".
Reading "sky130_sram_2kbyte_1rw1r_32x512_8_pinv_12".
Reading "sky130_sram_2kbyte_1rw1r_32x512_8_pinv_11".
Reading "sky130_sram_2kbyte_1rw1r_32x512_8_pdriver_1".
Reading "sky130_sram_2kbyte_1rw1r_32x512_8_pinv_10".
Reading "sky130_sram_2kbyte_1rw1r_32x512_8_pinv_9".
Reading "sky130_sram_2kbyte_1rw1r_32x512_8_pinv_8".
Reading "sky130_sram_2kbyte_1rw1r_32x512_8_pinv_7".
Reading "sky130_sram_2kbyte_1rw1r_32x512_8_dff_buf_0".
Reading "sky130_sram_2kbyte_1rw1r_32x512_8_pand2_0".
Reading "sky130_sram_2kbyte_1rw1r_32x512_8_pinv_1".
Reading "sky130_sram_2kbyte_1rw1r_32x512_8_and2_dec_0".
Reading "sky130_sram_2kbyte_1rw1r_32x512_8_wordline_driver_array".
Reading "sky130_sram_2kbyte_1rw1r_32x512_8_hierarchical_decoder".
Reading "sky130_sram_2kbyte_1rw1r_32x512_8_column_mux_array_0".
Reading "sky130_sram_2kbyte_1rw1r_32x512_8_precharge_array_0".
Reading "sky130_sram_2kbyte_1rw1r_32x512_8_column_mux_array".
Reading "sky130_sram_2kbyte_1rw1r_32x512_8_write_mask_and_array".
Error while reading cell "sky130_sram_2kbyte_1rw1r_32x512_8_write_mask_and_array" (byte position 1362932): Warning: cell "sky130_sram_2kbyte_1rw1r_32x512_8_contact_14" placed on top of itself.  Ignoring the extra one.
Error while reading cell "sky130_sram_2kbyte_1rw1r_32x512_8_write_mask_and_array" (byte position 1363228): Warning: cell "sky130_sram_2kbyte_1rw1r_32x512_8_contact_14" placed on top of itself.  Ignoring the extra one.
Error while reading cell "sky130_sram_2kbyte_1rw1r_32x512_8_write_mask_and_array" (byte position 1363524): Warning: cell "sky130_sram_2kbyte_1rw1r_32x512_8_contact_14" placed on top of itself.  Ignoring the extra one.
Error while reading cell "sky130_sram_2kbyte_1rw1r_32x512_8_write_mask_and_array" (byte position 1363820): Warning: cell "sky130_sram_2kbyte_1rw1r_32x512_8_contact_14" placed on top of itself.  Ignoring the extra one.
Reading "sky130_sram_2kbyte_1rw1r_32x512_8_write_driver_array".
Reading "sky130_sram_2kbyte_1rw1r_32x512_8_sense_amp_array".
Reading "sky130_sram_2kbyte_1rw1r_32x512_8_precharge_array".
Reading "sky130_sram_2kbyte_1rw1r_32x512_8_contact_9".
Reading "sky130_sram_2kbyte_1rw1r_32x512_8_contact_8".
Reading "sky130_sram_2kbyte_1rw1r_32x512_8_row_cap_array_0".
Error while reading cell "sky130_sram_2kbyte_1rw1r_32x512_8_row_cap_array_0" (byte position 1669158): Warning: cell "sky130_sram_2kbyte_1rw1r_32x512_8_contact_7" placed on top of itself.  Ignoring the extra one.
Error while reading cell "sky130_sram_2kbyte_1rw1r_32x512_8_row_cap_array_0" (byte position 1672300): Warning: cell "sky130_sram_2kbyte_1rw1r_32x512_8_contact_7" placed on top of itself.  Ignoring the extra one.
Error while reading cell "sky130_sram_2kbyte_1rw1r_32x512_8_row_cap_array_0" (byte position 1672596): Warning: cell "sky130_sram_2kbyte_1rw1r_32x512_8_contact_7" placed on top of itself.  Ignoring the extra one.
Error while reading cell "sky130_sram_2kbyte_1rw1r_32x512_8_row_cap_array_0" (byte position 1672892): Warning: cell "sky130_sram_2kbyte_1rw1r_32x512_8_contact_7" placed on top of itself.  Ignoring the extra one.
Error while reading cell "sky130_sram_2kbyte_1rw1r_32x512_8_row_cap_array_0" (byte position 1673188): Warning: cell "sky130_sram_2kbyte_1rw1r_32x512_8_contact_7" placed on top of itself.  Ignoring the extra one.
Error while reading cell "sky130_sram_2kbyte_1rw1r_32x512_8_row_cap_array_0" (byte position 1673484): Warning: cell "sky130_sram_2kbyte_1rw1r_32x512_8_contact_7" placed on top of itself.  Ignoring the extra one.
Error while reading cell "sky130_sram_2kbyte_1rw1r_32x512_8_row_cap_array_0" (byte position 1673780): Warning: cell "sky130_sram_2kbyte_1rw1r_32x512_8_contact_7" placed on top of itself.  Ignoring the extra one.
Error while reading cell "sky130_sram_2kbyte_1rw1r_32x512_8_row_cap_array_0" (byte position 1674076): Warning: cell "sky130_sram_2kbyte_1rw1r_32x512_8_contact_7" placed on top of itself.  Ignoring the extra one.
Error while reading cell "sky130_sram_2kbyte_1rw1r_32x512_8_row_cap_array_0" (byte position 1674372): Warning: cell "sky130_sram_2kbyte_1rw1r_32x512_8_contact_7" placed on top of itself.  Ignoring the extra one.
Error while reading cell "sky130_sram_2kbyte_1rw1r_32x512_8_row_cap_array_0" (byte position 1674668): Warning: cell "sky130_sram_2kbyte_1rw1r_32x512_8_contact_7" placed on top of itself.  Ignoring the extra one.
Error while reading cell "sky130_sram_2kbyte_1rw1r_32x512_8_row_cap_array_0" (byte position 1674964): Warning: cell "sky130_sram_2kbyte_1rw1r_32x512_8_contact_7" placed on top of itself.  Ignoring the extra one.
Error while reading cell "sky130_sram_2kbyte_1rw1r_32x512_8_row_cap_array_0" (byte position 1675260): Warning: cell "sky130_sram_2kbyte_1rw1r_32x512_8_contact_7" placed on top of itself.  Ignoring the extra one.
Error while reading cell "sky130_sram_2kbyte_1rw1r_32x512_8_row_cap_array_0" (byte position 1675556): Warning: cell "sky130_sram_2kbyte_1rw1r_32x512_8_contact_7" placed on top of itself.  Ignoring the extra one.
Error while reading cell "sky130_sram_2kbyte_1rw1r_32x512_8_row_cap_array_0" (byte position 1675852): Warning: cell "sky130_sram_2kbyte_1rw1r_32x512_8_contact_7" placed on top of itself.  Ignoring the extra one.
Error while reading cell "sky130_sram_2kbyte_1rw1r_32x512_8_row_cap_array_0" (byte position 1676148): Warning: cell "sky130_sram_2kbyte_1rw1r_32x512_8_contact_7" placed on top of itself.  Ignoring the extra one.
Error while reading cell "sky130_sram_2kbyte_1rw1r_32x512_8_row_cap_array_0" (byte position 1676444): Warning: cell "sky130_sram_2kbyte_1rw1r_32x512_8_contact_7" placed on top of itself.  Ignoring the extra one.
Error while reading cell "sky130_sram_2kbyte_1rw1r_32x512_8_row_cap_array_0" (byte position 1676962): Warning: cell "sky130_sram_2kbyte_1rw1r_32x512_8_contact_7" placed on top of itself.  Ignoring the extra one.
Error while reading cell "sky130_sram_2kbyte_1rw1r_32x512_8_row_cap_array_0" (byte position 1677258): Warning: cell "sky130_sram_2kbyte_1rw1r_32x512_8_contact_7" placed on top of itself.  Ignoring the extra one.
Error while reading cell "sky130_sram_2kbyte_1rw1r_32x512_8_row_cap_array_0" (byte position 1677554): Warning: cell "sky130_sram_2kbyte_1rw1r_32x512_8_contact_7" placed on top of itself.  Ignoring the extra one.
Error while reading cell "sky130_sram_2kbyte_1rw1r_32x512_8_row_cap_array_0" (byte position 1677850): Warning: cell "sky130_sram_2kbyte_1rw1r_32x512_8_contact_7" placed on top of itself.  Ignoring the extra one.
Error while reading cell "sky130_sram_2kbyte_1rw1r_32x512_8_row_cap_array_0" (byte position 1678146): Warning: cell "sky130_sram_2kbyte_1rw1r_32x512_8_contact_7" placed on top of itself.  Ignoring the extra one.
Error while reading cell "sky130_sram_2kbyte_1rw1r_32x512_8_row_cap_array_0" (byte position 1678442): Warning: cell "sky130_sram_2kbyte_1rw1r_32x512_8_contact_7" placed on top of itself.  Ignoring the extra one.
Error while reading cell "sky130_sram_2kbyte_1rw1r_32x512_8_row_cap_array_0" (byte position 1678738): Warning: cell "sky130_sram_2kbyte_1rw1r_32x512_8_contact_7" placed on top of itself.  Ignoring the extra one.
Error while reading cell "sky130_sram_2kbyte_1rw1r_32x512_8_row_cap_array_0" (byte position 1679044): Warning: cell "sky130_sram_2kbyte_1rw1r_32x512_8_contact_7" placed on top of itself.  Ignoring the extra one.
Error while reading cell "sky130_sram_2kbyte_1rw1r_32x512_8_row_cap_array_0" (byte position 1681934): Warning: cell "sky130_sram_2kbyte_1rw1r_32x512_8_contact_7" placed on top of itself.  Ignoring the extra one.
Error while reading cell "sky130_sram_2kbyte_1rw1r_32x512_8_row_cap_array_0" (byte position 1682230): Warning: cell "sky130_sram_2kbyte_1rw1r_32x512_8_contact_7" placed on top of itself.  Ignoring the extra one.
Error while reading cell "sky130_sram_2kbyte_1rw1r_32x512_8_row_cap_array_0" (byte position 1682526): Warning: cell "sky130_sram_2kbyte_1rw1r_32x512_8_contact_7" placed on top of itself.  Ignoring the extra one.
Error while reading cell "sky130_sram_2kbyte_1rw1r_32x512_8_row_cap_array_0" (byte position 1682822): Warning: cell "sky130_sram_2kbyte_1rw1r_32x512_8_contact_7" placed on top of itself.  Ignoring the extra one.
Error while reading cell "sky130_sram_2kbyte_1rw1r_32x512_8_row_cap_array_0" (byte position 1683118): Warning: cell "sky130_sram_2kbyte_1rw1r_32x512_8_contact_7" placed on top of itself.  Ignoring the extra one.
Error while reading cell "sky130_sram_2kbyte_1rw1r_32x512_8_row_cap_array_0" (byte position 1683414): Warning: cell "sky130_sram_2kbyte_1rw1r_32x512_8_contact_7" placed on top of itself.  Ignoring the extra one.
Error while reading cell "sky130_sram_2kbyte_1rw1r_32x512_8_row_cap_array_0" (byte position 1683710): Warning: cell "sky130_sram_2kbyte_1rw1r_32x512_8_contact_7" placed on top of itself.  Ignoring the extra one.
Error while reading cell "sky130_sram_2kbyte_1rw1r_32x512_8_row_cap_array_0" (byte position 1683858): Warning: cell "sky130_sram_2kbyte_1rw1r_32x512_8_contact_7" placed on top of itself.  Ignoring the extra one.
Error while reading cell "sky130_sram_2kbyte_1rw1r_32x512_8_row_cap_array_0" (byte position 1684312): Warning: cell "sky130_sram_2kbyte_1rw1r_32x512_8_contact_7" placed on top of itself.  Ignoring the extra one.
Error while reading cell "sky130_sram_2kbyte_1rw1r_32x512_8_row_cap_array_0" (byte position 1684608): Warning: cell "sky130_sram_2kbyte_1rw1r_32x512_8_contact_7" placed on top of itself.  Ignoring the extra one.
Error while reading cell "sky130_sram_2kbyte_1rw1r_32x512_8_row_cap_array_0" (byte position 1684904): Warning: cell "sky130_sram_2kbyte_1rw1r_32x512_8_contact_7" placed on top of itself.  Ignoring the extra one.
Error while reading cell "sky130_sram_2kbyte_1rw1r_32x512_8_row_cap_array_0" (byte position 1685200): Warning: cell "sky130_sram_2kbyte_1rw1r_32x512_8_contact_7" placed on top of itself.  Ignoring the extra one.
Error while reading cell "sky130_sram_2kbyte_1rw1r_32x512_8_row_cap_array_0" (byte position 1685496): Warning: cell "sky130_sram_2kbyte_1rw1r_32x512_8_contact_7" placed on top of itself.  Ignoring the extra one.
Error while reading cell "sky130_sram_2kbyte_1rw1r_32x512_8_row_cap_array_0" (byte position 1685792): Warning: cell "sky130_sram_2kbyte_1rw1r_32x512_8_contact_7" placed on top of itself.  Ignoring the extra one.
Error while reading cell "sky130_sram_2kbyte_1rw1r_32x512_8_row_cap_array_0" (byte position 1686088): Warning: cell "sky130_sram_2kbyte_1rw1r_32x512_8_contact_7" placed on top of itself.  Ignoring the extra one.
Error while reading cell "sky130_sram_2kbyte_1rw1r_32x512_8_row_cap_array_0" (byte position 1686384): Warning: cell "sky130_sram_2kbyte_1rw1r_32x512_8_contact_7" placed on top of itself.  Ignoring the extra one.
Error while reading cell "sky130_sram_2kbyte_1rw1r_32x512_8_row_cap_array_0" (byte position 1686680): Warning: cell "sky130_sram_2kbyte_1rw1r_32x512_8_contact_7" placed on top of itself.  Ignoring the extra one.
Error while reading cell "sky130_sram_2kbyte_1rw1r_32x512_8_row_cap_array_0" (byte position 1686976): Warning: cell "sky130_sram_2kbyte_1rw1r_32x512_8_contact_7" placed on top of itself.  Ignoring the extra one.
Error while reading cell "sky130_sram_2kbyte_1rw1r_32x512_8_row_cap_array_0" (byte position 1687272): Warning: cell "sky130_sram_2kbyte_1rw1r_32x512_8_contact_7" placed on top of itself.  Ignoring the extra one.
Error while reading cell "sky130_sram_2kbyte_1rw1r_32x512_8_row_cap_array_0" (byte position 1687568): Warning: cell "sky130_sram_2kbyte_1rw1r_32x512_8_contact_7" placed on top of itself.  Ignoring the extra one.
Error while reading cell "sky130_sram_2kbyte_1rw1r_32x512_8_row_cap_array_0" (byte position 1687864): Warning: cell "sky130_sram_2kbyte_1rw1r_32x512_8_contact_7" placed on top of itself.  Ignoring the extra one.
Error while reading cell "sky130_sram_2kbyte_1rw1r_32x512_8_row_cap_array_0" (byte position 1688160): Warning: cell "sky130_sram_2kbyte_1rw1r_32x512_8_contact_7" placed on top of itself.  Ignoring the extra one.
Error while reading cell "sky130_sram_2kbyte_1rw1r_32x512_8_row_cap_array_0" (byte position 1688456): Warning: cell "sky130_sram_2kbyte_1rw1r_32x512_8_contact_7" placed on top of itself.  Ignoring the extra one.
Error while reading cell "sky130_sram_2kbyte_1rw1r_32x512_8_row_cap_array_0" (byte position 1691356): Warning: cell "sky130_sram_2kbyte_1rw1r_32x512_8_contact_7" placed on top of itself.  Ignoring the extra one.
Error while reading cell "sky130_sram_2kbyte_1rw1r_32x512_8_row_cap_array_0" (byte position 1694310): Warning: cell "sky130_sram_2kbyte_1rw1r_32x512_8_contact_7" placed on top of itself.  Ignoring the extra one.
Error while reading cell "sky130_sram_2kbyte_1rw1r_32x512_8_row_cap_array_0" (byte position 1694606): Warning: cell "sky130_sram_2kbyte_1rw1r_32x512_8_contact_7" placed on top of itself.  Ignoring the extra one.
Error while reading cell "sky130_sram_2kbyte_1rw1r_32x512_8_row_cap_array_0" (byte position 1694902): Warning: cell "sky130_sram_2kbyte_1rw1r_32x512_8_contact_7" placed on top of itself.  Ignoring the extra one.
Error while reading cell "sky130_sram_2kbyte_1rw1r_32x512_8_row_cap_array_0" (byte position 1695198): Warning: cell "sky130_sram_2kbyte_1rw1r_32x512_8_contact_7" placed on top of itself.  Ignoring the extra one.
Error while reading cell "sky130_sram_2kbyte_1rw1r_32x512_8_row_cap_array_0" (byte position 1695494): Warning: cell "sky130_sram_2kbyte_1rw1r_32x512_8_contact_7" placed on top of itself.  Ignoring the extra one.
Error while reading cell "sky130_sram_2kbyte_1rw1r_32x512_8_row_cap_array_0" (byte position 1695790): Warning: cell "sky130_sram_2kbyte_1rw1r_32x512_8_contact_7" placed on top of itself.  Ignoring the extra one.
Error while reading cell "sky130_sram_2kbyte_1rw1r_32x512_8_row_cap_array_0" (byte position 1696086): Warning: cell "sky130_sram_2kbyte_1rw1r_32x512_8_contact_7" placed on top of itself.  Ignoring the extra one.
Error while reading cell "sky130_sram_2kbyte_1rw1r_32x512_8_row_cap_array_0" (byte position 1696382): Warning: cell "sky130_sram_2kbyte_1rw1r_32x512_8_contact_7" placed on top of itself.  Ignoring the extra one.
Error while reading cell "sky130_sram_2kbyte_1rw1r_32x512_8_row_cap_array_0" (byte position 1696678): Warning: cell "sky130_sram_2kbyte_1rw1r_32x512_8_contact_7" placed on top of itself.  Ignoring the extra one.
Error while reading cell "sky130_sram_2kbyte_1rw1r_32x512_8_row_cap_array_0" (byte position 1696974): Warning: cell "sky130_sram_2kbyte_1rw1r_32x512_8_contact_7" placed on top of itself.  Ignoring the extra one.
Error while reading cell "sky130_sram_2kbyte_1rw1r_32x512_8_row_cap_array_0" (byte position 1697270): Warning: cell "sky130_sram_2kbyte_1rw1r_32x512_8_contact_7" placed on top of itself.  Ignoring the extra one.
Error while reading cell "sky130_sram_2kbyte_1rw1r_32x512_8_row_cap_array_0" (byte position 1697566): Warning: cell "sky130_sram_2kbyte_1rw1r_32x512_8_contact_7" placed on top of itself.  Ignoring the extra one.
Error while reading cell "sky130_sram_2kbyte_1rw1r_32x512_8_row_cap_array_0" (byte position 1697862): Warning: cell "sky130_sram_2kbyte_1rw1r_32x512_8_contact_7" placed on top of itself.  Ignoring the extra one.
Error while reading cell "sky130_sram_2kbyte_1rw1r_32x512_8_row_cap_array_0" (byte position 1698158): Warning: cell "sky130_sram_2kbyte_1rw1r_32x512_8_contact_7" placed on top of itself.  Ignoring the extra one.
Error while reading cell "sky130_sram_2kbyte_1rw1r_32x512_8_row_cap_array_0" (byte position 1698454): Warning: cell "sky130_sram_2kbyte_1rw1r_32x512_8_contact_7" placed on top of itself.  Ignoring the extra one.
Reading "sky130_sram_2kbyte_1rw1r_32x512_8_row_cap_array".
Error while reading cell "sky130_sram_2kbyte_1rw1r_32x512_8_row_cap_array" (byte position 1777964): Warning: cell "sky130_sram_2kbyte_1rw1r_32x512_8_contact_7" placed on top of itself.  Ignoring the extra one.
Error while reading cell "sky130_sram_2kbyte_1rw1r_32x512_8_row_cap_array" (byte position 1780710): Warning: cell "sky130_sram_2kbyte_1rw1r_32x512_8_contact_7" placed on top of itself.  Ignoring the extra one.
Error while reading cell "sky130_sram_2kbyte_1rw1r_32x512_8_row_cap_array" (byte position 1781006): Warning: cell "sky130_sram_2kbyte_1rw1r_32x512_8_contact_7" placed on top of itself.  Ignoring the extra one.
Error while reading cell "sky130_sram_2kbyte_1rw1r_32x512_8_row_cap_array" (byte position 1781302): Warning: cell "sky130_sram_2kbyte_1rw1r_32x512_8_contact_7" placed on top of itself.  Ignoring the extra one.
Error while reading cell "sky130_sram_2kbyte_1rw1r_32x512_8_row_cap_array" (byte position 1781598): Warning: cell "sky130_sram_2kbyte_1rw1r_32x512_8_contact_7" placed on top of itself.  Ignoring the extra one.
Error while reading cell "sky130_sram_2kbyte_1rw1r_32x512_8_row_cap_array" (byte position 1781894): Warning: cell "sky130_sram_2kbyte_1rw1r_32x512_8_contact_7" placed on top of itself.  Ignoring the extra one.
Error while reading cell "sky130_sram_2kbyte_1rw1r_32x512_8_row_cap_array" (byte position 1782190): Warning: cell "sky130_sram_2kbyte_1rw1r_32x512_8_contact_7" placed on top of itself.  Ignoring the extra one.
Error while reading cell "sky130_sram_2kbyte_1rw1r_32x512_8_row_cap_array" (byte position 1782486): Warning: cell "sky130_sram_2kbyte_1rw1r_32x512_8_contact_7" placed on top of itself.  Ignoring the extra one.
Error while reading cell "sky130_sram_2kbyte_1rw1r_32x512_8_row_cap_array" (byte position 1782782): Warning: cell "sky130_sram_2kbyte_1rw1r_32x512_8_contact_7" placed on top of itself.  Ignoring the extra one.
Error while reading cell "sky130_sram_2kbyte_1rw1r_32x512_8_row_cap_array" (byte position 1783078): Warning: cell "sky130_sram_2kbyte_1rw1r_32x512_8_contact_7" placed on top of itself.  Ignoring the extra one.
Error while reading cell "sky130_sram_2kbyte_1rw1r_32x512_8_row_cap_array" (byte position 1783374): Warning: cell "sky130_sram_2kbyte_1rw1r_32x512_8_contact_7" placed on top of itself.  Ignoring the extra one.
Error while reading cell "sky130_sram_2kbyte_1rw1r_32x512_8_row_cap_array" (byte position 1783670): Warning: cell "sky130_sram_2kbyte_1rw1r_32x512_8_contact_7" placed on top of itself.  Ignoring the extra one.
Error while reading cell "sky130_sram_2kbyte_1rw1r_32x512_8_row_cap_array" (byte position 1783966): Warning: cell "sky130_sram_2kbyte_1rw1r_32x512_8_contact_7" placed on top of itself.  Ignoring the extra one.
Error while reading cell "sky130_sram_2kbyte_1rw1r_32x512_8_row_cap_array" (byte position 1784262): Warning: cell "sky130_sram_2kbyte_1rw1r_32x512_8_contact_7" placed on top of itself.  Ignoring the extra one.
Error while reading cell "sky130_sram_2kbyte_1rw1r_32x512_8_row_cap_array" (byte position 1784558): Warning: cell "sky130_sram_2kbyte_1rw1r_32x512_8_contact_7" placed on top of itself.  Ignoring the extra one.
Error while reading cell "sky130_sram_2kbyte_1rw1r_32x512_8_row_cap_array" (byte position 1784854): Warning: cell "sky130_sram_2kbyte_1rw1r_32x512_8_contact_7" placed on top of itself.  Ignoring the extra one.
Error while reading cell "sky130_sram_2kbyte_1rw1r_32x512_8_row_cap_array" (byte position 1785372): Warning: cell "sky130_sram_2kbyte_1rw1r_32x512_8_contact_7" placed on top of itself.  Ignoring the extra one.
Error while reading cell "sky130_sram_2kbyte_1rw1r_32x512_8_row_cap_array" (byte position 1785668): Warning: cell "sky130_sram_2kbyte_1rw1r_32x512_8_contact_7" placed on top of itself.  Ignoring the extra one.
Error while reading cell "sky130_sram_2kbyte_1rw1r_32x512_8_row_cap_array" (byte position 1785964): Warning: cell "sky130_sram_2kbyte_1rw1r_32x512_8_contact_7" placed on top of itself.  Ignoring the extra one.
Error while reading cell "sky130_sram_2kbyte_1rw1r_32x512_8_row_cap_array" (byte position 1786260): Warning: cell "sky130_sram_2kbyte_1rw1r_32x512_8_contact_7" placed on top of itself.  Ignoring the extra one.
Error while reading cell "sky130_sram_2kbyte_1rw1r_32x512_8_row_cap_array" (byte position 1786556): Warning: cell "sky130_sram_2kbyte_1rw1r_32x512_8_contact_7" placed on top of itself.  Ignoring the extra one.
Error while reading cell "sky130_sram_2kbyte_1rw1r_32x512_8_row_cap_array" (byte position 1786852): Warning: cell "sky130_sram_2kbyte_1rw1r_32x512_8_contact_7" placed on top of itself.  Ignoring the extra one.
Error while reading cell "sky130_sram_2kbyte_1rw1r_32x512_8_row_cap_array" (byte position 1787148): Warning: cell "sky130_sram_2kbyte_1rw1r_32x512_8_contact_7" placed on top of itself.  Ignoring the extra one.
Error while reading cell "sky130_sram_2kbyte_1rw1r_32x512_8_row_cap_array" (byte position 1787442): Warning: cell "sky130_sram_2kbyte_1rw1r_32x512_8_contact_7" placed on top of itself.  Ignoring the extra one.
Error while reading cell "sky130_sram_2kbyte_1rw1r_32x512_8_row_cap_array" (byte position 1789972): Warning: cell "sky130_sram_2kbyte_1rw1r_32x512_8_contact_7" placed on top of itself.  Ignoring the extra one.
Error while reading cell "sky130_sram_2kbyte_1rw1r_32x512_8_row_cap_array" (byte position 1790268): Warning: cell "sky130_sram_2kbyte_1rw1r_32x512_8_contact_7" placed on top of itself.  Ignoring the extra one.
Error while reading cell "sky130_sram_2kbyte_1rw1r_32x512_8_row_cap_array" (byte position 1790564): Warning: cell "sky130_sram_2kbyte_1rw1r_32x512_8_contact_7" placed on top of itself.  Ignoring the extra one.
Error while reading cell "sky130_sram_2kbyte_1rw1r_32x512_8_row_cap_array" (byte position 1790860): Warning: cell "sky130_sram_2kbyte_1rw1r_32x512_8_contact_7" placed on top of itself.  Ignoring the extra one.
Error while reading cell "sky130_sram_2kbyte_1rw1r_32x512_8_row_cap_array" (byte position 1791156): Warning: cell "sky130_sram_2kbyte_1rw1r_32x512_8_contact_7" placed on top of itself.  Ignoring the extra one.
Error while reading cell "sky130_sram_2kbyte_1rw1r_32x512_8_row_cap_array" (byte position 1791452): Warning: cell "sky130_sram_2kbyte_1rw1r_32x512_8_contact_7" placed on top of itself.  Ignoring the extra one.
Error while reading cell "sky130_sram_2kbyte_1rw1r_32x512_8_row_cap_array" (byte position 1791748): Warning: cell "sky130_sram_2kbyte_1rw1r_32x512_8_contact_7" placed on top of itself.  Ignoring the extra one.
Error while reading cell "sky130_sram_2kbyte_1rw1r_32x512_8_row_cap_array" (byte position 1791896): Warning: cell "sky130_sram_2kbyte_1rw1r_32x512_8_contact_7" placed on top of itself.  Ignoring the extra one.
Error limit set:  Remaining errors will not be reported.
Reading "sky130_sram_2kbyte_1rw1r_32x512_8_col_cap_array".
Reading "sky130_sram_2kbyte_1rw1r_32x512_8_col_cap_array_0".
Reading "sky130_sram_2kbyte_1rw1r_32x512_8_dummy_array".
Reading "sky130_sram_2kbyte_1rw1r_32x512_8_replica_column_0".
Reading "sky130_sram_2kbyte_1rw1r_32x512_8_replica_column".
Reading "sky130_sram_2kbyte_1rw1r_32x512_8_bitcell_array".
    5000 uses
    10000 uses
    15000 uses
Reading "sky130_sram_2kbyte_1rw1r_32x512_8_pdriver_6".
Reading "sky130_sram_2kbyte_1rw1r_32x512_8_dff_buf_array_0".
Reading "sky130_sram_2kbyte_1rw1r_32x512_8_pnand2_1".
Reading "sky130_sram_2kbyte_1rw1r_32x512_8_delay_chain".
Reading "sky130_sram_2kbyte_1rw1r_32x512_8_pand3_0".
Reading "sky130_sram_2kbyte_1rw1r_32x512_8_pand3".
Reading "sky130_sram_2kbyte_1rw1r_32x512_8_pdriver_3".
Reading "sky130_sram_2kbyte_1rw1r_32x512_8_pand2_1".
Reading "sky130_sram_2kbyte_1rw1r_32x512_8_pdriver_2".
Reading "sky130_sram_2kbyte_1rw1r_32x512_8_dff_buf_array".
Reading "sky130_sram_2kbyte_1rw1r_32x512_8_hierarchical_predecode2x4_0".
Reading "sky130_sram_2kbyte_1rw1r_32x512_8_port_address_0".
Reading "sky130_sram_2kbyte_1rw1r_32x512_8_port_address".
Reading "sky130_sram_2kbyte_1rw1r_32x512_8_port_data_0".
Reading "sky130_sram_2kbyte_1rw1r_32x512_8_port_data".
Reading "sky130_sram_2kbyte_1rw1r_32x512_8_replica_bitcell_array".
Reading "sky130_sram_2kbyte_1rw1r_32x512_8_contact_33".
Reading "sky130_sram_2kbyte_1rw1r_32x512_8_contact_32".
Reading "sky130_sram_2kbyte_1rw1r_32x512_8_contact_39".
Reading "sky130_sram_2kbyte_1rw1r_32x512_8_contact_38".
Reading "sky130_sram_2kbyte_1rw1r_32x512_8_cr_5".
Reading "sky130_sram_2kbyte_1rw1r_32x512_8_cr_4".
Reading "sky130_sram_2kbyte_1rw1r_32x512_8_cr_3".
Reading "sky130_sram_2kbyte_1rw1r_32x512_8_data_dff".
Reading "sky130_sram_2kbyte_1rw1r_32x512_8_wmask_dff".
Reading "sky130_sram_2kbyte_1rw1r_32x512_8_col_addr_dff".
Reading "sky130_sram_2kbyte_1rw1r_32x512_8_row_addr_dff".
Reading "sky130_sram_2kbyte_1rw1r_32x512_8_control_logic_r".
Reading "sky130_sram_2kbyte_1rw1r_32x512_8_control_logic_rw".
Reading "sky130_sram_2kbyte_1rw1r_32x512_8_bank".
Reading "sky130_sram_2kbyte_1rw1r_32x512_8".
Warning:  cell sky130_sram_2kbyte_1rw1r_32x512_8 already existed before reading GDS!
    5000 uses
   Generating output for cell sky130_ef_sc_hd__decap_12
   Generating output for cell sky130_fd_sc_hd__decap_3
   Generating output for cell sky130_fd_sc_hd__fill_1
   Generating output for cell sky130_fd_sc_hd__tapvpwrvgnd_1
   Generating output for cell sky130_fd_sc_hd__decap_4
   Generating output for cell sky130_fd_sc_hd__decap_6
   Generating output for cell sky130_fd_sc_hd__fill_2
   Generating output for cell sky130_fd_sc_hd__clkbuf_1
   Generating output for cell sky130_fd_sc_hd__diode_2
   Generating output for cell sky130_fd_sc_hd__decap_8
   Generating output for cell sky130_fd_sc_hd__buf_4
   Generating output for cell sky130_fd_sc_hd__buf_12
   Generating output for cell sky130_sram_2kbyte_1rw1r_32x512_8_contact_39
   Generating output for cell sky130_sram_2kbyte_1rw1r_32x512_8_contact_19
   Generating output for cell sky130_sram_2kbyte_1rw1r_32x512_8_contact_14
   Generating output for cell sky130_sram_2kbyte_1rw1r_32x512_8_contact_13
   Generating output for cell sky130_sram_2kbyte_1rw1r_32x512_8_contact_7
   Generating output for cell sky130_sram_2kbyte_1rw1r_32x512_8_contact_38
   Generating output for cell sky130_sram_2kbyte_1rw1r_32x512_8_contact_33
   Generating output for cell sky130_sram_2kbyte_1rw1r_32x512_8_contact_32
   Generating output for cell sky130_fd_bd_sram__openram_dff
   Generating output for cell sky130_sram_2kbyte_1rw1r_32x512_8_row_addr_dff
   Generating output for cell sky130_sram_2kbyte_1rw1r_32x512_8_wmask_dff
   Generating output for cell sky130_sram_2kbyte_1rw1r_32x512_8_cr_3
   Generating output for cell sky130_sram_2kbyte_1rw1r_32x512_8_col_addr_dff
   Generating output for cell sky130_sram_2kbyte_1rw1r_32x512_8_data_dff
   Generating output for cell sky130_sram_2kbyte_1rw1r_32x512_8_contact_16
   Generating output for cell sky130_sram_2kbyte_1rw1r_32x512_8_contact_29
   Generating output for cell sky130_sram_2kbyte_1rw1r_32x512_8_contact_28
   Generating output for cell sky130_sram_2kbyte_1rw1r_32x512_8_contact_11
   Generating output for cell sky130_sram_2kbyte_1rw1r_32x512_8_nmos_m1_w0_360_sli_dli_da_p
   Generating output for cell sky130_sram_2kbyte_1rw1r_32x512_8_contact_12
   Generating output for cell sky130_sram_2kbyte_1rw1r_32x512_8_pmos_m1_w1_120_sli_dli_da_p
   Generating output for cell sky130_sram_2kbyte_1rw1r_32x512_8_pinv_1
   Generating output for cell sky130_sram_2kbyte_1rw1r_32x512_8_nmos_m1_w0_740_sactive_dli
   Generating output for cell sky130_sram_2kbyte_1rw1r_32x512_8_nmos_m1_w0_740_sli_dactive
   Generating output for cell sky130_sram_2kbyte_1rw1r_32x512_8_pmos_m1_w1_120_sli_dli
   Generating output for cell sky130_sram_2kbyte_1rw1r_32x512_8_pnand2_1
   Generating output for cell sky130_sram_2kbyte_1rw1r_32x512_8_nmos_m3_w1_680_sli_dli_da_p
   Generating output for cell sky130_sram_2kbyte_1rw1r_32x512_8_pmos_m3_w1_680_sli_dli_da_p
   Generating output for cell sky130_sram_2kbyte_1rw1r_32x512_8_pinv_3
   Generating output for cell sky130_sram_2kbyte_1rw1r_32x512_8_nmos_m2_w0_740_sli_dli_da_p
   Generating output for cell sky130_sram_2kbyte_1rw1r_32x512_8_pmos_m2_w1_260_sli_dli_da_p
   Generating output for cell sky130_sram_2kbyte_1rw1r_32x512_8_pinv_2
   Generating output for cell sky130_sram_2kbyte_1rw1r_32x512_8_dff_buf_0
   Generating output for cell sky130_sram_2kbyte_1rw1r_32x512_8_dff_buf_array
   Generating output for cell sky130_sram_2kbyte_1rw1r_32x512_8_nmos_m7_w1_680_sli_dli_da_p
   Generating output for cell sky130_sram_2kbyte_1rw1r_32x512_8_pmos_m7_w2_000_sli_dli_da_p
   Generating output for cell sky130_sram_2kbyte_1rw1r_32x512_8_pinv_4
   Generating output for cell sky130_sram_2kbyte_1rw1r_32x512_8_pdriver_1
   Generating output for cell sky130_sram_2kbyte_1rw1r_32x512_8_pnand2_0
   Generating output for cell sky130_sram_2kbyte_1rw1r_32x512_8_pand2_1
   Generating output for cell sky130_sram_2kbyte_1rw1r_32x512_8_nmos_m24_w2_000_sli_dli_da_p
   Generating output for cell sky130_sram_2kbyte_1rw1r_32x512_8_pmos_m24_w2_000_sli_dli_da_p
   Generating output for cell sky130_sram_2kbyte_1rw1r_32x512_8_pinv_14
   Generating output for cell sky130_sram_2kbyte_1rw1r_32x512_8_nmos_m8_w2_000_sli_dli_da_p
   Generating output for cell sky130_sram_2kbyte_1rw1r_32x512_8_pmos_m8_w2_000_sli_dli_da_p
   Generating output for cell sky130_sram_2kbyte_1rw1r_32x512_8_pinv_13
   Generating output for cell sky130_sram_2kbyte_1rw1r_32x512_8_nmos_m3_w2_000_sli_dli_da_p
   Generating output for cell sky130_sram_2kbyte_1rw1r_32x512_8_pmos_m3_w2_000_sli_dli_da_p
   Generating output for cell sky130_sram_2kbyte_1rw1r_32x512_8_pinv_12
   Generating output for cell sky130_sram_2kbyte_1rw1r_32x512_8_pinv_11
   Generating output for cell sky130_sram_2kbyte_1rw1r_32x512_8_pinv_0
   Generating output for cell sky130_sram_2kbyte_1rw1r_32x512_8_pdriver_3
   Generating output for cell sky130_sram_2kbyte_1rw1r_32x512_8_pinv_17
   Generating output for cell sky130_sram_2kbyte_1rw1r_32x512_8_delay_chain
   Generating output for cell sky130_sram_2kbyte_1rw1r_32x512_8_nmos_m18_w2_000_sli_dli_da_p
   Generating output for cell sky130_sram_2kbyte_1rw1r_32x512_8_pmos_m18_w2_000_sli_dli_da_p
   Generating output for cell sky130_sram_2kbyte_1rw1r_32x512_8_pinv_16
   Generating output for cell sky130_sram_2kbyte_1rw1r_32x512_8_pdriver_5
   Generating output for cell sky130_sram_2kbyte_1rw1r_32x512_8_nmos_m1_w0_740_sactive_dactive
   Generating output for cell sky130_sram_2kbyte_1rw1r_32x512_8_pnand3
   Generating output for cell sky130_sram_2kbyte_1rw1r_32x512_8_pand3_0
   Generating output for cell sky130_sram_2kbyte_1rw1r_32x512_8_nmos_m22_w2_000_sli_dli_da_p
   Generating output for cell sky130_sram_2kbyte_1rw1r_32x512_8_pmos_m22_w2_000_sli_dli_da_p
   Generating output for cell sky130_sram_2kbyte_1rw1r_32x512_8_pinv_15
   Generating output for cell sky130_sram_2kbyte_1rw1r_32x512_8_pdriver_4
   Generating output for cell sky130_sram_2kbyte_1rw1r_32x512_8_pand3
   Generating output for cell sky130_sram_2kbyte_1rw1r_32x512_8_nmos_m42_w2_000_sli_dli_da_p
   Generating output for cell sky130_sram_2kbyte_1rw1r_32x512_8_pmos_m42_w2_000_sli_dli_da_p
   Generating output for cell sky130_sram_2kbyte_1rw1r_32x512_8_pinv_10
   Generating output for cell sky130_sram_2kbyte_1rw1r_32x512_8_nmos_m15_w2_000_sli_dli_da_p
   Generating output for cell sky130_sram_2kbyte_1rw1r_32x512_8_pmos_m15_w2_000_sli_dli_da_p
   Generating output for cell sky130_sram_2kbyte_1rw1r_32x512_8_pinv_9
   Generating output for cell sky130_sram_2kbyte_1rw1r_32x512_8_nmos_m5_w2_000_sli_dli_da_p
   Generating output for cell sky130_sram_2kbyte_1rw1r_32x512_8_pmos_m5_w2_000_sli_dli_da_p
   Generating output for cell sky130_sram_2kbyte_1rw1r_32x512_8_pinv_8
   Generating output for cell sky130_sram_2kbyte_1rw1r_32x512_8_nmos_m2_w1_260_sli_dli_da_p
   Generating output for cell sky130_sram_2kbyte_1rw1r_32x512_8_pmos_m2_w2_000_sli_dli_da_p
   Generating output for cell sky130_sram_2kbyte_1rw1r_32x512_8_pinv_7
   Generating output for cell sky130_sram_2kbyte_1rw1r_32x512_8_pdriver_2
   Generating output for cell sky130_sram_2kbyte_1rw1r_32x512_8_control_logic_rw
   Generating output for cell sky130_sram_2kbyte_1rw1r_32x512_8_cr_5
   Generating output for cell sky130_sram_2kbyte_1rw1r_32x512_8_dff_buf_array_0
   Generating output for cell sky130_sram_2kbyte_1rw1r_32x512_8_nmos_m41_w2_000_sli_dli_da_p
   Generating output for cell sky130_sram_2kbyte_1rw1r_32x512_8_pmos_m41_w2_000_sli_dli_da_p
   Generating output for cell sky130_sram_2kbyte_1rw1r_32x512_8_pinv_20
   Generating output for cell sky130_sram_2kbyte_1rw1r_32x512_8_nmos_m14_w2_000_sli_dli_da_p
   Generating output for cell sky130_sram_2kbyte_1rw1r_32x512_8_pmos_m14_w2_000_sli_dli_da_p
   Generating output for cell sky130_sram_2kbyte_1rw1r_32x512_8_pinv_19
   Generating output for cell sky130_sram_2kbyte_1rw1r_32x512_8_nmos_m5_w1_680_sli_dli_da_p
   Generating output for cell sky130_sram_2kbyte_1rw1r_32x512_8_pinv_18
   Generating output for cell sky130_sram_2kbyte_1rw1r_32x512_8_pdriver_6
   Generating output for cell sky130_sram_2kbyte_1rw1r_32x512_8_control_logic_r
   Generating output for cell sky130_sram_2kbyte_1rw1r_32x512_8_cr_4
   Generating output for cell sky130_sram_2kbyte_1rw1r_32x512_8_contact_20
   Generating output for cell sky130_sram_2kbyte_1rw1r_32x512_8_contact_17
   Generating output for cell sky130_sram_2kbyte_1rw1r_32x512_8_pdriver_0
   Generating output for cell sky130_sram_2kbyte_1rw1r_32x512_8_pand2_0
   Generating output for cell sky130_sram_2kbyte_1rw1r_32x512_8_hierarchical_predecode2x4_0
   Generating output for cell sky130_sram_2kbyte_1rw1r_32x512_8_contact_15
   Generating output for cell sky130_sram_2kbyte_1rw1r_32x512_8_nmos_m1_w7_000_sli_dli_da_p
   Generating output for cell sky130_sram_2kbyte_1rw1r_32x512_8_pmos_m1_w7_000_sli_dli_da_p
   Generating output for cell sky130_sram_2kbyte_1rw1r_32x512_8_pinv_dec_0
   Generating output for cell sky130_fd_bd_sram__openram_dp_nand2_dec
   Generating output for cell sky130_sram_2kbyte_1rw1r_32x512_8_and2_dec_0
   Generating output for cell sky130_sram_2kbyte_1rw1r_32x512_8_wordline_driver
   Generating output for cell sky130_sram_2kbyte_1rw1r_32x512_8_wordline_driver_array
   Generating output for cell sky130_sram_2kbyte_1rw1r_32x512_8_pinv_dec
   Generating output for cell sky130_fd_bd_sram__openram_dp_nand3_dec
   Generating output for cell sky130_sram_2kbyte_1rw1r_32x512_8_and3_dec
   Generating output for cell sky130_sram_2kbyte_1rw1r_32x512_8_hierarchical_predecode3x8
   Generating output for cell sky130_sram_2kbyte_1rw1r_32x512_8_and2_dec
   Generating output for cell sky130_sram_2kbyte_1rw1r_32x512_8_hierarchical_predecode2x4
   Generating output for cell sky130_sram_2kbyte_1rw1r_32x512_8_hierarchical_decoder
   Generating output for cell sky130_sram_2kbyte_1rw1r_32x512_8_port_address_0
   Generating output for cell sky130_sram_2kbyte_1rw1r_32x512_8_port_address
   Generating output for cell sky130_sram_2kbyte_1rw1r_32x512_8_contact_27
   Generating output for cell sky130_sram_2kbyte_1rw1r_32x512_8_contact_26
   Generating output for cell sky130_sram_2kbyte_1rw1r_32x512_8_contact_25
   Generating output for cell sky130_sram_2kbyte_1rw1r_32x512_8_contact_24
   Generating output for cell sky130_sram_2kbyte_1rw1r_32x512_8_nmos_m1_w2_880_sli_dli
   Generating output for cell sky130_sram_2kbyte_1rw1r_32x512_8_column_mux_0
   Generating output for cell sky130_sram_2kbyte_1rw1r_32x512_8_column_mux_array_0
   Generating output for cell sky130_fd_bd_sram__openram_sense_amp
   Generating output for cell sky130_sram_2kbyte_1rw1r_32x512_8_sense_amp_array
   Generating output for cell sky130_sram_2kbyte_1rw1r_32x512_8_contact_23
   Generating output for cell sky130_sram_2kbyte_1rw1r_32x512_8_contact_21
   Generating output for cell sky130_sram_2kbyte_1rw1r_32x512_8_contact_22
   Generating output for cell sky130_sram_2kbyte_1rw1r_32x512_8_pmos_m1_w0_550_sli_dli
   Generating output for cell sky130_sram_2kbyte_1rw1r_32x512_8_precharge_1
   Generating output for cell sky130_sram_2kbyte_1rw1r_32x512_8_precharge_array_0
   Generating output for cell sky130_sram_2kbyte_1rw1r_32x512_8_port_data_0
   Generating output for cell sky130_sram_2kbyte_1rw1r_32x512_8_column_mux
   Generating output for cell sky130_sram_2kbyte_1rw1r_32x512_8_column_mux_array
   Generating output for cell sky130_sram_2kbyte_1rw1r_32x512_8_pinv
   Generating output for cell sky130_sram_2kbyte_1rw1r_32x512_8_pdriver
   Generating output for cell sky130_sram_2kbyte_1rw1r_32x512_8_pnand2
   Generating output for cell sky130_sram_2kbyte_1rw1r_32x512_8_pand2
   Generating output for cell sky130_sram_2kbyte_1rw1r_32x512_8_write_mask_and_array
   Generating output for cell sky130_fd_bd_sram__openram_write_driver
   Generating output for cell sky130_sram_2kbyte_1rw1r_32x512_8_write_driver_array
   Generating output for cell sky130_sram_2kbyte_1rw1r_32x512_8_precharge_0
   Generating output for cell sky130_sram_2kbyte_1rw1r_32x512_8_precharge_array
   Generating output for cell sky130_sram_2kbyte_1rw1r_32x512_8_port_data
   Generating output for cell sky130_sram_2kbyte_1rw1r_32x512_8_contact_9
   Generating output for cell sky130_sram_2kbyte_1rw1r_32x512_8_contact_8
   Generating output for cell sky130_fd_bd_sram__openram_dp_cell_cap_row
   Generating output for cell sky130_sram_2kbyte_1rw1r_32x512_8_row_cap_array_0
   Generating output for cell sky130_sram_2kbyte_1rw1r_32x512_8_row_cap_array
   Generating output for cell sky130_fd_bd_sram__openram_dp_cell_cap_col
   Generating output for cell sky130_sram_2kbyte_1rw1r_32x512_8_col_cap_array
   Generating output for cell sky130_sram_2kbyte_1rw1r_32x512_8_col_cap_array_0
   Generating output for cell sky130_fd_bd_sram__openram_dp_cell_dummy
   Generating output for cell sky130_sram_2kbyte_1rw1r_32x512_8_dummy_array
   Generating output for cell sky130_fd_bd_sram__openram_dp_cell_replica
   Generating output for cell sky130_sram_2kbyte_1rw1r_32x512_8_replica_column_0
   Generating output for cell sky130_sram_2kbyte_1rw1r_32x512_8_replica_column
   Generating output for cell sky130_fd_bd_sram__openram_dp_cell
   Generating output for cell sky130_sram_2kbyte_1rw1r_32x512_8_bitcell_array
   Generating output for cell sky130_sram_2kbyte_1rw1r_32x512_8_replica_bitcell_array
   Generating output for cell sky130_sram_2kbyte_1rw1r_32x512_8_bank
   Generating output for cell sky130_sram_2kbyte_1rw1r_32x512_8
   Generating output for cell sky130_fd_sc_hd__clkbuf_2
   Generating output for cell sky130_fd_sc_hd__conb_1
   Generating output for cell sky130_fd_sc_hd__dfrtp_4
   Generating output for cell sky130_fd_sc_hd__mux2_1
   Generating output for cell sky130_fd_sc_hd__clkbuf_16
   Generating output for cell sky130_fd_sc_hd__inv_2
   Generating output for cell sky130_fd_sc_hd__buf_6
   Generating output for cell sky130_fd_sc_hd__clkbuf_8
   Generating output for cell sky130_fd_sc_hd__clkbuf_4
   Generating output for cell sky130_fd_sc_hd__dfxtp_1
   Generating output for cell sky130_fd_sc_hd__or2_1
   Generating output for cell sky130_fd_sc_hd__buf_8
   Generating output for cell sky130_fd_sc_hd__buf_2
   Generating output for cell sky130_fd_sc_hd__o21a_1
   Generating output for cell sky130_fd_sc_hd__o211a_1
   Generating output for cell sky130_fd_sc_hd__a221o_1
   Generating output for cell sky130_fd_sc_hd__a211o_1
   Generating output for cell sky130_fd_sc_hd__a21o_1
   Generating output for cell sky130_fd_sc_hd__o32a_1
   Generating output for cell sky130_fd_sc_hd__dfxtp_4
   Generating output for cell sky130_fd_sc_hd__dfrtp_2
   Generating output for cell sky130_fd_sc_hd__dfxtp_2
   Generating output for cell sky130_fd_sc_hd__o22a_1
   Generating output for cell sky130_fd_sc_hd__a32o_1
   Generating output for cell sky130_fd_sc_hd__a32o_2
   Generating output for cell sky130_fd_sc_hd__and3_1
   Generating output for cell sky130_fd_sc_hd__a32oi_4
   Generating output for cell sky130_fd_sc_hd__o211a_2
   Generating output for cell sky130_fd_sc_hd__a21oi_1
   Generating output for cell sky130_fd_sc_hd__a32o_4
   Generating output for cell sky130_fd_sc_hd__a21oi_2
   Generating output for cell sky130_fd_sc_hd__a21oi_4
   Generating output for cell sky130_fd_sc_hd__nand2_1
   Generating output for cell sky130_fd_sc_hd__nand2_8
   Generating output for cell sky130_fd_sc_hd__a2bb2o_1
   Generating output for cell sky130_fd_sc_hd__o21ai_2
   Generating output for cell sky130_fd_sc_hd__o21ai_1
   Generating output for cell sky130_fd_sc_hd__nand2_2
   Generating output for cell sky130_fd_sc_hd__o21ai_4
   Generating output for cell sky130_fd_sc_hd__nor2_1
   Generating output for cell sky130_fd_sc_hd__nor2_2
   Generating output for cell sky130_fd_sc_hd__nand2_4
   Generating output for cell sky130_fd_sc_hd__o2bb2a_2
   Generating output for cell sky130_fd_sc_hd__a22o_1
   Generating output for cell sky130_fd_sc_hd__o22a_2
   Generating output for cell sky130_fd_sc_hd__nor2_4
   Generating output for cell sky130_fd_sc_hd__o21bai_4
   Generating output for cell sky130_fd_sc_hd__a31o_4
   Generating output for cell sky130_fd_sc_hd__or3b_1
   Generating output for cell sky130_fd_sc_hd__a311o_4
   Generating output for cell sky130_fd_sc_hd__o21bai_1
   Generating output for cell sky130_fd_sc_hd__o211ai_1
   Generating output for cell sky130_fd_sc_hd__and2_1
   Generating output for cell sky130_fd_sc_hd__or4b_1
   Generating output for cell sky130_fd_sc_hd__nor2b_4
   Generating output for cell sky130_fd_sc_hd__or2b_1
   Generating output for cell sky130_fd_sc_hd__o21a_2
   Generating output for cell sky130_fd_sc_hd__o2bb2a_1
   Generating output for cell sky130_fd_sc_hd__nand2b_4
   Generating output for cell sky130_fd_sc_hd__mux2_2
   Generating output for cell sky130_fd_sc_hd__or4_1
   Generating output for cell sky130_fd_sc_hd__xnor2_2
   Generating output for cell sky130_fd_sc_hd__o21ba_1
   Generating output for cell sky130_fd_sc_hd__a211o_4
   Generating output for cell sky130_fd_sc_hd__nor4_1
   Generating output for cell sky130_fd_sc_hd__a21boi_1
   Generating output for cell sky130_fd_sc_hd__a21o_4
   Generating output for cell sky130_fd_sc_hd__and4b_1
   Generating output for cell sky130_fd_sc_hd__a31o_1
   Generating output for cell sky130_fd_sc_hd__or3_1
   Generating output for cell sky130_fd_sc_hd__xnor2_1
   Generating output for cell sky130_fd_sc_hd__o211ai_2
   Generating output for cell sky130_fd_sc_hd__and3_4
   Generating output for cell sky130_fd_sc_hd__a31oi_1
   Generating output for cell sky130_fd_sc_hd__nand2b_2
   Generating output for cell sky130_fd_sc_hd__mux2_4
   Generating output for cell sky130_fd_sc_hd__or3_4
   Generating output for cell sky130_fd_sc_hd__o221a_2
   Generating output for cell sky130_fd_sc_hd__dfrtp_1
   Generating output for cell sky130_fd_sc_hd__o31ai_1
   Generating output for cell sky130_fd_sc_hd__and3b_2
   Generating output for cell sky130_fd_sc_hd__a32oi_1
   Generating output for cell sky130_fd_sc_hd__or2_4
   Generating output for cell sky130_fd_sc_hd__or3b_4
   Generating output for cell sky130_fd_sc_hd__a21bo_1
   Generating output for cell sky130_fd_sc_hd__and3_2
   Generating output for cell sky130_fd_sc_hd__and3b_1
   Generating output for cell sky130_fd_sc_hd__clkinv_2
   Generating output for cell sky130_fd_sc_hd__nand3b_1
   Generating output for cell sky130_fd_sc_hd__o221ai_1
   Generating output for cell sky130_fd_sc_hd__o221a_1
   Generating output for cell sky130_fd_sc_hd__o31ai_2
   Generating output for cell sky130_fd_sc_hd__o31a_1
   Generating output for cell sky130_fd_sc_hd__xor2_1
   Generating output for cell sky130_fd_sc_hd__a22o_2
   Generating output for cell sky130_fd_sc_hd__and2b_1
   Generating output for cell sky130_fd_sc_hd__a311o_1
   Generating output for cell sky130_fd_sc_hd__o311a_1
   Generating output for cell sky130_fd_sc_hd__nor3_1
   Generating output for cell sky130_fd_sc_hd__a221oi_4
   Generating output for cell sky130_fd_sc_hd__a221o_4
   Generating output for cell sky130_fd_sc_hd__a22oi_1
   Generating output for cell sky130_fd_sc_hd__o32a_2
   Generating output for cell sky130_fd_sc_hd__o2111a_1
   Generating output for cell sky130_fd_sc_hd__nor2b_1
   Generating output for cell sky130_fd_sc_hd__a2bb2o_2
   Generating output for cell sky130_fd_sc_hd__a41o_1
   Generating output for cell sky130_fd_sc_hd__o21bai_2
   Generating output for cell sky130_fd_sc_hd__and4_1
   Generating output for cell sky130_fd_sc_hd__nor2b_2
   Generating output for cell sky130_fd_sc_hd__a221o_2
   Generating output for cell sky130_fd_sc_hd__o22ai_2
   Generating output for cell sky130_fd_sc_hd__or2_2
   Generating output for cell sky130_fd_sc_hd__o22a_4
   Generating output for cell sky130_fd_sc_hd__xor2_4
   Generating output for cell sky130_fd_sc_hd__a211oi_4
   Generating output for cell sky130_fd_sc_hd__a21o_2
   Generating output for cell sky130_fd_sc_hd__nand3_1
   Generating output for cell sky130_fd_sc_hd__a31o_2
   Generating output for cell sky130_fd_sc_hd__nand2b_1
   Generating output for cell sky130_fd_sc_hd__a2111o_1
   Generating output for cell sky130_fd_sc_hd__a211oi_1
   Generating output for cell sky130_fd_sc_hd__dlymetal6s2s_1
   Generating output for cell sky130_fd_sc_hd__or4_2
   Generating output for cell sky130_fd_sc_hd__o2bb2a_4
   Generating output for cell sky130_fd_sc_hd__nand4_2
   Generating output for cell sky130_fd_sc_hd__a31oi_2
   Generating output for cell sky130_fd_sc_hd__a211o_2
   Generating output for cell sky130_fd_sc_hd__o2bb2ai_1
   Generating output for cell sky130_fd_sc_hd__o2bb2ai_2
   Generating output for cell sky130_fd_sc_hd__a31oi_4
   Generating output for cell sky130_fd_sc_hd__nor2_8
   Generating output for cell sky130_fd_sc_hd__a22oi_2
   Generating output for cell sky130_fd_sc_hd__o32ai_1
   Generating output for cell sky130_fd_sc_hd__nor4_4
   Generating output for cell sky130_fd_sc_hd__nor3_4
   Generating output for cell sky130_fd_sc_hd__or4b_2
   Generating output for cell sky130_fd_sc_hd__nand4_1
   Generating output for cell sky130_fd_sc_hd__or3b_2
   Generating output for cell sky130_fd_sc_hd__clkinv_16
   Generating output for cell sky130_fd_sc_hd__and4_2
   Generating output for cell sky130_fd_sc_hd__nor3b_1
   Generating output for cell sky130_fd_sc_hd__dfstp_2
   Generating output for cell sky130_fd_sc_hd__a22o_4
   Generating output for cell sky130_fd_sc_hd__a211oi_2
   Generating output for cell sky130_fd_sc_hd__and2_4
   Generating output for cell sky130_fd_sc_hd__o22ai_1
   Generating output for cell sky130_fd_sc_hd__and2_2
   Generating output for cell sky130_fd_sc_hd__clkinv_4
   Generating output for cell sky130_fd_sc_hd__dfstp_1
   Generating output for cell sky130_fd_sc_hd__nor4b_4
   Generating output for cell sky130_fd_sc_hd__nand4_4
   Generating output for cell sky130_fd_sc_hd__and4bb_2
   Generating output for cell sky130_fd_sc_hd__nand3_4
   Generating output for cell sky130_fd_sc_hd__o31a_2
   Generating output for cell sky130_fd_sc_hd__o41a_1
   Generating output for cell sky130_fd_sc_hd__or3_2
   Generating output for cell sky130_fd_sc_hd__or4b_4
   Generating output for cell sky130_fd_sc_hd__o21a_4
   Generating output for cell sky130_fd_sc_hd__nand3b_4
   Generating output for cell sky130_fd_sc_hd__or2b_2
   Generating output for cell sky130_fd_sc_hd__nand3_2
   Generating output for cell sky130_fd_sc_hd__nor3b_4
   Generating output for cell sky130_fd_sc_hd__a41o_4
   Generating output for cell sky130_fd_sc_hd__buf_1
   Generating output for cell hdp_rv151
[INFO]: GDS Write Complete
