OpenROAD c295b08a99aacb6147b9c51104627e78ac3859e3 
This program is licensed under the BSD-3 license. See the LICENSE file for details.
Components of this program may be licensed under more restrictive licenses which must be honored.
[INFO ODB-0222] Reading LEF file: /openlane/designs/hdp_rv151/runs/full_guide/tmp/merged.nom.lef
[WARNING ODB-0220] WARNING (LEFPARS-2036): SOURCE statement is obsolete in version 5.6 and later.
The LEF parser will ignore this statement.
To avoid this warning in the future, remove this statement from the LEF file with version 5.6 or later. See file /openlane/designs/hdp_rv151/runs/full_guide/tmp/merged.nom.lef at line 930.

[INFO ODB-0223]     Created 13 technology layers
[INFO ODB-0224]     Created 25 technology vias
[INFO ODB-0225]     Created 442 library cells
[INFO ODB-0226] Finished LEF file:  /openlane/designs/hdp_rv151/runs/full_guide/tmp/merged.nom.lef
[INFO ODB-0127] Reading DEF file: /openlane/designs/hdp_rv151/runs/full_guide/results/routing/hdp_rv151.def
[INFO ODB-0128] Design: hdp_rv151
[INFO ODB-0094] 		Created 100000 Insts
[INFO ODB-0094] 		Created 200000 Insts
[INFO ODB-0094] 		Created 300000 Insts
[INFO ODB-0130]     Created 40 pins.
[INFO ODB-0131]     Created 326125 components and 1254954 component-terminals.
[INFO ODB-0132]     Created 2 special nets and 1215736 connections.
[INFO ODB-0133]     Created 11430 nets and 39068 connections.
[INFO ODB-0134] Finished DEF file: /openlane/designs/hdp_rv151/runs/full_guide/results/routing/hdp_rv151.def
Top-level design name: hdp_rv151
Found default power net 'vccd1'
Found default ground net 'vssd1'
Found 1 power ports.
Found 1 ground ports.
Modified power connections of 326125/326125 cells.
