
===========================================================================
report_checks -path_delay min (Hold)
============================================================================
Startpoint: io_cslt (input port clocked by ick)
Endpoint: _18646_ (removal check against rising-edge clock ick)
Path Group: **async_default**
Path Type: min

Fanout     Cap    Slew   Delay    Time   Description
-----------------------------------------------------------------------------
                          0.00    0.00   clock ick (rise edge)
                          0.00    0.00   clock network delay (propagated)
                         15.00   15.00 v input external delay
                  0.00    0.00   15.00 v io_cslt (in)
     1    0.00                           io_cslt (net)
                  0.00    0.00   15.00 v input10/A (sky130_fd_sc_hd__buf_4)
                  0.09    0.16   15.16 v input10/X (sky130_fd_sc_hd__buf_4)
     3    0.06                           net10 (net)
                  0.09    0.02   15.18 v _13512_/A2 (sky130_fd_sc_hd__o21a_4)
                  0.12    0.28   15.46 v _13512_/X (sky130_fd_sc_hd__o21a_4)
     1    0.09                           _07850_ (net)
                  0.14    0.04   15.50 v _13513_/A (sky130_fd_sc_hd__clkbuf_4)
                  0.09    0.22   15.72 v _13513_/X (sky130_fd_sc_hd__clkbuf_4)
     7    0.04                           _07851_ (net)
                  0.09    0.00   15.73 v _16318_/A (sky130_fd_sc_hd__buf_6)
                  0.07    0.17   15.89 v _16318_/X (sky130_fd_sc_hd__buf_6)
    10    0.06                           _02774_ (net)
                  0.07    0.00   15.90 v _16911_/A (sky130_fd_sc_hd__buf_6)
                  0.07    0.17   16.06 v _16911_/X (sky130_fd_sc_hd__buf_6)
    10    0.08                           _03045_ (net)
                  0.08    0.01   16.07 v _16919_/A (sky130_fd_sc_hd__inv_2)
                  0.03    0.05   16.12 ^ _16919_/Y (sky130_fd_sc_hd__inv_2)
     1    0.00                           _00468_ (net)
                  0.03    0.00   16.12 ^ _18646_/RESET_B (sky130_fd_sc_hd__dfrtp_4)
                                 16.12   data arrival time

                          0.00    0.00   clock ick (rise edge)
                          0.00    0.00   clock source latency
                  0.00    0.00    0.00 ^ io_clk (in)
     1    0.02                           io_clk (net)
                  0.00    0.00    0.00 ^ _13581_/A1 (sky130_fd_sc_hd__mux2_2)
                  0.05    0.12    0.13 ^ _13581_/X (sky130_fd_sc_hd__mux2_2)
     1    0.00                           _07888_ (net)
                  0.05    0.00    0.13 ^ _13582_/A (sky130_fd_sc_hd__buf_1)
                  1.46    1.08    1.21 ^ _13582_/X (sky130_fd_sc_hd__buf_1)
     1    0.13                           soc.bspi.b2o.wck (net)
                  1.47    0.09    1.30 ^ clkbuf_0_soc.bspi.b2o.wck/A (sky130_fd_sc_hd__clkbuf_16)
                  0.11    0.40    1.70 ^ clkbuf_0_soc.bspi.b2o.wck/X (sky130_fd_sc_hd__clkbuf_16)
     2    0.07                           clknet_0_soc.bspi.b2o.wck (net)
                  0.11    0.01    1.70 ^ clkbuf_1_0_0_soc.bspi.b2o.wck/A (sky130_fd_sc_hd__clkbuf_8)
                  0.10    0.20    1.90 ^ clkbuf_1_0_0_soc.bspi.b2o.wck/X (sky130_fd_sc_hd__clkbuf_8)
     2    0.05                           clknet_1_0_0_soc.bspi.b2o.wck (net)
                  0.10    0.00    1.91 ^ clkbuf_2_0_0_soc.bspi.b2o.wck/A (sky130_fd_sc_hd__clkbuf_8)
                  0.10    0.19    2.10 ^ clkbuf_2_0_0_soc.bspi.b2o.wck/X (sky130_fd_sc_hd__clkbuf_8)
     2    0.05                           clknet_2_0_0_soc.bspi.b2o.wck (net)
                  0.10    0.01    2.11 ^ clkbuf_3_0_0_soc.bspi.b2o.wck/A (sky130_fd_sc_hd__clkbuf_8)
                  0.13    0.22    2.33 ^ clkbuf_3_0_0_soc.bspi.b2o.wck/X (sky130_fd_sc_hd__clkbuf_8)
     2    0.07                           clknet_3_0_0_soc.bspi.b2o.wck (net)
                  0.13    0.01    2.34 ^ clkbuf_4_1__f_soc.bspi.b2o.wck/A (sky130_fd_sc_hd__clkbuf_16)
                  0.18    0.27    2.60 ^ clkbuf_4_1__f_soc.bspi.b2o.wck/X (sky130_fd_sc_hd__clkbuf_16)
     8    0.17                           clknet_4_1__leaf_soc.bspi.b2o.wck (net)
                  0.19    0.03    2.64 ^ clkbuf_leaf_207_soc.bspi.b2o.wck/A (sky130_fd_sc_hd__clkbuf_16)
                  0.04    0.18    2.81 ^ clkbuf_leaf_207_soc.bspi.b2o.wck/X (sky130_fd_sc_hd__clkbuf_16)
     5    0.01                           clknet_leaf_207_soc.bspi.b2o.wck (net)
                  0.04    0.00    2.81 ^ _18646_/CLK (sky130_fd_sc_hd__dfrtp_4)
                          0.00    2.81   clock reconvergence pessimism
                          0.31    3.13   library removal time
                                  3.13   data required time
-----------------------------------------------------------------------------
                                  3.13   data required time
                                -16.12   data arrival time
-----------------------------------------------------------------------------
                                 13.00   slack (MET)


Startpoint: io_cslt (input port clocked by ick)
Endpoint: _18647_ (removal check against rising-edge clock ick)
Path Group: **async_default**
Path Type: min

Fanout     Cap    Slew   Delay    Time   Description
-----------------------------------------------------------------------------
                          0.00    0.00   clock ick (rise edge)
                          0.00    0.00   clock network delay (propagated)
                         15.00   15.00 v input external delay
                  0.00    0.00   15.00 v io_cslt (in)
     1    0.00                           io_cslt (net)
                  0.00    0.00   15.00 v input10/A (sky130_fd_sc_hd__buf_4)
                  0.09    0.16   15.16 v input10/X (sky130_fd_sc_hd__buf_4)
     3    0.06                           net10 (net)
                  0.09    0.02   15.18 v _13512_/A2 (sky130_fd_sc_hd__o21a_4)
                  0.12    0.28   15.46 v _13512_/X (sky130_fd_sc_hd__o21a_4)
     1    0.09                           _07850_ (net)
                  0.14    0.04   15.50 v _13513_/A (sky130_fd_sc_hd__clkbuf_4)
                  0.09    0.22   15.72 v _13513_/X (sky130_fd_sc_hd__clkbuf_4)
     7    0.04                           _07851_ (net)
                  0.09    0.00   15.73 v _16318_/A (sky130_fd_sc_hd__buf_6)
                  0.07    0.17   15.89 v _16318_/X (sky130_fd_sc_hd__buf_6)
    10    0.06                           _02774_ (net)
                  0.07    0.00   15.90 v _16911_/A (sky130_fd_sc_hd__buf_6)
                  0.07    0.17   16.06 v _16911_/X (sky130_fd_sc_hd__buf_6)
    10    0.08                           _03045_ (net)
                  0.08    0.01   16.07 v _16920_/A (sky130_fd_sc_hd__inv_2)
                  0.03    0.05   16.13 ^ _16920_/Y (sky130_fd_sc_hd__inv_2)
     1    0.00                           _00469_ (net)
                  0.03    0.00   16.13 ^ _18647_/RESET_B (sky130_fd_sc_hd__dfrtp_4)
                                 16.13   data arrival time

                          0.00    0.00   clock ick (rise edge)
                          0.00    0.00   clock source latency
                  0.00    0.00    0.00 ^ io_clk (in)
     1    0.02                           io_clk (net)
                  0.00    0.00    0.00 ^ _13581_/A1 (sky130_fd_sc_hd__mux2_2)
                  0.05    0.12    0.13 ^ _13581_/X (sky130_fd_sc_hd__mux2_2)
     1    0.00                           _07888_ (net)
                  0.05    0.00    0.13 ^ _13582_/A (sky130_fd_sc_hd__buf_1)
                  1.46    1.08    1.21 ^ _13582_/X (sky130_fd_sc_hd__buf_1)
     1    0.13                           soc.bspi.b2o.wck (net)
                  1.47    0.09    1.30 ^ clkbuf_0_soc.bspi.b2o.wck/A (sky130_fd_sc_hd__clkbuf_16)
                  0.11    0.40    1.70 ^ clkbuf_0_soc.bspi.b2o.wck/X (sky130_fd_sc_hd__clkbuf_16)
     2    0.07                           clknet_0_soc.bspi.b2o.wck (net)
                  0.11    0.01    1.70 ^ clkbuf_1_0_0_soc.bspi.b2o.wck/A (sky130_fd_sc_hd__clkbuf_8)
                  0.10    0.20    1.90 ^ clkbuf_1_0_0_soc.bspi.b2o.wck/X (sky130_fd_sc_hd__clkbuf_8)
     2    0.05                           clknet_1_0_0_soc.bspi.b2o.wck (net)
                  0.10    0.00    1.91 ^ clkbuf_2_0_0_soc.bspi.b2o.wck/A (sky130_fd_sc_hd__clkbuf_8)
                  0.10    0.19    2.10 ^ clkbuf_2_0_0_soc.bspi.b2o.wck/X (sky130_fd_sc_hd__clkbuf_8)
     2    0.05                           clknet_2_0_0_soc.bspi.b2o.wck (net)
                  0.10    0.01    2.11 ^ clkbuf_3_0_0_soc.bspi.b2o.wck/A (sky130_fd_sc_hd__clkbuf_8)
                  0.13    0.22    2.33 ^ clkbuf_3_0_0_soc.bspi.b2o.wck/X (sky130_fd_sc_hd__clkbuf_8)
     2    0.07                           clknet_3_0_0_soc.bspi.b2o.wck (net)
                  0.13    0.01    2.34 ^ clkbuf_4_1__f_soc.bspi.b2o.wck/A (sky130_fd_sc_hd__clkbuf_16)
                  0.18    0.27    2.60 ^ clkbuf_4_1__f_soc.bspi.b2o.wck/X (sky130_fd_sc_hd__clkbuf_16)
     8    0.17                           clknet_4_1__leaf_soc.bspi.b2o.wck (net)
                  0.19    0.03    2.64 ^ clkbuf_leaf_207_soc.bspi.b2o.wck/A (sky130_fd_sc_hd__clkbuf_16)
                  0.04    0.18    2.81 ^ clkbuf_leaf_207_soc.bspi.b2o.wck/X (sky130_fd_sc_hd__clkbuf_16)
     5    0.01                           clknet_leaf_207_soc.bspi.b2o.wck (net)
                  0.04    0.00    2.81 ^ _18647_/CLK (sky130_fd_sc_hd__dfrtp_4)
                          0.00    2.81   clock reconvergence pessimism
                          0.32    3.13   library removal time
                                  3.13   data required time
-----------------------------------------------------------------------------
                                  3.13   data required time
                                -16.13   data arrival time
-----------------------------------------------------------------------------
                                 13.00   slack (MET)


Startpoint: io_cslt (input port clocked by ick)
Endpoint: _18648_ (removal check against rising-edge clock ick)
Path Group: **async_default**
Path Type: min

Fanout     Cap    Slew   Delay    Time   Description
-----------------------------------------------------------------------------
                          0.00    0.00   clock ick (rise edge)
                          0.00    0.00   clock network delay (propagated)
                         15.00   15.00 v input external delay
                  0.00    0.00   15.00 v io_cslt (in)
     1    0.00                           io_cslt (net)
                  0.00    0.00   15.00 v input10/A (sky130_fd_sc_hd__buf_4)
                  0.09    0.16   15.16 v input10/X (sky130_fd_sc_hd__buf_4)
     3    0.06                           net10 (net)
                  0.09    0.02   15.18 v _13512_/A2 (sky130_fd_sc_hd__o21a_4)
                  0.12    0.28   15.46 v _13512_/X (sky130_fd_sc_hd__o21a_4)
     1    0.09                           _07850_ (net)
                  0.14    0.04   15.50 v _13513_/A (sky130_fd_sc_hd__clkbuf_4)
                  0.09    0.22   15.72 v _13513_/X (sky130_fd_sc_hd__clkbuf_4)
     7    0.04                           _07851_ (net)
                  0.09    0.00   15.73 v _16318_/A (sky130_fd_sc_hd__buf_6)
                  0.07    0.17   15.89 v _16318_/X (sky130_fd_sc_hd__buf_6)
    10    0.06                           _02774_ (net)
                  0.07    0.00   15.90 v _16911_/A (sky130_fd_sc_hd__buf_6)
                  0.07    0.17   16.06 v _16911_/X (sky130_fd_sc_hd__buf_6)
    10    0.08                           _03045_ (net)
                  0.08    0.01   16.07 v _16921_/A (sky130_fd_sc_hd__inv_2)
                  0.03    0.06   16.13 ^ _16921_/Y (sky130_fd_sc_hd__inv_2)
     1    0.00                           _00470_ (net)
                  0.03    0.00   16.13 ^ _18648_/RESET_B (sky130_fd_sc_hd__dfrtp_4)
                                 16.13   data arrival time

                          0.00    0.00   clock ick (rise edge)
                          0.00    0.00   clock source latency
                  0.00    0.00    0.00 ^ io_clk (in)
     1    0.02                           io_clk (net)
                  0.00    0.00    0.00 ^ _13581_/A1 (sky130_fd_sc_hd__mux2_2)
                  0.05    0.12    0.13 ^ _13581_/X (sky130_fd_sc_hd__mux2_2)
     1    0.00                           _07888_ (net)
                  0.05    0.00    0.13 ^ _13582_/A (sky130_fd_sc_hd__buf_1)
                  1.46    1.08    1.21 ^ _13582_/X (sky130_fd_sc_hd__buf_1)
     1    0.13                           soc.bspi.b2o.wck (net)
                  1.47    0.09    1.30 ^ clkbuf_0_soc.bspi.b2o.wck/A (sky130_fd_sc_hd__clkbuf_16)
                  0.11    0.40    1.70 ^ clkbuf_0_soc.bspi.b2o.wck/X (sky130_fd_sc_hd__clkbuf_16)
     2    0.07                           clknet_0_soc.bspi.b2o.wck (net)
                  0.11    0.01    1.70 ^ clkbuf_1_0_0_soc.bspi.b2o.wck/A (sky130_fd_sc_hd__clkbuf_8)
                  0.10    0.20    1.90 ^ clkbuf_1_0_0_soc.bspi.b2o.wck/X (sky130_fd_sc_hd__clkbuf_8)
     2    0.05                           clknet_1_0_0_soc.bspi.b2o.wck (net)
                  0.10    0.00    1.91 ^ clkbuf_2_0_0_soc.bspi.b2o.wck/A (sky130_fd_sc_hd__clkbuf_8)
                  0.10    0.19    2.10 ^ clkbuf_2_0_0_soc.bspi.b2o.wck/X (sky130_fd_sc_hd__clkbuf_8)
     2    0.05                           clknet_2_0_0_soc.bspi.b2o.wck (net)
                  0.10    0.01    2.11 ^ clkbuf_3_0_0_soc.bspi.b2o.wck/A (sky130_fd_sc_hd__clkbuf_8)
                  0.13    0.22    2.33 ^ clkbuf_3_0_0_soc.bspi.b2o.wck/X (sky130_fd_sc_hd__clkbuf_8)
     2    0.07                           clknet_3_0_0_soc.bspi.b2o.wck (net)
                  0.13    0.01    2.34 ^ clkbuf_4_1__f_soc.bspi.b2o.wck/A (sky130_fd_sc_hd__clkbuf_16)
                  0.18    0.27    2.60 ^ clkbuf_4_1__f_soc.bspi.b2o.wck/X (sky130_fd_sc_hd__clkbuf_16)
     8    0.17                           clknet_4_1__leaf_soc.bspi.b2o.wck (net)
                  0.19    0.03    2.64 ^ clkbuf_leaf_207_soc.bspi.b2o.wck/A (sky130_fd_sc_hd__clkbuf_16)
                  0.04    0.18    2.81 ^ clkbuf_leaf_207_soc.bspi.b2o.wck/X (sky130_fd_sc_hd__clkbuf_16)
     5    0.01                           clknet_leaf_207_soc.bspi.b2o.wck (net)
                  0.04    0.00    2.81 ^ _18648_/CLK (sky130_fd_sc_hd__dfrtp_4)
                          0.00    2.81   clock reconvergence pessimism
                          0.32    3.13   library removal time
                                  3.13   data required time
-----------------------------------------------------------------------------
                                  3.13   data required time
                                -16.13   data arrival time
-----------------------------------------------------------------------------
                                 13.00   slack (MET)


Startpoint: io_cslt (input port clocked by ick)
Endpoint: _18645_ (removal check against rising-edge clock ick)
Path Group: **async_default**
Path Type: min

Fanout     Cap    Slew   Delay    Time   Description
-----------------------------------------------------------------------------
                          0.00    0.00   clock ick (rise edge)
                          0.00    0.00   clock network delay (propagated)
                         15.00   15.00 v input external delay
                  0.00    0.00   15.00 v io_cslt (in)
     1    0.00                           io_cslt (net)
                  0.00    0.00   15.00 v input10/A (sky130_fd_sc_hd__buf_4)
                  0.09    0.16   15.16 v input10/X (sky130_fd_sc_hd__buf_4)
     3    0.06                           net10 (net)
                  0.09    0.02   15.18 v _13512_/A2 (sky130_fd_sc_hd__o21a_4)
                  0.12    0.28   15.46 v _13512_/X (sky130_fd_sc_hd__o21a_4)
     1    0.09                           _07850_ (net)
                  0.14    0.04   15.50 v _13513_/A (sky130_fd_sc_hd__clkbuf_4)
                  0.09    0.22   15.72 v _13513_/X (sky130_fd_sc_hd__clkbuf_4)
     7    0.04                           _07851_ (net)
                  0.09    0.00   15.73 v _16318_/A (sky130_fd_sc_hd__buf_6)
                  0.07    0.17   15.89 v _16318_/X (sky130_fd_sc_hd__buf_6)
    10    0.06                           _02774_ (net)
                  0.07    0.00   15.90 v _16911_/A (sky130_fd_sc_hd__buf_6)
                  0.07    0.17   16.06 v _16911_/X (sky130_fd_sc_hd__buf_6)
    10    0.08                           _03045_ (net)
                  0.08    0.01   16.07 v _16918_/A (sky130_fd_sc_hd__inv_2)
                  0.03    0.05   16.12 ^ _16918_/Y (sky130_fd_sc_hd__inv_2)
     1    0.00                           _00467_ (net)
                  0.03    0.00   16.12 ^ _18645_/RESET_B (sky130_fd_sc_hd__dfrtp_4)
                                 16.12   data arrival time

                          0.00    0.00   clock ick (rise edge)
                          0.00    0.00   clock source latency
                  0.00    0.00    0.00 ^ io_clk (in)
     1    0.02                           io_clk (net)
                  0.00    0.00    0.00 ^ _13581_/A1 (sky130_fd_sc_hd__mux2_2)
                  0.05    0.12    0.13 ^ _13581_/X (sky130_fd_sc_hd__mux2_2)
     1    0.00                           _07888_ (net)
                  0.05    0.00    0.13 ^ _13582_/A (sky130_fd_sc_hd__buf_1)
                  1.46    1.08    1.21 ^ _13582_/X (sky130_fd_sc_hd__buf_1)
     1    0.13                           soc.bspi.b2o.wck (net)
                  1.47    0.09    1.30 ^ clkbuf_0_soc.bspi.b2o.wck/A (sky130_fd_sc_hd__clkbuf_16)
                  0.11    0.40    1.70 ^ clkbuf_0_soc.bspi.b2o.wck/X (sky130_fd_sc_hd__clkbuf_16)
     2    0.07                           clknet_0_soc.bspi.b2o.wck (net)
                  0.11    0.01    1.70 ^ clkbuf_1_0_0_soc.bspi.b2o.wck/A (sky130_fd_sc_hd__clkbuf_8)
                  0.10    0.20    1.90 ^ clkbuf_1_0_0_soc.bspi.b2o.wck/X (sky130_fd_sc_hd__clkbuf_8)
     2    0.05                           clknet_1_0_0_soc.bspi.b2o.wck (net)
                  0.10    0.00    1.91 ^ clkbuf_2_0_0_soc.bspi.b2o.wck/A (sky130_fd_sc_hd__clkbuf_8)
                  0.10    0.19    2.10 ^ clkbuf_2_0_0_soc.bspi.b2o.wck/X (sky130_fd_sc_hd__clkbuf_8)
     2    0.05                           clknet_2_0_0_soc.bspi.b2o.wck (net)
                  0.10    0.01    2.11 ^ clkbuf_3_0_0_soc.bspi.b2o.wck/A (sky130_fd_sc_hd__clkbuf_8)
                  0.13    0.22    2.33 ^ clkbuf_3_0_0_soc.bspi.b2o.wck/X (sky130_fd_sc_hd__clkbuf_8)
     2    0.07                           clknet_3_0_0_soc.bspi.b2o.wck (net)
                  0.13    0.01    2.34 ^ clkbuf_4_1__f_soc.bspi.b2o.wck/A (sky130_fd_sc_hd__clkbuf_16)
                  0.18    0.27    2.60 ^ clkbuf_4_1__f_soc.bspi.b2o.wck/X (sky130_fd_sc_hd__clkbuf_16)
     8    0.17                           clknet_4_1__leaf_soc.bspi.b2o.wck (net)
                  0.19    0.03    2.63 ^ clkbuf_leaf_1_soc.bspi.b2o.wck/A (sky130_fd_sc_hd__clkbuf_16)
                  0.03    0.17    2.81 ^ clkbuf_leaf_1_soc.bspi.b2o.wck/X (sky130_fd_sc_hd__clkbuf_16)
     3    0.01                           clknet_leaf_1_soc.bspi.b2o.wck (net)
                  0.03    0.00    2.81 ^ _18645_/CLK (sky130_fd_sc_hd__dfrtp_4)
                          0.00    2.81   clock reconvergence pessimism
                          0.31    3.12   library removal time
                                  3.12   data required time
-----------------------------------------------------------------------------
                                  3.12   data required time
                                -16.12   data arrival time
-----------------------------------------------------------------------------
                                 13.01   slack (MET)


Startpoint: io_cslt (input port clocked by ick)
Endpoint: _18643_ (removal check against rising-edge clock ick)
Path Group: **async_default**
Path Type: min

Fanout     Cap    Slew   Delay    Time   Description
-----------------------------------------------------------------------------
                          0.00    0.00   clock ick (rise edge)
                          0.00    0.00   clock network delay (propagated)
                         15.00   15.00 v input external delay
                  0.00    0.00   15.00 v io_cslt (in)
     1    0.00                           io_cslt (net)
                  0.00    0.00   15.00 v input10/A (sky130_fd_sc_hd__buf_4)
                  0.09    0.16   15.16 v input10/X (sky130_fd_sc_hd__buf_4)
     3    0.06                           net10 (net)
                  0.09    0.02   15.18 v _13512_/A2 (sky130_fd_sc_hd__o21a_4)
                  0.12    0.28   15.46 v _13512_/X (sky130_fd_sc_hd__o21a_4)
     1    0.09                           _07850_ (net)
                  0.14    0.04   15.50 v _13513_/A (sky130_fd_sc_hd__clkbuf_4)
                  0.09    0.22   15.72 v _13513_/X (sky130_fd_sc_hd__clkbuf_4)
     7    0.04                           _07851_ (net)
                  0.09    0.00   15.73 v _16318_/A (sky130_fd_sc_hd__buf_6)
                  0.07    0.17   15.89 v _16318_/X (sky130_fd_sc_hd__buf_6)
    10    0.06                           _02774_ (net)
                  0.07    0.00   15.90 v _16911_/A (sky130_fd_sc_hd__buf_6)
                  0.07    0.17   16.06 v _16911_/X (sky130_fd_sc_hd__buf_6)
    10    0.08                           _03045_ (net)
                  0.08    0.01   16.07 v _16916_/A (sky130_fd_sc_hd__inv_2)
                  0.03    0.05   16.12 ^ _16916_/Y (sky130_fd_sc_hd__inv_2)
     1    0.00                           _00465_ (net)
                  0.03    0.00   16.12 ^ _18643_/RESET_B (sky130_fd_sc_hd__dfrtp_4)
                                 16.12   data arrival time

                          0.00    0.00   clock ick (rise edge)
                          0.00    0.00   clock source latency
                  0.00    0.00    0.00 ^ io_clk (in)
     1    0.02                           io_clk (net)
                  0.00    0.00    0.00 ^ _13581_/A1 (sky130_fd_sc_hd__mux2_2)
                  0.05    0.12    0.13 ^ _13581_/X (sky130_fd_sc_hd__mux2_2)
     1    0.00                           _07888_ (net)
                  0.05    0.00    0.13 ^ _13582_/A (sky130_fd_sc_hd__buf_1)
                  1.46    1.08    1.21 ^ _13582_/X (sky130_fd_sc_hd__buf_1)
     1    0.13                           soc.bspi.b2o.wck (net)
                  1.47    0.09    1.30 ^ clkbuf_0_soc.bspi.b2o.wck/A (sky130_fd_sc_hd__clkbuf_16)
                  0.11    0.40    1.70 ^ clkbuf_0_soc.bspi.b2o.wck/X (sky130_fd_sc_hd__clkbuf_16)
     2    0.07                           clknet_0_soc.bspi.b2o.wck (net)
                  0.11    0.01    1.70 ^ clkbuf_1_0_0_soc.bspi.b2o.wck/A (sky130_fd_sc_hd__clkbuf_8)
                  0.10    0.20    1.90 ^ clkbuf_1_0_0_soc.bspi.b2o.wck/X (sky130_fd_sc_hd__clkbuf_8)
     2    0.05                           clknet_1_0_0_soc.bspi.b2o.wck (net)
                  0.10    0.00    1.91 ^ clkbuf_2_0_0_soc.bspi.b2o.wck/A (sky130_fd_sc_hd__clkbuf_8)
                  0.10    0.19    2.10 ^ clkbuf_2_0_0_soc.bspi.b2o.wck/X (sky130_fd_sc_hd__clkbuf_8)
     2    0.05                           clknet_2_0_0_soc.bspi.b2o.wck (net)
                  0.10    0.01    2.11 ^ clkbuf_3_0_0_soc.bspi.b2o.wck/A (sky130_fd_sc_hd__clkbuf_8)
                  0.13    0.22    2.33 ^ clkbuf_3_0_0_soc.bspi.b2o.wck/X (sky130_fd_sc_hd__clkbuf_8)
     2    0.07                           clknet_3_0_0_soc.bspi.b2o.wck (net)
                  0.13    0.01    2.34 ^ clkbuf_4_1__f_soc.bspi.b2o.wck/A (sky130_fd_sc_hd__clkbuf_16)
                  0.18    0.27    2.60 ^ clkbuf_4_1__f_soc.bspi.b2o.wck/X (sky130_fd_sc_hd__clkbuf_16)
     8    0.17                           clknet_4_1__leaf_soc.bspi.b2o.wck (net)
                  0.19    0.03    2.63 ^ clkbuf_leaf_1_soc.bspi.b2o.wck/A (sky130_fd_sc_hd__clkbuf_16)
                  0.03    0.17    2.81 ^ clkbuf_leaf_1_soc.bspi.b2o.wck/X (sky130_fd_sc_hd__clkbuf_16)
     3    0.01                           clknet_leaf_1_soc.bspi.b2o.wck (net)
                  0.03    0.00    2.81 ^ _18643_/CLK (sky130_fd_sc_hd__dfrtp_4)
                          0.00    2.81   clock reconvergence pessimism
                          0.31    3.12   library removal time
                                  3.12   data required time
-----------------------------------------------------------------------------
                                  3.12   data required time
                                -16.12   data arrival time
-----------------------------------------------------------------------------
                                 13.01   slack (MET)


Startpoint: _17754_ (rising edge-triggered flip-flop clocked by clk)
Endpoint: _17688_ (rising edge-triggered flip-flop clocked by clk)
Path Group: clk
Path Type: min

Fanout     Cap    Slew   Delay    Time   Description
-----------------------------------------------------------------------------
                          0.00    0.00   clock clk (rise edge)
                          0.00    0.00   clock source latency
                  0.00    0.00    0.00 ^ clk (in)
     1    0.25                           clk (net)
                  0.46    0.22    0.22 ^ _13581_/A0 (sky130_fd_sc_hd__mux2_2)
                  0.04    0.22    0.44 ^ _13581_/X (sky130_fd_sc_hd__mux2_2)
     1    0.00                           _07888_ (net)
                  0.04    0.00    0.44 ^ _13582_/A (sky130_fd_sc_hd__buf_1)
                  1.46    0.97    1.42 ^ _13582_/X (sky130_fd_sc_hd__buf_1)
     1    0.13                           soc.bspi.b2o.wck (net)
                  1.47    0.08    1.50 ^ clkbuf_0_soc.bspi.b2o.wck/A (sky130_fd_sc_hd__clkbuf_16)
                  0.11    0.36    1.86 ^ clkbuf_0_soc.bspi.b2o.wck/X (sky130_fd_sc_hd__clkbuf_16)
     2    0.07                           clknet_0_soc.bspi.b2o.wck (net)
                  0.11    0.00    1.86 ^ clkbuf_1_0_0_soc.bspi.b2o.wck/A (sky130_fd_sc_hd__clkbuf_8)
                  0.10    0.18    2.05 ^ clkbuf_1_0_0_soc.bspi.b2o.wck/X (sky130_fd_sc_hd__clkbuf_8)
     2    0.05                           clknet_1_0_0_soc.bspi.b2o.wck (net)
                  0.10    0.00    2.05 ^ clkbuf_2_0_0_soc.bspi.b2o.wck/A (sky130_fd_sc_hd__clkbuf_8)
                  0.10    0.18    2.22 ^ clkbuf_2_0_0_soc.bspi.b2o.wck/X (sky130_fd_sc_hd__clkbuf_8)
     2    0.05                           clknet_2_0_0_soc.bspi.b2o.wck (net)
                  0.10    0.00    2.22 ^ clkbuf_3_1_0_soc.bspi.b2o.wck/A (sky130_fd_sc_hd__clkbuf_8)
                  0.10    0.18    2.40 ^ clkbuf_3_1_0_soc.bspi.b2o.wck/X (sky130_fd_sc_hd__clkbuf_8)
     2    0.05                           clknet_3_1_0_soc.bspi.b2o.wck (net)
                  0.10    0.00    2.41 ^ clkbuf_4_2__f_soc.bspi.b2o.wck/A (sky130_fd_sc_hd__clkbuf_16)
                  0.12    0.19    2.60 ^ clkbuf_4_2__f_soc.bspi.b2o.wck/X (sky130_fd_sc_hd__clkbuf_16)
     8    0.10                           clknet_4_2__leaf_soc.bspi.b2o.wck (net)
                  0.12    0.00    2.60 ^ clkbuf_leaf_4_soc.bspi.b2o.wck/A (sky130_fd_sc_hd__clkbuf_16)
                  0.04    0.14    2.75 ^ clkbuf_leaf_4_soc.bspi.b2o.wck/X (sky130_fd_sc_hd__clkbuf_16)
     7    0.02                           clknet_leaf_4_soc.bspi.b2o.wck (net)
                  0.04    0.00    2.75 ^ _17754_/CLK (sky130_fd_sc_hd__dfrtp_1)
                  0.05    0.30    3.05 ^ _17754_/Q (sky130_fd_sc_hd__dfrtp_1)
     1    0.00                           soc.core.pf_pc4[29] (net)
                  0.05    0.00    3.05 ^ _17688_/D (sky130_fd_sc_hd__dfrtp_1)
                                  3.05   data arrival time

                          0.00    0.00   clock clk (rise edge)
                          0.00    0.00   clock source latency
                  0.00    0.00    0.00 ^ clk (in)
     1    0.25                           clk (net)
                  0.46    0.24    0.24 ^ _13581_/A0 (sky130_fd_sc_hd__mux2_2)
                  0.05    0.25    0.49 ^ _13581_/X (sky130_fd_sc_hd__mux2_2)
     1    0.00                           _07888_ (net)
                  0.05    0.00    0.49 ^ _13582_/A (sky130_fd_sc_hd__buf_1)
                  1.46    1.08    1.57 ^ _13582_/X (sky130_fd_sc_hd__buf_1)
     1    0.13                           soc.bspi.b2o.wck (net)
                  1.47    0.09    1.66 ^ clkbuf_0_soc.bspi.b2o.wck/A (sky130_fd_sc_hd__clkbuf_16)
                  0.11    0.40    2.06 ^ clkbuf_0_soc.bspi.b2o.wck/X (sky130_fd_sc_hd__clkbuf_16)
     2    0.07                           clknet_0_soc.bspi.b2o.wck (net)
                  0.11    0.01    2.06 ^ clkbuf_1_0_0_soc.bspi.b2o.wck/A (sky130_fd_sc_hd__clkbuf_8)
                  0.10    0.20    2.27 ^ clkbuf_1_0_0_soc.bspi.b2o.wck/X (sky130_fd_sc_hd__clkbuf_8)
     2    0.05                           clknet_1_0_0_soc.bspi.b2o.wck (net)
                  0.10    0.00    2.27 ^ clkbuf_2_1_0_soc.bspi.b2o.wck/A (sky130_fd_sc_hd__clkbuf_8)
                  0.07    0.17    2.44 ^ clkbuf_2_1_0_soc.bspi.b2o.wck/X (sky130_fd_sc_hd__clkbuf_8)
     2    0.03                           clknet_2_1_0_soc.bspi.b2o.wck (net)
                  0.07    0.00    2.44 ^ clkbuf_3_3_0_soc.bspi.b2o.wck/A (sky130_fd_sc_hd__clkbuf_8)
                  0.10    0.19    2.63 ^ clkbuf_3_3_0_soc.bspi.b2o.wck/X (sky130_fd_sc_hd__clkbuf_8)
     2    0.05                           clknet_3_3_0_soc.bspi.b2o.wck (net)
                  0.10    0.00    2.63 ^ clkbuf_4_6__f_soc.bspi.b2o.wck/A (sky130_fd_sc_hd__clkbuf_16)
                  0.17    0.25    2.88 ^ clkbuf_4_6__f_soc.bspi.b2o.wck/X (sky130_fd_sc_hd__clkbuf_16)
    14    0.16                           clknet_4_6__leaf_soc.bspi.b2o.wck (net)
                  0.17    0.01    2.90 ^ clkbuf_leaf_51_soc.bspi.b2o.wck/A (sky130_fd_sc_hd__clkbuf_16)
                  0.07    0.20    3.10 ^ clkbuf_leaf_51_soc.bspi.b2o.wck/X (sky130_fd_sc_hd__clkbuf_16)
    19    0.05                           clknet_leaf_51_soc.bspi.b2o.wck (net)
                  0.07    0.00    3.10 ^ _17688_/CLK (sky130_fd_sc_hd__dfrtp_1)
                         -0.22    2.88   clock reconvergence pessimism
                         -0.03    2.85   library hold time
                                  2.85   data required time
-----------------------------------------------------------------------------
                                  2.85   data required time
                                 -3.05   data arrival time
-----------------------------------------------------------------------------
                                  0.20   slack (MET)


Startpoint: _17746_ (rising edge-triggered flip-flop clocked by clk)
Endpoint: _17680_ (rising edge-triggered flip-flop clocked by clk)
Path Group: clk
Path Type: min

Fanout     Cap    Slew   Delay    Time   Description
-----------------------------------------------------------------------------
                          0.00    0.00   clock clk (rise edge)
                          0.00    0.00   clock source latency
                  0.00    0.00    0.00 ^ clk (in)
     1    0.25                           clk (net)
                  0.46    0.22    0.22 ^ _13581_/A0 (sky130_fd_sc_hd__mux2_2)
                  0.04    0.22    0.44 ^ _13581_/X (sky130_fd_sc_hd__mux2_2)
     1    0.00                           _07888_ (net)
                  0.04    0.00    0.44 ^ _13582_/A (sky130_fd_sc_hd__buf_1)
                  1.46    0.97    1.42 ^ _13582_/X (sky130_fd_sc_hd__buf_1)
     1    0.13                           soc.bspi.b2o.wck (net)
                  1.47    0.08    1.50 ^ clkbuf_0_soc.bspi.b2o.wck/A (sky130_fd_sc_hd__clkbuf_16)
                  0.11    0.36    1.86 ^ clkbuf_0_soc.bspi.b2o.wck/X (sky130_fd_sc_hd__clkbuf_16)
     2    0.07                           clknet_0_soc.bspi.b2o.wck (net)
                  0.11    0.01    1.86 ^ clkbuf_1_1_0_soc.bspi.b2o.wck/A (sky130_fd_sc_hd__clkbuf_8)
                  0.09    0.18    2.04 ^ clkbuf_1_1_0_soc.bspi.b2o.wck/X (sky130_fd_sc_hd__clkbuf_8)
     2    0.05                           clknet_1_1_0_soc.bspi.b2o.wck (net)
                  0.09    0.01    2.05 ^ clkbuf_2_2_0_soc.bspi.b2o.wck/A (sky130_fd_sc_hd__clkbuf_8)
                  0.08    0.16    2.21 ^ clkbuf_2_2_0_soc.bspi.b2o.wck/X (sky130_fd_sc_hd__clkbuf_8)
     2    0.04                           clknet_2_2_0_soc.bspi.b2o.wck (net)
                  0.08    0.00    2.21 ^ clkbuf_3_4_0_soc.bspi.b2o.wck/A (sky130_fd_sc_hd__clkbuf_8)
                  0.09    0.16    2.38 ^ clkbuf_3_4_0_soc.bspi.b2o.wck/X (sky130_fd_sc_hd__clkbuf_8)
     2    0.04                           clknet_3_4_0_soc.bspi.b2o.wck (net)
                  0.09    0.00    2.38 ^ clkbuf_4_8__f_soc.bspi.b2o.wck/A (sky130_fd_sc_hd__clkbuf_16)
                  0.17    0.23    2.61 ^ clkbuf_4_8__f_soc.bspi.b2o.wck/X (sky130_fd_sc_hd__clkbuf_16)
    15    0.16                           clknet_4_8__leaf_soc.bspi.b2o.wck (net)
                  0.17    0.01    2.62 ^ clkbuf_leaf_175_soc.bspi.b2o.wck/A (sky130_fd_sc_hd__clkbuf_16)
                  0.04    0.16    2.78 ^ clkbuf_leaf_175_soc.bspi.b2o.wck/X (sky130_fd_sc_hd__clkbuf_16)
     7    0.02                           clknet_leaf_175_soc.bspi.b2o.wck (net)
                  0.04    0.00    2.78 ^ _17746_/CLK (sky130_fd_sc_hd__dfrtp_1)
                  0.05    0.30    3.08 ^ _17746_/Q (sky130_fd_sc_hd__dfrtp_1)
     1    0.00                           soc.core.pf_pc4[21] (net)
                  0.05    0.00    3.08 ^ _17680_/D (sky130_fd_sc_hd__dfrtp_1)
                                  3.08   data arrival time

                          0.00    0.00   clock clk (rise edge)
                          0.00    0.00   clock source latency
                  0.00    0.00    0.00 ^ clk (in)
     1    0.25                           clk (net)
                  0.46    0.24    0.24 ^ _13581_/A0 (sky130_fd_sc_hd__mux2_2)
                  0.05    0.25    0.49 ^ _13581_/X (sky130_fd_sc_hd__mux2_2)
     1    0.00                           _07888_ (net)
                  0.05    0.00    0.49 ^ _13582_/A (sky130_fd_sc_hd__buf_1)
                  1.46    1.08    1.57 ^ _13582_/X (sky130_fd_sc_hd__buf_1)
     1    0.13                           soc.bspi.b2o.wck (net)
                  1.47    0.09    1.66 ^ clkbuf_0_soc.bspi.b2o.wck/A (sky130_fd_sc_hd__clkbuf_16)
                  0.11    0.40    2.06 ^ clkbuf_0_soc.bspi.b2o.wck/X (sky130_fd_sc_hd__clkbuf_16)
     2    0.07                           clknet_0_soc.bspi.b2o.wck (net)
                  0.11    0.01    2.07 ^ clkbuf_1_1_0_soc.bspi.b2o.wck/A (sky130_fd_sc_hd__clkbuf_8)
                  0.09    0.20    2.26 ^ clkbuf_1_1_0_soc.bspi.b2o.wck/X (sky130_fd_sc_hd__clkbuf_8)
     2    0.05                           clknet_1_1_0_soc.bspi.b2o.wck (net)
                  0.09    0.00    2.27 ^ clkbuf_2_3_0_soc.bspi.b2o.wck/A (sky130_fd_sc_hd__clkbuf_8)
                  0.07    0.17    2.44 ^ clkbuf_2_3_0_soc.bspi.b2o.wck/X (sky130_fd_sc_hd__clkbuf_8)
     2    0.03                           clknet_2_3_0_soc.bspi.b2o.wck (net)
                  0.07    0.00    2.44 ^ clkbuf_3_6_0_soc.bspi.b2o.wck/A (sky130_fd_sc_hd__clkbuf_8)
                  0.10    0.18    2.63 ^ clkbuf_3_6_0_soc.bspi.b2o.wck/X (sky130_fd_sc_hd__clkbuf_8)
     2    0.05                           clknet_3_6_0_soc.bspi.b2o.wck (net)
                  0.10    0.00    2.63 ^ clkbuf_4_13__f_soc.bspi.b2o.wck/A (sky130_fd_sc_hd__clkbuf_16)
                  0.21    0.28    2.91 ^ clkbuf_4_13__f_soc.bspi.b2o.wck/X (sky130_fd_sc_hd__clkbuf_16)
    19    0.20                           clknet_4_13__leaf_soc.bspi.b2o.wck (net)
                  0.21    0.01    2.92 ^ clkbuf_leaf_95_soc.bspi.b2o.wck/A (sky130_fd_sc_hd__clkbuf_16)
                  0.06    0.20    3.12 ^ clkbuf_leaf_95_soc.bspi.b2o.wck/X (sky130_fd_sc_hd__clkbuf_16)
    13    0.03                           clknet_leaf_95_soc.bspi.b2o.wck (net)
                  0.06    0.00    3.12 ^ _17680_/CLK (sky130_fd_sc_hd__dfrtp_1)
                         -0.22    2.90   clock reconvergence pessimism
                         -0.03    2.87   library hold time
                                  2.87   data required time
-----------------------------------------------------------------------------
                                  2.87   data required time
                                 -3.08   data arrival time
-----------------------------------------------------------------------------
                                  0.21   slack (MET)


Startpoint: _17748_ (rising edge-triggered flip-flop clocked by clk)
Endpoint: _17682_ (rising edge-triggered flip-flop clocked by clk)
Path Group: clk
Path Type: min

Fanout     Cap    Slew   Delay    Time   Description
-----------------------------------------------------------------------------
                          0.00    0.00   clock clk (rise edge)
                          0.00    0.00   clock source latency
                  0.00    0.00    0.00 ^ clk (in)
     1    0.25                           clk (net)
                  0.46    0.22    0.22 ^ _13581_/A0 (sky130_fd_sc_hd__mux2_2)
                  0.04    0.22    0.44 ^ _13581_/X (sky130_fd_sc_hd__mux2_2)
     1    0.00                           _07888_ (net)
                  0.04    0.00    0.44 ^ _13582_/A (sky130_fd_sc_hd__buf_1)
                  1.46    0.97    1.42 ^ _13582_/X (sky130_fd_sc_hd__buf_1)
     1    0.13                           soc.bspi.b2o.wck (net)
                  1.47    0.08    1.50 ^ clkbuf_0_soc.bspi.b2o.wck/A (sky130_fd_sc_hd__clkbuf_16)
                  0.11    0.36    1.86 ^ clkbuf_0_soc.bspi.b2o.wck/X (sky130_fd_sc_hd__clkbuf_16)
     2    0.07                           clknet_0_soc.bspi.b2o.wck (net)
                  0.11    0.00    1.86 ^ clkbuf_1_0_0_soc.bspi.b2o.wck/A (sky130_fd_sc_hd__clkbuf_8)
                  0.10    0.18    2.05 ^ clkbuf_1_0_0_soc.bspi.b2o.wck/X (sky130_fd_sc_hd__clkbuf_8)
     2    0.05                           clknet_1_0_0_soc.bspi.b2o.wck (net)
                  0.10    0.00    2.05 ^ clkbuf_2_0_0_soc.bspi.b2o.wck/A (sky130_fd_sc_hd__clkbuf_8)
                  0.10    0.18    2.22 ^ clkbuf_2_0_0_soc.bspi.b2o.wck/X (sky130_fd_sc_hd__clkbuf_8)
     2    0.05                           clknet_2_0_0_soc.bspi.b2o.wck (net)
                  0.10    0.00    2.22 ^ clkbuf_3_1_0_soc.bspi.b2o.wck/A (sky130_fd_sc_hd__clkbuf_8)
                  0.10    0.18    2.40 ^ clkbuf_3_1_0_soc.bspi.b2o.wck/X (sky130_fd_sc_hd__clkbuf_8)
     2    0.05                           clknet_3_1_0_soc.bspi.b2o.wck (net)
                  0.10    0.00    2.41 ^ clkbuf_4_2__f_soc.bspi.b2o.wck/A (sky130_fd_sc_hd__clkbuf_16)
                  0.12    0.19    2.60 ^ clkbuf_4_2__f_soc.bspi.b2o.wck/X (sky130_fd_sc_hd__clkbuf_16)
     8    0.10                           clknet_4_2__leaf_soc.bspi.b2o.wck (net)
                  0.12    0.00    2.60 ^ clkbuf_leaf_3_soc.bspi.b2o.wck/A (sky130_fd_sc_hd__clkbuf_16)
                  0.04    0.15    2.75 ^ clkbuf_leaf_3_soc.bspi.b2o.wck/X (sky130_fd_sc_hd__clkbuf_16)
     9    0.02                           clknet_leaf_3_soc.bspi.b2o.wck (net)
                  0.04    0.00    2.75 ^ _17748_/CLK (sky130_fd_sc_hd__dfrtp_1)
                  0.06    0.31    3.06 ^ _17748_/Q (sky130_fd_sc_hd__dfrtp_1)
     1    0.00                           soc.core.pf_pc4[23] (net)
                  0.06    0.00    3.06 ^ _17682_/D (sky130_fd_sc_hd__dfrtp_1)
                                  3.06   data arrival time

                          0.00    0.00   clock clk (rise edge)
                          0.00    0.00   clock source latency
                  0.00    0.00    0.00 ^ clk (in)
     1    0.25                           clk (net)
                  0.46    0.24    0.24 ^ _13581_/A0 (sky130_fd_sc_hd__mux2_2)
                  0.05    0.25    0.49 ^ _13581_/X (sky130_fd_sc_hd__mux2_2)
     1    0.00                           _07888_ (net)
                  0.05    0.00    0.49 ^ _13582_/A (sky130_fd_sc_hd__buf_1)
                  1.46    1.08    1.57 ^ _13582_/X (sky130_fd_sc_hd__buf_1)
     1    0.13                           soc.bspi.b2o.wck (net)
                  1.47    0.09    1.66 ^ clkbuf_0_soc.bspi.b2o.wck/A (sky130_fd_sc_hd__clkbuf_16)
                  0.11    0.40    2.06 ^ clkbuf_0_soc.bspi.b2o.wck/X (sky130_fd_sc_hd__clkbuf_16)
     2    0.07                           clknet_0_soc.bspi.b2o.wck (net)
                  0.11    0.01    2.06 ^ clkbuf_1_0_0_soc.bspi.b2o.wck/A (sky130_fd_sc_hd__clkbuf_8)
                  0.10    0.20    2.27 ^ clkbuf_1_0_0_soc.bspi.b2o.wck/X (sky130_fd_sc_hd__clkbuf_8)
     2    0.05                           clknet_1_0_0_soc.bspi.b2o.wck (net)
                  0.10    0.00    2.27 ^ clkbuf_2_1_0_soc.bspi.b2o.wck/A (sky130_fd_sc_hd__clkbuf_8)
                  0.07    0.17    2.44 ^ clkbuf_2_1_0_soc.bspi.b2o.wck/X (sky130_fd_sc_hd__clkbuf_8)
     2    0.03                           clknet_2_1_0_soc.bspi.b2o.wck (net)
                  0.07    0.00    2.44 ^ clkbuf_3_3_0_soc.bspi.b2o.wck/A (sky130_fd_sc_hd__clkbuf_8)
                  0.10    0.19    2.63 ^ clkbuf_3_3_0_soc.bspi.b2o.wck/X (sky130_fd_sc_hd__clkbuf_8)
     2    0.05                           clknet_3_3_0_soc.bspi.b2o.wck (net)
                  0.10    0.00    2.63 ^ clkbuf_4_6__f_soc.bspi.b2o.wck/A (sky130_fd_sc_hd__clkbuf_16)
                  0.17    0.25    2.88 ^ clkbuf_4_6__f_soc.bspi.b2o.wck/X (sky130_fd_sc_hd__clkbuf_16)
    14    0.16                           clknet_4_6__leaf_soc.bspi.b2o.wck (net)
                  0.17    0.01    2.90 ^ clkbuf_leaf_94_soc.bspi.b2o.wck/A (sky130_fd_sc_hd__clkbuf_16)
                  0.06    0.19    3.09 ^ clkbuf_leaf_94_soc.bspi.b2o.wck/X (sky130_fd_sc_hd__clkbuf_16)
    15    0.04                           clknet_leaf_94_soc.bspi.b2o.wck (net)
                  0.06    0.00    3.09 ^ _17682_/CLK (sky130_fd_sc_hd__dfrtp_1)
                         -0.22    2.87   clock reconvergence pessimism
                         -0.04    2.83   library hold time
                                  2.83   data required time
-----------------------------------------------------------------------------
                                  2.83   data required time
                                 -3.06   data arrival time
-----------------------------------------------------------------------------
                                  0.23   slack (MET)


Startpoint: _17745_ (rising edge-triggered flip-flop clocked by clk)
Endpoint: _17679_ (rising edge-triggered flip-flop clocked by clk)
Path Group: clk
Path Type: min

Fanout     Cap    Slew   Delay    Time   Description
-----------------------------------------------------------------------------
                          0.00    0.00   clock clk (rise edge)
                          0.00    0.00   clock source latency
                  0.00    0.00    0.00 ^ clk (in)
     1    0.25                           clk (net)
                  0.46    0.22    0.22 ^ _13581_/A0 (sky130_fd_sc_hd__mux2_2)
                  0.04    0.22    0.44 ^ _13581_/X (sky130_fd_sc_hd__mux2_2)
     1    0.00                           _07888_ (net)
                  0.04    0.00    0.44 ^ _13582_/A (sky130_fd_sc_hd__buf_1)
                  1.46    0.97    1.42 ^ _13582_/X (sky130_fd_sc_hd__buf_1)
     1    0.13                           soc.bspi.b2o.wck (net)
                  1.47    0.08    1.50 ^ clkbuf_0_soc.bspi.b2o.wck/A (sky130_fd_sc_hd__clkbuf_16)
                  0.11    0.36    1.86 ^ clkbuf_0_soc.bspi.b2o.wck/X (sky130_fd_sc_hd__clkbuf_16)
     2    0.07                           clknet_0_soc.bspi.b2o.wck (net)
                  0.11    0.00    1.86 ^ clkbuf_1_0_0_soc.bspi.b2o.wck/A (sky130_fd_sc_hd__clkbuf_8)
                  0.10    0.18    2.05 ^ clkbuf_1_0_0_soc.bspi.b2o.wck/X (sky130_fd_sc_hd__clkbuf_8)
     2    0.05                           clknet_1_0_0_soc.bspi.b2o.wck (net)
                  0.10    0.00    2.05 ^ clkbuf_2_0_0_soc.bspi.b2o.wck/A (sky130_fd_sc_hd__clkbuf_8)
                  0.10    0.18    2.22 ^ clkbuf_2_0_0_soc.bspi.b2o.wck/X (sky130_fd_sc_hd__clkbuf_8)
     2    0.05                           clknet_2_0_0_soc.bspi.b2o.wck (net)
                  0.10    0.00    2.22 ^ clkbuf_3_1_0_soc.bspi.b2o.wck/A (sky130_fd_sc_hd__clkbuf_8)
                  0.10    0.18    2.40 ^ clkbuf_3_1_0_soc.bspi.b2o.wck/X (sky130_fd_sc_hd__clkbuf_8)
     2    0.05                           clknet_3_1_0_soc.bspi.b2o.wck (net)
                  0.10    0.00    2.41 ^ clkbuf_4_2__f_soc.bspi.b2o.wck/A (sky130_fd_sc_hd__clkbuf_16)
                  0.12    0.19    2.60 ^ clkbuf_4_2__f_soc.bspi.b2o.wck/X (sky130_fd_sc_hd__clkbuf_16)
     8    0.10                           clknet_4_2__leaf_soc.bspi.b2o.wck (net)
                  0.12    0.00    2.60 ^ clkbuf_leaf_176_soc.bspi.b2o.wck/A (sky130_fd_sc_hd__clkbuf_16)
                  0.06    0.16    2.76 ^ clkbuf_leaf_176_soc.bspi.b2o.wck/X (sky130_fd_sc_hd__clkbuf_16)
    15    0.04                           clknet_leaf_176_soc.bspi.b2o.wck (net)
                  0.06    0.00    2.76 ^ _17745_/CLK (sky130_fd_sc_hd__dfrtp_1)
                  0.05    0.31    3.07 ^ _17745_/Q (sky130_fd_sc_hd__dfrtp_1)
     1    0.00                           soc.core.pf_pc4[20] (net)
                  0.05    0.00    3.07 ^ _17679_/D (sky130_fd_sc_hd__dfrtp_1)
                                  3.07   data arrival time

                          0.00    0.00   clock clk (rise edge)
                          0.00    0.00   clock source latency
                  0.00    0.00    0.00 ^ clk (in)
     1    0.25                           clk (net)
                  0.46    0.24    0.24 ^ _13581_/A0 (sky130_fd_sc_hd__mux2_2)
                  0.05    0.25    0.49 ^ _13581_/X (sky130_fd_sc_hd__mux2_2)
     1    0.00                           _07888_ (net)
                  0.05    0.00    0.49 ^ _13582_/A (sky130_fd_sc_hd__buf_1)
                  1.46    1.08    1.57 ^ _13582_/X (sky130_fd_sc_hd__buf_1)
     1    0.13                           soc.bspi.b2o.wck (net)
                  1.47    0.09    1.66 ^ clkbuf_0_soc.bspi.b2o.wck/A (sky130_fd_sc_hd__clkbuf_16)
                  0.11    0.40    2.06 ^ clkbuf_0_soc.bspi.b2o.wck/X (sky130_fd_sc_hd__clkbuf_16)
     2    0.07                           clknet_0_soc.bspi.b2o.wck (net)
                  0.11    0.01    2.06 ^ clkbuf_1_0_0_soc.bspi.b2o.wck/A (sky130_fd_sc_hd__clkbuf_8)
                  0.10    0.20    2.27 ^ clkbuf_1_0_0_soc.bspi.b2o.wck/X (sky130_fd_sc_hd__clkbuf_8)
     2    0.05                           clknet_1_0_0_soc.bspi.b2o.wck (net)
                  0.10    0.00    2.27 ^ clkbuf_2_1_0_soc.bspi.b2o.wck/A (sky130_fd_sc_hd__clkbuf_8)
                  0.07    0.17    2.44 ^ clkbuf_2_1_0_soc.bspi.b2o.wck/X (sky130_fd_sc_hd__clkbuf_8)
     2    0.03                           clknet_2_1_0_soc.bspi.b2o.wck (net)
                  0.07    0.00    2.44 ^ clkbuf_3_3_0_soc.bspi.b2o.wck/A (sky130_fd_sc_hd__clkbuf_8)
                  0.10    0.19    2.63 ^ clkbuf_3_3_0_soc.bspi.b2o.wck/X (sky130_fd_sc_hd__clkbuf_8)
     2    0.05                           clknet_3_3_0_soc.bspi.b2o.wck (net)
                  0.10    0.00    2.63 ^ clkbuf_4_6__f_soc.bspi.b2o.wck/A (sky130_fd_sc_hd__clkbuf_16)
                  0.17    0.25    2.88 ^ clkbuf_4_6__f_soc.bspi.b2o.wck/X (sky130_fd_sc_hd__clkbuf_16)
    14    0.16                           clknet_4_6__leaf_soc.bspi.b2o.wck (net)
                  0.17    0.01    2.90 ^ clkbuf_leaf_94_soc.bspi.b2o.wck/A (sky130_fd_sc_hd__clkbuf_16)
                  0.06    0.19    3.09 ^ clkbuf_leaf_94_soc.bspi.b2o.wck/X (sky130_fd_sc_hd__clkbuf_16)
    15    0.04                           clknet_leaf_94_soc.bspi.b2o.wck (net)
                  0.06    0.00    3.09 ^ _17679_/CLK (sky130_fd_sc_hd__dfrtp_1)
                         -0.22    2.87   clock reconvergence pessimism
                         -0.03    2.83   library hold time
                                  2.83   data required time
-----------------------------------------------------------------------------
                                  2.83   data required time
                                 -3.07   data arrival time
-----------------------------------------------------------------------------
                                  0.24   slack (MET)


Startpoint: _17747_ (rising edge-triggered flip-flop clocked by clk)
Endpoint: _17681_ (rising edge-triggered flip-flop clocked by clk)
Path Group: clk
Path Type: min

Fanout     Cap    Slew   Delay    Time   Description
-----------------------------------------------------------------------------
                          0.00    0.00   clock clk (rise edge)
                          0.00    0.00   clock source latency
                  0.00    0.00    0.00 ^ clk (in)
     1    0.25                           clk (net)
                  0.46    0.22    0.22 ^ _13581_/A0 (sky130_fd_sc_hd__mux2_2)
                  0.04    0.22    0.44 ^ _13581_/X (sky130_fd_sc_hd__mux2_2)
     1    0.00                           _07888_ (net)
                  0.04    0.00    0.44 ^ _13582_/A (sky130_fd_sc_hd__buf_1)
                  1.46    0.97    1.42 ^ _13582_/X (sky130_fd_sc_hd__buf_1)
     1    0.13                           soc.bspi.b2o.wck (net)
                  1.47    0.08    1.50 ^ clkbuf_0_soc.bspi.b2o.wck/A (sky130_fd_sc_hd__clkbuf_16)
                  0.11    0.36    1.86 ^ clkbuf_0_soc.bspi.b2o.wck/X (sky130_fd_sc_hd__clkbuf_16)
     2    0.07                           clknet_0_soc.bspi.b2o.wck (net)
                  0.11    0.00    1.86 ^ clkbuf_1_0_0_soc.bspi.b2o.wck/A (sky130_fd_sc_hd__clkbuf_8)
                  0.10    0.18    2.05 ^ clkbuf_1_0_0_soc.bspi.b2o.wck/X (sky130_fd_sc_hd__clkbuf_8)
     2    0.05                           clknet_1_0_0_soc.bspi.b2o.wck (net)
                  0.10    0.00    2.05 ^ clkbuf_2_0_0_soc.bspi.b2o.wck/A (sky130_fd_sc_hd__clkbuf_8)
                  0.10    0.18    2.22 ^ clkbuf_2_0_0_soc.bspi.b2o.wck/X (sky130_fd_sc_hd__clkbuf_8)
     2    0.05                           clknet_2_0_0_soc.bspi.b2o.wck (net)
                  0.10    0.00    2.22 ^ clkbuf_3_1_0_soc.bspi.b2o.wck/A (sky130_fd_sc_hd__clkbuf_8)
                  0.10    0.18    2.40 ^ clkbuf_3_1_0_soc.bspi.b2o.wck/X (sky130_fd_sc_hd__clkbuf_8)
     2    0.05                           clknet_3_1_0_soc.bspi.b2o.wck (net)
                  0.10    0.00    2.41 ^ clkbuf_4_2__f_soc.bspi.b2o.wck/A (sky130_fd_sc_hd__clkbuf_16)
                  0.12    0.19    2.60 ^ clkbuf_4_2__f_soc.bspi.b2o.wck/X (sky130_fd_sc_hd__clkbuf_16)
     8    0.10                           clknet_4_2__leaf_soc.bspi.b2o.wck (net)
                  0.12    0.00    2.60 ^ clkbuf_leaf_176_soc.bspi.b2o.wck/A (sky130_fd_sc_hd__clkbuf_16)
                  0.06    0.16    2.76 ^ clkbuf_leaf_176_soc.bspi.b2o.wck/X (sky130_fd_sc_hd__clkbuf_16)
    15    0.04                           clknet_leaf_176_soc.bspi.b2o.wck (net)
                  0.06    0.00    2.76 ^ _17747_/CLK (sky130_fd_sc_hd__dfrtp_1)
                  0.05    0.31    3.07 ^ _17747_/Q (sky130_fd_sc_hd__dfrtp_1)
     1    0.00                           soc.core.pf_pc4[22] (net)
                  0.05    0.00    3.07 ^ _17681_/D (sky130_fd_sc_hd__dfrtp_1)
                                  3.07   data arrival time

                          0.00    0.00   clock clk (rise edge)
                          0.00    0.00   clock source latency
                  0.00    0.00    0.00 ^ clk (in)
     1    0.25                           clk (net)
                  0.46    0.24    0.24 ^ _13581_/A0 (sky130_fd_sc_hd__mux2_2)
                  0.05    0.25    0.49 ^ _13581_/X (sky130_fd_sc_hd__mux2_2)
     1    0.00                           _07888_ (net)
                  0.05    0.00    0.49 ^ _13582_/A (sky130_fd_sc_hd__buf_1)
                  1.46    1.08    1.57 ^ _13582_/X (sky130_fd_sc_hd__buf_1)
     1    0.13                           soc.bspi.b2o.wck (net)
                  1.47    0.09    1.66 ^ clkbuf_0_soc.bspi.b2o.wck/A (sky130_fd_sc_hd__clkbuf_16)
                  0.11    0.40    2.06 ^ clkbuf_0_soc.bspi.b2o.wck/X (sky130_fd_sc_hd__clkbuf_16)
     2    0.07                           clknet_0_soc.bspi.b2o.wck (net)
                  0.11    0.01    2.06 ^ clkbuf_1_0_0_soc.bspi.b2o.wck/A (sky130_fd_sc_hd__clkbuf_8)
                  0.10    0.20    2.27 ^ clkbuf_1_0_0_soc.bspi.b2o.wck/X (sky130_fd_sc_hd__clkbuf_8)
     2    0.05                           clknet_1_0_0_soc.bspi.b2o.wck (net)
                  0.10    0.00    2.27 ^ clkbuf_2_1_0_soc.bspi.b2o.wck/A (sky130_fd_sc_hd__clkbuf_8)
                  0.07    0.17    2.44 ^ clkbuf_2_1_0_soc.bspi.b2o.wck/X (sky130_fd_sc_hd__clkbuf_8)
     2    0.03                           clknet_2_1_0_soc.bspi.b2o.wck (net)
                  0.07    0.00    2.44 ^ clkbuf_3_3_0_soc.bspi.b2o.wck/A (sky130_fd_sc_hd__clkbuf_8)
                  0.10    0.19    2.63 ^ clkbuf_3_3_0_soc.bspi.b2o.wck/X (sky130_fd_sc_hd__clkbuf_8)
     2    0.05                           clknet_3_3_0_soc.bspi.b2o.wck (net)
                  0.10    0.00    2.63 ^ clkbuf_4_6__f_soc.bspi.b2o.wck/A (sky130_fd_sc_hd__clkbuf_16)
                  0.17    0.25    2.88 ^ clkbuf_4_6__f_soc.bspi.b2o.wck/X (sky130_fd_sc_hd__clkbuf_16)
    14    0.16                           clknet_4_6__leaf_soc.bspi.b2o.wck (net)
                  0.17    0.01    2.90 ^ clkbuf_leaf_94_soc.bspi.b2o.wck/A (sky130_fd_sc_hd__clkbuf_16)
                  0.06    0.19    3.09 ^ clkbuf_leaf_94_soc.bspi.b2o.wck/X (sky130_fd_sc_hd__clkbuf_16)
    15    0.04                           clknet_leaf_94_soc.bspi.b2o.wck (net)
                  0.06    0.00    3.09 ^ _17681_/CLK (sky130_fd_sc_hd__dfrtp_1)
                         -0.22    2.87   clock reconvergence pessimism
                         -0.03    2.83   library hold time
                                  2.83   data required time
-----------------------------------------------------------------------------
                                  2.83   data required time
                                 -3.07   data arrival time
-----------------------------------------------------------------------------
                                  0.24   slack (MET)


Startpoint: _17754_ (rising edge-triggered flip-flop clocked by ick)
Endpoint: _17688_ (rising edge-triggered flip-flop clocked by ick)
Path Group: ick
Path Type: min

Fanout     Cap    Slew   Delay    Time   Description
-----------------------------------------------------------------------------
                          0.00    0.00   clock ick (rise edge)
                          0.00    0.00   clock source latency
                  0.00    0.00    0.00 ^ io_clk (in)
     1    0.02                           io_clk (net)
                  0.00    0.00    0.00 ^ _13581_/A1 (sky130_fd_sc_hd__mux2_2)
                  0.04    0.11    0.11 ^ _13581_/X (sky130_fd_sc_hd__mux2_2)
     1    0.00                           _07888_ (net)
                  0.04    0.00    0.11 ^ _13582_/A (sky130_fd_sc_hd__buf_1)
                  1.46    0.97    1.09 ^ _13582_/X (sky130_fd_sc_hd__buf_1)
     1    0.13                           soc.bspi.b2o.wck (net)
                  1.47    0.08    1.17 ^ clkbuf_0_soc.bspi.b2o.wck/A (sky130_fd_sc_hd__clkbuf_16)
                  0.11    0.36    1.53 ^ clkbuf_0_soc.bspi.b2o.wck/X (sky130_fd_sc_hd__clkbuf_16)
     2    0.07                           clknet_0_soc.bspi.b2o.wck (net)
                  0.11    0.00    1.53 ^ clkbuf_1_0_0_soc.bspi.b2o.wck/A (sky130_fd_sc_hd__clkbuf_8)
                  0.10    0.18    1.72 ^ clkbuf_1_0_0_soc.bspi.b2o.wck/X (sky130_fd_sc_hd__clkbuf_8)
     2    0.05                           clknet_1_0_0_soc.bspi.b2o.wck (net)
                  0.10    0.00    1.72 ^ clkbuf_2_0_0_soc.bspi.b2o.wck/A (sky130_fd_sc_hd__clkbuf_8)
                  0.10    0.18    1.90 ^ clkbuf_2_0_0_soc.bspi.b2o.wck/X (sky130_fd_sc_hd__clkbuf_8)
     2    0.05                           clknet_2_0_0_soc.bspi.b2o.wck (net)
                  0.10    0.00    1.90 ^ clkbuf_3_1_0_soc.bspi.b2o.wck/A (sky130_fd_sc_hd__clkbuf_8)
                  0.10    0.18    2.07 ^ clkbuf_3_1_0_soc.bspi.b2o.wck/X (sky130_fd_sc_hd__clkbuf_8)
     2    0.05                           clknet_3_1_0_soc.bspi.b2o.wck (net)
                  0.10    0.00    2.08 ^ clkbuf_4_2__f_soc.bspi.b2o.wck/A (sky130_fd_sc_hd__clkbuf_16)
                  0.12    0.19    2.27 ^ clkbuf_4_2__f_soc.bspi.b2o.wck/X (sky130_fd_sc_hd__clkbuf_16)
     8    0.10                           clknet_4_2__leaf_soc.bspi.b2o.wck (net)
                  0.12    0.00    2.28 ^ clkbuf_leaf_4_soc.bspi.b2o.wck/A (sky130_fd_sc_hd__clkbuf_16)
                  0.04    0.14    2.42 ^ clkbuf_leaf_4_soc.bspi.b2o.wck/X (sky130_fd_sc_hd__clkbuf_16)
     7    0.02                           clknet_leaf_4_soc.bspi.b2o.wck (net)
                  0.04    0.00    2.42 ^ _17754_/CLK (sky130_fd_sc_hd__dfrtp_1)
                  0.05    0.30    2.72 ^ _17754_/Q (sky130_fd_sc_hd__dfrtp_1)
     1    0.00                           soc.core.pf_pc4[29] (net)
                  0.05    0.00    2.72 ^ _17688_/D (sky130_fd_sc_hd__dfrtp_1)
                                  2.72   data arrival time

                          0.00    0.00   clock ick (rise edge)
                          0.00    0.00   clock source latency
                  0.00    0.00    0.00 ^ io_clk (in)
     1    0.02                           io_clk (net)
                  0.00    0.00    0.00 ^ _13581_/A1 (sky130_fd_sc_hd__mux2_2)
                  0.05    0.12    0.13 ^ _13581_/X (sky130_fd_sc_hd__mux2_2)
     1    0.00                           _07888_ (net)
                  0.05    0.00    0.13 ^ _13582_/A (sky130_fd_sc_hd__buf_1)
                  1.46    1.08    1.21 ^ _13582_/X (sky130_fd_sc_hd__buf_1)
     1    0.13                           soc.bspi.b2o.wck (net)
                  1.47    0.09    1.30 ^ clkbuf_0_soc.bspi.b2o.wck/A (sky130_fd_sc_hd__clkbuf_16)
                  0.11    0.40    1.70 ^ clkbuf_0_soc.bspi.b2o.wck/X (sky130_fd_sc_hd__clkbuf_16)
     2    0.07                           clknet_0_soc.bspi.b2o.wck (net)
                  0.11    0.01    1.70 ^ clkbuf_1_0_0_soc.bspi.b2o.wck/A (sky130_fd_sc_hd__clkbuf_8)
                  0.10    0.20    1.90 ^ clkbuf_1_0_0_soc.bspi.b2o.wck/X (sky130_fd_sc_hd__clkbuf_8)
     2    0.05                           clknet_1_0_0_soc.bspi.b2o.wck (net)
                  0.10    0.00    1.91 ^ clkbuf_2_1_0_soc.bspi.b2o.wck/A (sky130_fd_sc_hd__clkbuf_8)
                  0.07    0.17    2.08 ^ clkbuf_2_1_0_soc.bspi.b2o.wck/X (sky130_fd_sc_hd__clkbuf_8)
     2    0.03                           clknet_2_1_0_soc.bspi.b2o.wck (net)
                  0.07    0.00    2.08 ^ clkbuf_3_3_0_soc.bspi.b2o.wck/A (sky130_fd_sc_hd__clkbuf_8)
                  0.10    0.19    2.27 ^ clkbuf_3_3_0_soc.bspi.b2o.wck/X (sky130_fd_sc_hd__clkbuf_8)
     2    0.05                           clknet_3_3_0_soc.bspi.b2o.wck (net)
                  0.10    0.00    2.27 ^ clkbuf_4_6__f_soc.bspi.b2o.wck/A (sky130_fd_sc_hd__clkbuf_16)
                  0.17    0.25    2.52 ^ clkbuf_4_6__f_soc.bspi.b2o.wck/X (sky130_fd_sc_hd__clkbuf_16)
    14    0.16                           clknet_4_6__leaf_soc.bspi.b2o.wck (net)
                  0.17    0.01    2.54 ^ clkbuf_leaf_51_soc.bspi.b2o.wck/A (sky130_fd_sc_hd__clkbuf_16)
                  0.07    0.20    2.74 ^ clkbuf_leaf_51_soc.bspi.b2o.wck/X (sky130_fd_sc_hd__clkbuf_16)
    19    0.05                           clknet_leaf_51_soc.bspi.b2o.wck (net)
                  0.07    0.00    2.74 ^ _17688_/CLK (sky130_fd_sc_hd__dfrtp_1)
                         -0.19    2.55   clock reconvergence pessimism
                         -0.03    2.52   library hold time
                                  2.52   data required time
-----------------------------------------------------------------------------
                                  2.52   data required time
                                 -2.72   data arrival time
-----------------------------------------------------------------------------
                                  0.20   slack (MET)


Startpoint: _17746_ (rising edge-triggered flip-flop clocked by ick)
Endpoint: _17680_ (rising edge-triggered flip-flop clocked by ick)
Path Group: ick
Path Type: min

Fanout     Cap    Slew   Delay    Time   Description
-----------------------------------------------------------------------------
                          0.00    0.00   clock ick (rise edge)
                          0.00    0.00   clock source latency
                  0.00    0.00    0.00 ^ io_clk (in)
     1    0.02                           io_clk (net)
                  0.00    0.00    0.00 ^ _13581_/A1 (sky130_fd_sc_hd__mux2_2)
                  0.04    0.11    0.11 ^ _13581_/X (sky130_fd_sc_hd__mux2_2)
     1    0.00                           _07888_ (net)
                  0.04    0.00    0.11 ^ _13582_/A (sky130_fd_sc_hd__buf_1)
                  1.46    0.97    1.09 ^ _13582_/X (sky130_fd_sc_hd__buf_1)
     1    0.13                           soc.bspi.b2o.wck (net)
                  1.47    0.08    1.17 ^ clkbuf_0_soc.bspi.b2o.wck/A (sky130_fd_sc_hd__clkbuf_16)
                  0.11    0.36    1.53 ^ clkbuf_0_soc.bspi.b2o.wck/X (sky130_fd_sc_hd__clkbuf_16)
     2    0.07                           clknet_0_soc.bspi.b2o.wck (net)
                  0.11    0.01    1.54 ^ clkbuf_1_1_0_soc.bspi.b2o.wck/A (sky130_fd_sc_hd__clkbuf_8)
                  0.09    0.18    1.71 ^ clkbuf_1_1_0_soc.bspi.b2o.wck/X (sky130_fd_sc_hd__clkbuf_8)
     2    0.05                           clknet_1_1_0_soc.bspi.b2o.wck (net)
                  0.09    0.01    1.72 ^ clkbuf_2_2_0_soc.bspi.b2o.wck/A (sky130_fd_sc_hd__clkbuf_8)
                  0.08    0.16    1.88 ^ clkbuf_2_2_0_soc.bspi.b2o.wck/X (sky130_fd_sc_hd__clkbuf_8)
     2    0.04                           clknet_2_2_0_soc.bspi.b2o.wck (net)
                  0.08    0.00    1.89 ^ clkbuf_3_4_0_soc.bspi.b2o.wck/A (sky130_fd_sc_hd__clkbuf_8)
                  0.09    0.16    2.05 ^ clkbuf_3_4_0_soc.bspi.b2o.wck/X (sky130_fd_sc_hd__clkbuf_8)
     2    0.04                           clknet_3_4_0_soc.bspi.b2o.wck (net)
                  0.09    0.00    2.05 ^ clkbuf_4_8__f_soc.bspi.b2o.wck/A (sky130_fd_sc_hd__clkbuf_16)
                  0.17    0.23    2.28 ^ clkbuf_4_8__f_soc.bspi.b2o.wck/X (sky130_fd_sc_hd__clkbuf_16)
    15    0.16                           clknet_4_8__leaf_soc.bspi.b2o.wck (net)
                  0.17    0.01    2.29 ^ clkbuf_leaf_175_soc.bspi.b2o.wck/A (sky130_fd_sc_hd__clkbuf_16)
                  0.04    0.16    2.45 ^ clkbuf_leaf_175_soc.bspi.b2o.wck/X (sky130_fd_sc_hd__clkbuf_16)
     7    0.02                           clknet_leaf_175_soc.bspi.b2o.wck (net)
                  0.04    0.00    2.45 ^ _17746_/CLK (sky130_fd_sc_hd__dfrtp_1)
                  0.05    0.30    2.75 ^ _17746_/Q (sky130_fd_sc_hd__dfrtp_1)
     1    0.00                           soc.core.pf_pc4[21] (net)
                  0.05    0.00    2.75 ^ _17680_/D (sky130_fd_sc_hd__dfrtp_1)
                                  2.75   data arrival time

                          0.00    0.00   clock ick (rise edge)
                          0.00    0.00   clock source latency
                  0.00    0.00    0.00 ^ io_clk (in)
     1    0.02                           io_clk (net)
                  0.00    0.00    0.00 ^ _13581_/A1 (sky130_fd_sc_hd__mux2_2)
                  0.05    0.12    0.13 ^ _13581_/X (sky130_fd_sc_hd__mux2_2)
     1    0.00                           _07888_ (net)
                  0.05    0.00    0.13 ^ _13582_/A (sky130_fd_sc_hd__buf_1)
                  1.46    1.08    1.21 ^ _13582_/X (sky130_fd_sc_hd__buf_1)
     1    0.13                           soc.bspi.b2o.wck (net)
                  1.47    0.09    1.30 ^ clkbuf_0_soc.bspi.b2o.wck/A (sky130_fd_sc_hd__clkbuf_16)
                  0.11    0.40    1.70 ^ clkbuf_0_soc.bspi.b2o.wck/X (sky130_fd_sc_hd__clkbuf_16)
     2    0.07                           clknet_0_soc.bspi.b2o.wck (net)
                  0.11    0.01    1.70 ^ clkbuf_1_1_0_soc.bspi.b2o.wck/A (sky130_fd_sc_hd__clkbuf_8)
                  0.09    0.20    1.90 ^ clkbuf_1_1_0_soc.bspi.b2o.wck/X (sky130_fd_sc_hd__clkbuf_8)
     2    0.05                           clknet_1_1_0_soc.bspi.b2o.wck (net)
                  0.09    0.00    1.90 ^ clkbuf_2_3_0_soc.bspi.b2o.wck/A (sky130_fd_sc_hd__clkbuf_8)
                  0.07    0.17    2.08 ^ clkbuf_2_3_0_soc.bspi.b2o.wck/X (sky130_fd_sc_hd__clkbuf_8)
     2    0.03                           clknet_2_3_0_soc.bspi.b2o.wck (net)
                  0.07    0.00    2.08 ^ clkbuf_3_6_0_soc.bspi.b2o.wck/A (sky130_fd_sc_hd__clkbuf_8)
                  0.10    0.18    2.26 ^ clkbuf_3_6_0_soc.bspi.b2o.wck/X (sky130_fd_sc_hd__clkbuf_8)
     2    0.05                           clknet_3_6_0_soc.bspi.b2o.wck (net)
                  0.10    0.00    2.27 ^ clkbuf_4_13__f_soc.bspi.b2o.wck/A (sky130_fd_sc_hd__clkbuf_16)
                  0.21    0.28    2.55 ^ clkbuf_4_13__f_soc.bspi.b2o.wck/X (sky130_fd_sc_hd__clkbuf_16)
    19    0.20                           clknet_4_13__leaf_soc.bspi.b2o.wck (net)
                  0.21    0.01    2.56 ^ clkbuf_leaf_95_soc.bspi.b2o.wck/A (sky130_fd_sc_hd__clkbuf_16)
                  0.06    0.20    2.76 ^ clkbuf_leaf_95_soc.bspi.b2o.wck/X (sky130_fd_sc_hd__clkbuf_16)
    13    0.03                           clknet_leaf_95_soc.bspi.b2o.wck (net)
                  0.06    0.00    2.76 ^ _17680_/CLK (sky130_fd_sc_hd__dfrtp_1)
                         -0.19    2.58   clock reconvergence pessimism
                         -0.03    2.54   library hold time
                                  2.54   data required time
-----------------------------------------------------------------------------
                                  2.54   data required time
                                 -2.75   data arrival time
-----------------------------------------------------------------------------
                                  0.21   slack (MET)


Startpoint: _17748_ (rising edge-triggered flip-flop clocked by ick)
Endpoint: _17682_ (rising edge-triggered flip-flop clocked by ick)
Path Group: ick
Path Type: min

Fanout     Cap    Slew   Delay    Time   Description
-----------------------------------------------------------------------------
                          0.00    0.00   clock ick (rise edge)
                          0.00    0.00   clock source latency
                  0.00    0.00    0.00 ^ io_clk (in)
     1    0.02                           io_clk (net)
                  0.00    0.00    0.00 ^ _13581_/A1 (sky130_fd_sc_hd__mux2_2)
                  0.04    0.11    0.11 ^ _13581_/X (sky130_fd_sc_hd__mux2_2)
     1    0.00                           _07888_ (net)
                  0.04    0.00    0.11 ^ _13582_/A (sky130_fd_sc_hd__buf_1)
                  1.46    0.97    1.09 ^ _13582_/X (sky130_fd_sc_hd__buf_1)
     1    0.13                           soc.bspi.b2o.wck (net)
                  1.47    0.08    1.17 ^ clkbuf_0_soc.bspi.b2o.wck/A (sky130_fd_sc_hd__clkbuf_16)
                  0.11    0.36    1.53 ^ clkbuf_0_soc.bspi.b2o.wck/X (sky130_fd_sc_hd__clkbuf_16)
     2    0.07                           clknet_0_soc.bspi.b2o.wck (net)
                  0.11    0.00    1.53 ^ clkbuf_1_0_0_soc.bspi.b2o.wck/A (sky130_fd_sc_hd__clkbuf_8)
                  0.10    0.18    1.72 ^ clkbuf_1_0_0_soc.bspi.b2o.wck/X (sky130_fd_sc_hd__clkbuf_8)
     2    0.05                           clknet_1_0_0_soc.bspi.b2o.wck (net)
                  0.10    0.00    1.72 ^ clkbuf_2_0_0_soc.bspi.b2o.wck/A (sky130_fd_sc_hd__clkbuf_8)
                  0.10    0.18    1.90 ^ clkbuf_2_0_0_soc.bspi.b2o.wck/X (sky130_fd_sc_hd__clkbuf_8)
     2    0.05                           clknet_2_0_0_soc.bspi.b2o.wck (net)
                  0.10    0.00    1.90 ^ clkbuf_3_1_0_soc.bspi.b2o.wck/A (sky130_fd_sc_hd__clkbuf_8)
                  0.10    0.18    2.07 ^ clkbuf_3_1_0_soc.bspi.b2o.wck/X (sky130_fd_sc_hd__clkbuf_8)
     2    0.05                           clknet_3_1_0_soc.bspi.b2o.wck (net)
                  0.10    0.00    2.08 ^ clkbuf_4_2__f_soc.bspi.b2o.wck/A (sky130_fd_sc_hd__clkbuf_16)
                  0.12    0.19    2.27 ^ clkbuf_4_2__f_soc.bspi.b2o.wck/X (sky130_fd_sc_hd__clkbuf_16)
     8    0.10                           clknet_4_2__leaf_soc.bspi.b2o.wck (net)
                  0.12    0.00    2.28 ^ clkbuf_leaf_3_soc.bspi.b2o.wck/A (sky130_fd_sc_hd__clkbuf_16)
                  0.04    0.15    2.42 ^ clkbuf_leaf_3_soc.bspi.b2o.wck/X (sky130_fd_sc_hd__clkbuf_16)
     9    0.02                           clknet_leaf_3_soc.bspi.b2o.wck (net)
                  0.04    0.00    2.42 ^ _17748_/CLK (sky130_fd_sc_hd__dfrtp_1)
                  0.06    0.31    2.73 ^ _17748_/Q (sky130_fd_sc_hd__dfrtp_1)
     1    0.00                           soc.core.pf_pc4[23] (net)
                  0.06    0.00    2.73 ^ _17682_/D (sky130_fd_sc_hd__dfrtp_1)
                                  2.73   data arrival time

                          0.00    0.00   clock ick (rise edge)
                          0.00    0.00   clock source latency
                  0.00    0.00    0.00 ^ io_clk (in)
     1    0.02                           io_clk (net)
                  0.00    0.00    0.00 ^ _13581_/A1 (sky130_fd_sc_hd__mux2_2)
                  0.05    0.12    0.13 ^ _13581_/X (sky130_fd_sc_hd__mux2_2)
     1    0.00                           _07888_ (net)
                  0.05    0.00    0.13 ^ _13582_/A (sky130_fd_sc_hd__buf_1)
                  1.46    1.08    1.21 ^ _13582_/X (sky130_fd_sc_hd__buf_1)
     1    0.13                           soc.bspi.b2o.wck (net)
                  1.47    0.09    1.30 ^ clkbuf_0_soc.bspi.b2o.wck/A (sky130_fd_sc_hd__clkbuf_16)
                  0.11    0.40    1.70 ^ clkbuf_0_soc.bspi.b2o.wck/X (sky130_fd_sc_hd__clkbuf_16)
     2    0.07                           clknet_0_soc.bspi.b2o.wck (net)
                  0.11    0.01    1.70 ^ clkbuf_1_0_0_soc.bspi.b2o.wck/A (sky130_fd_sc_hd__clkbuf_8)
                  0.10    0.20    1.90 ^ clkbuf_1_0_0_soc.bspi.b2o.wck/X (sky130_fd_sc_hd__clkbuf_8)
     2    0.05                           clknet_1_0_0_soc.bspi.b2o.wck (net)
                  0.10    0.00    1.91 ^ clkbuf_2_1_0_soc.bspi.b2o.wck/A (sky130_fd_sc_hd__clkbuf_8)
                  0.07    0.17    2.08 ^ clkbuf_2_1_0_soc.bspi.b2o.wck/X (sky130_fd_sc_hd__clkbuf_8)
     2    0.03                           clknet_2_1_0_soc.bspi.b2o.wck (net)
                  0.07    0.00    2.08 ^ clkbuf_3_3_0_soc.bspi.b2o.wck/A (sky130_fd_sc_hd__clkbuf_8)
                  0.10    0.19    2.27 ^ clkbuf_3_3_0_soc.bspi.b2o.wck/X (sky130_fd_sc_hd__clkbuf_8)
     2    0.05                           clknet_3_3_0_soc.bspi.b2o.wck (net)
                  0.10    0.00    2.27 ^ clkbuf_4_6__f_soc.bspi.b2o.wck/A (sky130_fd_sc_hd__clkbuf_16)
                  0.17    0.25    2.52 ^ clkbuf_4_6__f_soc.bspi.b2o.wck/X (sky130_fd_sc_hd__clkbuf_16)
    14    0.16                           clknet_4_6__leaf_soc.bspi.b2o.wck (net)
                  0.17    0.01    2.53 ^ clkbuf_leaf_94_soc.bspi.b2o.wck/A (sky130_fd_sc_hd__clkbuf_16)
                  0.06    0.19    2.73 ^ clkbuf_leaf_94_soc.bspi.b2o.wck/X (sky130_fd_sc_hd__clkbuf_16)
    15    0.04                           clknet_leaf_94_soc.bspi.b2o.wck (net)
                  0.06    0.00    2.73 ^ _17682_/CLK (sky130_fd_sc_hd__dfrtp_1)
                         -0.19    2.54   clock reconvergence pessimism
                         -0.04    2.50   library hold time
                                  2.50   data required time
-----------------------------------------------------------------------------
                                  2.50   data required time
                                 -2.73   data arrival time
-----------------------------------------------------------------------------
                                  0.23   slack (MET)


Startpoint: _17745_ (rising edge-triggered flip-flop clocked by ick)
Endpoint: _17679_ (rising edge-triggered flip-flop clocked by ick)
Path Group: ick
Path Type: min

Fanout     Cap    Slew   Delay    Time   Description
-----------------------------------------------------------------------------
                          0.00    0.00   clock ick (rise edge)
                          0.00    0.00   clock source latency
                  0.00    0.00    0.00 ^ io_clk (in)
     1    0.02                           io_clk (net)
                  0.00    0.00    0.00 ^ _13581_/A1 (sky130_fd_sc_hd__mux2_2)
                  0.04    0.11    0.11 ^ _13581_/X (sky130_fd_sc_hd__mux2_2)
     1    0.00                           _07888_ (net)
                  0.04    0.00    0.11 ^ _13582_/A (sky130_fd_sc_hd__buf_1)
                  1.46    0.97    1.09 ^ _13582_/X (sky130_fd_sc_hd__buf_1)
     1    0.13                           soc.bspi.b2o.wck (net)
                  1.47    0.08    1.17 ^ clkbuf_0_soc.bspi.b2o.wck/A (sky130_fd_sc_hd__clkbuf_16)
                  0.11    0.36    1.53 ^ clkbuf_0_soc.bspi.b2o.wck/X (sky130_fd_sc_hd__clkbuf_16)
     2    0.07                           clknet_0_soc.bspi.b2o.wck (net)
                  0.11    0.00    1.53 ^ clkbuf_1_0_0_soc.bspi.b2o.wck/A (sky130_fd_sc_hd__clkbuf_8)
                  0.10    0.18    1.72 ^ clkbuf_1_0_0_soc.bspi.b2o.wck/X (sky130_fd_sc_hd__clkbuf_8)
     2    0.05                           clknet_1_0_0_soc.bspi.b2o.wck (net)
                  0.10    0.00    1.72 ^ clkbuf_2_0_0_soc.bspi.b2o.wck/A (sky130_fd_sc_hd__clkbuf_8)
                  0.10    0.18    1.90 ^ clkbuf_2_0_0_soc.bspi.b2o.wck/X (sky130_fd_sc_hd__clkbuf_8)
     2    0.05                           clknet_2_0_0_soc.bspi.b2o.wck (net)
                  0.10    0.00    1.90 ^ clkbuf_3_1_0_soc.bspi.b2o.wck/A (sky130_fd_sc_hd__clkbuf_8)
                  0.10    0.18    2.07 ^ clkbuf_3_1_0_soc.bspi.b2o.wck/X (sky130_fd_sc_hd__clkbuf_8)
     2    0.05                           clknet_3_1_0_soc.bspi.b2o.wck (net)
                  0.10    0.00    2.08 ^ clkbuf_4_2__f_soc.bspi.b2o.wck/A (sky130_fd_sc_hd__clkbuf_16)
                  0.12    0.19    2.27 ^ clkbuf_4_2__f_soc.bspi.b2o.wck/X (sky130_fd_sc_hd__clkbuf_16)
     8    0.10                           clknet_4_2__leaf_soc.bspi.b2o.wck (net)
                  0.12    0.00    2.27 ^ clkbuf_leaf_176_soc.bspi.b2o.wck/A (sky130_fd_sc_hd__clkbuf_16)
                  0.06    0.16    2.43 ^ clkbuf_leaf_176_soc.bspi.b2o.wck/X (sky130_fd_sc_hd__clkbuf_16)
    15    0.04                           clknet_leaf_176_soc.bspi.b2o.wck (net)
                  0.06    0.00    2.43 ^ _17745_/CLK (sky130_fd_sc_hd__dfrtp_1)
                  0.05    0.31    2.74 ^ _17745_/Q (sky130_fd_sc_hd__dfrtp_1)
     1    0.00                           soc.core.pf_pc4[20] (net)
                  0.05    0.00    2.74 ^ _17679_/D (sky130_fd_sc_hd__dfrtp_1)
                                  2.74   data arrival time

                          0.00    0.00   clock ick (rise edge)
                          0.00    0.00   clock source latency
                  0.00    0.00    0.00 ^ io_clk (in)
     1    0.02                           io_clk (net)
                  0.00    0.00    0.00 ^ _13581_/A1 (sky130_fd_sc_hd__mux2_2)
                  0.05    0.12    0.13 ^ _13581_/X (sky130_fd_sc_hd__mux2_2)
     1    0.00                           _07888_ (net)
                  0.05    0.00    0.13 ^ _13582_/A (sky130_fd_sc_hd__buf_1)
                  1.46    1.08    1.21 ^ _13582_/X (sky130_fd_sc_hd__buf_1)
     1    0.13                           soc.bspi.b2o.wck (net)
                  1.47    0.09    1.30 ^ clkbuf_0_soc.bspi.b2o.wck/A (sky130_fd_sc_hd__clkbuf_16)
                  0.11    0.40    1.70 ^ clkbuf_0_soc.bspi.b2o.wck/X (sky130_fd_sc_hd__clkbuf_16)
     2    0.07                           clknet_0_soc.bspi.b2o.wck (net)
                  0.11    0.01    1.70 ^ clkbuf_1_0_0_soc.bspi.b2o.wck/A (sky130_fd_sc_hd__clkbuf_8)
                  0.10    0.20    1.90 ^ clkbuf_1_0_0_soc.bspi.b2o.wck/X (sky130_fd_sc_hd__clkbuf_8)
     2    0.05                           clknet_1_0_0_soc.bspi.b2o.wck (net)
                  0.10    0.00    1.91 ^ clkbuf_2_1_0_soc.bspi.b2o.wck/A (sky130_fd_sc_hd__clkbuf_8)
                  0.07    0.17    2.08 ^ clkbuf_2_1_0_soc.bspi.b2o.wck/X (sky130_fd_sc_hd__clkbuf_8)
     2    0.03                           clknet_2_1_0_soc.bspi.b2o.wck (net)
                  0.07    0.00    2.08 ^ clkbuf_3_3_0_soc.bspi.b2o.wck/A (sky130_fd_sc_hd__clkbuf_8)
                  0.10    0.19    2.27 ^ clkbuf_3_3_0_soc.bspi.b2o.wck/X (sky130_fd_sc_hd__clkbuf_8)
     2    0.05                           clknet_3_3_0_soc.bspi.b2o.wck (net)
                  0.10    0.00    2.27 ^ clkbuf_4_6__f_soc.bspi.b2o.wck/A (sky130_fd_sc_hd__clkbuf_16)
                  0.17    0.25    2.52 ^ clkbuf_4_6__f_soc.bspi.b2o.wck/X (sky130_fd_sc_hd__clkbuf_16)
    14    0.16                           clknet_4_6__leaf_soc.bspi.b2o.wck (net)
                  0.17    0.01    2.53 ^ clkbuf_leaf_94_soc.bspi.b2o.wck/A (sky130_fd_sc_hd__clkbuf_16)
                  0.06    0.19    2.73 ^ clkbuf_leaf_94_soc.bspi.b2o.wck/X (sky130_fd_sc_hd__clkbuf_16)
    15    0.04                           clknet_leaf_94_soc.bspi.b2o.wck (net)
                  0.06    0.00    2.73 ^ _17679_/CLK (sky130_fd_sc_hd__dfrtp_1)
                         -0.19    2.54   clock reconvergence pessimism
                         -0.03    2.51   library hold time
                                  2.51   data required time
-----------------------------------------------------------------------------
                                  2.51   data required time
                                 -2.74   data arrival time
-----------------------------------------------------------------------------
                                  0.24   slack (MET)


Startpoint: _17747_ (rising edge-triggered flip-flop clocked by ick)
Endpoint: _17681_ (rising edge-triggered flip-flop clocked by ick)
Path Group: ick
Path Type: min

Fanout     Cap    Slew   Delay    Time   Description
-----------------------------------------------------------------------------
                          0.00    0.00   clock ick (rise edge)
                          0.00    0.00   clock source latency
                  0.00    0.00    0.00 ^ io_clk (in)
     1    0.02                           io_clk (net)
                  0.00    0.00    0.00 ^ _13581_/A1 (sky130_fd_sc_hd__mux2_2)
                  0.04    0.11    0.11 ^ _13581_/X (sky130_fd_sc_hd__mux2_2)
     1    0.00                           _07888_ (net)
                  0.04    0.00    0.11 ^ _13582_/A (sky130_fd_sc_hd__buf_1)
                  1.46    0.97    1.09 ^ _13582_/X (sky130_fd_sc_hd__buf_1)
     1    0.13                           soc.bspi.b2o.wck (net)
                  1.47    0.08    1.17 ^ clkbuf_0_soc.bspi.b2o.wck/A (sky130_fd_sc_hd__clkbuf_16)
                  0.11    0.36    1.53 ^ clkbuf_0_soc.bspi.b2o.wck/X (sky130_fd_sc_hd__clkbuf_16)
     2    0.07                           clknet_0_soc.bspi.b2o.wck (net)
                  0.11    0.00    1.53 ^ clkbuf_1_0_0_soc.bspi.b2o.wck/A (sky130_fd_sc_hd__clkbuf_8)
                  0.10    0.18    1.72 ^ clkbuf_1_0_0_soc.bspi.b2o.wck/X (sky130_fd_sc_hd__clkbuf_8)
     2    0.05                           clknet_1_0_0_soc.bspi.b2o.wck (net)
                  0.10    0.00    1.72 ^ clkbuf_2_0_0_soc.bspi.b2o.wck/A (sky130_fd_sc_hd__clkbuf_8)
                  0.10    0.18    1.90 ^ clkbuf_2_0_0_soc.bspi.b2o.wck/X (sky130_fd_sc_hd__clkbuf_8)
     2    0.05                           clknet_2_0_0_soc.bspi.b2o.wck (net)
                  0.10    0.00    1.90 ^ clkbuf_3_1_0_soc.bspi.b2o.wck/A (sky130_fd_sc_hd__clkbuf_8)
                  0.10    0.18    2.07 ^ clkbuf_3_1_0_soc.bspi.b2o.wck/X (sky130_fd_sc_hd__clkbuf_8)
     2    0.05                           clknet_3_1_0_soc.bspi.b2o.wck (net)
                  0.10    0.00    2.08 ^ clkbuf_4_2__f_soc.bspi.b2o.wck/A (sky130_fd_sc_hd__clkbuf_16)
                  0.12    0.19    2.27 ^ clkbuf_4_2__f_soc.bspi.b2o.wck/X (sky130_fd_sc_hd__clkbuf_16)
     8    0.10                           clknet_4_2__leaf_soc.bspi.b2o.wck (net)
                  0.12    0.00    2.27 ^ clkbuf_leaf_176_soc.bspi.b2o.wck/A (sky130_fd_sc_hd__clkbuf_16)
                  0.06    0.16    2.43 ^ clkbuf_leaf_176_soc.bspi.b2o.wck/X (sky130_fd_sc_hd__clkbuf_16)
    15    0.04                           clknet_leaf_176_soc.bspi.b2o.wck (net)
                  0.06    0.00    2.43 ^ _17747_/CLK (sky130_fd_sc_hd__dfrtp_1)
                  0.05    0.31    2.75 ^ _17747_/Q (sky130_fd_sc_hd__dfrtp_1)
     1    0.00                           soc.core.pf_pc4[22] (net)
                  0.05    0.00    2.75 ^ _17681_/D (sky130_fd_sc_hd__dfrtp_1)
                                  2.75   data arrival time

                          0.00    0.00   clock ick (rise edge)
                          0.00    0.00   clock source latency
                  0.00    0.00    0.00 ^ io_clk (in)
     1    0.02                           io_clk (net)
                  0.00    0.00    0.00 ^ _13581_/A1 (sky130_fd_sc_hd__mux2_2)
                  0.05    0.12    0.13 ^ _13581_/X (sky130_fd_sc_hd__mux2_2)
     1    0.00                           _07888_ (net)
                  0.05    0.00    0.13 ^ _13582_/A (sky130_fd_sc_hd__buf_1)
                  1.46    1.08    1.21 ^ _13582_/X (sky130_fd_sc_hd__buf_1)
     1    0.13                           soc.bspi.b2o.wck (net)
                  1.47    0.09    1.30 ^ clkbuf_0_soc.bspi.b2o.wck/A (sky130_fd_sc_hd__clkbuf_16)
                  0.11    0.40    1.70 ^ clkbuf_0_soc.bspi.b2o.wck/X (sky130_fd_sc_hd__clkbuf_16)
     2    0.07                           clknet_0_soc.bspi.b2o.wck (net)
                  0.11    0.01    1.70 ^ clkbuf_1_0_0_soc.bspi.b2o.wck/A (sky130_fd_sc_hd__clkbuf_8)
                  0.10    0.20    1.90 ^ clkbuf_1_0_0_soc.bspi.b2o.wck/X (sky130_fd_sc_hd__clkbuf_8)
     2    0.05                           clknet_1_0_0_soc.bspi.b2o.wck (net)
                  0.10    0.00    1.91 ^ clkbuf_2_1_0_soc.bspi.b2o.wck/A (sky130_fd_sc_hd__clkbuf_8)
                  0.07    0.17    2.08 ^ clkbuf_2_1_0_soc.bspi.b2o.wck/X (sky130_fd_sc_hd__clkbuf_8)
     2    0.03                           clknet_2_1_0_soc.bspi.b2o.wck (net)
                  0.07    0.00    2.08 ^ clkbuf_3_3_0_soc.bspi.b2o.wck/A (sky130_fd_sc_hd__clkbuf_8)
                  0.10    0.19    2.27 ^ clkbuf_3_3_0_soc.bspi.b2o.wck/X (sky130_fd_sc_hd__clkbuf_8)
     2    0.05                           clknet_3_3_0_soc.bspi.b2o.wck (net)
                  0.10    0.00    2.27 ^ clkbuf_4_6__f_soc.bspi.b2o.wck/A (sky130_fd_sc_hd__clkbuf_16)
                  0.17    0.25    2.52 ^ clkbuf_4_6__f_soc.bspi.b2o.wck/X (sky130_fd_sc_hd__clkbuf_16)
    14    0.16                           clknet_4_6__leaf_soc.bspi.b2o.wck (net)
                  0.17    0.01    2.53 ^ clkbuf_leaf_94_soc.bspi.b2o.wck/A (sky130_fd_sc_hd__clkbuf_16)
                  0.06    0.19    2.73 ^ clkbuf_leaf_94_soc.bspi.b2o.wck/X (sky130_fd_sc_hd__clkbuf_16)
    15    0.04                           clknet_leaf_94_soc.bspi.b2o.wck (net)
                  0.06    0.00    2.73 ^ _17681_/CLK (sky130_fd_sc_hd__dfrtp_1)
                         -0.19    2.54   clock reconvergence pessimism
                         -0.03    2.51   library hold time
                                  2.51   data required time
-----------------------------------------------------------------------------
                                  2.51   data required time
                                 -2.75   data arrival time
-----------------------------------------------------------------------------
                                  0.24   slack (MET)


Startpoint: _18142_ (rising edge-triggered flip-flop clocked by sck)
Endpoint: _18140_ (rising edge-triggered flip-flop clocked by sck)
Path Group: sck
Path Type: min

Fanout     Cap    Slew   Delay    Time   Description
-----------------------------------------------------------------------------
                          0.00    0.00   clock sck (rise edge)
                          0.00    0.00   clock source latency
                  0.00    0.00    0.00 ^ io_sck (in)
     1    0.16                           io_sck (net)
                  0.18    0.09    0.09 ^ clkbuf_0_io_sck/A (sky130_fd_sc_hd__clkbuf_16)
                  0.06    0.18    0.26 ^ clkbuf_0_io_sck/X (sky130_fd_sc_hd__clkbuf_16)
     4    0.04                           clknet_0_io_sck (net)
                  0.06    0.00    0.26 ^ clkbuf_2_3__f_io_sck/A (sky130_fd_sc_hd__clkbuf_16)
                  0.06    0.14    0.41 ^ clkbuf_2_3__f_io_sck/X (sky130_fd_sc_hd__clkbuf_16)
    16    0.04                           clknet_2_3__leaf_io_sck (net)
                  0.06    0.00    0.41 ^ _18142_/CLK (sky130_fd_sc_hd__dfrtp_1)
                  0.04    0.30    0.71 ^ _18142_/Q (sky130_fd_sc_hd__dfrtp_1)
     1    0.00                           soc.bspi.o2b.wrg[0][0] (net)
                  0.04    0.00    0.71 ^ _18140_/D (sky130_fd_sc_hd__dfrtp_1)
                                  0.71   data arrival time

                          0.00    0.00   clock sck (rise edge)
                          0.00    0.00   clock source latency
                  0.00    0.00    0.00 ^ io_sck (in)
     1    0.16                           io_sck (net)
                  0.18    0.09    0.09 ^ clkbuf_0_io_sck/A (sky130_fd_sc_hd__clkbuf_16)
                  0.06    0.20    0.29 ^ clkbuf_0_io_sck/X (sky130_fd_sc_hd__clkbuf_16)
     4    0.04                           clknet_0_io_sck (net)
                  0.06    0.00    0.29 ^ clkbuf_2_3__f_io_sck/A (sky130_fd_sc_hd__clkbuf_16)
                  0.06    0.16    0.45 ^ clkbuf_2_3__f_io_sck/X (sky130_fd_sc_hd__clkbuf_16)
    16    0.04                           clknet_2_3__leaf_io_sck (net)
                  0.06    0.00    0.45 ^ _18140_/CLK (sky130_fd_sc_hd__dfrtp_1)
                         -0.04    0.41   clock reconvergence pessimism
                         -0.03    0.37   library hold time
                                  0.37   data required time
-----------------------------------------------------------------------------
                                  0.37   data required time
                                 -0.71   data arrival time
-----------------------------------------------------------------------------
                                  0.33   slack (MET)


Startpoint: _18206_ (rising edge-triggered flip-flop clocked by sck)
Endpoint: _18204_ (rising edge-triggered flip-flop clocked by sck)
Path Group: sck
Path Type: min

Fanout     Cap    Slew   Delay    Time   Description
-----------------------------------------------------------------------------
                          0.00    0.00   clock sck (rise edge)
                          0.00    0.00   clock source latency
                  0.00    0.00    0.00 ^ io_sck (in)
     1    0.16                           io_sck (net)
                  0.18    0.09    0.09 ^ clkbuf_0_io_sck/A (sky130_fd_sc_hd__clkbuf_16)
                  0.06    0.18    0.26 ^ clkbuf_0_io_sck/X (sky130_fd_sc_hd__clkbuf_16)
     4    0.04                           clknet_0_io_sck (net)
                  0.06    0.00    0.26 ^ clkbuf_2_0__f_io_sck/A (sky130_fd_sc_hd__clkbuf_16)
                  0.05    0.13    0.40 ^ clkbuf_2_0__f_io_sck/X (sky130_fd_sc_hd__clkbuf_16)
    11    0.03                           clknet_2_0__leaf_io_sck (net)
                  0.05    0.00    0.40 ^ _18206_/CLK (sky130_fd_sc_hd__dfrtp_1)
                  0.05    0.30    0.70 ^ _18206_/Q (sky130_fd_sc_hd__dfrtp_1)
     1    0.00                           soc.bspi.b2o.rwg[0][0] (net)
                  0.05    0.00    0.70 ^ _18204_/D (sky130_fd_sc_hd__dfrtp_1)
                                  0.70   data arrival time

                          0.00    0.00   clock sck (rise edge)
                          0.00    0.00   clock source latency
                  0.00    0.00    0.00 ^ io_sck (in)
     1    0.16                           io_sck (net)
                  0.18    0.09    0.09 ^ clkbuf_0_io_sck/A (sky130_fd_sc_hd__clkbuf_16)
                  0.06    0.20    0.29 ^ clkbuf_0_io_sck/X (sky130_fd_sc_hd__clkbuf_16)
     4    0.04                           clknet_0_io_sck (net)
                  0.06    0.00    0.29 ^ clkbuf_2_0__f_io_sck/A (sky130_fd_sc_hd__clkbuf_16)
                  0.05    0.14    0.44 ^ clkbuf_2_0__f_io_sck/X (sky130_fd_sc_hd__clkbuf_16)
    11    0.03                           clknet_2_0__leaf_io_sck (net)
                  0.05    0.00    0.44 ^ _18204_/CLK (sky130_fd_sc_hd__dfrtp_1)
                         -0.04    0.40   clock reconvergence pessimism
                         -0.03    0.36   library hold time
                                  0.36   data required time
-----------------------------------------------------------------------------
                                  0.36   data required time
                                 -0.70   data arrival time
-----------------------------------------------------------------------------
                                  0.33   slack (MET)


Startpoint: _18143_ (rising edge-triggered flip-flop clocked by sck)
Endpoint: _18141_ (rising edge-triggered flip-flop clocked by sck)
Path Group: sck
Path Type: min

Fanout     Cap    Slew   Delay    Time   Description
-----------------------------------------------------------------------------
                          0.00    0.00   clock sck (rise edge)
                          0.00    0.00   clock source latency
                  0.00    0.00    0.00 ^ io_sck (in)
     1    0.16                           io_sck (net)
                  0.18    0.09    0.09 ^ clkbuf_0_io_sck/A (sky130_fd_sc_hd__clkbuf_16)
                  0.06    0.18    0.26 ^ clkbuf_0_io_sck/X (sky130_fd_sc_hd__clkbuf_16)
     4    0.04                           clknet_0_io_sck (net)
                  0.06    0.00    0.26 ^ clkbuf_2_3__f_io_sck/A (sky130_fd_sc_hd__clkbuf_16)
                  0.06    0.14    0.41 ^ clkbuf_2_3__f_io_sck/X (sky130_fd_sc_hd__clkbuf_16)
    16    0.04                           clknet_2_3__leaf_io_sck (net)
                  0.06    0.00    0.41 ^ _18143_/CLK (sky130_fd_sc_hd__dfrtp_1)
                  0.04    0.30    0.71 ^ _18143_/Q (sky130_fd_sc_hd__dfrtp_1)
     1    0.00                           soc.bspi.o2b.wrg[0][1] (net)
                  0.04    0.00    0.71 ^ _18141_/D (sky130_fd_sc_hd__dfrtp_1)
                                  0.71   data arrival time

                          0.00    0.00   clock sck (rise edge)
                          0.00    0.00   clock source latency
                  0.00    0.00    0.00 ^ io_sck (in)
     1    0.16                           io_sck (net)
                  0.18    0.09    0.09 ^ clkbuf_0_io_sck/A (sky130_fd_sc_hd__clkbuf_16)
                  0.06    0.20    0.29 ^ clkbuf_0_io_sck/X (sky130_fd_sc_hd__clkbuf_16)
     4    0.04                           clknet_0_io_sck (net)
                  0.06    0.00    0.29 ^ clkbuf_2_3__f_io_sck/A (sky130_fd_sc_hd__clkbuf_16)
                  0.06    0.16    0.45 ^ clkbuf_2_3__f_io_sck/X (sky130_fd_sc_hd__clkbuf_16)
    16    0.04                           clknet_2_3__leaf_io_sck (net)
                  0.06    0.00    0.45 ^ _18141_/CLK (sky130_fd_sc_hd__dfrtp_1)
                         -0.04    0.41   clock reconvergence pessimism
                         -0.03    0.37   library hold time
                                  0.37   data required time
-----------------------------------------------------------------------------
                                  0.37   data required time
                                 -0.71   data arrival time
-----------------------------------------------------------------------------
                                  0.33   slack (MET)


Startpoint: _18207_ (rising edge-triggered flip-flop clocked by sck)
Endpoint: _18205_ (rising edge-triggered flip-flop clocked by sck)
Path Group: sck
Path Type: min

Fanout     Cap    Slew   Delay    Time   Description
-----------------------------------------------------------------------------
                          0.00    0.00   clock sck (rise edge)
                          0.00    0.00   clock source latency
                  0.00    0.00    0.00 ^ io_sck (in)
     1    0.16                           io_sck (net)
                  0.18    0.09    0.09 ^ clkbuf_0_io_sck/A (sky130_fd_sc_hd__clkbuf_16)
                  0.06    0.18    0.26 ^ clkbuf_0_io_sck/X (sky130_fd_sc_hd__clkbuf_16)
     4    0.04                           clknet_0_io_sck (net)
                  0.06    0.00    0.26 ^ clkbuf_2_0__f_io_sck/A (sky130_fd_sc_hd__clkbuf_16)
                  0.05    0.13    0.40 ^ clkbuf_2_0__f_io_sck/X (sky130_fd_sc_hd__clkbuf_16)
    11    0.03                           clknet_2_0__leaf_io_sck (net)
                  0.05    0.00    0.40 ^ _18207_/CLK (sky130_fd_sc_hd__dfrtp_1)
                  0.05    0.30    0.70 ^ _18207_/Q (sky130_fd_sc_hd__dfrtp_1)
     1    0.00                           soc.bspi.b2o.rwg[0][1] (net)
                  0.05    0.00    0.70 ^ _18205_/D (sky130_fd_sc_hd__dfrtp_1)
                                  0.70   data arrival time

                          0.00    0.00   clock sck (rise edge)
                          0.00    0.00   clock source latency
                  0.00    0.00    0.00 ^ io_sck (in)
     1    0.16                           io_sck (net)
                  0.18    0.09    0.09 ^ clkbuf_0_io_sck/A (sky130_fd_sc_hd__clkbuf_16)
                  0.06    0.20    0.29 ^ clkbuf_0_io_sck/X (sky130_fd_sc_hd__clkbuf_16)
     4    0.04                           clknet_0_io_sck (net)
                  0.06    0.00    0.29 ^ clkbuf_2_0__f_io_sck/A (sky130_fd_sc_hd__clkbuf_16)
                  0.05    0.14    0.44 ^ clkbuf_2_0__f_io_sck/X (sky130_fd_sc_hd__clkbuf_16)
    11    0.03                           clknet_2_0__leaf_io_sck (net)
                  0.05    0.00    0.44 ^ _18205_/CLK (sky130_fd_sc_hd__dfrtp_1)
                         -0.04    0.40   clock reconvergence pessimism
                         -0.03    0.36   library hold time
                                  0.36   data required time
-----------------------------------------------------------------------------
                                  0.36   data required time
                                 -0.70   data arrival time
-----------------------------------------------------------------------------
                                  0.33   slack (MET)


Startpoint: _17621_ (rising edge-triggered flip-flop clocked by sck)
Endpoint: _17621_ (rising edge-triggered flip-flop clocked by sck)
Path Group: sck
Path Type: min

Fanout     Cap    Slew   Delay    Time   Description
-----------------------------------------------------------------------------
                          0.00    0.00   clock sck (rise edge)
                          0.00    0.00   clock source latency
                  0.00    0.00    0.00 ^ io_sck (in)
     1    0.16                           io_sck (net)
                  0.18    0.09    0.09 ^ clkbuf_0_io_sck/A (sky130_fd_sc_hd__clkbuf_16)
                  0.06    0.18    0.26 ^ clkbuf_0_io_sck/X (sky130_fd_sc_hd__clkbuf_16)
     4    0.04                           clknet_0_io_sck (net)
                  0.06    0.00    0.26 ^ clkbuf_2_1__f_io_sck/A (sky130_fd_sc_hd__clkbuf_16)
                  0.05    0.13    0.40 ^ clkbuf_2_1__f_io_sck/X (sky130_fd_sc_hd__clkbuf_16)
     8    0.03                           clknet_2_1__leaf_io_sck (net)
                  0.05    0.00    0.40 ^ _17621_/CLK (sky130_fd_sc_hd__dfrtp_1)
                  0.12    0.36    0.75 ^ _17621_/Q (sky130_fd_sc_hd__dfrtp_1)
     3    0.01                           soc.bspi.oif.bct[2] (net)
                  0.12    0.00    0.75 ^ _13542_/A (sky130_fd_sc_hd__xor2_1)
                  0.04    0.07    0.83 v _13542_/X (sky130_fd_sc_hd__xor2_1)
     1    0.00                           _01016_ (net)
                  0.04    0.00    0.83 v _17621_/D (sky130_fd_sc_hd__dfrtp_1)
                                  0.83   data arrival time

                          0.00    0.00   clock sck (rise edge)
                          0.00    0.00   clock source latency
                  0.00    0.00    0.00 ^ io_sck (in)
     1    0.16                           io_sck (net)
                  0.18    0.09    0.09 ^ clkbuf_0_io_sck/A (sky130_fd_sc_hd__clkbuf_16)
                  0.06    0.20    0.29 ^ clkbuf_0_io_sck/X (sky130_fd_sc_hd__clkbuf_16)
     4    0.04                           clknet_0_io_sck (net)
                  0.06    0.00    0.29 ^ clkbuf_2_1__f_io_sck/A (sky130_fd_sc_hd__clkbuf_16)
                  0.05    0.14    0.44 ^ clkbuf_2_1__f_io_sck/X (sky130_fd_sc_hd__clkbuf_16)
     8    0.03                           clknet_2_1__leaf_io_sck (net)
                  0.05    0.00    0.44 ^ _17621_/CLK (sky130_fd_sc_hd__dfrtp_1)
                         -0.04    0.40   clock reconvergence pessimism
                         -0.04    0.35   library hold time
                                  0.35   data required time
-----------------------------------------------------------------------------
                                  0.35   data required time
                                 -0.83   data arrival time
-----------------------------------------------------------------------------
                                  0.47   slack (MET)


