OpenROAD 7f00621cb612fd94e15b35790afe744c89d433a7 
This program is licensed under the BSD-3 license. See the LICENSE file for details.
Components of this program may be licensed under more restrictive licenses which must be honored.
[INFO ODB-0222] Reading LEF file: /mnt/d/project/mpw_hdp_rv151/openlane/user_project_wrapper/runs/23_02_01_20_01/tmp/merged.nom.lef
[WARNING ODB-0220] WARNING (LEFPARS-2036): SOURCE statement is obsolete in version 5.6 and later.
The LEF parser will ignore this statement.
To avoid this warning in the future, remove this statement from the LEF file with version 5.6 or later. See file /mnt/d/project/mpw_hdp_rv151/openlane/user_project_wrapper/runs/23_02_01_20_01/tmp/merged.nom.lef at line 930.

[INFO ODB-0223]     Created 13 technology layers
[INFO ODB-0224]     Created 25 technology vias
[INFO ODB-0225]     Created 442 library cells
[INFO ODB-0226] Finished LEF file:  /mnt/d/project/mpw_hdp_rv151/openlane/user_project_wrapper/runs/23_02_01_20_01/tmp/merged.nom.lef
[INFO ODB-0127] Reading DEF file: /mnt/d/project/mpw_hdp_rv151/openlane/user_project_wrapper/runs/23_02_01_20_01/results/routing/user_project_wrapper.def
[INFO ODB-0128] Design: user_project_wrapper
[INFO ODB-0094] 		Created 100000 Insts
[INFO ODB-0094] 		Created 200000 Insts
[INFO ODB-0094] 		Created 300000 Insts
[INFO ODB-0094] 		Created 400000 Insts
[INFO ODB-0094] 		Created 500000 Insts
[INFO ODB-0094] 		Created 600000 Insts
[INFO ODB-0094] 		Created 700000 Insts
[INFO ODB-0094] 		Created 800000 Insts
[INFO ODB-0130]     Created 645 pins.
[INFO ODB-0131]     Created 849401 components and 3200329 component-terminals.
[INFO ODB-0132]     Created 8 special nets and 3159902 connections.
[INFO ODB-0133]     Created 12265 nets and 40057 connections.
[INFO ODB-0134] Finished DEF file: /mnt/d/project/mpw_hdp_rv151/openlane/user_project_wrapper/runs/23_02_01_20_01/results/routing/user_project_wrapper.def
Using RCX ruleset '/mnt/d/project/mpw_hdp_rv151/../mpw_deps/pdks/sky130A/libs.tech/openlane/rules.openrcx.sky130A.nom.calibre'...
[INFO RCX-0431] Defined process_corner X with ext_model_index 0
[INFO RCX-0029] Defined extraction corner X
[INFO RCX-0008] extracting parasitics of user_project_wrapper ...
[INFO RCX-0435] Reading extraction model file /mnt/d/project/mpw_hdp_rv151/../mpw_deps/pdks/sky130A/libs.tech/openlane/rules.openrcx.sky130A.nom.calibre ...
[INFO RCX-0436] RC segment generation user_project_wrapper (max_merge_res 50.0) ...
[INFO RCX-0040] Final 52832 rc segments
[INFO RCX-0439] Coupling Cap extraction user_project_wrapper ...
[INFO RCX-0440] Coupling threshhold is 0.1000 fF, coupling capacitance less than 0.1000 fF will be grounded.
[INFO RCX-0043] 148286 wires to be extracted
[INFO RCX-0442] 8% completion -- 12245 wires have been extracted
[INFO RCX-0442] 41% completion -- 61065 wires have been extracted
[INFO RCX-0442] 53% completion -- 79415 wires have been extracted
[INFO RCX-0442] 64% completion -- 94959 wires have been extracted
[INFO RCX-0442] 87% completion -- 129990 wires have been extracted
[INFO RCX-0442] 99% completion -- 147159 wires have been extracted
[INFO RCX-0045] Extract 12271 nets, 64710 rsegs, 64710 caps, 147084 ccs
[INFO RCX-0015] Finished extracting user_project_wrapper.
Writing result to /mnt/d/project/mpw_hdp_rv151/openlane/user_project_wrapper/runs/23_02_01_20_01/results/routing/mca/process_corner_nom/user_project_wrapper.spef...
Setting global connections for newly added cells...
[WARNING] Did not save OpenROAD database!
Writing extracted parasitics to /mnt/d/project/mpw_hdp_rv151/openlane/user_project_wrapper/runs/23_02_01_20_01/results/routing/mca/process_corner_nom/user_project_wrapper.spef...
[INFO RCX-0016] Writing SPEF ...
[INFO RCX-0443] 12265 nets finished
[INFO RCX-0017] Finished writing SPEF ...
