Startpoint: io_cslt (input port clocked by clk)
Endpoint: _18657_ (recovery check against rising-edge clock clk)
Path Group: **async_default**
Path Type: max

    Delay      Time   Description
-------------------------------------------------------------
   0.0000    0.0000   clock clk (rise edge)
   0.0000    0.0000   clock network delay (ideal)
  30.0000   30.0000 ^ input external delay
   0.0000   30.0000 ^ io_cslt (in)
   0.2482   30.2482 ^ input10/X (sky130_fd_sc_hd__buf_4)
   0.3288   30.5769 v _13511_/X (sky130_fd_sc_hd__or2b_1)
   0.2504   30.8273 v _13512_/X (sky130_fd_sc_hd__o21a_4)
   0.3491   31.1765 v _13513_/X (sky130_fd_sc_hd__clkbuf_4)
   0.2527   31.4292 v _16922_/X (sky130_fd_sc_hd__buf_4)
   0.2299   31.6591 v _16923_/X (sky130_fd_sc_hd__buf_12)
   0.2569   31.9160 ^ _16932_/Y (sky130_fd_sc_hd__inv_2)
   0.0001   31.9161 ^ _18657_/RESET_B (sky130_fd_sc_hd__dfrtp_4)
            31.9161   data arrival time

 100.0000  100.0000   clock clk (rise edge)
   0.0000  100.0000   clock network delay (ideal)
   0.0000  100.0000   clock reconvergence pessimism
           100.0000 ^ _18657_/CLK (sky130_fd_sc_hd__dfrtp_4)
   0.1934  100.1934   library recovery time
           100.1934   data required time
-------------------------------------------------------------
           100.1934   data required time
           -31.9161   data arrival time
-------------------------------------------------------------
            68.2773   slack (MET)


Startpoint: soc.dmem1 (falling edge-triggered flip-flop clocked by clk)
Endpoint: _18588_ (rising edge-triggered flip-flop clocked by clk)
Path Group: clk
Path Type: max

    Delay      Time   Description
-------------------------------------------------------------
  50.0000   50.0000   clock clk (fall edge)
   0.0000   50.0000   clock network delay (ideal)
   0.0000   50.0000 v soc.dmem1/clk0 (sky130_sram_2kbyte_1rw1r_32x512_8)
   0.4158   50.4158 v soc.dmem1/dout0[19] (sky130_sram_2kbyte_1rw1r_32x512_8)
   0.6156   51.0314 v wire342/X (sky130_fd_sc_hd__clkbuf_2)
   0.5698   51.6012 v wire341/X (sky130_fd_sc_hd__buf_4)
   0.3076   51.9088 v _13794_/X (sky130_fd_sc_hd__mux2_1)
   0.1073   52.0161 v _13795_/X (sky130_fd_sc_hd__clkbuf_1)
   0.0002   52.0163 v _18588_/D (sky130_fd_sc_hd__dfxtp_4)
            52.0163   data arrival time

 100.0000  100.0000   clock clk (rise edge)
   0.0000  100.0000   clock network delay (ideal)
   0.0000  100.0000   clock reconvergence pessimism
           100.0000 ^ _18588_/CLK (sky130_fd_sc_hd__dfxtp_4)
  -0.1177   99.8823   library setup time
            99.8823   data required time
-------------------------------------------------------------
            99.8823   data required time
           -52.0163   data arrival time
-------------------------------------------------------------
            47.8660   slack (MET)


Startpoint: soc.dmem1 (falling edge-triggered flip-flop clocked by ick)
Endpoint: _18588_ (rising edge-triggered flip-flop clocked by ick)
Path Group: ick
Path Type: max

    Delay      Time   Description
-------------------------------------------------------------
  50.0000   50.0000   clock ick (fall edge)
   0.0000   50.0000   clock network delay (ideal)
   0.0000   50.0000 v soc.dmem1/clk0 (sky130_sram_2kbyte_1rw1r_32x512_8)
   0.4158   50.4158 v soc.dmem1/dout0[19] (sky130_sram_2kbyte_1rw1r_32x512_8)
   0.6156   51.0314 v wire342/X (sky130_fd_sc_hd__clkbuf_2)
   0.5698   51.6012 v wire341/X (sky130_fd_sc_hd__buf_4)
   0.3076   51.9088 v _13794_/X (sky130_fd_sc_hd__mux2_1)
   0.1073   52.0161 v _13795_/X (sky130_fd_sc_hd__clkbuf_1)
   0.0002   52.0163 v _18588_/D (sky130_fd_sc_hd__dfxtp_4)
            52.0163   data arrival time

 100.0000  100.0000   clock ick (rise edge)
   0.0000  100.0000   clock network delay (ideal)
   0.0000  100.0000   clock reconvergence pessimism
           100.0000 ^ _18588_/CLK (sky130_fd_sc_hd__dfxtp_4)
  -0.1177   99.8823   library setup time
            99.8823   data required time
-------------------------------------------------------------
            99.8823   data required time
           -52.0163   data arrival time
-------------------------------------------------------------
            47.8660   slack (MET)


Startpoint: _18105_ (rising edge-triggered flip-flop clocked by sck')
Endpoint: io_sdo (output port clocked by sck)
Path Group: sck
Path Type: max

    Delay      Time   Description
-------------------------------------------------------------
  50.0000   50.0000   clock sck' (rise edge)
   0.0000   50.0000   clock network delay (ideal)
   0.0000   50.0000 ^ _18105_/CLK (sky130_fd_sc_hd__dfrtp_4)
   0.7729   50.7729 ^ _18105_/Q (sky130_fd_sc_hd__dfrtp_4)
   0.4263   51.1992 ^ output34/X (sky130_fd_sc_hd__clkbuf_1)
   0.0000   51.1992 ^ io_sdo (out)
            51.1992   data arrival time

 100.0000  100.0000   clock sck (rise edge)
   0.0000  100.0000   clock network delay (ideal)
   0.0000  100.0000   clock reconvergence pessimism
 -30.0000   70.0000   output external delay
            70.0000   data required time
-------------------------------------------------------------
            70.0000   data required time
           -51.1992   data arrival time
-------------------------------------------------------------
            18.8008   slack (MET)


