
24. Printing statistics.

=== hdp_rv151 ===

   Number of wires:              16815
   Number of wire bits:          19530
   Number of public wires:         186
   Number of public wire bits:    2593
   Number of memories:               0
   Number of memory bits:            0
   Number of processes:              0
   Number of cells:               9403
     sky130_fd_sc_hd__a2111oi_0      6
     sky130_fd_sc_hd__a211o_1        1
     sky130_fd_sc_hd__a211oi_1      26
     sky130_fd_sc_hd__a21boi_0      11
     sky130_fd_sc_hd__a21o_1         8
     sky130_fd_sc_hd__a21oi_1     1018
     sky130_fd_sc_hd__a221o_1        5
     sky130_fd_sc_hd__a221oi_1      54
     sky130_fd_sc_hd__a222oi_1      80
     sky130_fd_sc_hd__a22o_1        11
     sky130_fd_sc_hd__a22oi_1       89
     sky130_fd_sc_hd__a2bb2oi_1      2
     sky130_fd_sc_hd__a311oi_1       8
     sky130_fd_sc_hd__a31o_1         1
     sky130_fd_sc_hd__a31oi_1       84
     sky130_fd_sc_hd__a32o_1         5
     sky130_fd_sc_hd__a32oi_1        5
     sky130_fd_sc_hd__a41oi_1        2
     sky130_fd_sc_hd__and2_0        81
     sky130_fd_sc_hd__and3_1        53
     sky130_fd_sc_hd__and3b_1        2
     sky130_fd_sc_hd__and4_1         7
     sky130_fd_sc_hd__clkinv_1     213
     sky130_fd_sc_hd__dfrtn_1        1
     sky130_fd_sc_hd__dfrtp_1      377
     sky130_fd_sc_hd__dfstp_2       12
     sky130_fd_sc_hd__dfxtp_1     1246
     sky130_fd_sc_hd__lpflow_inputiso1p_1     51
     sky130_fd_sc_hd__lpflow_isobufsrc_1     62
     sky130_fd_sc_hd__maj3_1        17
     sky130_fd_sc_hd__mux2_1       160
     sky130_fd_sc_hd__mux2i_1       82
     sky130_fd_sc_hd__mux4_2       196
     sky130_fd_sc_hd__nand2_1     1279
     sky130_fd_sc_hd__nand2b_1      63
     sky130_fd_sc_hd__nand3_1       88
     sky130_fd_sc_hd__nand3b_1       9
     sky130_fd_sc_hd__nand4_1       18
     sky130_fd_sc_hd__nand4b_1       3
     sky130_fd_sc_hd__nor2_1      1601
     sky130_fd_sc_hd__nor2b_1        3
     sky130_fd_sc_hd__nor3_1       110
     sky130_fd_sc_hd__nor3b_1       14
     sky130_fd_sc_hd__nor4_1        21
     sky130_fd_sc_hd__nor4b_1        5
     sky130_fd_sc_hd__o2111a_1       1
     sky130_fd_sc_hd__o2111ai_1      6
     sky130_fd_sc_hd__o211a_1        3
     sky130_fd_sc_hd__o211ai_1     114
     sky130_fd_sc_hd__o21a_1         8
     sky130_fd_sc_hd__o21ai_0     1452
     sky130_fd_sc_hd__o21bai_1      19
     sky130_fd_sc_hd__o221a_1        1
     sky130_fd_sc_hd__o221ai_1     196
     sky130_fd_sc_hd__o22a_1        10
     sky130_fd_sc_hd__o22ai_1      138
     sky130_fd_sc_hd__o2bb2ai_1      1
     sky130_fd_sc_hd__o311ai_0       4
     sky130_fd_sc_hd__o31a_1         4
     sky130_fd_sc_hd__o31ai_1        9
     sky130_fd_sc_hd__o32a_1         1
     sky130_fd_sc_hd__o32ai_1        6
     sky130_fd_sc_hd__o41a_1         1
     sky130_fd_sc_hd__o41ai_1        3
     sky130_fd_sc_hd__or3_1         13
     sky130_fd_sc_hd__or3b_1         2
     sky130_fd_sc_hd__or4_1          2
     sky130_fd_sc_hd__xnor2_1      140
     sky130_fd_sc_hd__xor2_1        73
     sky130_sram_2kbyte_1rw1r_32x512_8      6

   Chip area for module '\hdp_rv151': 1785920.063200

