Startpoint: serial_in (input port clocked by clk)
Endpoint: _21962_ (rising edge-triggered flip-flop clocked by clk)
Path Group: clk
Path Type: min

    Delay      Time   Description
-------------------------------------------------------------
   0.0000    0.0000   clock clk (rise edge)
   0.0000    0.0000   clock network delay (ideal)
   0.0000    0.0000 ^ input external delay
   0.0000    0.0000 ^ serial_in (in)
   0.0655    0.0655 ^ _20186_/X (sky130_fd_sc_hd__lpflow_inputiso1p_1)
   0.0000    0.0655 ^ _21962_/D (sky130_fd_sc_hd__dfxtp_1)
             0.0655   data arrival time

   0.0000    0.0000   clock clk (rise edge)
   0.0000    0.0000   clock network delay (ideal)
   0.0000    0.0000   clock reconvergence pessimism
             0.0000 ^ _21962_/CLK (sky130_fd_sc_hd__dfxtp_1)
  -0.0343   -0.0343   library hold time
            -0.0343   data required time
-------------------------------------------------------------
            -0.0343   data required time
            -0.0655   data arrival time
-------------------------------------------------------------
             0.0998   slack (MET)


Startpoint: io_sdi (input port clocked by sck)
Endpoint: _21783_ (rising edge-triggered flip-flop clocked by sck)
Path Group: sck
Path Type: min

    Delay      Time   Description
-------------------------------------------------------------
   0.0000    0.0000   clock sck (rise edge)
   0.0000    0.0000   clock network delay (ideal)
   0.0000    0.0000 ^ input external delay
   0.0000    0.0000 ^ io_sdi (in)
   0.0270    0.0270 v _19296_/Y (sky130_fd_sc_hd__nand2_1)
   0.0405    0.0674 ^ _19298_/Y (sky130_fd_sc_hd__nand2_1)
   0.0000    0.0674 ^ _21783_/D (sky130_fd_sc_hd__dfrtp_1)
             0.0674   data arrival time

   0.0000    0.0000   clock sck (rise edge)
   0.0000    0.0000   clock network delay (ideal)
   0.0000    0.0000   clock reconvergence pessimism
             0.0000 ^ _21783_/CLK (sky130_fd_sc_hd__dfrtp_1)
  -0.0380   -0.0380   library hold time
            -0.0380   data required time
-------------------------------------------------------------
            -0.0380   data required time
            -0.0674   data arrival time
-------------------------------------------------------------
             0.1054   slack (MET)


