Startpoint: _21822_ (rising edge-triggered flip-flop clocked by clk)
Endpoint: imem0 (falling edge-triggered flip-flop clocked by clk)
Path Group: clk
Path Type: max

    Delay      Time   Description
-------------------------------------------------------------
   0.0000    0.0000   clock clk (rise edge)
   0.0000    0.0000   clock network delay (ideal)
   0.0000    0.0000 ^ _21822_/CLK (sky130_fd_sc_hd__dfstp_2)
   1.1341    1.1341 ^ _21822_/Q (sky130_fd_sc_hd__dfstp_2)
  14.4810   15.6151 ^ _14919_/Y (sky130_fd_sc_hd__mux2i_1)
  10.1109   25.7260 v _14928_/Y (sky130_fd_sc_hd__a2111oi_0)
   3.2774   29.0035 ^ _14955_/Y (sky130_fd_sc_hd__a41oi_1)
   0.2179   29.2214 v _16493_/Y (sky130_fd_sc_hd__o21ai_0)
   0.2288   29.4502 ^ _16494_/Y (sky130_fd_sc_hd__a31oi_1)
   0.1330   29.5832 ^ _16495_/X (sky130_fd_sc_hd__a21o_1)
   0.1994   29.7827 v _16496_/Y (sky130_fd_sc_hd__mux2i_1)
   0.3457   30.1284 v _17229_/Y (sky130_fd_sc_hd__xnor2_1)
   0.1310   30.2594 ^ _17316_/Y (sky130_fd_sc_hd__nand4_1)
   0.0442   30.3037 v _17880_/Y (sky130_fd_sc_hd__a31oi_1)
   0.2507   30.5543 ^ _17907_/Y (sky130_fd_sc_hd__nor4_1)
   0.0844   30.6387 v _17911_/Y (sky130_fd_sc_hd__nor3_1)
   0.3865   31.0252 ^ _17980_/Y (sky130_fd_sc_hd__nor3_1)
   0.1644   31.1896 v _17982_/Y (sky130_fd_sc_hd__nand2_1)
   0.3469   31.5365 ^ _18820_/Y (sky130_fd_sc_hd__nor4b_1)
   0.3189   31.8554 ^ _19840_/X (sky130_fd_sc_hd__and3_1)
   0.0659   31.9214 v _19863_/Y (sky130_fd_sc_hd__nand2_1)
   0.1462   32.0675 v _19866_/X (sky130_fd_sc_hd__and3_1)
   0.1542   32.2217 ^ _19868_/Y (sky130_fd_sc_hd__a21oi_1)
   0.0815   32.3032 v _19876_/Y (sky130_fd_sc_hd__a21oi_1)
   1.4787   33.7819 ^ _19880_/Y (sky130_fd_sc_hd__o31ai_1)
   0.5408   34.3227 ^ _18911_/X (sky130_fd_sc_hd__a32o_1)
   0.1010   34.4237 v _20115_/Y (sky130_fd_sc_hd__a22oi_1)
   2.4637   36.8875 ^ _20116_/Y (sky130_fd_sc_hd__o21ai_0)
   0.6615   37.5489 v _18703_/Y (sky130_fd_sc_hd__o21ai_0)
   0.4581   38.0070 ^ _18705_/Y (sky130_fd_sc_hd__o21ai_0)
   0.0643   38.0714 v _18706_/Y (sky130_fd_sc_hd__nor2_1)
   0.1464   38.2178 ^ _18707_/Y (sky130_fd_sc_hd__a21oi_1)
   0.1790   38.3968 ^ _18715_/X (sky130_fd_sc_hd__o211a_1)
   0.1649   38.5617 ^ _18716_/X (sky130_fd_sc_hd__o21a_1)
   0.1692   38.7310 v _18717_/Y (sky130_fd_sc_hd__clkinv_1)
   0.4091   39.1401 v _19833_/X (sky130_fd_sc_hd__and3_1)
   0.2754   39.4155 v _19849_/X (sky130_fd_sc_hd__a22o_1)
   0.3153   39.7308 v _19853_/X (sky130_fd_sc_hd__or3_1)
   0.2442   39.9750 ^ _20010_/Y (sky130_fd_sc_hd__a311oi_1)
   0.6301   40.6051 v _20014_/Y (sky130_fd_sc_hd__o21ai_0)
   0.5148   41.1199 v _17663_/X (sky130_fd_sc_hd__a32o_1)
   0.3683   41.4882 ^ _17665_/Y (sky130_fd_sc_hd__a21oi_1)
   0.2754   41.7636 ^ _18241_/X (sky130_fd_sc_hd__and4_1)
   0.0818   41.8454 v _18242_/Y (sky130_fd_sc_hd__a21oi_1)
   0.2095   42.0549 v _18243_/Y (sky130_fd_sc_hd__xnor2_1)
   0.2398   42.2947 v _18244_/X (sky130_fd_sc_hd__lpflow_inputiso1p_1)
   0.1363   42.4309 ^ _18535_/Y (sky130_fd_sc_hd__o211ai_1)
   0.1286   42.5596 v _18538_/Y (sky130_fd_sc_hd__a311oi_1)
   0.5218   43.0813 ^ _18541_/Y (sky130_fd_sc_hd__o311ai_0)
   0.1788   43.2601 v _18544_/Y (sky130_fd_sc_hd__a311oi_1)
   0.4509   43.7110 ^ _18547_/Y (sky130_fd_sc_hd__o311ai_0)
   0.2033   43.9142 v _18549_/Y (sky130_fd_sc_hd__a31oi_1)
   0.3064   44.2206 ^ _18551_/Y (sky130_fd_sc_hd__a211oi_1)
   0.0986   44.3192 v _18553_/Y (sky130_fd_sc_hd__nor3_1)
   0.4384   44.7576 ^ _18556_/Y (sky130_fd_sc_hd__o311ai_0)
   0.2885   45.0462 ^ _18559_/X (sky130_fd_sc_hd__a311o_1)
   0.1603   45.2065 ^ _18560_/X (sky130_fd_sc_hd__and3_1)
   0.1679   45.3744 ^ _18643_/X (sky130_fd_sc_hd__o31a_1)
   0.0945   45.4688 v _18644_/Y (sky130_fd_sc_hd__clkinv_1)
   0.1652   45.6340 ^ _19824_/Y (sky130_fd_sc_hd__nor2_1)
   0.1121   45.7461 v _19981_/Y (sky130_fd_sc_hd__nand3_1)
   0.0725   45.8186 ^ _19985_/Y (sky130_fd_sc_hd__nand4_1)
   0.0564   45.8750 v _20044_/Y (sky130_fd_sc_hd__o21ai_0)
   1.3981   47.2731 ^ _20046_/Y (sky130_fd_sc_hd__o21ai_0)
   0.3430   47.6161 ^ _17359_/X (sky130_fd_sc_hd__a32o_1)
   0.1545   47.7706 v _17360_/Y (sky130_fd_sc_hd__a221oi_1)
   0.2839   48.0544 ^ _17361_/Y (sky130_fd_sc_hd__clkinv_1)
   0.1022   48.1567 v _18449_/Y (sky130_fd_sc_hd__nor2_1)
   0.0960   48.2527 ^ _18452_/Y (sky130_fd_sc_hd__nand3_1)
   0.1341   48.3867 ^ _18454_/X (sky130_fd_sc_hd__lpflow_inputiso1p_1)
   0.0498   48.4366 v _18456_/X (sky130_fd_sc_hd__lpflow_isobufsrc_1)
   0.0634   48.5000 ^ _18458_/Y (sky130_fd_sc_hd__nand2_1)
   0.1069   48.6069 ^ _18460_/X (sky130_fd_sc_hd__lpflow_inputiso1p_1)
   0.0547   48.6616 v _18462_/X (sky130_fd_sc_hd__lpflow_isobufsrc_1)
   0.1764   48.8380 v _18465_/X (sky130_fd_sc_hd__and3_1)
   0.1665   49.0045 v _18467_/X (sky130_fd_sc_hd__and2_0)
   0.0663   49.0709 ^ _18469_/Y (sky130_fd_sc_hd__nand2_1)
   0.0560   49.1269 v _18470_/Y (sky130_fd_sc_hd__nand2_1)
   0.1583   49.2852 ^ _18476_/Y (sky130_fd_sc_hd__xnor2_1)
   0.1903   49.4755 ^ _18477_/X (sky130_fd_sc_hd__lpflow_inputiso1p_1)
   0.1021   49.5776 v _18561_/Y (sky130_fd_sc_hd__a31oi_1)
   0.1458   49.7234 v _18567_/X (sky130_fd_sc_hd__and2_0)
   0.2864   50.0097 ^ _19825_/Y (sky130_fd_sc_hd__o211ai_1)
   0.3302   50.3399 v _19828_/Y (sky130_fd_sc_hd__nor2_1)
   0.3512   50.6911 ^ _19862_/Y (sky130_fd_sc_hd__a222oi_1)
   0.1103   50.8014 v _20053_/Y (sky130_fd_sc_hd__nand3_1)
   0.0955   50.8969 ^ _20054_/Y (sky130_fd_sc_hd__nand2_1)
   0.5429   51.4398 v _20056_/Y (sky130_fd_sc_hd__o21ai_0)
   0.3823   51.8220 v _15308_/X (sky130_fd_sc_hd__a21o_1)
   0.4576   52.2797 ^ _15309_/Y (sky130_fd_sc_hd__mux2i_1)
   0.1203   52.4000 v _15353_/Y (sky130_fd_sc_hd__o21bai_1)
   0.2846   52.6847 ^ _15451_/Y (sky130_fd_sc_hd__o21ai_0)
   0.1492   52.8338 v _15644_/Y (sky130_fd_sc_hd__mux2i_1)
   0.1625   52.9963 ^ _15645_/Y (sky130_fd_sc_hd__o21ai_0)
   0.0616   53.0579 v _15646_/Y (sky130_fd_sc_hd__a21oi_1)
   0.4644   53.5223 ^ _16504_/Y (sky130_fd_sc_hd__a211oi_1)
   0.1780   53.7003 v _18349_/Y (sky130_fd_sc_hd__nand4_1)
   0.1919   53.8923 ^ _18351_/Y (sky130_fd_sc_hd__nor2_1)
   0.6340   54.5262 ^ _19834_/X (sky130_fd_sc_hd__and3_1)
   0.1684   54.6946 v _19888_/Y (sky130_fd_sc_hd__a222oi_1)
   0.2070   54.9016 v _19889_/Y (sky130_fd_sc_hd__a21boi_0)
   0.2955   55.1971 ^ _19896_/Y (sky130_fd_sc_hd__a211oi_1)
   0.0667   55.2637 v _19897_/Y (sky130_fd_sc_hd__a211oi_1)
   1.3665   56.6302 ^ _19901_/Y (sky130_fd_sc_hd__o21ai_0)
   0.5574   57.1876 ^ _18960_/X (sky130_fd_sc_hd__a32o_1)
   0.1028   57.2904 v _20117_/Y (sky130_fd_sc_hd__a22oi_1)
   2.4950   59.7854 ^ _20118_/Y (sky130_fd_sc_hd__o21ai_0)
   2.7913   62.5768 v _14882_/Y (sky130_fd_sc_hd__clkinv_1)
   0.6288   63.2056 ^ _17949_/Y (sky130_fd_sc_hd__nand2_1)
   0.1194   63.3250 v _18048_/Y (sky130_fd_sc_hd__nand2_1)
   0.1622   63.4872 v _18049_/Y (sky130_fd_sc_hd__xnor2_1)
   0.6384   64.1255 v _18076_/X (sky130_fd_sc_hd__maj3_1)
   0.3860   64.5116 v _18079_/X (sky130_fd_sc_hd__maj3_1)
   0.1439   64.6555 ^ _18086_/Y (sky130_fd_sc_hd__o21ai_0)
   0.2376   64.8931 ^ _18112_/X (sky130_fd_sc_hd__and4b_1)
   0.0686   64.9618 v _18346_/Y (sky130_fd_sc_hd__nand2_1)
   0.0979   65.0597 ^ _18347_/Y (sky130_fd_sc_hd__nor2_1)
   0.1835   65.2432 ^ _19832_/X (sky130_fd_sc_hd__and3_1)
   0.1119   65.3551 v _19982_/Y (sky130_fd_sc_hd__nand4_1)
   0.2239   65.5790 ^ _19992_/Y (sky130_fd_sc_hd__a41oi_1)
   0.0761   65.6551 v _19993_/Y (sky130_fd_sc_hd__nor3_1)
   0.6350   66.2901 ^ _20009_/Y (sky130_fd_sc_hd__a311oi_1)
   0.3164   66.6065 v _20048_/Y (sky130_fd_sc_hd__nor3_1)
   1.4447   68.0513 ^ _20089_/Y (sky130_fd_sc_hd__o21ai_0)
   0.3247   68.3759 ^ _16632_/X (sky130_fd_sc_hd__a32o_1)
   0.1810   68.5569 v _16635_/Y (sky130_fd_sc_hd__a21oi_1)
   0.3099   68.8669 v _18471_/X (sky130_fd_sc_hd__and3_1)
   0.1974   69.0643 ^ _18562_/Y (sky130_fd_sc_hd__a21oi_1)
   0.0970   69.1613 v _18646_/Y (sky130_fd_sc_hd__nor2_1)
   0.1482   69.3096 v _18647_/Y (sky130_fd_sc_hd__xnor2_1)
   0.1739   69.4835 v _18649_/X (sky130_fd_sc_hd__xor2_1)
   0.2890   69.7725 ^ _18685_/Y (sky130_fd_sc_hd__o31ai_1)
   0.1364   69.9088 v _18688_/Y (sky130_fd_sc_hd__xnor2_1)
   0.2337   70.1425 ^ _19827_/Y (sky130_fd_sc_hd__o211ai_1)
   0.1559   70.2984 v _19989_/Y (sky130_fd_sc_hd__o221ai_1)
   0.1063   70.4047 ^ _19990_/Y (sky130_fd_sc_hd__nand4_1)
   0.0611   70.4658 v _20106_/Y (sky130_fd_sc_hd__o21ai_0)
   1.3998   71.8656 ^ _20108_/Y (sky130_fd_sc_hd__o21ai_0)
   0.2490   72.1146 ^ _19369_/X (sky130_fd_sc_hd__a21o_1)
   0.0636   72.1782 v _20110_/Y (sky130_fd_sc_hd__nand2_1)
   0.4588   72.6370 ^ _20111_/Y (sky130_fd_sc_hd__nand2_1)
   0.1620   72.7990 v _18120_/Y (sky130_fd_sc_hd__nand2_1)
   0.3237   73.1227 ^ _18137_/Y (sky130_fd_sc_hd__nor2_1)
   0.1107   73.2335 v _18266_/Y (sky130_fd_sc_hd__a221oi_1)
   0.2131   73.4466 ^ _18279_/Y (sky130_fd_sc_hd__a22oi_1)
   0.0638   73.5104 v _18280_/Y (sky130_fd_sc_hd__nor4_1)
   2.7254   76.2358 ^ _18281_/Y (sky130_fd_sc_hd__o21ai_0)
   1.0395   77.2752 v _18723_/Y (sky130_fd_sc_hd__nand3_1)
   0.0000   77.2752 v imem0/csb0 (hdp_sky130_sram_8kbytes_1rw1r_32x2048_8)
            77.2752   data arrival time

 100.0000  100.0000   clock clk (rise edge)
   0.0000  100.0000   clock network delay (ideal)
   0.0000  100.0000   clock reconvergence pessimism
           100.0000 ^ imem0/clk0 (hdp_sky130_sram_8kbytes_1rw1r_32x2048_8)
  -0.1030   99.8970   library setup time
            99.8970   data required time
-------------------------------------------------------------
            99.8970   data required time
           -77.2752   data arrival time
-------------------------------------------------------------
            22.6218   slack (MET)


Startpoint: _21782_ (rising edge-triggered flip-flop clocked by sck)
Endpoint: _21774_ (falling edge-triggered flip-flop clocked by sck)
Path Group: sck
Path Type: max

    Delay      Time   Description
-------------------------------------------------------------
   0.0000    0.0000   clock sck (rise edge)
   0.0000    0.0000   clock network delay (ideal)
   0.0000    0.0000 ^ _21782_/CLK (sky130_fd_sc_hd__dfrtp_1)
   0.3287    0.3287 v _21782_/Q (sky130_fd_sc_hd__dfrtp_1)
   0.0000    0.3287 v _21774_/D (sky130_fd_sc_hd__dfrtn_1)
             0.3287   data arrival time

  50.0000   50.0000   clock sck (fall edge)
   0.0000   50.0000   clock network delay (ideal)
   0.0000   50.0000   clock reconvergence pessimism
            50.0000 v _21774_/CLK_N (sky130_fd_sc_hd__dfrtn_1)
  -0.1600   49.8400   library setup time
            49.8400   data required time
-------------------------------------------------------------
            49.8400   data required time
            -0.3287   data arrival time
-------------------------------------------------------------
            49.5112   slack (MET)


